#
# There is insufficient memory for the Java Runtime Environment to continue.
# Native memory allocation (malloc) failed to allocate 493136 bytes for Chunk::new
# Possible reasons:
#   The system is out of physical RAM or swap space
#   The process is running with CompressedOops enabled, and the Java Heap may be blocking the growth of the native heap
# Possible solutions:
#   Reduce memory load on the system
#   Increase physical memory or swap space
#   Check if swap backing store is full
#   Decrease Java heap size (-Xmx/-Xms)
#   Decrease number of Java threads
#   Decrease Java thread stack sizes (-Xss)
#   Set larger code cache with -XX:ReservedCodeCacheSize=
#   JVM is running with Zero Based Compressed Oops mode in which the Java heap is
#     placed in the first 32GB address space. The Java Heap base address is the
#     maximum limit for the native heap growth. Please use -XX:HeapBaseMinAddress
#     to set the Java Heap base and to place the Java Heap above 32GB virtual address.
# This output file may be truncated or incomplete.
#
#  Out of Memory Error (arena.cpp:168), pid=16064, tid=22004
#
# JRE version: Java(TM) SE Runtime Environment (21.0.8+12) (build 21.0.8+12-LTS-250)
# Java VM: Java HotSpot(TM) 64-Bit Server VM (21.0.8+12-LTS-250, mixed mode, sharing, tiered, compressed oops, compressed class ptrs, g1 gc, windows-amd64)
# No core dump will be written. Minidumps are not enabled by default on client versions of Windows
#

---------------  S U M M A R Y ------------

Command Line: -Dcom.sun.management.jmxremote -Dcom.sun.management.jmxremote.port=33304 -Dcom.sun.management.jmxremote.authenticate=false -Dcom.sun.management.jmxremote.ssl=false -Dspring.jmx.enabled=true -Djava.rmi.server.hostname=localhost -Dspring.application.admin.enabled=true -Dspring.boot.project.name=usuario_service -XX:+ShowCodeDetailsInExceptionMessages -agentpath:C:\Program Files\Palo Alto Networks\Traps\cyjagent.dll com.pharmanet.usuario_service.UsuarioServiceApplication

Host: 12th Gen Intel(R) Core(TM) i5-12500, 12 cores, 15G,  Windows 11 , 64 bit Build 26100 (10.0.26100.8246)
Time: Mon Jun 22 16:30:27 2026 Hora est. Sudamérica Pacífico elapsed time: 5.965961 seconds (0d 0h 0m 5s)

---------------  T H R E A D  ---------------

Current thread (0x000001e5854cb160):  JavaThread "C2 CompilerThread1" daemon [_thread_in_native, id=22004, stack(0x00000008a9100000,0x00000008a9200000) (1024K)]


Current CompileTask:
C2:   5966 1839       4       java.util.jar.JarFile::getEntry (35 bytes)

Stack: [0x00000008a9100000,0x00000008a9200000]
Native frames: (J=compiled Java code, j=interpreted, Vv=VM code, C=native code)
V  [jvm.dll+0x6cc179]
V  [jvm.dll+0x8584c1]
V  [jvm.dll+0x85a9ee]
V  [jvm.dll+0x85b0c3]
V  [jvm.dll+0x27ebf6]
V  [jvm.dll+0xc4f4d]
V  [jvm.dll+0xc5483]
V  [jvm.dll+0x3b6a82]
V  [jvm.dll+0x382a35]
V  [jvm.dll+0x381eaa]
V  [jvm.dll+0x247670]
V  [jvm.dll+0x246c4f]
V  [jvm.dll+0x1c7a3e]
V  [jvm.dll+0x256359]
V  [jvm.dll+0x2548ea]
V  [jvm.dll+0x3efef6]
V  [jvm.dll+0x80279b]
V  [jvm.dll+0x6ca85d]
C  [ucrtbase.dll+0x37b0]
C  [cyinjct.dll+0x11e7]
C  [KERNEL32.DLL+0x2e8d7]
C  [ntdll.dll+0x8c3fc]


---------------  P R O C E S S  ---------------

Threads class SMR info:
_java_thread_list=0x000001e5ce46b870, length=15, elements={
0x000001e5e60fc780, 0x000001e5854a8480, 0x000001e5854a9a40, 0x000001e5854b19c0,
0x000001e5854b2410, 0x000001e5854b39d0, 0x000001e5854bf0e0, 0x000001e5854c7190,
0x000001e5854c9620, 0x000001e5c918b710, 0x000001e5c92c82e0, 0x000001e5854cb160,
0x000001e5ce457ff0, 0x000001e5ce078630, 0x000001e5ce2e36b0
}

Java Threads: ( => current thread )
  0x000001e5e60fc780 JavaThread "main"                              [_thread_in_vm, id=9916, stack(0x00000008a7f00000,0x00000008a8000000) (1024K)]
  0x000001e5854a8480 JavaThread "Reference Handler"          daemon [_thread_blocked, id=1172, stack(0x00000008a8700000,0x00000008a8800000) (1024K)]
  0x000001e5854a9a40 JavaThread "Finalizer"                  daemon [_thread_blocked, id=16872, stack(0x00000008a8800000,0x00000008a8900000) (1024K)]
  0x000001e5854b19c0 JavaThread "Signal Dispatcher"          daemon [_thread_blocked, id=13024, stack(0x00000008a8900000,0x00000008a8a00000) (1024K)]
  0x000001e5854b2410 JavaThread "Attach Listener"            daemon [_thread_blocked, id=21784, stack(0x00000008a8a00000,0x00000008a8b00000) (1024K)]
  0x000001e5854b39d0 JavaThread "Service Thread"             daemon [_thread_blocked, id=5104, stack(0x00000008a8b00000,0x00000008a8c00000) (1024K)]
  0x000001e5854bf0e0 JavaThread "Monitor Deflation Thread"   daemon [_thread_blocked, id=14016, stack(0x00000008a8c00000,0x00000008a8d00000) (1024K)]
  0x000001e5854c7190 JavaThread "C2 CompilerThread0"         daemon [_thread_in_vm, id=12092, stack(0x00000008a8d00000,0x00000008a8e00000) (1024K)]
  0x000001e5854c9620 JavaThread "C1 CompilerThread0"         daemon [_thread_in_vm, id=22972, stack(0x00000008a8e00000,0x00000008a8f00000) (1024K)]
  0x000001e5c918b710 JavaThread "Common-Cleaner"             daemon [_thread_blocked, id=23692, stack(0x00000008a8f00000,0x00000008a9000000) (1024K)]
  0x000001e5c92c82e0 JavaThread "Notification Thread"        daemon [_thread_blocked, id=24536, stack(0x00000008a9000000,0x00000008a9100000) (1024K)]
=>0x000001e5854cb160 JavaThread "C2 CompilerThread1"         daemon [_thread_in_native, id=22004, stack(0x00000008a9100000,0x00000008a9200000) (1024K)]
  0x000001e5ce457ff0 JavaThread "RMI TCP Accept-0"           daemon [_thread_in_native, id=13892, stack(0x00000008a9800000,0x00000008a9900000) (1024K)]
  0x000001e5ce078630 JavaThread "RMI TCP Accept-33304"       daemon [_thread_in_native, id=6048, stack(0x00000008a9900000,0x00000008a9a00000) (1024K)]
  0x000001e5ce2e36b0 JavaThread "RMI TCP Accept-0"           daemon [_thread_in_native, id=23840, stack(0x00000008a9a00000,0x00000008a9b00000) (1024K)]
Total: 15

Other Threads:
  0x000001e5854846b0 VMThread "VM Thread"                           [id=11300, stack(0x00000008a8600000,0x00000008a8700000) (1024K)]
  0x000001e5c9081180 WatcherThread "VM Periodic Task Thread"        [id=17384, stack(0x00000008a8500000,0x00000008a8600000) (1024K)]
  0x000001e5e8922d10 WorkerThread "GC Thread#0"                     [id=17280, stack(0x00000008a8000000,0x00000008a8100000) (1024K)]
  0x000001e5ce660c70 WorkerThread "GC Thread#1"                     [id=11180, stack(0x00000008a9300000,0x00000008a9400000) (1024K)]
  0x000001e5ce594600 WorkerThread "GC Thread#2"                     [id=10416, stack(0x00000008a9400000,0x00000008a9500000) (1024K)]
  0x000001e5ce5949a0 WorkerThread "GC Thread#3"                     [id=23396, stack(0x00000008a9500000,0x00000008a9600000) (1024K)]
  0x000001e5ce508690 WorkerThread "GC Thread#4"                     [id=10932, stack(0x00000008a9600000,0x00000008a9700000) (1024K)]
  0x000001e5ce508a30 WorkerThread "GC Thread#5"                     [id=4048, stack(0x00000008a9700000,0x00000008a9800000) (1024K)]
  0x000001e5ceaba210 WorkerThread "GC Thread#6"                     [id=1716, stack(0x00000008a9b00000,0x00000008a9c00000) (1024K)]
  0x000001e5cf415a30 WorkerThread "GC Thread#7"                     [id=1804, stack(0x00000008a9c00000,0x00000008a9d00000) (1024K)]
  0x000001e5cf3e0f50 WorkerThread "GC Thread#8"                     [id=16976, stack(0x00000008a9d00000,0x00000008a9e00000) (1024K)]
  0x000001e5ce790830 WorkerThread "GC Thread#9"                     [id=15572, stack(0x00000008a9e00000,0x00000008a9f00000) (1024K)]
  0x000001e5852d7e40 ConcurrentGCThread "G1 Main Marker"            [id=17336, stack(0x00000008a8100000,0x00000008a8200000) (1024K)]
  0x000001e5e892c5e0 WorkerThread "G1 Conc#0"                       [id=23724, stack(0x00000008a8200000,0x00000008a8300000) (1024K)]
  0x000001e5853a28b0 ConcurrentGCThread "G1 Refine#0"               [id=11576, stack(0x00000008a8300000,0x00000008a8400000) (1024K)]
  0x000001e5e60f4210 ConcurrentGCThread "G1 Service"                [id=13336, stack(0x00000008a8400000,0x00000008a8500000) (1024K)]
Total: 16

Threads with active compile tasks:
C2 CompilerThread0     6008 1869       4       java.util.jar.JarFile::getVersionedEntry (133 bytes)
C1 CompilerThread0     6008 1886       3       jdk.internal.org.objectweb.asm.Type::getArgumentTypes (154 bytes)
C2 CompilerThread1     6009 1839       4       java.util.jar.JarFile::getEntry (35 bytes)
Total: 3

VM state: not at safepoint (normal execution)

VM Mutex/Monitor currently owned by a thread:  ([mutex/lock_event])
[0x00007ffb22b2f250] AdapterHandlerLibrary_lock - owner thread: 0x000001e5e60fc780
[0x00007ffb22b2f9d0] MethodCompileQueue_lock - owner thread: 0x000001e5854c9620
[0x00007ffb22b30d50] CodeCache_lock - owner thread: 0x000001e5854c9620
[0x00007ffb22b30ed0] Compile_lock - owner thread: 0x000001e5854c9620

Heap address: 0x0000000704c00000, size: 4020 MB, Compressed Oops mode: Zero based, Oop shift amount: 3

CDS archive(s) mapped at: [0x000001e588000000-0x000001e588c90000-0x000001e588c90000), size 13172736, SharedBaseAddress: 0x000001e588000000, ArchiveRelocationMode: 1.
Compressed class space mapped at: 0x000001e589000000-0x000001e5c9000000, reserved size: 1073741824
Narrow klass base: 0x000001e588000000, Narrow klass shift: 0, Narrow klass range: 0x100000000

GC Precious Log:
 CardTable entry size: 512
 Card Set container configuration: InlinePtr #cards 4 size 8 Array Of Cards #cards 16 size 48 Howl #buckets 8 coarsen threshold 3686 Howl Bitmap #cards 512 size 80 coarsen threshold 460 Card regions per heap region 1 cards per card region 4096
 CPUs: 12 total, 12 available
 Memory: 16072M
 Large Page Support: Disabled
 NUMA Support: Disabled
 Compressed Oops: Enabled (Zero based)
 Heap Region Size: 2M
 Heap Min Capacity: 8M
 Heap Initial Capacity: 252M
 Heap Max Capacity: 4020M
 Pre-touch: Disabled
 Parallel Workers: 10
 Concurrent Workers: 3
 Concurrent Refinement Workers: 10
 Periodic GC: Disabled

Heap:
 garbage-first heap   total 258048K, used 30779K [0x0000000704c00000, 0x0000000800000000)
  region size 2048K, 11 young (22528K), 2 survivors (4096K)
 Metaspace       used 11261K, committed 11520K, reserved 1114112K
  class space    used 1194K, committed 1344K, reserved 1048576K

Heap Regions: E=young(eden), S=young(survivor), O=old, HS=humongous(starts), HC=humongous(continues), CS=collection set, F=free, TAMS=top-at-mark-start, PB=parsable bottom
|   0|0x0000000704c00000, 0x0000000704e00000, 0x0000000704e00000|100%| O|  |TAMS 0x0000000704c00000| PB 0x0000000704c00000| Untracked 
|   1|0x0000000704e00000, 0x0000000705000000, 0x0000000705000000|100%| O|  |TAMS 0x0000000704e00000| PB 0x0000000704e00000| Untracked 
|   2|0x0000000705000000, 0x0000000705200000, 0x0000000705200000|100%| O|  |TAMS 0x0000000705000000| PB 0x0000000705000000| Untracked 
|   3|0x0000000705200000, 0x0000000705400000, 0x0000000705400000|100%| O|  |TAMS 0x0000000705200000| PB 0x0000000705200000| Untracked 
|   4|0x0000000705400000, 0x0000000705600000, 0x0000000705600000|100%| O|  |TAMS 0x0000000705400000| PB 0x0000000705400000| Untracked 
|   5|0x0000000705600000, 0x0000000705800000, 0x0000000705800000|100%| O|  |TAMS 0x0000000705600000| PB 0x0000000705600000| Untracked 
|   6|0x0000000705800000, 0x000000070580ed00, 0x0000000705a00000|  2%| O|  |TAMS 0x0000000705800000| PB 0x0000000705800000| Untracked 
|   7|0x0000000705a00000, 0x0000000705a00000, 0x0000000705c00000|  0%| F|  |TAMS 0x0000000705a00000| PB 0x0000000705a00000| Untracked 
|   8|0x0000000705c00000, 0x0000000705c00000, 0x0000000705e00000|  0%| F|  |TAMS 0x0000000705c00000| PB 0x0000000705c00000| Untracked 
|   9|0x0000000705e00000, 0x0000000705e00000, 0x0000000706000000|  0%| F|  |TAMS 0x0000000705e00000| PB 0x0000000705e00000| Untracked 
|  10|0x0000000706000000, 0x0000000706000000, 0x0000000706200000|  0%| F|  |TAMS 0x0000000706000000| PB 0x0000000706000000| Untracked 
|  11|0x0000000706200000, 0x0000000706200000, 0x0000000706400000|  0%| F|  |TAMS 0x0000000706200000| PB 0x0000000706200000| Untracked 
|  12|0x0000000706400000, 0x0000000706400000, 0x0000000706600000|  0%| F|  |TAMS 0x0000000706400000| PB 0x0000000706400000| Untracked 
|  13|0x0000000706600000, 0x0000000706600000, 0x0000000706800000|  0%| F|  |TAMS 0x0000000706600000| PB 0x0000000706600000| Untracked 
|  14|0x0000000706800000, 0x0000000706800000, 0x0000000706a00000|  0%| F|  |TAMS 0x0000000706800000| PB 0x0000000706800000| Untracked 
|  15|0x0000000706a00000, 0x0000000706a00000, 0x0000000706c00000|  0%| F|  |TAMS 0x0000000706a00000| PB 0x0000000706a00000| Untracked 
|  16|0x0000000706c00000, 0x0000000706c00000, 0x0000000706e00000|  0%| F|  |TAMS 0x0000000706c00000| PB 0x0000000706c00000| Untracked 
|  17|0x0000000706e00000, 0x0000000706e00000, 0x0000000707000000|  0%| F|  |TAMS 0x0000000706e00000| PB 0x0000000706e00000| Untracked 
|  18|0x0000000707000000, 0x0000000707000000, 0x0000000707200000|  0%| F|  |TAMS 0x0000000707000000| PB 0x0000000707000000| Untracked 
|  19|0x0000000707200000, 0x0000000707200000, 0x0000000707400000|  0%| F|  |TAMS 0x0000000707200000| PB 0x0000000707200000| Untracked 
|  20|0x0000000707400000, 0x0000000707400000, 0x0000000707600000|  0%| F|  |TAMS 0x0000000707400000| PB 0x0000000707400000| Untracked 
|  21|0x0000000707600000, 0x0000000707600000, 0x0000000707800000|  0%| F|  |TAMS 0x0000000707600000| PB 0x0000000707600000| Untracked 
|  22|0x0000000707800000, 0x0000000707800000, 0x0000000707a00000|  0%| F|  |TAMS 0x0000000707800000| PB 0x0000000707800000| Untracked 
|  23|0x0000000707a00000, 0x0000000707a00000, 0x0000000707c00000|  0%| F|  |TAMS 0x0000000707a00000| PB 0x0000000707a00000| Untracked 
|  24|0x0000000707c00000, 0x0000000707c00000, 0x0000000707e00000|  0%| F|  |TAMS 0x0000000707c00000| PB 0x0000000707c00000| Untracked 
|  25|0x0000000707e00000, 0x0000000707e00000, 0x0000000708000000|  0%| F|  |TAMS 0x0000000707e00000| PB 0x0000000707e00000| Untracked 
|  26|0x0000000708000000, 0x0000000708000000, 0x0000000708200000|  0%| F|  |TAMS 0x0000000708000000| PB 0x0000000708000000| Untracked 
|  27|0x0000000708200000, 0x0000000708200000, 0x0000000708400000|  0%| F|  |TAMS 0x0000000708200000| PB 0x0000000708200000| Untracked 
|  28|0x0000000708400000, 0x0000000708400000, 0x0000000708600000|  0%| F|  |TAMS 0x0000000708400000| PB 0x0000000708400000| Untracked 
|  29|0x0000000708600000, 0x0000000708600000, 0x0000000708800000|  0%| F|  |TAMS 0x0000000708600000| PB 0x0000000708600000| Untracked 
|  30|0x0000000708800000, 0x0000000708800000, 0x0000000708a00000|  0%| F|  |TAMS 0x0000000708800000| PB 0x0000000708800000| Untracked 
|  31|0x0000000708a00000, 0x0000000708a00000, 0x0000000708c00000|  0%| F|  |TAMS 0x0000000708a00000| PB 0x0000000708a00000| Untracked 
|  32|0x0000000708c00000, 0x0000000708c00000, 0x0000000708e00000|  0%| F|  |TAMS 0x0000000708c00000| PB 0x0000000708c00000| Untracked 
|  33|0x0000000708e00000, 0x0000000708e00000, 0x0000000709000000|  0%| F|  |TAMS 0x0000000708e00000| PB 0x0000000708e00000| Untracked 
|  34|0x0000000709000000, 0x0000000709000000, 0x0000000709200000|  0%| F|  |TAMS 0x0000000709000000| PB 0x0000000709000000| Untracked 
|  35|0x0000000709200000, 0x0000000709200000, 0x0000000709400000|  0%| F|  |TAMS 0x0000000709200000| PB 0x0000000709200000| Untracked 
|  36|0x0000000709400000, 0x0000000709400000, 0x0000000709600000|  0%| F|  |TAMS 0x0000000709400000| PB 0x0000000709400000| Untracked 
|  37|0x0000000709600000, 0x0000000709600000, 0x0000000709800000|  0%| F|  |TAMS 0x0000000709600000| PB 0x0000000709600000| Untracked 
|  38|0x0000000709800000, 0x0000000709800000, 0x0000000709a00000|  0%| F|  |TAMS 0x0000000709800000| PB 0x0000000709800000| Untracked 
|  39|0x0000000709a00000, 0x0000000709a00000, 0x0000000709c00000|  0%| F|  |TAMS 0x0000000709a00000| PB 0x0000000709a00000| Untracked 
|  40|0x0000000709c00000, 0x0000000709c00000, 0x0000000709e00000|  0%| F|  |TAMS 0x0000000709c00000| PB 0x0000000709c00000| Untracked 
|  41|0x0000000709e00000, 0x0000000709e00000, 0x000000070a000000|  0%| F|  |TAMS 0x0000000709e00000| PB 0x0000000709e00000| Untracked 
|  42|0x000000070a000000, 0x000000070a000000, 0x000000070a200000|  0%| F|  |TAMS 0x000000070a000000| PB 0x000000070a000000| Untracked 
|  43|0x000000070a200000, 0x000000070a200000, 0x000000070a400000|  0%| F|  |TAMS 0x000000070a200000| PB 0x000000070a200000| Untracked 
|  44|0x000000070a400000, 0x000000070a400000, 0x000000070a600000|  0%| F|  |TAMS 0x000000070a400000| PB 0x000000070a400000| Untracked 
|  45|0x000000070a600000, 0x000000070a600000, 0x000000070a800000|  0%| F|  |TAMS 0x000000070a600000| PB 0x000000070a600000| Untracked 
|  46|0x000000070a800000, 0x000000070a800000, 0x000000070aa00000|  0%| F|  |TAMS 0x000000070a800000| PB 0x000000070a800000| Untracked 
|  47|0x000000070aa00000, 0x000000070aa00000, 0x000000070ac00000|  0%| F|  |TAMS 0x000000070aa00000| PB 0x000000070aa00000| Untracked 
|  48|0x000000070ac00000, 0x000000070ac00000, 0x000000070ae00000|  0%| F|  |TAMS 0x000000070ac00000| PB 0x000000070ac00000| Untracked 
|  49|0x000000070ae00000, 0x000000070ae00000, 0x000000070b000000|  0%| F|  |TAMS 0x000000070ae00000| PB 0x000000070ae00000| Untracked 
|  50|0x000000070b000000, 0x000000070b000000, 0x000000070b200000|  0%| F|  |TAMS 0x000000070b000000| PB 0x000000070b000000| Untracked 
|  51|0x000000070b200000, 0x000000070b200000, 0x000000070b400000|  0%| F|  |TAMS 0x000000070b200000| PB 0x000000070b200000| Untracked 
|  52|0x000000070b400000, 0x000000070b400000, 0x000000070b600000|  0%| F|  |TAMS 0x000000070b400000| PB 0x000000070b400000| Untracked 
|  53|0x000000070b600000, 0x000000070b600000, 0x000000070b800000|  0%| F|  |TAMS 0x000000070b600000| PB 0x000000070b600000| Untracked 
|  54|0x000000070b800000, 0x000000070b800000, 0x000000070ba00000|  0%| F|  |TAMS 0x000000070b800000| PB 0x000000070b800000| Untracked 
|  55|0x000000070ba00000, 0x000000070ba00000, 0x000000070bc00000|  0%| F|  |TAMS 0x000000070ba00000| PB 0x000000070ba00000| Untracked 
|  56|0x000000070bc00000, 0x000000070bc00000, 0x000000070be00000|  0%| F|  |TAMS 0x000000070bc00000| PB 0x000000070bc00000| Untracked 
|  57|0x000000070be00000, 0x000000070be00000, 0x000000070c000000|  0%| F|  |TAMS 0x000000070be00000| PB 0x000000070be00000| Untracked 
|  58|0x000000070c000000, 0x000000070c000000, 0x000000070c200000|  0%| F|  |TAMS 0x000000070c000000| PB 0x000000070c000000| Untracked 
|  59|0x000000070c200000, 0x000000070c200000, 0x000000070c400000|  0%| F|  |TAMS 0x000000070c200000| PB 0x000000070c200000| Untracked 
|  60|0x000000070c400000, 0x000000070c400000, 0x000000070c600000|  0%| F|  |TAMS 0x000000070c400000| PB 0x000000070c400000| Untracked 
|  61|0x000000070c600000, 0x000000070c600000, 0x000000070c800000|  0%| F|  |TAMS 0x000000070c600000| PB 0x000000070c600000| Untracked 
|  62|0x000000070c800000, 0x000000070c800000, 0x000000070ca00000|  0%| F|  |TAMS 0x000000070c800000| PB 0x000000070c800000| Untracked 
|  63|0x000000070ca00000, 0x000000070ca00000, 0x000000070cc00000|  0%| F|  |TAMS 0x000000070ca00000| PB 0x000000070ca00000| Untracked 
|  64|0x000000070cc00000, 0x000000070cc00000, 0x000000070ce00000|  0%| F|  |TAMS 0x000000070cc00000| PB 0x000000070cc00000| Untracked 
|  65|0x000000070ce00000, 0x000000070ce00000, 0x000000070d000000|  0%| F|  |TAMS 0x000000070ce00000| PB 0x000000070ce00000| Untracked 
|  66|0x000000070d000000, 0x000000070d000000, 0x000000070d200000|  0%| F|  |TAMS 0x000000070d000000| PB 0x000000070d000000| Untracked 
|  67|0x000000070d200000, 0x000000070d200000, 0x000000070d400000|  0%| F|  |TAMS 0x000000070d200000| PB 0x000000070d200000| Untracked 
|  68|0x000000070d400000, 0x000000070d400000, 0x000000070d600000|  0%| F|  |TAMS 0x000000070d400000| PB 0x000000070d400000| Untracked 
|  69|0x000000070d600000, 0x000000070d600000, 0x000000070d800000|  0%| F|  |TAMS 0x000000070d600000| PB 0x000000070d600000| Untracked 
|  70|0x000000070d800000, 0x000000070d800000, 0x000000070da00000|  0%| F|  |TAMS 0x000000070d800000| PB 0x000000070d800000| Untracked 
|  71|0x000000070da00000, 0x000000070da00000, 0x000000070dc00000|  0%| F|  |TAMS 0x000000070da00000| PB 0x000000070da00000| Untracked 
|  72|0x000000070dc00000, 0x000000070dc00000, 0x000000070de00000|  0%| F|  |TAMS 0x000000070dc00000| PB 0x000000070dc00000| Untracked 
|  73|0x000000070de00000, 0x000000070de00000, 0x000000070e000000|  0%| F|  |TAMS 0x000000070de00000| PB 0x000000070de00000| Untracked 
|  74|0x000000070e000000, 0x000000070e000000, 0x000000070e200000|  0%| F|  |TAMS 0x000000070e000000| PB 0x000000070e000000| Untracked 
|  75|0x000000070e200000, 0x000000070e200000, 0x000000070e400000|  0%| F|  |TAMS 0x000000070e200000| PB 0x000000070e200000| Untracked 
|  76|0x000000070e400000, 0x000000070e400000, 0x000000070e600000|  0%| F|  |TAMS 0x000000070e400000| PB 0x000000070e400000| Untracked 
|  77|0x000000070e600000, 0x000000070e600000, 0x000000070e800000|  0%| F|  |TAMS 0x000000070e600000| PB 0x000000070e600000| Untracked 
|  78|0x000000070e800000, 0x000000070e800000, 0x000000070ea00000|  0%| F|  |TAMS 0x000000070e800000| PB 0x000000070e800000| Untracked 
|  79|0x000000070ea00000, 0x000000070ea00000, 0x000000070ec00000|  0%| F|  |TAMS 0x000000070ea00000| PB 0x000000070ea00000| Untracked 
|  80|0x000000070ec00000, 0x000000070ec00000, 0x000000070ee00000|  0%| F|  |TAMS 0x000000070ec00000| PB 0x000000070ec00000| Untracked 
|  81|0x000000070ee00000, 0x000000070ee00000, 0x000000070f000000|  0%| F|  |TAMS 0x000000070ee00000| PB 0x000000070ee00000| Untracked 
|  82|0x000000070f000000, 0x000000070f000000, 0x000000070f200000|  0%| F|  |TAMS 0x000000070f000000| PB 0x000000070f000000| Untracked 
|  83|0x000000070f200000, 0x000000070f200000, 0x000000070f400000|  0%| F|  |TAMS 0x000000070f200000| PB 0x000000070f200000| Untracked 
|  84|0x000000070f400000, 0x000000070f400000, 0x000000070f600000|  0%| F|  |TAMS 0x000000070f400000| PB 0x000000070f400000| Untracked 
|  85|0x000000070f600000, 0x000000070f600000, 0x000000070f800000|  0%| F|  |TAMS 0x000000070f600000| PB 0x000000070f600000| Untracked 
|  86|0x000000070f800000, 0x000000070f800000, 0x000000070fa00000|  0%| F|  |TAMS 0x000000070f800000| PB 0x000000070f800000| Untracked 
|  87|0x000000070fa00000, 0x000000070fa00000, 0x000000070fc00000|  0%| F|  |TAMS 0x000000070fa00000| PB 0x000000070fa00000| Untracked 
|  88|0x000000070fc00000, 0x000000070fc00000, 0x000000070fe00000|  0%| F|  |TAMS 0x000000070fc00000| PB 0x000000070fc00000| Untracked 
|  89|0x000000070fe00000, 0x000000070fe00000, 0x0000000710000000|  0%| F|  |TAMS 0x000000070fe00000| PB 0x000000070fe00000| Untracked 
|  90|0x0000000710000000, 0x0000000710000000, 0x0000000710200000|  0%| F|  |TAMS 0x0000000710000000| PB 0x0000000710000000| Untracked 
|  91|0x0000000710200000, 0x0000000710200000, 0x0000000710400000|  0%| F|  |TAMS 0x0000000710200000| PB 0x0000000710200000| Untracked 
|  92|0x0000000710400000, 0x0000000710400000, 0x0000000710600000|  0%| F|  |TAMS 0x0000000710400000| PB 0x0000000710400000| Untracked 
|  93|0x0000000710600000, 0x0000000710600000, 0x0000000710800000|  0%| F|  |TAMS 0x0000000710600000| PB 0x0000000710600000| Untracked 
|  94|0x0000000710800000, 0x0000000710800000, 0x0000000710a00000|  0%| F|  |TAMS 0x0000000710800000| PB 0x0000000710800000| Untracked 
|  95|0x0000000710a00000, 0x0000000710a00000, 0x0000000710c00000|  0%| F|  |TAMS 0x0000000710a00000| PB 0x0000000710a00000| Untracked 
|  96|0x0000000710c00000, 0x0000000710c00000, 0x0000000710e00000|  0%| F|  |TAMS 0x0000000710c00000| PB 0x0000000710c00000| Untracked 
|  97|0x0000000710e00000, 0x0000000710e00000, 0x0000000711000000|  0%| F|  |TAMS 0x0000000710e00000| PB 0x0000000710e00000| Untracked 
|  98|0x0000000711000000, 0x0000000711000000, 0x0000000711200000|  0%| F|  |TAMS 0x0000000711000000| PB 0x0000000711000000| Untracked 
|  99|0x0000000711200000, 0x0000000711200000, 0x0000000711400000|  0%| F|  |TAMS 0x0000000711200000| PB 0x0000000711200000| Untracked 
| 100|0x0000000711400000, 0x0000000711400000, 0x0000000711600000|  0%| F|  |TAMS 0x0000000711400000| PB 0x0000000711400000| Untracked 
| 101|0x0000000711600000, 0x0000000711600000, 0x0000000711800000|  0%| F|  |TAMS 0x0000000711600000| PB 0x0000000711600000| Untracked 
| 102|0x0000000711800000, 0x0000000711800000, 0x0000000711a00000|  0%| F|  |TAMS 0x0000000711800000| PB 0x0000000711800000| Untracked 
| 103|0x0000000711a00000, 0x0000000711a00000, 0x0000000711c00000|  0%| F|  |TAMS 0x0000000711a00000| PB 0x0000000711a00000| Untracked 
| 104|0x0000000711c00000, 0x0000000711c00000, 0x0000000711e00000|  0%| F|  |TAMS 0x0000000711c00000| PB 0x0000000711c00000| Untracked 
| 105|0x0000000711e00000, 0x0000000711e00000, 0x0000000712000000|  0%| F|  |TAMS 0x0000000711e00000| PB 0x0000000711e00000| Untracked 
| 106|0x0000000712000000, 0x0000000712000000, 0x0000000712200000|  0%| F|  |TAMS 0x0000000712000000| PB 0x0000000712000000| Untracked 
| 107|0x0000000712200000, 0x0000000712200000, 0x0000000712400000|  0%| F|  |TAMS 0x0000000712200000| PB 0x0000000712200000| Untracked 
| 108|0x0000000712400000, 0x0000000712400000, 0x0000000712600000|  0%| F|  |TAMS 0x0000000712400000| PB 0x0000000712400000| Untracked 
| 109|0x0000000712600000, 0x0000000712600000, 0x0000000712800000|  0%| F|  |TAMS 0x0000000712600000| PB 0x0000000712600000| Untracked 
| 110|0x0000000712800000, 0x0000000712800000, 0x0000000712a00000|  0%| F|  |TAMS 0x0000000712800000| PB 0x0000000712800000| Untracked 
| 111|0x0000000712a00000, 0x0000000712a00000, 0x0000000712c00000|  0%| F|  |TAMS 0x0000000712a00000| PB 0x0000000712a00000| Untracked 
| 112|0x0000000712c00000, 0x0000000712c00000, 0x0000000712e00000|  0%| F|  |TAMS 0x0000000712c00000| PB 0x0000000712c00000| Untracked 
| 113|0x0000000712e00000, 0x0000000712e00000, 0x0000000713000000|  0%| F|  |TAMS 0x0000000712e00000| PB 0x0000000712e00000| Untracked 
| 114|0x0000000713000000, 0x0000000713000000, 0x0000000713200000|  0%| F|  |TAMS 0x0000000713000000| PB 0x0000000713000000| Untracked 
| 115|0x0000000713200000, 0x0000000713400000, 0x0000000713400000|100%| S|CS|TAMS 0x0000000713200000| PB 0x0000000713200000| Complete 
| 116|0x0000000713400000, 0x0000000713600000, 0x0000000713600000|100%| S|CS|TAMS 0x0000000713400000| PB 0x0000000713400000| Complete 
| 117|0x0000000713600000, 0x0000000713706fe0, 0x0000000713800000| 51%| E|  |TAMS 0x0000000713600000| PB 0x0000000713600000| Complete 
| 118|0x0000000713800000, 0x0000000713a00000, 0x0000000713a00000|100%| E|CS|TAMS 0x0000000713800000| PB 0x0000000713800000| Complete 
| 119|0x0000000713a00000, 0x0000000713c00000, 0x0000000713c00000|100%| E|CS|TAMS 0x0000000713a00000| PB 0x0000000713a00000| Complete 
| 120|0x0000000713c00000, 0x0000000713e00000, 0x0000000713e00000|100%| E|CS|TAMS 0x0000000713c00000| PB 0x0000000713c00000| Complete 
| 121|0x0000000713e00000, 0x0000000714000000, 0x0000000714000000|100%| E|CS|TAMS 0x0000000713e00000| PB 0x0000000713e00000| Complete 
| 122|0x0000000714000000, 0x0000000714200000, 0x0000000714200000|100%| E|CS|TAMS 0x0000000714000000| PB 0x0000000714000000| Complete 
| 123|0x0000000714200000, 0x0000000714400000, 0x0000000714400000|100%| E|CS|TAMS 0x0000000714200000| PB 0x0000000714200000| Complete 
| 124|0x0000000714400000, 0x0000000714600000, 0x0000000714600000|100%| E|  |TAMS 0x0000000714400000| PB 0x0000000714400000| Complete 
| 125|0x0000000714600000, 0x0000000714800000, 0x0000000714800000|100%| E|CS|TAMS 0x0000000714600000| PB 0x0000000714600000| Complete 

Card table byte_map: [0x000001e580c20000,0x000001e581400000] _byte_map_base: 0x000001e57d3fa000

Marking Bits: (CMBitMap*) 0x000001e5e8923410
 Bits: [0x000001e581400000, 0x000001e5852d0000)

Polling page: 0x000001e5e6620000

Metaspace:

Usage:
  Non-class:      9.83 MB used.
      Class:      1.17 MB used.
       Both:     11.00 MB used.

Virtual space:
  Non-class space:       64.00 MB reserved,       9.94 MB ( 16%) committed,  1 nodes.
      Class space:        1.00 GB reserved,       1.31 MB ( <1%) committed,  1 nodes.
             Both:        1.06 GB reserved,      11.25 MB (  1%) committed. 

Chunk freelists:
   Non-Class:  5.82 MB
       Class:  14.58 MB
        Both:  20.40 MB

MaxMetaspaceSize: unlimited
CompressedClassSpaceSize: 1.00 GB
Initial GC threshold: 21.00 MB
Current GC threshold: 21.00 MB
CDS: on
 - commit_granule_bytes: 65536.
 - commit_granule_words: 8192.
 - virtual_space_node_default_size: 8388608.
 - enlarge_chunks_in_place: 1.
 - use_allocation_guard: 0.


Internal statistics:

num_allocs_failed_limit: 0.
num_arena_births: 222.
num_arena_deaths: 0.
num_vsnodes_births: 2.
num_vsnodes_deaths: 0.
num_space_committed: 180.
num_space_uncommitted: 0.
num_chunks_returned_to_freelist: 0.
num_chunks_taken_from_freelist: 408.
num_chunk_merges: 0.
num_chunk_splits: 252.
num_chunks_enlarged: 156.
num_inconsistent_stats: 0.

CodeHeap 'non-profiled nmethods': size=120000Kb used=865Kb max_used=865Kb free=119135Kb
 bounds [0x000001e5f87d0000, 0x000001e5f8a40000, 0x000001e5ffd00000]
CodeHeap 'profiled nmethods': size=120000Kb used=3382Kb max_used=3382Kb free=116617Kb
 bounds [0x000001e5f0d00000, 0x000001e5f1050000, 0x000001e5f8230000]
CodeHeap 'non-nmethods': size=5760Kb used=1422Kb max_used=1451Kb free=4337Kb
 bounds [0x000001e5f8230000, 0x000001e5f84a0000, 0x000001e5f87d0000]
 total_blobs=2394 nmethods=1879 adapters=420
 compilation: enabled
              stopped_count=0, restarted_count=0
 full_count=0

Compilation events (20 events):
Event: 3.938 Thread 0x000001e5854c9620 1855       3       java.util.zip.CRC32::getValue (10 bytes)
Event: 3.938 Thread 0x000001e5854c9620 nmethod 1855 0x000001e5f103bc10 code [0x000001e5f103bda0, 0x000001e5f103bec0]
Event: 3.938 Thread 0x000001e5854c9620 1856       3       java.lang.ClassLoader::defineClass (43 bytes)
Event: 3.939 Thread 0x000001e5854c9620 nmethod 1856 0x000001e5f103bf90 code [0x000001e5f103c1a0, 0x000001e5f103c6c8]
Event: 3.939 Thread 0x000001e5854c9620 1857       3       jdk.internal.loader.URLClassPath$JarLoader$2::getManifest (26 bytes)
Event: 3.939 Thread 0x000001e5854c9620 nmethod 1857 0x000001e5f103c990 code [0x000001e5f103cbe0, 0x000001e5f103d368]
Event: 3.939 Thread 0x000001e5854c9620 1859       3       java.lang.invoke.TypeConvertingMethodAdapter::convertType (299 bytes)
Event: 3.939 Thread 0x000001e5854c7190 1862       4       java.util.ImmutableCollections$ListN::size (6 bytes)
Event: 3.939 Thread 0x000001e5854c7190 nmethod 1862 0x000001e5f88a7810 code [0x000001e5f88a79a0, 0x000001e5f88a7a40]
Event: 3.940 Thread 0x000001e5854c9620 nmethod 1859 0x000001e5f103d790 code [0x000001e5f103de40, 0x000001e5f1041928]
Event: 3.940 Thread 0x000001e5854c9620 1863       1       java.util.concurrent.atomic.AtomicInteger::get (5 bytes)
Event: 3.940 Thread 0x000001e5854c9620 nmethod 1863 0x000001e5f88a7b10 code [0x000001e5f88a7ca0, 0x000001e5f88a7d68]
Event: 3.940 Thread 0x000001e5854c9620 1860       3       java.lang.invoke.MethodHandles$Lookup::resolveOrFail (48 bytes)
Event: 3.941 Thread 0x000001e5854c9620 nmethod 1860 0x000001e5f1042d10 code [0x000001e5f1042f60, 0x000001e5f1043628]
Event: 3.941 Thread 0x000001e5854c9620 1861       3       java.lang.invoke.MethodHandles$Lookup::checkMethodName (45 bytes)
Event: 3.941 Thread 0x000001e5854c9620 nmethod 1861 0x000001e5f1043910 code [0x000001e5f1043b60, 0x000001e5f1044220]
Event: 3.942 Thread 0x000001e5854c9620 1864       3       java.lang.String::<init> (74 bytes)
Event: 3.942 Thread 0x000001e5854c9620 nmethod 1864 0x000001e5f1044510 code [0x000001e5f1044700, 0x000001e5f1044b18]
Event: 3.943 Thread 0x000001e5854c9620 1865       1       java.util.concurrent.CopyOnWriteArrayList::getArray (5 bytes)
Event: 3.943 Thread 0x000001e5854c9620 nmethod 1865 0x000001e5f88a7e10 code [0x000001e5f88a7fa0, 0x000001e5f88a8070]

GC Heap History (4 events):
Event: 1.494 GC heap before
{Heap before GC invocations=0 (full 0):
 garbage-first heap   total 258048K, used 20480K [0x0000000704c00000, 0x0000000800000000)
  region size 2048K, 11 young (22528K), 0 survivors (0K)
 Metaspace       used 4687K, committed 4864K, reserved 1114112K
  class space    used 452K, committed 512K, reserved 1048576K
}
Event: 1.498 GC heap after
{Heap after GC invocations=1 (full 0):
 garbage-first heap   total 258048K, used 11494K [0x0000000704c00000, 0x0000000800000000)
  region size 2048K, 2 young (4096K), 2 survivors (4096K)
 Metaspace       used 4687K, committed 4864K, reserved 1114112K
  class space    used 452K, committed 512K, reserved 1048576K
}
Event: 1.817 GC heap before
{Heap before GC invocations=1 (full 0):
 garbage-first heap   total 258048K, used 29926K [0x0000000704c00000, 0x0000000800000000)
  region size 2048K, 11 young (22528K), 2 survivors (4096K)
 Metaspace       used 9223K, committed 9472K, reserved 1114112K
  class space    used 971K, committed 1088K, reserved 1048576K
}
Event: 1.821 GC heap after
{Heap after GC invocations=2 (full 0):
 garbage-first heap   total 258048K, used 16443K [0x0000000704c00000, 0x0000000800000000)
  region size 2048K, 2 young (4096K), 2 survivors (4096K)
 Metaspace       used 9223K, committed 9472K, reserved 1114112K
  class space    used 971K, committed 1088K, reserved 1048576K
}

Dll operation events (9 events):
Event: 0.016 Loaded shared library C:\Program Files\Java\jdk-21\bin\java.dll
Event: 0.043 Loaded shared library C:\Program Files\Java\jdk-21\bin\jsvml.dll
Event: 0.161 Loaded shared library C:\Program Files\Java\jdk-21\bin\jimage.dll
Event: 0.169 Loaded shared library C:\Program Files\Java\jdk-21\bin\net.dll
Event: 0.172 Loaded shared library C:\Program Files\Java\jdk-21\bin\nio.dll
Event: 0.176 Loaded shared library C:\Program Files\Java\jdk-21\bin\zip.dll
Event: 0.277 Loaded shared library C:\Program Files\Java\jdk-21\bin\management.dll
Event: 0.286 Loaded shared library C:\Program Files\Java\jdk-21\bin\management_ext.dll
Event: 1.518 Loaded shared library C:\Program Files\Java\jdk-21\bin\extnet.dll

Deoptimization events (20 events):
Event: 1.874 Thread 0x000001e5e60fc780 Uncommon trap: trap_request=0xffffff45 fr.pc=0x000001e5f8831a2c relative=0x000000000000008c
Event: 1.874 Thread 0x000001e5e60fc780 Uncommon trap: reason=unstable_if action=reinterpret pc=0x000001e5f8831a2c method=jdk.internal.misc.Unsafe.convEndian(ZI)I @ 4 c2
Event: 1.874 Thread 0x000001e5e60fc780 DEOPT PACKING pc=0x000001e5f8831a2c sp=0x00000008a7ffabb0
Event: 1.874 Thread 0x000001e5e60fc780 DEOPT UNPACKING pc=0x000001e5f82846a2 sp=0x00000008a7ffaae0 mode 2
Event: 1.875 Thread 0x000001e5e60fc780 Uncommon trap: trap_request=0xffffff45 fr.pc=0x000001e5f886c92c relative=0x000000000000036c
Event: 1.875 Thread 0x000001e5e60fc780 Uncommon trap: reason=unstable_if action=reinterpret pc=0x000001e5f886c92c method=java.lang.StringUTF16.compress([CII)[B @ 13 c2
Event: 1.875 Thread 0x000001e5e60fc780 DEOPT PACKING pc=0x000001e5f886c92c sp=0x00000008a7ffab30
Event: 1.875 Thread 0x000001e5e60fc780 DEOPT UNPACKING pc=0x000001e5f82846a2 sp=0x00000008a7ffaa70 mode 2
Event: 3.920 Thread 0x000001e5e60fc780 DEOPT PACKING pc=0x000001e5f101b7ac sp=0x00000008a7ffc8d0
Event: 3.920 Thread 0x000001e5e60fc780 DEOPT UNPACKING pc=0x000001e5f8284e42 sp=0x00000008a7ffbd50 mode 0
Event: 3.920 Thread 0x000001e5e60fc780 DEOPT PACKING pc=0x000001e5f101b7ac sp=0x00000008a7ffc8d0
Event: 3.920 Thread 0x000001e5e60fc780 DEOPT UNPACKING pc=0x000001e5f8284e42 sp=0x00000008a7ffbd50 mode 0
Event: 3.920 Thread 0x000001e5e60fc780 DEOPT PACKING pc=0x000001e5f101b7ac sp=0x00000008a7ffc8d0
Event: 3.920 Thread 0x000001e5e60fc780 DEOPT UNPACKING pc=0x000001e5f8284e42 sp=0x00000008a7ffbd50 mode 0
Event: 3.920 Thread 0x000001e5e60fc780 DEOPT PACKING pc=0x000001e5f101b7ac sp=0x00000008a7ffcb10
Event: 3.920 Thread 0x000001e5e60fc780 DEOPT UNPACKING pc=0x000001e5f8284e42 sp=0x00000008a7ffbf90 mode 0
Event: 3.929 Thread 0x000001e5e60fc780 Uncommon trap: trap_request=0xffffff45 fr.pc=0x000001e5f889a6d0 relative=0x0000000000003390
Event: 3.929 Thread 0x000001e5e60fc780 Uncommon trap: reason=unstable_if action=reinterpret pc=0x000001e5f889a6d0 method=java.util.jar.Attributes$Name.hash(Ljava/lang/String;)I @ 96 c2
Event: 3.929 Thread 0x000001e5e60fc780 DEOPT PACKING pc=0x000001e5f889a6d0 sp=0x00000008a7ffa850
Event: 3.929 Thread 0x000001e5e60fc780 DEOPT UNPACKING pc=0x000001e5f82846a2 sp=0x00000008a7ffa668 mode 2

Classes loaded (20 events):
Event: 3.921 Loading class java/security/interfaces/XECKey
Event: 3.921 Loading class java/security/interfaces/XECKey done
Event: 3.921 Loading class sun/security/util/KeyUtil
Event: 3.921 Loading class sun/security/util/KeyUtil done
Event: 3.921 Loading class sun/security/util/Length
Event: 3.921 Loading class sun/security/util/Length done
Event: 3.921 Loading class javax/crypto/SecretKey
Event: 3.921 Loading class javax/crypto/SecretKey done
Event: 3.922 Loading class java/util/Base64
Event: 3.922 Loading class java/util/Base64 done
Event: 3.922 Loading class java/util/Base64$Decoder
Event: 3.922 Loading class java/util/Base64$Decoder done
Event: 3.922 Loading class java/util/Base64$Encoder
Event: 3.922 Loading class java/util/Base64$Encoder done
Event: 3.925 Loading class java/util/jar/JarVerifier$VerifierStream
Event: 3.925 Loading class java/util/jar/JarVerifier$VerifierStream done
Event: 3.925 Loading class sun/security/util/ManifestEntryVerifier$SunProviderHolder
Event: 3.925 Loading class sun/security/util/ManifestEntryVerifier$SunProviderHolder done
Event: 3.930 Loading class java/lang/FunctionalInterface
Event: 3.931 Loading class java/lang/FunctionalInterface done

Classes unloaded (0 events):
No events

Classes redefined (4 events):
Event: 0.155 Thread 0x000001e5854846b0 redefined class name=java.io.FileOutputStream, count=1
Event: 0.156 Thread 0x000001e5854846b0 redefined class name=java.io.File, count=1
Event: 0.157 Thread 0x000001e5854846b0 redefined class name=java.lang.ClassLoader, count=1
Event: 0.157 Thread 0x000001e5854846b0 redefined class name=java.net.URLStreamHandler, count=1

Internal exceptions (20 events):
Event: 1.503 Thread 0x000001e5e60fc780 Exception <a 'java/lang/NoSuchMethodError'{0x0000000714638538}: 'java.lang.Object java.lang.invoke.DirectMethodHandle$Holder.invokeStaticInit(java.lang.Object, java.lang.Object, int, int, int, int)'> (0x0000000714638538) 
thrown [s\open\src\hotspot\share\interpreter\linkResolver.cpp, line 773]
Event: 1.510 Thread 0x000001e5e60fc780 Exception <a 'java/lang/ClassNotFoundException'{0x0000000714652ee0}: javax/management/remote/rmi/RMIServerImpl_Skel> (0x0000000714652ee0) 
thrown [s\open\src\hotspot\share\classfile\systemDictionary.cpp, line 312]
Event: 1.522 Thread 0x000001e5e60fc780 Exception <a 'java/lang/NoSuchMethodError'{0x00000007146f1258}: 'long java.lang.invoke.DirectMethodHandle$Holder.invokeSpecial(java.lang.Object, java.lang.Object)'> (0x00000007146f1258) 
thrown [s\open\src\hotspot\share\interpreter\linkResolver.cpp, line 773]
Event: 1.522 Thread 0x000001e5e60fc780 Exception <a 'java/lang/NoSuchMethodError'{0x00000007146f4930}: 'long java.lang.invoke.Invokers$Holder.invokeExact_MT(java.lang.Object, java.lang.Object)'> (0x00000007146f4930) 
thrown [s\open\src\hotspot\share\interpreter\linkResolver.cpp, line 773]
Event: 1.525 Thread 0x000001e5e60fc780 Exception <a 'java/lang/NoSuchMethodError'{0x000000071470e218}: 'void java.lang.invoke.DirectMethodHandle$Holder.invokeSpecial(java.lang.Object, java.lang.Object, java.lang.Object)'> (0x000000071470e218) 
thrown [s\open\src\hotspot\share\interpreter\linkResolver.cpp, line 773]
Event: 1.538 Thread 0x000001e5e60fc780 Exception <a 'java/lang/ClassNotFoundException'{0x00000007147bfec8}: jdk/internal/agent/resources/spi/agentProvider> (0x00000007147bfec8) 
thrown [s\open\src\hotspot\share\classfile\systemDictionary.cpp, line 312]
Event: 1.605 Thread 0x000001e5e60fc780 Exception <a 'java/lang/NoSuchMethodError'{0x00000007142e9008}: 'void java.lang.invoke.DirectMethodHandle$Holder.invokeStatic(java.lang.Object, java.lang.Object, java.lang.Object, java.lang.Object)'> (0x00000007142e9008) 
thrown [s\open\src\hotspot\share\interpreter\linkResolver.cpp, line 773]
Event: 1.622 Thread 0x000001e5e60fc780 Exception <a 'java/lang/NoSuchMethodError'{0x000000071434e0d0}: 'int java.lang.invoke.DirectMethodHandle$Holder.invokeStatic(java.lang.Object)'> (0x000000071434e0d0) 
thrown [s\open\src\hotspot\share\interpreter\linkResolver.cpp, line 773]
Event: 1.623 Thread 0x000001e5e60fc780 Exception <a 'java/lang/NoSuchMethodError'{0x00000007143512e8}: 'int java.lang.invoke.DirectMethodHandle$Holder.invokeStaticInit(java.lang.Object)'> (0x00000007143512e8) 
thrown [s\open\src\hotspot\share\interpreter\linkResolver.cpp, line 773]
Event: 1.634 Thread 0x000001e5e60fc780 Exception <a 'java/lang/NoSuchMethodError'{0x00000007143a2390}: 'java.lang.Object java.lang.invoke.DirectMethodHandle$Holder.invokeStatic(java.lang.Object, int, java.lang.Object)'> (0x00000007143a2390) 
thrown [s\open\src\hotspot\share\interpreter\linkResolver.cpp, line 773]
Event: 1.635 Thread 0x000001e5e60fc780 Exception <a 'java/lang/NoSuchMethodError'{0x00000007143a9120}: 'java.lang.Object java.lang.invoke.DirectMethodHandle$Holder.invokeInterface(java.lang.Object, java.lang.Object)'> (0x00000007143a9120) 
thrown [s\open\src\hotspot\share\interpreter\linkResolver.cpp, line 773]
Event: 1.650 Thread 0x000001e5e60fc780 Exception <a 'java/lang/NoSuchMethodError'{0x000000071400f170}: 'void java.lang.invoke.DirectMethodHandle$Holder.invokeStaticInit(java.lang.Object, java.lang.Object, java.lang.Object, java.lang.Object)'> (0x000000071400f170) 
thrown [s\open\src\hotspot\share\interpreter\linkResolver.cpp, line 773]
Event: 1.687 Thread 0x000001e5e60fc780 Exception <a 'java/lang/NoSuchMethodError'{0x000000071419dd70}: 'java.lang.Object java.lang.invoke.DirectMethodHandle$Holder.invokeSpecial(java.lang.Object, java.lang.Object, java.lang.Object, long, java.lang.Object)'> (0x000000071419dd70) 
thrown [s\open\src\hotspot\share\interpreter\linkResolver.cpp, line 773]
Event: 1.687 Thread 0x000001e5e60fc780 Exception <a 'java/lang/NoSuchMethodError'{0x00000007141a16d0}: 'java.lang.Object java.lang.invoke.Invokers$Holder.linkToTargetMethod(java.lang.Object, long, java.lang.Object, java.lang.Object)'> (0x00000007141a16d0) 
thrown [s\open\src\hotspot\share\interpreter\linkResolver.cpp, line 773]
Event: 1.710 Thread 0x000001e5e60fc780 Implicit null exception at 0x000001e5f885050d to 0x000001e5f8850ee8
Event: 1.774 Thread 0x000001e5e60fc780 Exception <a 'java/lang/NoSuchMethodError'{0x0000000713db3c98}: 'int java.lang.invoke.DirectMethodHandle$Holder.invokeStaticInit(java.lang.Object, java.lang.Object)'> (0x0000000713db3c98) 
thrown [s\open\src\hotspot\share\interpreter\linkResolver.cpp, line 773]
Event: 1.785 Thread 0x000001e5e60fc780 Exception <a 'java/lang/NoSuchMethodError'{0x0000000713a85db8}: 'int java.lang.invoke.DirectMethodHandle$Holder.invokeStaticInit(java.lang.Object, java.lang.Object, java.lang.Object)'> (0x0000000713a85db8) 
thrown [s\open\src\hotspot\share\interpreter\linkResolver.cpp, line 773]
Event: 1.789 Thread 0x000001e5e60fc780 Exception <a 'java/lang/NoSuchMethodError'{0x0000000713ae4430}: 'java.lang.Object java.lang.invoke.DirectMethodHandle$Holder.newInvokeSpecial(java.lang.Object, java.lang.Object, java.lang.Object, java.lang.Object, java.lang.Object)'> (0x0000000713ae4430) 
thrown [s\open\src\hotspot\share\interpreter\linkResolver.cpp, line 773]
Event: 1.846 Thread 0x000001e5e60fc780 Exception <a 'java/lang/NoSuchMethodError'{0x00000007141e4600}: 'void java.lang.invoke.DirectMethodHandle$Holder.invokeVirtual(java.lang.Object, java.lang.Object)'> (0x00000007141e4600) 
thrown [s\open\src\hotspot\share\interpreter\linkResolver.cpp, line 773]
Event: 3.938 Thread 0x000001e5e60fc780 Exception <a 'java/lang/NoSuchMethodError'{0x0000000713bda718}: 'void java.lang.invoke.DirectMethodHandle$Holder.invokeInterface(java.lang.Object, java.lang.Object, java.lang.Object, java.lang.Object)'> (0x0000000713bda718) 
thrown [s\open\src\hotspot\share\interpreter\linkResolver.cpp, line 773]

ZGC Phase Switch (0 events):
No events

VM Operations (20 events):
Event: 1.640 Executing VM operation: HandshakeAllThreads (Deoptimize)
Event: 1.640 Executing VM operation: HandshakeAllThreads (Deoptimize) done
Event: 1.640 Executing VM operation: HandshakeAllThreads (Deoptimize)
Event: 1.640 Executing VM operation: HandshakeAllThreads (Deoptimize) done
Event: 1.658 Executing VM operation: HandshakeAllThreads (Deoptimize)
Event: 1.658 Executing VM operation: HandshakeAllThreads (Deoptimize) done
Event: 1.817 Executing VM operation: G1CollectForAllocation (G1 Evacuation Pause)
Event: 1.821 Executing VM operation: G1CollectForAllocation (G1 Evacuation Pause) done
Event: 1.839 Executing VM operation: HandshakeAllThreads (Deoptimize)
Event: 1.839 Executing VM operation: HandshakeAllThreads (Deoptimize) done
Event: 1.842 Executing VM operation: HandshakeAllThreads (Deoptimize)
Event: 1.842 Executing VM operation: HandshakeAllThreads (Deoptimize) done
Event: 1.858 Executing VM operation: HandshakeAllThreads (Deoptimize)
Event: 1.858 Executing VM operation: HandshakeAllThreads (Deoptimize) done
Event: 2.866 Executing VM operation: Cleanup
Event: 2.897 Executing VM operation: Cleanup done
Event: 3.909 Executing VM operation: Cleanup
Event: 3.909 Executing VM operation: Cleanup done
Event: 4.917 Executing VM operation: Cleanup
Event: 4.917 Executing VM operation: Cleanup done

Events (18 events):
Event: 0.028 Thread 0x000001e5e60fc780 Thread added: 0x000001e5e60fc780
Event: 0.039 Thread 0x000001e5854a8480 Thread added: 0x000001e5854a8480
Event: 0.039 Thread 0x000001e5854a9a40 Thread added: 0x000001e5854a9a40
Event: 0.039 Thread 0x000001e5854b19c0 Thread added: 0x000001e5854b19c0
Event: 0.039 Thread 0x000001e5854b2410 Thread added: 0x000001e5854b2410
Event: 0.039 Thread 0x000001e5854b39d0 Thread added: 0x000001e5854b39d0
Event: 0.039 Thread 0x000001e5854bf0e0 Thread added: 0x000001e5854bf0e0
Event: 0.039 Thread 0x000001e5854c7190 Thread added: 0x000001e5854c7190
Event: 0.040 Thread 0x000001e5854c9620 Thread added: 0x000001e5854c9620
Event: 0.142 Thread 0x000001e5c918b710 Thread added: 0x000001e5c918b710
Event: 0.158 Thread 0x000001e5c92c82e0 Thread added: 0x000001e5c92c82e0
Event: 0.195 Thread 0x000001e5854caa90 Thread added: 0x000001e5854caa90
Event: 1.381 Thread 0x000001e5854caa90 Thread exited: 0x000001e5854caa90
Event: 1.390 Thread 0x000001e5854cb160 Thread added: 0x000001e5854cb160
Event: 1.405 Thread 0x000001e5854c9cf0 Thread added: 0x000001e5854c9cf0
Event: 1.520 Thread 0x000001e5ce457ff0 Thread added: 0x000001e5ce457ff0
Event: 1.528 Thread 0x000001e5ce078630 Thread added: 0x000001e5ce078630
Event: 1.544 Thread 0x000001e5ce2e36b0 Thread added: 0x000001e5ce2e36b0


Dynamic libraries:
0x00007ff761610000 - 0x00007ff761620000 	C:\Program Files\Java\jdk-21\bin\java.exe
0x00007ffb768e0000 - 0x00007ffb76b47000 	C:\WINDOWS\SYSTEM32\ntdll.dll
0x00007ffb76600000 - 0x00007ffb766c9000 	C:\WINDOWS\System32\KERNEL32.DLL
0x00007ffb76200000 - 0x00007ffb765f4000 	C:\WINDOWS\System32\KERNELBASE.dll
0x00000000732a0000 - 0x00000000732de000 	C:\WINDOWS\System32\cyinjct.dll
0x00007ffb76070000 - 0x00007ffb76094000 	C:\WINDOWS\System32\cyvera.dll
0x00007ffb28810000 - 0x00007ffb28829000 	C:\Program Files\Java\jdk-21\bin\jli.dll
0x00007ffb75200000 - 0x00007ffb752b6000 	C:\WINDOWS\System32\ADVAPI32.dll
0x00007ffb75400000 - 0x00007ffb754a9000 	C:\WINDOWS\System32\msvcrt.dll
0x00007ffb74f70000 - 0x00007ffb75017000 	C:\WINDOWS\System32\sechost.dll
0x00007ffb760e0000 - 0x00007ffb761f8000 	C:\WINDOWS\System32\RPCRT4.dll
0x000001e5e6290000 - 0x000001e5e6455000 	C:\WINDOWS\System32\USER32.dll
0x00007ffb73190000 - 0x00007ffb731b7000 	C:\WINDOWS\System32\win32u.dll
0x00007ffb74e40000 - 0x00007ffb74e6b000 	C:\WINDOWS\System32\GDI32.dll
0x00007ffb73310000 - 0x00007ffb7343b000 	C:\WINDOWS\System32\gdi32full.dll
0x00007ffb737c0000 - 0x00007ffb73863000 	C:\WINDOWS\System32\msvcp_win.dll
0x000001e5e6460000 - 0x000001e5e65ab000 	C:\WINDOWS\System32\ucrtbase.dll
0x00007ffb287f0000 - 0x00007ffb2880b000 	C:\Program Files\Java\jdk-21\bin\VCRUNTIME140.dll
0x00007ffb49c00000 - 0x00007ffb49e93000 	C:\WINDOWS\WinSxS\amd64_microsoft.windows.common-controls_6595b64144ccf1df_6.0.26100.8115_none_3e075c82e3354f9c\COMCTL32.dll
0x00007ffb60e60000 - 0x00007ffb60e6b000 	C:\WINDOWS\SYSTEM32\VERSION.dll
0x00007ffb75fa0000 - 0x00007ffb76066000 	C:\WINDOWS\System32\cyvrtrap.dll
0x00007ffb74840000 - 0x00007ffb74872000 	C:\WINDOWS\System32\IMM32.DLL
0x00007ffb28e80000 - 0x00007ffb28e8c000 	C:\Program Files\Java\jdk-21\bin\vcruntime140_1.dll
0x00007ffb28ef0000 - 0x00007ffb28f7e000 	C:\Program Files\Java\jdk-21\bin\msvcp140.dll
0x00007ffb21ef0000 - 0x00007ffb22c0d000 	C:\Program Files\Java\jdk-21\bin\server\jvm.dll
0x00007ffb740e0000 - 0x00007ffb74160000 	C:\WINDOWS\System32\WS2_32.dll
0x00007ffb72e80000 - 0x00007ffb72ede000 	C:\WINDOWS\SYSTEM32\POWRPROF.dll
0x00007ffb6b450000 - 0x00007ffb6b486000 	C:\WINDOWS\SYSTEM32\WINMM.dll
0x00007ffb72e60000 - 0x00007ffb72e74000 	C:\WINDOWS\SYSTEM32\UMPDC.dll
0x00007ffb71d70000 - 0x00007ffb71d8b000 	C:\WINDOWS\SYSTEM32\kernel.appcore.dll
0x00007ffb243f0000 - 0x00007ffb243fa000 	C:\Program Files\Java\jdk-21\bin\jimage.dll
0x00007ffb70c50000 - 0x00007ffb70e92000 	C:\WINDOWS\SYSTEM32\DBGHELP.DLL
0x00007ffb74170000 - 0x00007ffb744f2000 	C:\WINDOWS\System32\combase.dll
0x00007ffb75120000 - 0x00007ffb751f8000 	C:\WINDOWS\System32\OLEAUT32.dll
0x00007ffb49bc0000 - 0x00007ffb49bfb000 	C:\WINDOWS\SYSTEM32\dbgcore.DLL
0x00007ffb73020000 - 0x00007ffb730c5000 	C:\WINDOWS\System32\bcryptPrimitives.dll
0x00007ffb75f50000 - 0x00007ffb75f9b000 	C:\Program Files\Palo Alto Networks\Traps\cyjagent.dll
0x00007ffb28ec0000 - 0x00007ffb28edf000 	C:\Program Files\Java\jdk-21\bin\java.dll
0x00007ffb754b0000 - 0x00007ffb75c17000 	C:\WINDOWS\System32\SHELL32.dll
0x00007ffb73440000 - 0x00007ffb735aa000 	C:\WINDOWS\System32\wintypes.dll
0x00007ffb73870000 - 0x00007ffb740d8000 	C:\WINDOWS\System32\windows.storage.dll
0x00007ffb74e70000 - 0x00007ffb74f68000 	C:\WINDOWS\System32\SHCORE.dll
0x00007ffb74880000 - 0x00007ffb748e6000 	C:\WINDOWS\System32\shlwapi.dll
0x00007ffb72f40000 - 0x00007ffb72f69000 	C:\WINDOWS\SYSTEM32\profapi.dll
0x00007ffb24200000 - 0x00007ffb242d7000 	C:\Program Files\Java\jdk-21\bin\jsvml.dll
0x00007ffb240f0000 - 0x00007ffb24100000 	C:\Program Files\Java\jdk-21\bin\net.dll
0x00007ffb64a30000 - 0x00007ffb64b5d000 	C:\WINDOWS\SYSTEM32\WINHTTP.dll
0x00007ffb722c0000 - 0x00007ffb7232c000 	C:\WINDOWS\system32\mswsock.dll
0x00007ffb243b0000 - 0x00007ffb243c6000 	C:\Program Files\Java\jdk-21\bin\nio.dll
0x00007ffb49830000 - 0x00007ffb49848000 	C:\Program Files\Java\jdk-21\bin\zip.dll
0x00007ffb612e0000 - 0x00007ffb612ea000 	C:\Program Files\Java\jdk-21\bin\management.dll
0x00007ffb5e120000 - 0x00007ffb5e12b000 	C:\Program Files\Java\jdk-21\bin\management_ext.dll
0x00007ffb75f40000 - 0x00007ffb75f48000 	C:\WINDOWS\System32\PSAPI.DLL
0x00007ffb47db0000 - 0x00007ffb47dc8000 	C:\WINDOWS\system32\napinsp.dll
0x00007ffb71620000 - 0x00007ffb71752000 	C:\WINDOWS\SYSTEM32\DNSAPI.dll
0x00007ffb71580000 - 0x00007ffb715b2000 	C:\WINDOWS\SYSTEM32\IPHLPAPI.DLL
0x00007ffb75cf0000 - 0x00007ffb75cfa000 	C:\WINDOWS\System32\NSI.dll
0x00007ffb47350000 - 0x00007ffb47363000 	C:\WINDOWS\System32\winrnr.dll
0x00007ffb47320000 - 0x00007ffb47342000 	C:\WINDOWS\system32\nlansp_c.dll
0x00007ffb600e0000 - 0x00007ffb600f6000 	C:\WINDOWS\system32\wshbth.dll
0x00007ffb646f0000 - 0x00007ffb646fb000 	C:\Windows\System32\rasadhlp.dll
0x00007ffb6a6b0000 - 0x00007ffb6a736000 	C:\WINDOWS\System32\fwpuclnt.dll
0x00007ffb726c0000 - 0x00007ffb726db000 	C:\WINDOWS\SYSTEM32\CRYPTSP.dll
0x00007ffb71cd0000 - 0x00007ffb71d09000 	C:\WINDOWS\system32\rsaenh.dll
0x00007ffb72370000 - 0x00007ffb723a3000 	C:\WINDOWS\SYSTEM32\USERENV.dll
0x00007ffb72f10000 - 0x00007ffb72f3a000 	C:\WINDOWS\SYSTEM32\bcrypt.dll
0x00007ffb72520000 - 0x00007ffb7252c000 	C:\WINDOWS\SYSTEM32\CRYPTBASE.dll
0x00007ffb49110000 - 0x00007ffb49119000 	C:\Program Files\Java\jdk-21\bin\extnet.dll

dbghelp: loaded successfully - version: 4.0.5 - missing functions: none
symbol engine: initialized successfully - sym options: 0x614 - pdb path: .;C:\Program Files\Java\jdk-21\bin;C:\WINDOWS\SYSTEM32;C:\WINDOWS\WinSxS\amd64_microsoft.windows.common-controls_6595b64144ccf1df_6.0.26100.8115_none_3e075c82e3354f9c;C:\Program Files\Java\jdk-21\bin\server;C:\Program Files\Palo Alto Networks\Traps

VM Arguments:
jvm_args: -Dcom.sun.management.jmxremote -Dcom.sun.management.jmxremote.port=33304 -Dcom.sun.management.jmxremote.authenticate=false -Dcom.sun.management.jmxremote.ssl=false -Dspring.jmx.enabled=true -Djava.rmi.server.hostname=localhost -Dspring.application.admin.enabled=true -Dspring.boot.project.name=usuario_service -XX:+ShowCodeDetailsInExceptionMessages -agentpath:C:\Program Files\Palo Alto Networks\Traps\cyjagent.dll 
java_command: com.pharmanet.usuario_service.UsuarioServiceApplication
java_class_path (initial): C:\Users\VI-Alumno\Inventario-Pharmanet\usuario_service\target\classes;C:\Users\VI-Alumno\.m2\repository\org\springframework\boot\spring-boot-starter-webflux\4.0.7\spring-boot-starter-webflux-4.0.7.jar;C:\Users\VI-Alumno\.m2\repository\org\springframework\boot\spring-boot-starter\4.0.7\spring-boot-starter-4.0.7.jar;C:\Users\VI-Alumno\.m2\repository\org\springframework\boot\spring-boot-starter-logging\4.0.7\spring-boot-starter-logging-4.0.7.jar;C:\Users\VI-Alumno\.m2\repository\ch\qos\logback\logback-classic\1.5.34\logback-classic-1.5.34.jar;C:\Users\VI-Alumno\.m2\repository\ch\qos\logback\logback-core\1.5.34\logback-core-1.5.34.jar;C:\Users\VI-Alumno\.m2\repository\org\apache\logging\log4j\log4j-to-slf4j\2.25.4\log4j-to-slf4j-2.25.4.jar;C:\Users\VI-Alumno\.m2\repository\org\apache\logging\log4j\log4j-api\2.25.4\log4j-api-2.25.4.jar;C:\Users\VI-Alumno\.m2\repository\org\slf4j\jul-to-slf4j\2.0.18\jul-to-slf4j-2.0.18.jar;C:\Users\VI-Alumno\.m2\repository\jakarta\annotation\jakarta.annotation-api\3.0.0\jakarta.annotation-api-3.0.0.jar;C:\Users\VI-Alumno\.m2\repository\org\yaml\snakeyaml\2.5\snakeyaml-2.5.jar;C:\Users\VI-Alumno\.m2\repository\org\springframework\boot\spring-boot-starter-jackson\4.0.7\spring-boot-starter-jackson-4.0.7.jar;C:\Users\VI-Alumno\.m2\repository\org\springframework\boot\spring-boot-jackson\4.0.7\spring-boot-jackson-4.0.7.jar;C:\Users\VI-Alumno\.m2\repository\tools\jackson\core\jackson-databind\3.1.4\jackson-databind-3.1.4.jar;C:\Users\VI-Alumno\.m2\repository\tools\jackson\core\jackson-core\3.1.4\jackson-core-3.1.4.jar;C:\Users\VI-Alumno\.m2\repository\org\springframework\boot\spring-boot-starter-reactor-netty\4.0.7\spring-boot-starter-reactor-netty-4.0.7.jar;C:\Users\VI-Alumno\.m2\repository\org\springframework\boot\spring-boot-reactor-netty\4.0.7\spring-boot-reactor-netty-4.0.7.jar;C:\Users\VI-Alumno\.m2\repository\io\projectreactor\netty\reactor-netty-http\1.3.6\reactor-netty-http-1.3.6.jar;C:\Users\VI-Alumno\.m2\repository\io\netty\netty-codec-http\4.2.15.Final\netty-codec-http-4.2.15.Final.jar;C:\Users\VI-Alumno\.m2\repository\io\netty\netty-buffer\4.2.15.Final\netty-buffer-4.2.15.Final.jar;C:\Users\VI-Alumno\.m2\repository\io\netty\netty-transport\4.2.15.Final\netty-transport-4.2.15.Final.jar;C:\Users\VI-Alumno\.m2\repository\io\netty\netty-codec-base\4.2.15.Final\netty-codec-base-4.2.15.Final.jar;C:\Users\VI-Alumno\.m2\repository\io\netty\netty-codec-compression\4.2.15.Final\netty-codec-compression-4.2.15.Final.jar;C:\Users\VI-Alumno\.m2\repository\io\netty\netty-handler\4.2.15.Final\netty-handler-4.2.15.Final.jar;C:\Users\VI-Alumno\.m2\repository\io\netty\netty-codec-http2\4.2.15.Final\netty-codec-http2-4.2.15.Final.jar;C:\Users\VI-Alumno\.m2\repository\io\netty\netty-codec-http3\4.2.15.Final\netty-codec-http3-4.2.15.Final.jar;C:\Users\VI-Alumno\.m2\repository\io\netty\netty-transport-native-unix-common\4.2.15.Final\netty-transport-native-unix-common-4.2.15.Final.jar;C:\Users\VI-Alumno\.m2\repository\io\netty\netty-resolver\4.2.15.Final\netty-resolver-4.2.15.Final.jar;C:\Users\VI-Alumno\.m2\repository\io\netty\netty-codec-classes-quic\4.2.15.Final\netty-codec-classes-quic-4.2.15.Final.jar;C:\Users\VI-Alumno\.m2\repository\io\netty\netty-codec-native-quic\4.2.15.Final\netty-codec-native-quic-4.2.15.Final-linux-x86_64.jar;C:\Users\VI-Alumno\.m2\repository\io\netty\netty-codec-native-quic\4.2.15.Final\netty-codec-native-quic-4.2.15.Final-linux-aarch_64.jar;C:\Users\VI-Alumno\.m2\repository\io\netty\netty-codec-native-quic\4.2.15.Final\netty-codec-native-quic-4.2.15.Final-osx-x86_64.jar;C:\Users\VI-Alumno\.m2\repository\io\netty\netty-codec-native-quic\4.2.15.Final\netty-codec-native-quic-4.2.15.Final-osx-aarch_64.jar;C:\Users\VI-Alumno\.m2\repository\io\netty\netty-codec-native-quic\4.2.15.Final\netty-codec-native-quic-4.2.15.Final-windows-x86_64.jar;C:\Users\VI-Alumno\.m2\repository\io\netty\netty-resolver-dns\4.2.15.Final\netty-resolver-dns-4.2.15.Final.jar;C:\Users\VI-Alumno\.m2\repository\io\netty\netty-codec-dns\4.2.15.Final\netty-codec-dns-4.2.15.Final.jar;C:\Users\VI-Alumno\.m2\repository\io\netty\netty-resolver-dns-native-macos\4.2.15.Final\netty-resolver-dns-native-macos-4.2.15.Final-osx-x86_64.jar;C:\Users\VI-Alumno\.m2\repository\io\netty\netty-resolver-dns-classes-macos\4.2.15.Final\netty-resolver-dns-classes-macos-4.2.15.Final.jar;C:\Users\VI-Alumno\.m2\repository\io\netty\netty-transport-native-epoll\4.2.15.Final\netty-transport-native-epoll-4.2.15.Final-linux-x86_64.jar;C:\Users\VI-Alumno\.m2\repository\io\netty\netty-transport-classes-epoll\4.2.15.Final\netty-transport-classes-epoll-4.2.15.Final.jar;C:\Users\VI-Alumno\.m2\repository\io\projectreactor\netty\reactor-netty-core\1.3.6\reactor-netty-core-1.3.6.jar;C:\Users\VI-Alumno\.m2\repository\io\netty\netty-handler-proxy\4.2.15.Final\netty-handler-proxy-4.2.15.Final.jar;C:\Users\VI-Alumno\.m2\repository\io\netty\netty-codec-socks\4.2.15.Final\netty-codec-socks-4.2.15.Final.jar;C:\Users\VI-Alumno\.m2\repository\org\springframework\boot\spring-boot-netty\4.0.7\spring-boot-netty-4.0.7.jar;C:\Users\VI-Alumno\.m2\repository\io\netty\netty-common\4.2.15.Final\netty-common-4.2.15.Final.jar;C:\Users\VI-Alumno\.m2\repository\org\springframework\boot\spring-boot-reactor\4.0.7\spring-boot-reactor-4.0.7.jar;C:\Users\VI-Alumno\.m2\repository\io\projectreactor\reactor-core\3.8.6\reactor-core-3.8.6.jar;C:\Users\VI-Alumno\.m2\repository\org\reactivestreams\reactive-streams\1.0.4\reactive-streams-1.0.4.jar;C:\Users\VI-Alumno\.m2\repository\org\springframework\boot\spring-boot-webflux\4.0.7\spring-boot-webflux-4.0.7.jar;C:\Users\VI-Alumno\.m2\repository\org\springframework\boot\spring-boot-http-codec\4.0.7\spring-boot-http-codec-4.0.7.jar;C:\Users\VI-Alumno\.m2\repository\org\springframework\spring-webflux\7.0.8\spring-webflux-7.0.8.jar;C:\Users\VI-Alumno\.m2\repository\org\springframework\boot\spring-boot-web-server\4.0.7\spring-boot-web-server-4.0.7.jar;C:\Users\VI-Alumno\.m2\repository\org\springframework\cloud\spring-cloud-starter-netflix-eureka-client\5.0.1\spring-cloud-starter-netflix-eureka-client-5.0.1.jar;C:\Users\VI-Alumno\.m2\repository\org\springframework\cloud\spring-cloud-starter\5.0.1\spring-cloud-starter-5.0.1.jar;C:\Users\VI-Alumno\.m2\repository\org\springframework\cloud\spring-cloud-context\5.0.1\spring-cloud-context-5.0.1.jar;C:\Users\VI-Alumno\.m2\repository\org\springframework\boot\spring-boot-restclient\4.0.7\spring-boot-restclient-4.0.7.jar;C:\Users\VI-Alumno\.m2\repository\org\springframework\boot\spring-boot-http-client\4.0.7\spring-boot-http-client-4.0.7.jar;C:\Users\VI-Alumno\.m2\repository\org\bouncycastle\bcprov-jdk18on\1.81\bcprov-jdk18on-1.81.jar;C:\Users\VI-Alumno\.m2\repository\org\springframework\cloud\spring-cloud-netflix-eureka-client\5.0.1\spring-cloud-netflix-eureka-client-5.0.1.jar;C:\Users\VI-Alumno\.m2\repository\org\springframework\boot\spring-boot-jackson2\4.0.7\spring-boot-jackson2-4.0.7.jar;C:\Users\VI-Alumno\.m2\repository\com\fasterxml\jackson\datatype\jackson-datatype-jdk8\2.21.4\jackson-datatype-jdk8-2.21.4.jar;C:\Users\VI-Alumno\.m2\repository\com\fasterxml\jackson\datatype\jackson-datatype-jsr310\2.21.4\jackson-datatype-jsr310-2.21.4.jar;C:\Users\VI-Alumno\.m2\repository\com\fasterxml\jackson\module\jackson-module-parameter-names\2.21.4\jackson-module-parameter-names-2.21.4.jar;C:\Users\VI-Alumno\.m2\repository\org\apache\httpcomponents\client5\httpclient5\5.5.2\httpclient5-5.5.2.jar;C:\Users\VI-Alumno\.m2\repository\org\apache\httpcomponents\core5\httpcore5\5.3.6\httpcore5-5.3.6.jar;C:\Users\VI-Alumno\.m2\repository\org\apache\httpcomponents\core5\httpcore5-h2\5.3.6\httpcore5-h2-5.3.6.jar;C:\Users\VI-Alumno\.m2\repository\com\netflix\eureka\eureka-client\2.0.5\eureka-client-2.0.5.jar;C:\Users\VI-Alumno\.m2\repository\com\thoughtworks\xstream\xstream\1.4.21\xstream-1.4.21.jar;C:\Users\VI-Alumno\.m2\repository\io\github\x-stream\mxparser\1.2.2\mxparser-1.2.2.jar;C:\Users\VI-Alumno\.m2\repository\xmlpull\xmlpull\1.1.3.1\xmlpull-1.1.3.1.jar;C:\Users\VI-Alumno\.m2\repository\jakarta\ws\rs\jakarta.ws.rs-api\4.0.0\jakarta.ws.rs-api-4.0.0.jar;C:\Users\VI-Alumno\.m2\repository\jakarta\inject\jakarta.inject-api\2.0.1\jakarta.inject-api-2.0.1.jar;C:\Users\VI-Alumno\.m2\repository\com\netflix\spectator\spectator-api\1.7.3\spectator-api-1.7.3.jar;C:\Users\VI-Alumno\.m2\repository\org\slf4j\slf4j-api\2.0.18\slf4j-api-2.0.18.jar;C:\Users\VI-Alumno\.m2\repository\org\apache\httpcomponents\httpclient\4.5.3\httpclient-4.5.3.jar;C:\Users\VI-Alumno\.m2\repository\org\apache\httpcomponents\httpcore\4.4.16\httpcore-4.4.16.jar;C:\Users\VI-Alumno\.m2\repository\commons-codec\commons-codec\1.19.0\commons-codec-1.19.0.jar;C:\Users\VI-Alumno\.m2\repository\commons-configuration\commons-configuration\1.10\commons-configuration-1.10.jar;C:\Users\VI-Alumno\.m2\repository\commons-lang\commons-lang\2.6\commons-lang-2.6.jar;C:\Users\VI-Alumno\.m2\repository\com\fasterxml\jackson\core\jackson-annotations\2.21\jackson-annotations-2.21.jar;C:\Users\VI-Alumno\.m2\repository\com\fasterxml\jackson\core\jackson-core\2.21.4\jackson-core-2.21.4.jar;C:\Users\VI-Alumno\.m2\repository\com\fasterxml\jackson\core\jackson-databind\2.21.4\jackson-databind-2.21.4.jar;C:\Users\VI-Alumno\.m2\repository\com\netflix\netflix-commons\netflix-eventbus\0.3.0\netflix-eventbus-0.3.0.jar;C:\Users\VI-Alumno\.m2\repository\com\netflix\netflix-commons\netflix-infix\0.3.0\netflix-infix-0.3.0.jar;C:\Users\VI-Alumno\.m2\repository\commons-jxpath\commons-jxpath\1.3\commons-jxpath-1.3.jar;C:\Users\VI-Alumno\.m2\repository\joda-time\joda-time\2.3\joda-time-2.3.jar;C:\Users\VI-Alumno\.m2\repository\org\antlr\antlr-runtime\3.4\antlr-runtime-3.4.jar;C:\Users\VI-Alumno\.m2\repository\org\antlr\stringtemplate\3.2.1\stringtemplate-3.2.1.jar;C:\Users\VI-Alumno\.m2\repository\antlr\antlr\2.7.7\antlr-2.7.7.jar;C:\Users\VI-Alumno\.m2\repository\com\google\code\gson\gson\2.13.2\gson-2.13.2.jar;C:\Users\VI-Alumno\.m2\repository\com\google\errorprone\error_prone_annotations\2.41.0\error_prone_annotations-2.41.0.jar;C:\Users\VI-Alumno\.m2\repository\com\netflix\servo\servo-core\0.5.3\servo-core-0.5.3.jar;C:\Users\VI-Alumno\.m2\repository\org\apache\commons\commons-math\2.2\commons-math-2.2.jar;C:\Users\VI-Alumno\.m2\repository\javax\annotation\javax.annotation-api\1.2\javax.annotation-api-1.2.jar;C:\Users\VI-Alumno\.m2\repository\org\codehaus\jettison\jettison\1.5.4\jettison-1.5.4.jar;C:\Users\VI-Alumno\.m2\repository\org\springframework\cloud\spring-cloud-starter-loadbalancer\5.0.1\spring-cloud-starter-loadbalancer-5.0.1.jar;C:\Users\VI-Alumno\.m2\repository\org\springframework\cloud\spring-cloud-loadbalancer\5.0.1\spring-cloud-loadbalancer-5.0.1.jar;C:\Users\VI-Alumno\.m2\repository\io\projectreactor\addons\reactor-extra\3.6.0\reactor-extra-3.6.0.jar;C:\Users\VI-Alumno\.m2\repository\org\springframework\boot\spring-boot-starter-cache\4.0.7\spring-boot-starter-cache-4.0.7.jar;C:\Users\VI-Alumno\.m2\repository\org\springframework\boot\spring-boot-cache\4.0.7\spring-boot-cache-4.0.7.jar;C:\Users\VI-Alumno\.m2\repository\org\springframework\spring-context-support\7.0.8\spring-context-support-7.0.8.jar;C:\Users\VI-Alumno\.m2\repository\com\stoyanr\evictor\1.0.0\evictor-1.0.0.jar;C:\Users\VI-Alumno\.m2\repository\com\oracle\database\security\oraclepki\23.3.0.23.09\oraclepki-23.3.0.23.09.jar;C:\Users\VI-Alumno\.m2\repository\org\springframework\boot\spring-boot-starter-data-jpa\4.0.7\spring-boot-starter-data-jpa-4.0.7.jar;C:\Users\VI-Alumno\.m2\repository\org\springframework\boot\spring-boot-starter-jdbc\4.0.7\spring-boot-starter-jdbc-4.0.7.jar;C:\Users\VI-Alumno\.m2\repository\com\zaxxer\HikariCP\7.0.2\HikariCP-7.0.2.jar;C:\Users\VI-Alumno\.m2\repository\org\springframework\boot\spring-boot-data-jpa\4.0.7\spring-boot-data-jpa-4.0.7.jar;C:\Users\VI-Alumno\.m2\repository\org\springframework\boot\spring-boot-data-commons\4.0.7\spring-boot-data-commons-4.0.7.jar;C:\Users\VI-Alumno\.m2\repository\org\springframework\boot\spring-boot-persistence\4.0.7\spring-boot-persistence-4.0.7.jar;C:\Users\VI-Alumno\.m2\repository\org\springframework\data\spring-data-commons\4.0.6\spring-data-commons-4.0.6.jar;C:\Users\VI-Alumno\.m2\repository\org\springframework\boot\spring-boot-hibernate\4.0.7\spring-boot-hibernate-4.0.7.jar;C:\Users\VI-Alumno\.m2\repository\org\springframework\boot\spring-boot-jpa\4.0.7\spring-boot-jpa-4.0.7.jar;C:\Users\VI-Alumno\.m2\repository\jakarta\persistence\jakarta.persistence-api\3.2.0\jakarta.persistence-api-3.2.0.jar;C:\Users\VI-Alumno\.m2\repository\org\hibernate\orm\hibernate-core\7.2.19.Final\hibernate-core-7.2.19.Final.jar;C:\Users\VI-Alumno\.m2\repository\jakarta\transaction\jakarta.transaction-api\2.0.1\jakarta.transaction-api-2.0.1.jar;C:\Users\VI-Alumno\.m2\repository\org\hibernate\models\hibernate-models\1.0.1\hibernate-models-1.0.1.jar;C:\Users\VI-Alumno\.m2\repository\org\glassfish\jaxb\jaxb-runtime\4.0.9\jaxb-runtime-4.0.9.jar;C:\Users\VI-Alumno\.m2\repository\org\glassfish\jaxb\jaxb-core\4.0.9\jaxb-core-4.0.9.jar;C:\Users\VI-Alumno\.m2\repository\org\eclipse\angus\angus-activation\2.0.3\angus-activation-2.0.3.jar;C:\Users\VI-Alumno\.m2\repository\org\glassfish\jaxb\txw2\4.0.9\txw2-4.0.9.jar;C:\Users\VI-Alumno\.m2\repository\com\sun\istack\istack-commons-runtime\4.1.2\istack-commons-runtime-4.1.2.jar;C:\Users\VI-Alumno\.m2\repository\org\springframework\spring-orm\7.0.8\spring-orm-7.0.8.jar;C:\Users\VI-Alumno\.m2\repository\org\springframework\data\spring-data-jpa\4.0.6\spring-data-jpa-4.0.6.jar;C:\Users\VI-Alumno\.m2\repository\org\springframework\spring-aop\7.0.8\spring-aop-7.0.8.jar;C:\Users\VI-Alumno\.m2\repository\org\springframework\spring-tx\7.0.8\spring-tx-7.0.8.jar;C:\Users\VI-Alumno\.m2\repository\org\antlr\antlr4-runtime\4.13.2\antlr4-runtime-4.13.2.jar;C:\Users\VI-Alumno\.m2\repository\org\springframework\spring-aspects\7.0.8\spring-aspects-7.0.8.jar;C:\Users\VI-Alumno\.m2\repository\org\aspectj\aspectjweaver\1.9.25.1\aspectjweaver-1.9.25.1.jar;C:\Users\VI-Alumno\.m2\repository\org\springframework\boot\spring-boot-jdbc\4.0.7\spring-boot-jdbc-4.0.7.jar;C:\Users\VI-Alumno\.m2\repository\org\springframework\boot\spring-boot-sql\4.0.7\spring-boot-sql-4.0.7.jar;C:\Users\VI-Alumno\.m2\repository\org\springframework\boot\spring-boot-transaction\4.0.7\spring-boot-transaction-4.0.7.jar;C:\Users\VI-Alumno\.m2\repository\org\springframework\spring-jdbc\7.0.8\spring-jdbc-7.0.8.jar;C:\Users\VI-Alumno\.m2\repository\org\springframework\boot\spring-boot-starter-flyway\4.0.7\spring-boot-starter-flyway-4.0.7.jar;C:\Users\VI-Alumno\.m2\repository\org\springframework\boot\spring-boot-flyway\4.0.7\spring-boot-flyway-4.0.7.jar;C:\Users\VI-Alumno\.m2\repository\org\flywaydb\flyway-database-oracle\11.14.1\flyway-database-oracle-11.14.1.jar;C:\Users\VI-Alumno\.m2\repository\org\flywaydb\flyway-core\11.14.1\flyway-core-11.14.1.jar;C:\Users\VI-Alumno\.m2\repository\org\springframework\boot\spring-boot-starter-validation\4.0.7\spring-boot-starter-validation-4.0.7.jar;C:\Users\VI-Alumno\.m2\repository\org\springframework\boot\spring-boot-validation\4.0.7\spring-boot-validation-4.0.7.jar;C:\Users\VI-Alumno\.m2\repository\org\apache\tomcat\embed\tomcat-embed-el\11.0.22\tomcat-embed-el-11.0.22.jar;C:\Users\VI-Alumno\.m2\repository\org\hibernate\validator\hibernate-validator\9.0.1.Final\hibernate-validator-9.0.1.Final.jar;C:\Users\VI-Alumno\.m2\repository\jakarta\validation\jakarta.validation-api\3.1.1\jakarta.validation-api-3.1.1.jar;C:\Users\VI-Alumno\.m2\repository\org\jboss\logging\jboss-logging\3.6.3.Final\jboss-logging-3.6.3.Final.jar;C:\Users\VI-Alumno\.m2\repository\com\fasterxml\classmate\1.7.3\classmate-1.7.3.jar;C:\Users\VI-Alumno\.m2\repository\org\springframework\boot\spring-boot-starter-webmvc\4.0.7\spring-boot-starter-webmvc-4.0.7.jar;C:\Users\VI-Alumno\.m2\repository\org\springframework\boot\spring-boot-starter-tomcat\4.0.7\spring-boot-starter-tomcat-4.0.7.jar;C:\Users\VI-Alumno\.m2\repository\org\springframework\boot\spring-boot-starter-tomcat-runtime\4.0.7\spring-boot-starter-tomcat-runtime-4.0.7.jar;C:\Users\VI-Alumno\.m2\repository\org\apache\tomcat\embed\tomcat-embed-core\11.0.22\tomcat-embed-core-11.0.22.jar;C:\Users\VI-Alumno\.m2\repository\org\apache\tomcat\embed\tomcat-embed-websocket\11.0.22\tomcat-embed-websocket-11.0.22.jar;C:\Users\VI-Alumno\.m2\repository\org\springframework\boot\spring-boot-tomcat\4.0.7\spring-boot-tomcat-4.0.7.jar;C:\Users\VI-Alumno\.m2\repository\org\springframework\boot\spring-boot-http-converter\4.0.7\spring-boot-http-converter-4.0.7.jar;C:\Users\VI-Alumno\.m2\repository\org\springframework\boot\spring-boot-webmvc\4.0.7\spring-boot-webmvc-4.0.7.jar;C:\Users\VI-Alumno\.m2\repository\org\springframework\boot\spring-boot-servlet\4.0.7\spring-boot-servlet-4.0.7.jar;C:\Users\VI-Alumno\.m2\repository\org\springframework\spring-webmvc\7.0.8\spring-webmvc-7.0.8.jar;C:\Users\VI-Alumno\.m2\repository\org\springframework\spring-expression\7.0.8\spring-expression-7.0.8.jar;C:\Users\VI-Alumno\.m2\repository\org\springframework\boot\spring-boot-devtools\4.0.7\spring-boot-devtools-4.0.7.jar;C:\Users\VI-Alumno\.m2\repository\org\springframework\boot\spring-boot\4.0.7\spring-boot-4.0.7.jar;C:\Users\VI-Alumno\.m2\repository\org\springframework\spring-context\7.0.8\spring-context-7.0.8.jar;C:\Users\VI-Alumno\.m2\repository\org\springframework\boot\spring-boot-autoconfigure\4.0.7\spring-boot-autoconfigure-4.0.7.jar;C:\Users\VI-Alumno\.m2\repository\com\oracle\database\jdbc\ojdbc8\23.9.0.25.07\ojdbc8-23.9.0.25.07.jar;C:\Users\VI-Alumno\.m2\repository\org\flywaydb\flyway-mysql\11.14.1\flyway-mysql-11.14.1.jar;C:\Users\VI-Alumno\.m2\repository\com\mysql\mysql-connector-j\9.7.0\mysql-connector-j-9.7.0.jar;C:\Users\VI-Alumno\.m2\repository\org\projectlombok\lombok\1.18.46\lombok-1.18.46.jar;C:\Users\VI-Alumno\.m2\repository\jakarta\xml\bind\jakarta.xml.bind-api\4.0.5\jakarta.xml.bind-api-4.0.5.jar;C:\Users\VI-Alumno\.m2\repository\jakarta\activation\jakarta.activation-api\2.1.4\jakarta.activation-api-2.1.4.jar;C:\Users\VI-Alumno\.m2\repository\org\springframework\spring-core\7.0.8\spring-core-7.0.8.jar;C:\Users\VI-Alumno\.m2\repository\commons-logging\commons-logging\1.3.6\commons-logging-1.3.6.jar;C:\Users\VI-Alumno\.m2\repository\net\bytebuddy\byte-buddy\1.17.8\byte-buddy-1.17.8.jar;C:\Users\VI-Alumno\.m2\repository\org\jspecify\jspecify\1.0.0\jspecify-1.0.0.jar;C:\Users\VI-Alumno\.m2\repository\org\springframework\cloud\spring-cloud-starter-openfeign\5.0.1\spring-cloud-starter-openfeign-5.0.1.jar;C:\Users\VI-Alumno\.m2\repository\org\springframework\cloud\spring-cloud-openfeign-core\5.0.1\spring-cloud-openfeign-core-5.0.1.jar;C:\Users\VI-Alumno\.m2\repository\io\github\openfeign\feign-form-spring\13.6\feign-form-spring-13.6.jar;C:\Users\VI-Alumno\.m2\repository\org\apache\commons\commons-text\1.13.0\commons-text-1.13.0.jar;C:\Users\VI-Alumno\.m2\repository\org\apache\commons\commons-lang3\3.19.0\commons-lang3-3.19.0.jar;C:\Users\VI-Alumno\.m2\repository\io\github\openfeign\feign-form\13.6\feign-form-13.6.jar;C:\Users\VI-Alumno\.m2\repository\commons-fileupload\commons-fileupload\1.5\commons-fileupload-1.5.jar;C:\Users\VI-Alumno\.m2\repository\org\springframework\spring-web\7.0.8\spring-web-7.0.8.jar;C:\Users\VI-Alumno\.m2\repository\org\springframework\spring-beans\7.0.8\spring-beans-7.0.8.jar;C:\Users\VI-Alumno\.m2\repository\io\micrometer\micrometer-observation\1.16.6\micrometer-observation-1.16.6.jar;C:\Users\VI-Alumno\.m2\repository\io\micrometer\micrometer-commons\1.16.6\micrometer-commons-1.16.6.jar;C:\Users\VI-Alumno\.m2\repository\org\springframework\cloud\spring-cloud-commons\5.0.1\spring-cloud-commons-5.0.1.jar;C:\Users\VI-Alumno\.m2\repository\org\springframework\security\spring-security-crypto\7.0.6\spring-security-crypto-7.0.6.jar;C:\Users\VI-Alumno\.m2\repository\io\github\openfeign\feign-core\13.6\feign-core-13.6.jar;C:\Users\VI-Alumno\.m2\repository\io\github\openfeign\feign-slf4j\13.6\feign-slf4j-13.6.jar;C:\Users\VI-Alumno\.m2\repository\org\springdoc\springdoc-openapi-starter-webmvc-ui\3.0.2\springdoc-openapi-starter-webmvc-ui-3.0.2.jar;C:\Users\VI-Alumno\.m2\repository\org\springdoc\springdoc-openapi-starter-webmvc-api\3.0.2\springdoc-openapi-starter-webmvc-api-3.0.2.jar;C:\Users\VI-Alumno\.m2\repository\org\springdoc\springdoc-openapi-starter-common\3.0.2\springdoc-openapi-starter-common-3.0.2.jar;C:\Users\VI-Alumno\.m2\repository\io\swagger\core\v3\swagger-core-jakarta\2.2.43\swagger-core-jakarta-2.2.43.jar;C:\Users\VI-Alumno\.m2\repository\io\swagger\core\v3\swagger-annotations-jakarta\2.2.43\swagger-annotations-jakarta-2.2.43.jar;C:\Users\VI-Alumno\.m2\repository\io\swagger\core\v3\swagger-models-jakarta\2.2.43\swagger-models-jakarta-2.2.43.jar;C:\Users\VI-Alumno\.m2\repository\com\fasterxml\jackson\dataformat\jackson-dataformat-yaml\2.21.4\jackson-dataformat-yaml-2.21.4.jar;C:\Users\VI-Alumno\.m2\repository\org\webjars\swagger-ui\5.32.0\swagger-ui-5.32.0.jar;C:\Users\VI-Alumno\.m2\repository\org\webjars\webjars-locator-lite\1.1.3\webjars-locator-lite-1.1.3.jar
Launcher Type: SUN_STANDARD

[Global flags]
     intx CICompilerCount                          = 4                                         {product} {ergonomic}
     uint ConcGCThreads                            = 3                                         {product} {ergonomic}
     uint G1ConcRefinementThreads                  = 10                                        {product} {ergonomic}
   size_t G1HeapRegionSize                         = 2097152                                   {product} {ergonomic}
    uintx GCDrainStackTargetSize                   = 64                                        {product} {ergonomic}
   size_t InitialHeapSize                          = 264241152                                 {product} {ergonomic}
     bool ManagementServer                         = true                                      {product} {command line}
   size_t MarkStackSize                            = 4194304                                   {product} {ergonomic}
   size_t MaxHeapSize                              = 4215275520                                {product} {ergonomic}
   size_t MaxNewSize                               = 2529165312                                {product} {ergonomic}
   size_t MinHeapDeltaBytes                        = 2097152                                   {product} {ergonomic}
   size_t MinHeapSize                              = 8388608                                   {product} {ergonomic}
    uintx NonNMethodCodeHeapSize                   = 5839372                                {pd product} {ergonomic}
    uintx NonProfiledCodeHeapSize                  = 122909434                              {pd product} {ergonomic}
    uintx ProfiledCodeHeapSize                     = 122909434                              {pd product} {ergonomic}
    uintx ReservedCodeCacheSize                    = 251658240                              {pd product} {ergonomic}
     bool SegmentedCodeCache                       = true                                      {product} {ergonomic}
     bool ShowCodeDetailsInExceptionMessages       = true                                   {manageable} {command line}
   size_t SoftMaxHeapSize                          = 4215275520                             {manageable} {ergonomic}
     bool UseCompressedOops                        = true                           {product lp64_product} {ergonomic}
     bool UseG1GC                                  = true                                      {product} {ergonomic}
     bool UseLargePagesIndividualAllocation        = false                                  {pd product} {ergonomic}

Logging:
Log output configuration:
 #0: stdout all=warning uptime,level,tags foldmultilines=false
 #1: stderr all=off uptime,level,tags foldmultilines=false

Environment Variables:
PATH=C:\Program Files\Microsoft VS Code;C:\app\Duoc\product\21c\dbhomeXE\bin;C:\Program Files (x86)\VMware\VMware Player\bin\;C:\Program Files\Common Files\Oracle\Java\javapath;C:\Program Files\Python312\Scripts\;C:\Program Files\Python312\;C:\WINDOWS\system32;C:\WINDOWS;C:\WINDOWS\System32\Wbem;C:\WINDOWS\System32\WindowsPowerShell\v1.0\;C:\WINDOWS\System32\OpenSSH\;C:\Users\VI-Alumno\AppData\Roaming\Python\Python312\Scripts;C:\Program Files\Microsoft VS Code\bin;C:\Program Files\dotnet\;C:\Program Files\Git\cmd;C:\Program Files\nodejs\;C:\Program Files\PuTTY\;C:\app\Duoc\product\21c\dbhomeXE\bin;C:\Program Files\Microsoft SQL Server\Client SDK\ODBC\170\Tools\Binn\;C:\Program Files (x86)\Microsoft SQL Server\150\Tools\Binn\;C:\Program Files\Microsoft SQL Server\150\Tools\Binn\;C:\Program Files\Microsoft SQL Server\150\DTS\Binn\;C:\Program Files (x86)\Microsoft SQL Server\150\DTS\Binn\;C:\Program Files\Azure Data Studio\bin;C:\Program Files\Microsoft SQL Server\130\Tools\Binn\;C:\Program Files (x86)\Microsoft SQL Server\110\DTS\Binn\;C:\Program Files (x86)\Microsoft SQL Server\120\DTS\Binn\;C:\Program Files (x86)\Microsoft SQL Server\130\DTS\Binn\;C:\Program Files (x86)\Microsoft SQL Server\140\DTS\Binn\;C:\Program Files (x86)\Microsoft SQL Server\160\DTS\Binn\;C:\Program Files\MongoDB\Server\8.0\bin;C:\Program Files\MySQL\MySQL Shell 8.0\bin\;C:\Users\VI-Alumno\AppData\Local\Microsoft\WindowsApps;C:\Users\VI-Alumno\AppData\Roaming\Python\Python312\Scripts;C:\Users\VI-Alumno\AppData\Roaming\npm;C:\app\Duoc\product\21c\dbhomeXE\bin;C:\Program Files\Azure Data Studio\bin;C:\Program Files (x86)\Nmap;C:\Program Files\JetBrains\IntelliJ IDEA Community Edition 2025.1\bin;;C:\Program Files\MongoDB\Server\8.0\bin;C:\Program Files\mongosh\;c:\Users\VI-Alumno\.vscode\extensions\vscjava.vscode-java-debug-0.59.0\bundled\scripts\noConfigScripts
USERNAME=VI-Alumno
LANG=en_US.UTF-8
OS=Windows_NT
PROCESSOR_IDENTIFIER=Intel64 Family 6 Model 151 Stepping 5, GenuineIntel
TMP=C:\Users\VI-ALU~1\AppData\Local\Temp
TEMP=C:\Users\VI-ALU~1\AppData\Local\Temp




Periodic native trim disabled

---------------  S Y S T E M  ---------------

OS:
 Windows 11 , 64 bit Build 26100 (10.0.26100.8246)
OS uptime: 0 days 1:10 hours
Hyper-V role detected

CPU: total 12 (initial active 12) (6 cores per cpu, 2 threads per core) family 6 model 151 stepping 5 microcode 0x3a, cx8, cmov, fxsr, ht, mmx, 3dnowpref, sse, sse2, sse3, ssse3, sse4.1, sse4.2, popcnt, lzcnt, tsc, tscinvbit, avx, avx2, aes, erms, clmul, bmi1, bmi2, adx, sha, fma, vzeroupper, clflush, clflushopt, clwb, hv, serialize, rdtscp, rdpid, fsrm, f16c, cet_ibt, cet_ss
Processor Information for all 12 processors :
  Max Mhz: 3000, Current Mhz: 3000, Mhz Limit: 3000

Memory: 4k page, system-wide physical 16072M (2137M free)
TotalPageFile size 19016M (AvailPageFile size 1M)
current process WorkingSet (physical memory assigned to process): 120M, peak: 122M
current process commit charge ("private bytes"): 382M, peak: 384M

vm_info: Java HotSpot(TM) 64-Bit Server VM (21.0.8+12-LTS-250) for windows-amd64 JRE (21.0.8+12-LTS-250), built on 2025-06-27T08:11:22Z by "mach5one" with MS VC++ 17.6 (VS2022)

END.
