#
# There is insufficient memory for the Java Runtime Environment to continue.
# Native memory allocation (malloc) failed to allocate 1048576 bytes. Error detail: AllocateHeap
# Possible reasons:
#   The system is out of physical RAM or swap space
#   This process is running with CompressedOops enabled, and the Java Heap may be blocking the growth of the native heap
# Possible solutions:
#   Reduce memory load on the system
#   Increase physical memory or swap space
#   Check if swap backing store is full
#   Decrease Java heap size (-Xmx/-Xms)
#   Decrease number of Java threads
#   Decrease Java thread stack sizes (-Xss)
#   Set larger code cache with -XX:ReservedCodeCacheSize=
#   JVM is running with Unscaled Compressed Oops mode in which the Java heap is
#     placed in the first 4GB address space. The Java Heap base address is the
#     maximum limit for the native heap growth. Please use -XX:HeapBaseMinAddress
#     to set the Java Heap base and to place the Java Heap above 4GB virtual address.
# This output file may be truncated or incomplete.
#
#  Out of Memory Error (allocation.cpp:44), pid=45664, tid=5212
#
# JRE version: OpenJDK Runtime Environment Temurin-21.0.10+7 (21.0.10+7) (build 21.0.10+7-LTS)
# Java VM: OpenJDK 64-Bit Server VM Temurin-21.0.10+7 (21.0.10+7-LTS, mixed mode, sharing, tiered, compressed oops, compressed class ptrs, parallel gc, windows-amd64)
# No core dump will be written. Minidumps are not enabled by default on client versions of Windows
#

---------------  S U M M A R Y ------------

Command Line: --add-modules=ALL-SYSTEM --add-opens=java.base/java.util=ALL-UNNAMED --add-opens=java.base/java.lang=ALL-UNNAMED --add-opens=java.base/sun.nio.fs=ALL-UNNAMED -Declipse.application=org.eclipse.jdt.ls.core.id1 -Dosgi.bundles.defaultStartLevel=4 -Declipse.product=org.eclipse.jdt.ls.core.product -Djava.import.generatesMetadataFilesAtProjectRoot=false -DDetectVMInstallationsJob.disabled=true -Dfile.encoding=utf8 -XX:+UseParallelGC -XX:GCTimeRatio=4 -XX:AdaptiveSizePolicyWeight=90 -Dsun.zip.disableMemoryMapping=true -Xmx2G -Xms100m -Xlog:disable -javaagent:c:\Users\VI-Alumno\.vscode\extensions\redhat.java-1.54.0-win32-x64\lombok\lombok-1.18.39-4050.jar -XX:+HeapDumpOnOutOfMemoryError -XX:HeapDumpPath=c:\Users\VI-Alumno\AppData\Roaming\Code\User\workspaceStorage\579a626f1f72c067fc84b447d5caf5ce\redhat.java -Daether.dependencyCollector.impl=bf -agentpath:C:\Program Files\Palo Alto Networks\Traps\cyjagent.dll c:\Users\VI-Alumno\.vscode\extensions\redhat.java-1.54.0-win32-x64\server\plugins\org.eclipse.equinox.launcher_1.7.100.v20251111-0406.jar -configuration c:\Users\VI-Alumno\AppData\Roaming\Code\User\globalStorage\redhat.java\1.54.0\config_win -data c:\Users\VI-Alumno\AppData\Roaming\Code\User\workspaceStorage\579a626f1f72c067fc84b447d5caf5ce\redhat.java\jdt_ws --pipe=\\.\pipe\lsp-59a0c37b0876d852d148d0ee8eb256dc-sock

Host: 12th Gen Intel(R) Core(TM) i5-12500, 12 cores, 15G,  Windows 11 , 64 bit Build 26100 (10.0.26100.8246)
Time: Thu Jun  4 14:15:18 2026 Hora est. Sudamérica Pacífico elapsed time: 1402.728012 seconds (0d 0h 23m 22s)

---------------  T H R E A D  ---------------

Current thread (0x00000156f3afe500):  JavaThread "Attach Listener" daemon [_thread_in_vm, id=5212, stack(0x000000029bf00000,0x000000029c000000) (1024K)]

Stack: [0x000000029bf00000,0x000000029c000000]
Native frames: (J=compiled Java code, j=interpreted, Vv=VM code, C=native code)
V  [jvm.dll+0x6d7a39]
V  [jvm.dll+0x8b4b26]
V  [jvm.dll+0x8b70de]
V  [jvm.dll+0x8b77c3]
V  [jvm.dll+0x284346]
V  [jvm.dll+0xc1277]
V  [jvm.dll+0x6d82e9]
V  [jvm.dll+0x1334a6]
V  [jvm.dll+0x3f857e]
V  [jvm.dll+0x85f59d]
V  [jvm.dll+0x6d626d]
C  [ucrtbase.dll+0x37b0]
C  [cyinjct.dll+0x11e7]
C  [KERNEL32.DLL+0x2e8d7]
C  [ntdll.dll+0x8c3fc]


---------------  P R O C E S S  ---------------

Threads class SMR info:
_java_thread_list=0x00000156fc66ade0, length=53, elements={
0x00000156987c5080, 0x00000156b184b4c0, 0x00000156f3af9a50, 0x00000156f3afdaa0,
0x00000156f3afe500, 0x00000156f3b0ba30, 0x00000156f3b10500, 0x00000156f3b121d0,
0x00000156f3b13540, 0x00000156f3d22800, 0x00000156f3ea7880, 0x00000156f9aaa890,
0x00000156f9aadd10, 0x00000156f9aac2d0, 0x00000156f9aaaf20, 0x00000156f9aabc40,
0x00000156f99bde60, 0x00000156f99c0c50, 0x00000156f99c2690, 0x00000156f99c2d20,
0x00000156f99c3a40, 0x00000156f99c1970, 0x00000156f99c40d0, 0x00000156f99c5480,
0x00000156f99c2000, 0x00000156fc202920, 0x00000156fc204360, 0x00000156fc202fb0,
0x00000156fc203640, 0x00000156fc203cd0, 0x00000156fc200ee0, 0x00000156fc201570,
0x00000156fc2049f0, 0x00000156fc205080, 0x00000156fc201c00, 0x00000156fc205710,
0x00000156fd69af10, 0x0000015681705b40, 0x00000156fd699b60, 0x0000015680eec360,
0x00000156fd9ba030, 0x00000156fd9b7f60, 0x00000156fd9b99a0, 0x00000156fd9ba6c0,
0x00000156fd9b9310, 0x00000156fd9bba70, 0x00000156fd9bc790, 0x00000156fd9bdb40,
0x00000156fd9bd4b0, 0x00000156fd9bce20, 0x00000156fd9bad50, 0x00000156fd9be860,
0x00000156fd9bf580
}

Java Threads: ( => current thread )
  0x00000156987c5080 JavaThread "main"                              [_thread_blocked, id=44564, stack(0x000000029b800000,0x000000029b900000) (1024K)]
  0x00000156b184b4c0 JavaThread "Reference Handler"          daemon [_thread_blocked, id=45208, stack(0x000000029bc00000,0x000000029bd00000) (1024K)]
  0x00000156f3af9a50 JavaThread "Finalizer"                  daemon [_thread_blocked, id=45952, stack(0x000000029bd00000,0x000000029be00000) (1024K)]
  0x00000156f3afdaa0 JavaThread "Signal Dispatcher"          daemon [_thread_blocked, id=45948, stack(0x000000029be00000,0x000000029bf00000) (1024K)]
=>0x00000156f3afe500 JavaThread "Attach Listener"            daemon [_thread_in_vm, id=5212, stack(0x000000029bf00000,0x000000029c000000) (1024K)]
  0x00000156f3b0ba30 JavaThread "Service Thread"             daemon [_thread_blocked, id=45180, stack(0x000000029c000000,0x000000029c100000) (1024K)]
  0x00000156f3b10500 JavaThread "Monitor Deflation Thread"   daemon [_thread_blocked, id=45924, stack(0x000000029c100000,0x000000029c200000) (1024K)]
  0x00000156f3b121d0 JavaThread "C2 CompilerThread0"         daemon [_thread_blocked, id=42756, stack(0x000000029c200000,0x000000029c300000) (1024K)]
  0x00000156f3b13540 JavaThread "C1 CompilerThread0"         daemon [_thread_blocked, id=11836, stack(0x000000029c300000,0x000000029c400000) (1024K)]
  0x00000156f3d22800 JavaThread "Common-Cleaner"             daemon [_thread_blocked, id=41812, stack(0x000000029c400000,0x000000029c500000) (1024K)]
  0x00000156f3ea7880 JavaThread "Notification Thread"        daemon [_thread_blocked, id=44344, stack(0x000000029c600000,0x000000029c700000) (1024K)]
  0x00000156f9aaa890 JavaThread "Active Thread: Equinox Container: b88c24c1-061f-48aa-868d-6db6a6c2960b"        [_thread_blocked, id=48020, stack(0x000000029d400000,0x000000029d500000) (1024K)]
  0x00000156f9aadd10 JavaThread "Framework Event Dispatcher: Equinox Container: b88c24c1-061f-48aa-868d-6db6a6c2960b" daemon [_thread_blocked, id=46772, stack(0x000000029d500000,0x000000029d600000) (1024K)]
  0x00000156f9aac2d0 JavaThread "Start Level: Equinox Container: b88c24c1-061f-48aa-868d-6db6a6c2960b" daemon [_thread_blocked, id=46796, stack(0x000000029d600000,0x000000029d700000) (1024K)]
  0x00000156f9aaaf20 JavaThread "Bundle File Closer"         daemon [_thread_blocked, id=1192, stack(0x000000029d800000,0x000000029d900000) (1024K)]
  0x00000156f9aabc40 JavaThread "Refresh Thread: Equinox Container: b88c24c1-061f-48aa-868d-6db6a6c2960b" daemon [_thread_blocked, id=47100, stack(0x000000029d900000,0x000000029da00000) (1024K)]
  0x00000156f99bde60 JavaThread "SCR Component Actor"        daemon [_thread_blocked, id=49108, stack(0x000000029c500000,0x000000029c600000) (1024K)]
  0x00000156f99c0c50 JavaThread "Worker-JM"                         [_thread_blocked, id=47956, stack(0x000000029e200000,0x000000029e300000) (1024K)]
  0x00000156f99c2690 JavaThread "Java indexing"              daemon [_thread_blocked, id=48780, stack(0x000000029e600000,0x000000029e700000) (1024K)]
  0x00000156f99c2d20 JavaThread "JNA Cleaner"                daemon [_thread_blocked, id=46496, stack(0x000000029e700000,0x000000029e800000) (1024K)]
  0x00000156f99c3a40 JavaThread "Thread-1"                   daemon [_thread_in_native, id=47780, stack(0x000000029ed00000,0x000000029ee00000) (1024K)]
  0x00000156f99c1970 JavaThread "Thread-2"                   daemon [_thread_in_native, id=46928, stack(0x000000029ee00000,0x000000029ef00000) (1024K)]
  0x00000156f99c40d0 JavaThread "Thread-3"                   daemon [_thread_in_native, id=47776, stack(0x000000029ef00000,0x000000029f000000) (1024K)]
  0x00000156f99c5480 JavaThread "Thread-4"                   daemon [_thread_in_native, id=18428, stack(0x000000029f000000,0x000000029f100000) (1024K)]
  0x00000156f99c2000 JavaThread "Thread-5"                   daemon [_thread_in_native, id=48008, stack(0x000000029f100000,0x000000029f200000) (1024K)]
  0x00000156fc202920 JavaThread "Thread-6"                   daemon [_thread_in_native, id=46964, stack(0x000000029f200000,0x000000029f300000) (1024K)]
  0x00000156fc204360 JavaThread "Thread-7"                   daemon [_thread_in_native, id=46384, stack(0x000000029f300000,0x000000029f400000) (1024K)]
  0x00000156fc202fb0 JavaThread "Thread-8"                   daemon [_thread_in_native, id=38468, stack(0x000000029f400000,0x000000029f500000) (1024K)]
  0x00000156fc203640 JavaThread "Thread-9"                   daemon [_thread_in_native, id=48480, stack(0x000000029f500000,0x000000029f600000) (1024K)]
  0x00000156fc203cd0 JavaThread "Thread-10"                  daemon [_thread_in_native, id=46308, stack(0x000000029f600000,0x000000029f700000) (1024K)]
  0x00000156fc200ee0 JavaThread "Thread-11"                  daemon [_thread_blocked, id=1532, stack(0x000000029f700000,0x000000029f800000) (1024K)]
  0x00000156fc201570 JavaThread "Thread-12"                  daemon [_thread_in_native, id=5112, stack(0x000000029f800000,0x000000029f900000) (1024K)]
  0x00000156fc2049f0 JavaThread "Thread-13"                  daemon [_thread_in_native, id=41052, stack(0x000000029f900000,0x000000029fa00000) (1024K)]
  0x00000156fc205080 JavaThread "pool-2-thread-1"                   [_thread_blocked, id=48448, stack(0x000000029fa00000,0x000000029fb00000) (1024K)]
  0x00000156fc201c00 JavaThread "WorkspaceEventsHandler"            [_thread_blocked, id=47096, stack(0x000000029fc00000,0x000000029fd00000) (1024K)]
  0x00000156fc205710 JavaThread "pool-1-thread-1"                   [_thread_blocked, id=47088, stack(0x000000029fd00000,0x000000029fe00000) (1024K)]
  0x00000156fd69af10 JavaThread "Worker-5"                          [_thread_blocked, id=48272, stack(0x00000002a0200000,0x00000002a0300000) (1024K)]
  0x0000015681705b40 JavaThread "ForkJoinPool.commonPool-worker-2" daemon [_thread_blocked, id=26044, stack(0x00000002a1900000,0x00000002a1a00000) (1024K)]
  0x00000156fd699b60 JavaThread "ForkJoinPool.commonPool-worker-10" daemon [_thread_blocked, id=37724, stack(0x00000002a2100000,0x00000002a2200000) (1024K)]
  0x0000015680eec360 JavaThread "Cleaner-0"                  daemon [_thread_blocked, id=51892, stack(0x00000002a2300000,0x00000002a2400000) (1024K)]
  0x00000156fd9ba030 JavaThread "Worker-11: Publish Diagnostics"        [_thread_blocked, id=25064, stack(0x000000029c700000,0x000000029c800000) (1024K)]
  0x00000156fd9b7f60 JavaThread "ForkJoinPool.commonPool-worker-12" daemon [_thread_blocked, id=26252, stack(0x000000029ce00000,0x000000029cf00000) (1024K)]
  0x00000156fd9b99a0 JavaThread "Worker-12"                         [_thread_blocked, id=48948, stack(0x000000029cf00000,0x000000029d000000) (1024K)]
  0x00000156fd9ba6c0 JavaThread "Worker-13"                         [_thread_blocked, id=57316, stack(0x000000029d200000,0x000000029d300000) (1024K)]
  0x00000156fd9b9310 JavaThread "Worker-14"                         [_thread_blocked, id=42384, stack(0x000000029d300000,0x000000029d400000) (1024K)]
  0x00000156fd9bba70 JavaThread "ForkJoinPool.commonPool-worker-13" daemon [_thread_blocked, id=45552, stack(0x000000029da00000,0x000000029db00000) (1024K)]
  0x00000156fd9bc790 JavaThread "ForkJoinPool.commonPool-worker-14" daemon [_thread_blocked, id=45036, stack(0x000000029db00000,0x000000029dc00000) (1024K)]
  0x00000156fd9bdb40 JavaThread "ForkJoinPool.commonPool-worker-15" daemon [_thread_blocked, id=45884, stack(0x000000029df00000,0x000000029e000000) (1024K)]
  0x00000156fd9bd4b0 JavaThread "ForkJoinPool.commonPool-worker-16" daemon [_thread_blocked, id=42108, stack(0x000000029e300000,0x000000029e400000) (1024K)]
  0x00000156fd9bce20 JavaThread "ForkJoinPool.commonPool-worker-19" daemon [_thread_blocked, id=32520, stack(0x000000029dd00000,0x000000029de00000) (1024K)]
  0x00000156fd9bad50 JavaThread "ForkJoinPool.commonPool-worker-18" daemon [_thread_blocked, id=32504, stack(0x000000029de00000,0x000000029df00000) (1024K)]
  0x00000156fd9be860 JavaThread "ForkJoinPool.commonPool-worker-17" daemon [_thread_blocked, id=56208, stack(0x000000029e400000,0x000000029e500000) (1024K)]
  0x00000156fd9bf580 JavaThread "ForkJoinPool.commonPool-worker-20" daemon [_thread_blocked, id=27908, stack(0x000000029e500000,0x000000029e600000) (1024K)]
Total: 53

Other Threads:
  0x00000156b1834b20 VMThread "VM Thread"                           [id=2712, stack(0x000000029bb00000,0x000000029bc00000) (1024K)] _threads_hazard_ptr=0x00000156fc66ade0
  0x00000156b172cb20 WatcherThread "VM Periodic Task Thread"        [id=37768, stack(0x000000029ba00000,0x000000029bb00000) (1024K)]
  0x000001569adef7a0 WorkerThread "GC Thread#0"                     [id=45068, stack(0x000000029b900000,0x000000029ba00000) (1024K)]
  0x00000156f9959840 WorkerThread "GC Thread#1"                     [id=45272, stack(0x000000029c800000,0x000000029c900000) (1024K)]
  0x00000156f9959bf0 WorkerThread "GC Thread#2"                     [id=45244, stack(0x000000029c900000,0x000000029ca00000) (1024K)]
  0x00000156f9723790 WorkerThread "GC Thread#3"                     [id=47156, stack(0x000000029ca00000,0x000000029cb00000) (1024K)]
  0x00000156f9293c70 WorkerThread "GC Thread#4"                     [id=47060, stack(0x000000029cb00000,0x000000029cc00000) (1024K)]
  0x00000156f9723b40 WorkerThread "GC Thread#5"                     [id=42288, stack(0x000000029cc00000,0x000000029cd00000) (1024K)]
  0x00000156f9899f30 WorkerThread "GC Thread#6"                     [id=40048, stack(0x000000029cd00000,0x000000029ce00000) (1024K)]
  0x00000156f9acb450 WorkerThread "GC Thread#7"                     [id=47888, stack(0x000000029d700000,0x000000029d800000) (1024K)]
  0x00000156f9fd5a30 WorkerThread "GC Thread#8"                     [id=47768, stack(0x000000029e000000,0x000000029e100000) (1024K)]
  0x00000156faa52090 WorkerThread "GC Thread#9"                     [id=48936, stack(0x000000029e100000,0x000000029e200000) (1024K)]
Total: 12

Threads with active compile tasks:
Total: 0

VM state: synchronizing (normal execution)

VM Mutex/Monitor currently owned by a thread:  ([mutex/lock_event])
[0x00007ffe8e56e560] Threads_lock - owner thread: 0x00000156b1834b20
[0x00007ffe8e56e660] Heap_lock - owner thread: 0x00000156fd9ba030

Heap address: 0x0000000080000000, size: 2048 MB, Compressed Oops mode: 32-bit

CDS archive(s) mapped at: [0x00000156b2000000-0x00000156b2ba0000-0x00000156b2ba0000), size 12189696, SharedBaseAddress: 0x00000156b2000000, ArchiveRelocationMode: 1.
Compressed class space mapped at: 0x00000156b3000000-0x00000156f3000000, reserved size: 1073741824
Narrow klass base: 0x00000156b2000000, Narrow klass shift: 0, Narrow klass range: 0x100000000

GC Precious Log:
 CardTable entry size: 512
 CPUs: 12 total, 12 available
 Memory: 16072M
 Large Page Support: Disabled
 NUMA Support: Disabled
 Compressed Oops: Enabled (32-bit)
 Alignments: Space 512K, Generation 512K, Heap 2M
 Heap Min Capacity: 100M
 Heap Initial Capacity: 100M
 Heap Max Capacity: 2G
 Pre-touch: Disabled
 Parallel Workers: 10

Heap:
 PSYoungGen      total 6144K, used 6139K [0x00000000d5580000, 0x00000000d5d00000, 0x0000000100000000)
  eden space 5120K, 100% used [0x00000000d5580000,0x00000000d5a80000,0x00000000d5a80000)
  from space 1024K, 99% used [0x00000000d5c00000,0x00000000d5cfefc0,0x00000000d5d00000)
  to   space 1024K, 0% used [0x00000000d5a80000,0x00000000d5a80000,0x00000000d5b80000)
 ParOldGen       total 1324032K, used 1323974K [0x0000000080000000, 0x00000000d0d00000, 0x00000000d5580000)
  object space 1324032K, 99% used [0x0000000080000000,0x00000000d0cf1b28,0x00000000d0d00000)
 Metaspace       used 107027K, committed 109248K, reserved 1179648K
  class space    used 10759K, committed 11840K, reserved 1048576K

Card table byte_map: [0x000001569a860000,0x000001569ac70000] _byte_map_base: 0x000001569a460000

Marking Bits: (ParMarkBitMap*) 0x00007ffe8e573450
 Begin Bits: [0x00000156ad250000, 0x00000156af250000)
 End Bits:   [0x00000156af250000, 0x00000156b1250000)

Polling page: 0x0000015698aa0000

Metaspace:

Usage:
  Non-class:     94.01 MB used.
      Class:     10.51 MB used.
       Both:    104.52 MB used.

Virtual space:
  Non-class space:      128.00 MB reserved,      95.12 MB ( 74%) committed,  2 nodes.
      Class space:        1.00 GB reserved,      11.56 MB (  1%) committed,  1 nodes.
             Both:        1.12 GB reserved,     106.69 MB (  9%) committed. 

Chunk freelists:
   Non-Class:  281.00 KB
       Class:  4.46 MB
        Both:  4.74 MB

MaxMetaspaceSize: unlimited
CompressedClassSpaceSize: 1.00 GB
Initial GC threshold: 21.00 MB
Current GC threshold: 175.25 MB
CDS: on
 - commit_granule_bytes: 65536.
 - commit_granule_words: 8192.
 - virtual_space_node_default_size: 8388608.
 - enlarge_chunks_in_place: 1.
 - use_allocation_guard: 0.


Internal statistics:

num_allocs_failed_limit: 9.
num_arena_births: 2042.
num_arena_deaths: 22.
num_vsnodes_births: 3.
num_vsnodes_deaths: 0.
num_space_committed: 1707.
num_space_uncommitted: 0.
num_chunks_returned_to_freelist: 35.
num_chunks_taken_from_freelist: 7418.
num_chunk_merges: 21.
num_chunk_splits: 4469.
num_chunks_enlarged: 2456.
num_inconsistent_stats: 0.

CodeHeap 'non-profiled nmethods': size=120000Kb used=30557Kb max_used=31321Kb free=89442Kb
 bounds [0x00000156a5a70000, 0x00000156a7910000, 0x00000156acfa0000]
CodeHeap 'profiled nmethods': size=120000Kb used=49252Kb max_used=60534Kb free=70747Kb
 bounds [0x000001569dfa0000, 0x00000156a1b50000, 0x00000156a54d0000]
CodeHeap 'non-nmethods': size=5760Kb used=1551Kb max_used=1640Kb free=4208Kb
 bounds [0x00000156a54d0000, 0x00000156a5740000, 0x00000156a5a70000]
CodeCache: size=245760Kb, used=81360Kb, max_used=93495Kb, free=164397Kb
 total_blobs=21214, nmethods=20338, adapters=772, full_count=0
Compilation: enabled, stopped_count=0, restarted_count=0

Compilation events (20 events):
Event: 1397.384 Thread 0x00000156f3b13540 33509       3       org.eclipse.jdt.internal.core.JavaElementDeltaBuilder::<init> (43 bytes)
Event: 1397.385 Thread 0x00000156f3b13540 nmethod 33509 0x000001569f763a90 code [0x000001569f763c80, 0x000001569f764070]
Event: 1397.385 Thread 0x00000156f3b13540 33510       3       org.eclipse.jdt.internal.core.JavaElementDeltaBuilder::initialize (110 bytes)
Event: 1397.385 Thread 0x00000156f3b13540 nmethod 33510 0x00000156a0450110 code [0x00000156a0450400, 0x00000156a04512f0]
Event: 1397.385 Thread 0x00000156f3b13540 33511       3       org.eclipse.jdt.internal.core.JavaElement::getJavaModel (5 bytes)
Event: 1397.385 Thread 0x00000156f3b13540 nmethod 33511 0x00000156a1477d90 code [0x00000156a1477f40, 0x00000156a1478108]
Event: 1398.087 Thread 0x00000156f3b13540 33512       3       org.eclipse.jdt.internal.core.util.SimpleWordSet::includes (51 bytes)
Event: 1398.087 Thread 0x00000156f3b121d0 33513 % !   4       org.eclipse.jdt.internal.core.search.PatternSearchJob::performParallelSearch @ 117 (278 bytes)
Event: 1398.087 Thread 0x00000156f3b13540 nmethod 33512 0x000001569f57a990 code [0x000001569f57ab80, 0x000001569f57af80]
Event: 1398.128 Thread 0x00000156f3b121d0 nmethod 33513% 0x00000156a633e610 code [0x00000156a633eac0, 0x00000156a63417b8]
Event: 1398.128 Thread 0x00000156f3b121d0 33514       4       java.util.Arrays::deepEquals0 (287 bytes)
Event: 1398.133 Thread 0x00000156f3b121d0 nmethod 33514 0x00000156a746e010 code [0x00000156a746e1c0, 0x00000156a746e478]
Event: 1398.134 Thread 0x00000156f3b121d0 33515  s    4       org.eclipse.jdt.core.dom.DefaultBindingResolver::getPackageBinding (82 bytes)
Event: 1398.139 Thread 0x00000156f3b121d0 nmethod 33515 0x00000156a6157310 code [0x00000156a6157520, 0x00000156a6157dd0]
Event: 1398.346 Thread 0x00000156f3b13540 33516       3       java.lang.StackFrameInfo::getClassName (8 bytes)
Event: 1398.346 Thread 0x00000156f3b13540 nmethod 33516 0x000001569f68b390 code [0x000001569f68b560, 0x000001569f68b9a0]
Event: 1398.419 Thread 0x00000156f3b121d0 33517   !   4       org.eclipse.jdt.internal.compiler.parser.Scanner::scanForStringLiteral (636 bytes)
Event: 1398.433 Thread 0x00000156f3b121d0 nmethod 33517 0x00000156a711dd90 code [0x00000156a711e080, 0x00000156a711f088]
Event: 1398.514 Thread 0x00000156f3b121d0 33518       4       org.eclipse.jdt.core.dom.MethodBinding::getKey (30 bytes)
Event: 1398.522 Thread 0x00000156f3b121d0 nmethod 33518 0x00000156a74ce810 code [0x00000156a74cea40, 0x00000156a74cf840]

GC Heap History (20 events):
Event: 1398.079 GC heap before
{Heap before GC invocations=6180 (full 7):
 PSYoungGen      total 3584K, used 3574K [0x00000000d5580000, 0x00000000d6880000, 0x0000000100000000)
  eden space 2560K, 100% used [0x00000000d5580000,0x00000000d5800000,0x00000000d5800000)
  from space 1024K, 99% used [0x00000000d5e80000,0x00000000d5f7d8c0,0x00000000d5f80000)
  to   space 6656K, 0% used [0x00000000d5800000,0x00000000d5800000,0x00000000d5e80000)
 ParOldGen       total 1313792K, used 1313694K [0x0000000080000000, 0x00000000d0300000, 0x00000000d5580000)
  object space 1313792K, 99% used [0x0000000080000000,0x00000000d02e7b18,0x00000000d0300000)
 Metaspace       used 107027K, committed 109248K, reserved 1179648K
  class space    used 10759K, committed 11840K, reserved 1048576K
}
Event: 1398.082 GC heap after
{Heap after GC invocations=6180 (full 7):
 PSYoungGen      total 5120K, used 2400K [0x00000000d5580000, 0x00000000d5f00000, 0x0000000100000000)
  eden space 2560K, 0% used [0x00000000d5580000,0x00000000d5580000,0x00000000d5800000)
  from space 2560K, 93% used [0x00000000d5800000,0x00000000d5a58000,0x00000000d5a80000)
  to   space 3584K, 0% used [0x00000000d5b80000,0x00000000d5b80000,0x00000000d5f00000)
 ParOldGen       total 1314816K, used 1314748K [0x0000000080000000, 0x00000000d0400000, 0x00000000d5580000)
  object space 1314816K, 99% used [0x0000000080000000,0x00000000d03ef3d8,0x00000000d0400000)
 Metaspace       used 107027K, committed 109248K, reserved 1179648K
  class space    used 10759K, committed 11840K, reserved 1048576K
}
Event: 1398.087 GC heap before
{Heap before GC invocations=6181 (full 7):
 PSYoungGen      total 5120K, used 4960K [0x00000000d5580000, 0x00000000d5f00000, 0x0000000100000000)
  eden space 2560K, 100% used [0x00000000d5580000,0x00000000d5800000,0x00000000d5800000)
  from space 2560K, 93% used [0x00000000d5800000,0x00000000d5a58000,0x00000000d5a80000)
  to   space 3584K, 0% used [0x00000000d5b80000,0x00000000d5b80000,0x00000000d5f00000)
 ParOldGen       total 1314816K, used 1314748K [0x0000000080000000, 0x00000000d0400000, 0x00000000d5580000)
  object space 1314816K, 99% used [0x0000000080000000,0x00000000d03ef3d8,0x00000000d0400000)
 Metaspace       used 107027K, committed 109248K, reserved 1179648K
  class space    used 10759K, committed 11840K, reserved 1048576K
}
Event: 1398.089 GC heap after
{Heap after GC invocations=6181 (full 7):
 PSYoungGen      total 6144K, used 2618K [0x00000000d5580000, 0x00000000d5e80000, 0x0000000100000000)
  eden space 3072K, 0% used [0x00000000d5580000,0x00000000d5580000,0x00000000d5880000)
  from space 3072K, 85% used [0x00000000d5b80000,0x00000000d5e0e900,0x00000000d5e80000)
  to   space 3072K, 0% used [0x00000000d5880000,0x00000000d5880000,0x00000000d5b80000)
 ParOldGen       total 1317376K, used 1317060K [0x0000000080000000, 0x00000000d0680000, 0x00000000d5580000)
  object space 1317376K, 99% used [0x0000000080000000,0x00000000d06313d8,0x00000000d0680000)
 Metaspace       used 107027K, committed 109248K, reserved 1179648K
  class space    used 10759K, committed 11840K, reserved 1048576K
}
Event: 1398.092 GC heap before
{Heap before GC invocations=6182 (full 7):
 PSYoungGen      total 6144K, used 5690K [0x00000000d5580000, 0x00000000d5e80000, 0x0000000100000000)
  eden space 3072K, 100% used [0x00000000d5580000,0x00000000d5880000,0x00000000d5880000)
  from space 3072K, 85% used [0x00000000d5b80000,0x00000000d5e0e900,0x00000000d5e80000)
  to   space 3072K, 0% used [0x00000000d5880000,0x00000000d5880000,0x00000000d5b80000)
 ParOldGen       total 1317376K, used 1317060K [0x0000000080000000, 0x00000000d0680000, 0x00000000d5580000)
  object space 1317376K, 99% used [0x0000000080000000,0x00000000d06313d8,0x00000000d0680000)
 Metaspace       used 107027K, committed 109248K, reserved 1179648K
  class space    used 10759K, committed 11840K, reserved 1048576K
}
Event: 1398.094 GC heap after
{Heap after GC invocations=6182 (full 7):
 PSYoungGen      total 4096K, used 672K [0x00000000d5580000, 0x00000000d5c80000, 0x0000000100000000)
  eden space 3072K, 0% used [0x00000000d5580000,0x00000000d5580000,0x00000000d5880000)
  from space 1024K, 65% used [0x00000000d5880000,0x00000000d5928000,0x00000000d5980000)
  to   space 1536K, 0% used [0x00000000d5b00000,0x00000000d5b00000,0x00000000d5c80000)
 ParOldGen       total 1319936K, used 1319497K [0x0000000080000000, 0x00000000d0900000, 0x00000000d5580000)
  object space 1319936K, 99% used [0x0000000080000000,0x00000000d08925d8,0x00000000d0900000)
 Metaspace       used 107027K, committed 109248K, reserved 1179648K
  class space    used 10759K, committed 11840K, reserved 1048576K
}
Event: 1398.098 GC heap before
{Heap before GC invocations=6183 (full 7):
 PSYoungGen      total 4096K, used 3744K [0x00000000d5580000, 0x00000000d5c80000, 0x0000000100000000)
  eden space 3072K, 100% used [0x00000000d5580000,0x00000000d5880000,0x00000000d5880000)
  from space 1024K, 65% used [0x00000000d5880000,0x00000000d5928000,0x00000000d5980000)
  to   space 1536K, 0% used [0x00000000d5b00000,0x00000000d5b00000,0x00000000d5c80000)
 ParOldGen       total 1319936K, used 1319497K [0x0000000080000000, 0x00000000d0900000, 0x00000000d5580000)
  object space 1319936K, 99% used [0x0000000080000000,0x00000000d08925d8,0x00000000d0900000)
 Metaspace       used 107027K, committed 109248K, reserved 1179648K
  class space    used 10759K, committed 11840K, reserved 1048576K
}
Event: 1398.100 GC heap after
{Heap after GC invocations=6183 (full 7):
 PSYoungGen      total 4608K, used 480K [0x00000000d5580000, 0x00000000d5b80000, 0x0000000100000000)
  eden space 4096K, 0% used [0x00000000d5580000,0x00000000d5580000,0x00000000d5980000)
  from space 512K, 93% used [0x00000000d5b00000,0x00000000d5b78000,0x00000000d5b80000)
  to   space 1024K, 0% used [0x00000000d5980000,0x00000000d5980000,0x00000000d5a80000)
 ParOldGen       total 1320448K, used 1320037K [0x0000000080000000, 0x00000000d0980000, 0x00000000d5580000)
  object space 1320448K, 99% used [0x0000000080000000,0x00000000d09195e8,0x00000000d0980000)
 Metaspace       used 107027K, committed 109248K, reserved 1179648K
  class space    used 10759K, committed 11840K, reserved 1048576K
}
Event: 1398.122 GC heap before
{Heap before GC invocations=6184 (full 7):
 PSYoungGen      total 4608K, used 4576K [0x00000000d5580000, 0x00000000d5b80000, 0x0000000100000000)
  eden space 4096K, 100% used [0x00000000d5580000,0x00000000d5980000,0x00000000d5980000)
  from space 512K, 93% used [0x00000000d5b00000,0x00000000d5b78000,0x00000000d5b80000)
  to   space 1024K, 0% used [0x00000000d5980000,0x00000000d5980000,0x00000000d5a80000)
 ParOldGen       total 1320448K, used 1320037K [0x0000000080000000, 0x00000000d0980000, 0x00000000d5580000)
  object space 1320448K, 99% used [0x0000000080000000,0x00000000d09195e8,0x00000000d0980000)
 Metaspace       used 107027K, committed 109248K, reserved 1179648K
  class space    used 10759K, committed 11840K, reserved 1048576K
}
Event: 1398.124 GC heap after
{Heap after GC invocations=6184 (full 7):
 PSYoungGen      total 5120K, used 714K [0x00000000d5580000, 0x00000000d5c80000, 0x0000000100000000)
  eden space 4096K, 0% used [0x00000000d5580000,0x00000000d5580000,0x00000000d5980000)
  from space 1024K, 69% used [0x00000000d5980000,0x00000000d5a32910,0x00000000d5a80000)
  to   space 1024K, 0% used [0x00000000d5b80000,0x00000000d5b80000,0x00000000d5c80000)
 ParOldGen       total 1320448K, used 1320381K [0x0000000080000000, 0x00000000d0980000, 0x00000000d5580000)
  object space 1320448K, 99% used [0x0000000080000000,0x00000000d096f608,0x00000000d0980000)
 Metaspace       used 107027K, committed 109248K, reserved 1179648K
  class space    used 10759K, committed 11840K, reserved 1048576K
}
Event: 1398.129 GC heap before
{Heap before GC invocations=6185 (full 7):
 PSYoungGen      total 5120K, used 4810K [0x00000000d5580000, 0x00000000d5c80000, 0x0000000100000000)
  eden space 4096K, 100% used [0x00000000d5580000,0x00000000d5980000,0x00000000d5980000)
  from space 1024K, 69% used [0x00000000d5980000,0x00000000d5a32910,0x00000000d5a80000)
  to   space 1024K, 0% used [0x00000000d5b80000,0x00000000d5b80000,0x00000000d5c80000)
 ParOldGen       total 1320448K, used 1320381K [0x0000000080000000, 0x00000000d0980000, 0x00000000d5580000)
  object space 1320448K, 99% used [0x0000000080000000,0x00000000d096f608,0x00000000d0980000)
 Metaspace       used 107027K, committed 109248K, reserved 1179648K
  class space    used 10759K, committed 11840K, reserved 1048576K
}
Event: 1398.131 GC heap after
{Heap after GC invocations=6185 (full 7):
 PSYoungGen      total 6144K, used 544K [0x00000000d5580000, 0x00000000d5c80000, 0x0000000100000000)
  eden space 5120K, 0% used [0x00000000d5580000,0x00000000d5580000,0x00000000d5a80000)
  from space 1024K, 53% used [0x00000000d5b80000,0x00000000d5c08000,0x00000000d5c80000)
  to   space 1024K, 0% used [0x00000000d5a80000,0x00000000d5a80000,0x00000000d5b80000)
 ParOldGen       total 1320960K, used 1320918K [0x0000000080000000, 0x00000000d0a00000, 0x00000000d5580000)
  object space 1320960K, 99% used [0x0000000080000000,0x00000000d09f5aa8,0x00000000d0a00000)
 Metaspace       used 107027K, committed 109248K, reserved 1179648K
  class space    used 10759K, committed 11840K, reserved 1048576K
}
Event: 1398.415 GC heap before
{Heap before GC invocations=6186 (full 7):
 PSYoungGen      total 6144K, used 5663K [0x00000000d5580000, 0x00000000d5c80000, 0x0000000100000000)
  eden space 5120K, 99% used [0x00000000d5580000,0x00000000d5a7ffc8,0x00000000d5a80000)
  from space 1024K, 53% used [0x00000000d5b80000,0x00000000d5c08000,0x00000000d5c80000)
  to   space 1024K, 0% used [0x00000000d5a80000,0x00000000d5a80000,0x00000000d5b80000)
 ParOldGen       total 1320960K, used 1320918K [0x0000000080000000, 0x00000000d0a00000, 0x00000000d5580000)
  object space 1320960K, 99% used [0x0000000080000000,0x00000000d09f5aa8,0x00000000d0a00000)
 Metaspace       used 107027K, committed 109248K, reserved 1179648K
  class space    used 10759K, committed 11840K, reserved 1048576K
}
Event: 1398.418 GC heap after
{Heap after GC invocations=6186 (full 7):
 PSYoungGen      total 6144K, used 740K [0x00000000d5580000, 0x00000000d5d80000, 0x0000000100000000)
  eden space 5120K, 0% used [0x00000000d5580000,0x00000000d5580000,0x00000000d5a80000)
  from space 1024K, 72% used [0x00000000d5a80000,0x00000000d5b39210,0x00000000d5b80000)
  to   space 1024K, 0% used [0x00000000d5c80000,0x00000000d5c80000,0x00000000d5d80000)
 ParOldGen       total 1321472K, used 1321386K [0x0000000080000000, 0x00000000d0a80000, 0x00000000d5580000)
  object space 1321472K, 99% used [0x0000000080000000,0x00000000d0a6aad8,0x00000000d0a80000)
 Metaspace       used 107027K, committed 109248K, reserved 1179648K
  class space    used 10759K, committed 11840K, reserved 1048576K
}
Event: 1398.504 GC heap before
{Heap before GC invocations=6187 (full 7):
 PSYoungGen      total 6144K, used 5860K [0x00000000d5580000, 0x00000000d5d80000, 0x0000000100000000)
  eden space 5120K, 100% used [0x00000000d5580000,0x00000000d5a80000,0x00000000d5a80000)
  from space 1024K, 72% used [0x00000000d5a80000,0x00000000d5b39210,0x00000000d5b80000)
  to   space 1024K, 0% used [0x00000000d5c80000,0x00000000d5c80000,0x00000000d5d80000)
 ParOldGen       total 1321472K, used 1321386K [0x0000000080000000, 0x00000000d0a80000, 0x00000000d5580000)
  object space 1321472K, 99% used [0x0000000080000000,0x00000000d0a6aad8,0x00000000d0a80000)
 Metaspace       used 107027K, committed 109248K, reserved 1179648K
  class space    used 10759K, committed 11840K, reserved 1048576K
}
Event: 1398.506 GC heap after
{Heap after GC invocations=6187 (full 7):
 PSYoungGen      total 6144K, used 608K [0x00000000d5580000, 0x00000000d5d80000, 0x0000000100000000)
  eden space 5120K, 0% used [0x00000000d5580000,0x00000000d5580000,0x00000000d5a80000)
  from space 1024K, 59% used [0x00000000d5c80000,0x00000000d5d18000,0x00000000d5d80000)
  to   space 1024K, 0% used [0x00000000d5a80000,0x00000000d5a80000,0x00000000d5b80000)
 ParOldGen       total 1322496K, used 1322009K [0x0000000080000000, 0x00000000d0b80000, 0x00000000d5580000)
  object space 1322496K, 99% used [0x0000000080000000,0x00000000d0b06478,0x00000000d0b80000)
 Metaspace       used 107027K, committed 109248K, reserved 1179648K
  class space    used 10759K, committed 11840K, reserved 1048576K
}
Event: 1398.510 GC heap before
{Heap before GC invocations=6188 (full 7):
 PSYoungGen      total 6144K, used 5728K [0x00000000d5580000, 0x00000000d5d80000, 0x0000000100000000)
  eden space 5120K, 100% used [0x00000000d5580000,0x00000000d5a80000,0x00000000d5a80000)
  from space 1024K, 59% used [0x00000000d5c80000,0x00000000d5d18000,0x00000000d5d80000)
  to   space 1024K, 0% used [0x00000000d5a80000,0x00000000d5a80000,0x00000000d5b80000)
 ParOldGen       total 1322496K, used 1322009K [0x0000000080000000, 0x00000000d0b80000, 0x00000000d5580000)
  object space 1322496K, 99% used [0x0000000080000000,0x00000000d0b06478,0x00000000d0b80000)
 Metaspace       used 107027K, committed 109248K, reserved 1179648K
  class space    used 10759K, committed 11840K, reserved 1048576K
}
Event: 1398.512 GC heap after
{Heap after GC invocations=6188 (full 7):
 PSYoungGen      total 6144K, used 826K [0x00000000d5580000, 0x00000000d5d00000, 0x0000000100000000)
  eden space 5120K, 0% used [0x00000000d5580000,0x00000000d5580000,0x00000000d5a80000)
  from space 1024K, 80% used [0x00000000d5a80000,0x00000000d5b4e900,0x00000000d5b80000)
  to   space 1024K, 0% used [0x00000000d5c00000,0x00000000d5c00000,0x00000000d5d00000)
 ParOldGen       total 1323008K, used 1322544K [0x0000000080000000, 0x00000000d0c00000, 0x00000000d5580000)
  object space 1323008K, 99% used [0x0000000080000000,0x00000000d0b8c238,0x00000000d0c00000)
 Metaspace       used 107027K, committed 109248K, reserved 1179648K
  class space    used 10759K, committed 11840K, reserved 1048576K
}
Event: 1398.694 GC heap before
{Heap before GC invocations=6189 (full 7):
 PSYoungGen      total 6144K, used 5946K [0x00000000d5580000, 0x00000000d5d00000, 0x0000000100000000)
  eden space 5120K, 100% used [0x00000000d5580000,0x00000000d5a80000,0x00000000d5a80000)
  from space 1024K, 80% used [0x00000000d5a80000,0x00000000d5b4e900,0x00000000d5b80000)
  to   space 1024K, 0% used [0x00000000d5c00000,0x00000000d5c00000,0x00000000d5d00000)
 ParOldGen       total 1323008K, used 1322544K [0x0000000080000000, 0x00000000d0c00000, 0x00000000d5580000)
  object space 1323008K, 99% used [0x0000000080000000,0x00000000d0b8c238,0x00000000d0c00000)
 Metaspace       used 107027K, committed 109248K, reserved 1179648K
  class space    used 10759K, committed 11840K, reserved 1048576K
}
Event: 1401.710 GC heap after
{Heap after GC invocations=6189 (full 7):
 PSYoungGen      total 6144K, used 1019K [0x00000000d5580000, 0x00000000d5d00000, 0x0000000100000000)
  eden space 5120K, 0% used [0x00000000d5580000,0x00000000d5580000,0x00000000d5a80000)
  from space 1024K, 99% used [0x00000000d5c00000,0x00000000d5cfefc0,0x00000000d5d00000)
  to   space 1024K, 0% used [0x00000000d5a80000,0x00000000d5a80000,0x00000000d5b80000)
 ParOldGen       total 1324032K, used 1323974K [0x0000000080000000, 0x00000000d0d00000, 0x00000000d5580000)
  object space 1324032K, 99% used [0x0000000080000000,0x00000000d0cf1b28,0x00000000d0d00000)
 Metaspace       used 107027K, committed 109248K, reserved 1179648K
  class space    used 10759K, committed 11840K, reserved 1048576K
}

Dll operation events (14 events):
Event: 0.037 Loaded shared library c:\Users\VI-Alumno\.vscode\extensions\redhat.java-1.54.0-win32-x64\jre\21.0.10-win32-x86_64\bin\java.dll
Event: 0.056 Loaded shared library c:\Users\VI-Alumno\.vscode\extensions\redhat.java-1.54.0-win32-x64\jre\21.0.10-win32-x86_64\bin\zip.dll
Event: 0.149 Loaded shared library C:\Users\VI-Alumno\.vscode\extensions\redhat.java-1.54.0-win32-x64\jre\21.0.10-win32-x86_64\bin\instrument.dll
Event: 0.160 Loaded shared library C:\Users\VI-Alumno\.vscode\extensions\redhat.java-1.54.0-win32-x64\jre\21.0.10-win32-x86_64\bin\net.dll
Event: 0.170 Loaded shared library C:\Users\VI-Alumno\.vscode\extensions\redhat.java-1.54.0-win32-x64\jre\21.0.10-win32-x86_64\bin\nio.dll
Event: 0.175 Loaded shared library C:\Users\VI-Alumno\.vscode\extensions\redhat.java-1.54.0-win32-x64\jre\21.0.10-win32-x86_64\bin\zip.dll
Event: 0.198 Loaded shared library C:\Users\VI-Alumno\.vscode\extensions\redhat.java-1.54.0-win32-x64\jre\21.0.10-win32-x86_64\bin\jimage.dll
Event: 0.276 Loaded shared library c:\Users\VI-Alumno\.vscode\extensions\redhat.java-1.54.0-win32-x64\jre\21.0.10-win32-x86_64\bin\verify.dll
Event: 1.609 Loaded shared library C:\Users\VI-Alumno\AppData\Roaming\Code\User\globalStorage\redhat.java\1.54.0\config_win\org.eclipse.equinox.launcher\org.eclipse.equinox.launcher.win32.win32.x86_64_1.3.0.v20260203-2149\eclipse_11919.dll
Event: 3.052 Loaded shared library C:\Users\VI-Alumno\.vscode\extensions\redhat.java-1.54.0-win32-x64\jre\21.0.10-win32-x86_64\bin\management.dll
Event: 3.057 Loaded shared library C:\Users\VI-Alumno\.vscode\extensions\redhat.java-1.54.0-win32-x64\jre\21.0.10-win32-x86_64\bin\management_ext.dll
Event: 3.849 Loaded shared library C:\Users\VI-Alumno\AppData\Local\Temp\jna-801063294\jna7018163164425062306.dll
Event: 3.933 Loaded shared library C:\Users\VI-Alumno\.vscode\extensions\redhat.java-1.54.0-win32-x64\jre\21.0.10-win32-x86_64\bin\sunmscapi.dll
Event: 4.140 Loaded shared library C:\Users\VI-Alumno\.vscode\extensions\redhat.java-1.54.0-win32-x64\jre\21.0.10-win32-x86_64\bin\extnet.dll

Deoptimization events (20 events):
Event: 1366.402 Thread 0x00000156fd9bba70 DEOPT PACKING pc=0x00000156a6083c08 sp=0x000000029dafe3e0
Event: 1366.402 Thread 0x00000156fd9bba70 DEOPT UNPACKING pc=0x00000156a5523aa2 sp=0x000000029dafe348 mode 2
Event: 1366.402 Thread 0x00000156fd9bba70 Uncommon trap: trap_request=0xffffffc6 fr.pc=0x00000156a5dad9a0 relative=0x0000000000000ac0
Event: 1366.402 Thread 0x00000156fd9bba70 Uncommon trap: reason=bimorphic_or_optimized_type_check action=maybe_recompile pc=0x00000156a5dad9a0 method=org.eclipse.jdt.internal.compiler.lookup.Scope.computeCompatibleMethod(Lorg/eclipse/jdt/internal/compiler/lookup/MethodBinding;[Lorg/eclipse/jdt/in
Event: 1366.402 Thread 0x00000156fd9bba70 DEOPT PACKING pc=0x00000156a5dad9a0 sp=0x000000029dafe630
Event: 1366.402 Thread 0x00000156fd9bba70 DEOPT UNPACKING pc=0x00000156a5523aa2 sp=0x000000029dafe590 mode 2
Event: 1366.402 Thread 0x00000156fd9bba70 Uncommon trap: trap_request=0xffffffde fr.pc=0x00000156a7784880 relative=0x0000000000000ba0
Event: 1366.402 Thread 0x00000156fd9bba70 Uncommon trap: reason=class_check action=maybe_recompile pc=0x00000156a7784880 method=org.eclipse.jdt.internal.compiler.ast.ASTNode.resolvePolyExpressionArguments0(Lorg/eclipse/jdt/internal/compiler/ast/Invocation;Lorg/eclipse/jdt/internal/compiler/lookup
Event: 1366.402 Thread 0x00000156fd9bba70 DEOPT PACKING pc=0x00000156a7784880 sp=0x000000029dafe760
Event: 1366.402 Thread 0x00000156fd9bba70 DEOPT UNPACKING pc=0x00000156a5523aa2 sp=0x000000029dafe6e0 mode 2
Event: 1378.822 Thread 0x00000156fd9bba70 Uncommon trap: trap_request=0xffffff45 fr.pc=0x00000156a5edbd2c relative=0x00000000000005ac
Event: 1378.822 Thread 0x00000156fd9bba70 Uncommon trap: reason=unstable_if action=reinterpret pc=0x00000156a5edbd2c method=org.eclipse.jdt.internal.compiler.parser.Scanner.scanForStringLiteral()Lorg/eclipse/jdt/internal/compiler/parser/TerminalToken; @ 123 c2
Event: 1378.822 Thread 0x00000156fd9bba70 DEOPT PACKING pc=0x00000156a5edbd2c sp=0x000000029dafe910
Event: 1378.822 Thread 0x00000156fd9bba70 DEOPT UNPACKING pc=0x00000156a5523aa2 sp=0x000000029dafe8a0 mode 2
Event: 1386.947 Thread 0x00000156fc205710 DEOPT PACKING pc=0x000001569f4ba54c sp=0x000000029fdff040
Event: 1386.947 Thread 0x00000156fc205710 DEOPT UNPACKING pc=0x00000156a5524242 sp=0x000000029fdfe590 mode 0
Event: 1401.711 Thread 0x00000156fd9bce20 Uncommon trap: trap_request=0xffffff45 fr.pc=0x00000156a7781f68 relative=0x00000000000007e8
Event: 1401.711 Thread 0x00000156fd9bdb40 Uncommon trap: trap_request=0xffffff45 fr.pc=0x00000156a7781f68 relative=0x00000000000007e8
Event: 1402.722 Thread 0x00000156fd9bce20 Uncommon trap: reason=unstable_if action=reinterpret pc=0x00000156a7781f68 method=java.util.concurrent.CompletableFuture$UniApply.tryFire(I)Ljava/util/concurrent/CompletableFuture; @ 44 c2
Event: 1402.722 Thread 0x00000156fd9bdb40 Uncommon trap: reason=unstable_if action=reinterpret pc=0x00000156a7781f68 method=java.util.concurrent.CompletableFuture$UniApply.tryFire(I)Ljava/util/concurrent/CompletableFuture; @ 44 c2

Classes loaded (20 events):
Event: 256.481 Loading class java/util/regex/Pattern$Neg
Event: 256.482 Loading class java/util/regex/Pattern$Neg done
Event: 335.791 Loading class jdk/internal/icu/text/NormalizerBase$NFCModeImpl
Event: 335.791 Loading class jdk/internal/icu/text/NormalizerBase$NFCModeImpl done
Event: 335.791 Loading class jdk/internal/icu/impl/Norm2AllModes$NFCSingleton
Event: 335.791 Loading class jdk/internal/icu/impl/Norm2AllModes$NFCSingleton done
Event: 378.402 Loading class java/lang/Throwable$WrappedPrintWriter
Event: 378.402 Loading class java/lang/Throwable$PrintStreamOrWriter
Event: 378.403 Loading class java/lang/Throwable$PrintStreamOrWriter done
Event: 378.403 Loading class java/lang/Throwable$WrappedPrintWriter done
Event: 431.985 Loading class jdk/internal/module/IllegalAccessLogger
Event: 431.985 Loading class jdk/internal/module/IllegalAccessLogger done
Event: 1173.828 Loading class sun/security/ssl/PreSharedKeyExtension$PskIdentity
Event: 1173.828 Loading class sun/security/ssl/PreSharedKeyExtension$PskIdentity done
Event: 1173.829 Loading class sun/security/ssl/PreSharedKeyExtension$CHPreSharedKeySpec
Event: 1173.831 Loading class sun/security/ssl/PreSharedKeyExtension$CHPreSharedKeySpec done
Event: 1173.831 Loading class sun/security/ssl/PreSharedKeyExtension$PartialClientHelloMessage
Event: 1173.831 Loading class sun/security/ssl/PreSharedKeyExtension$PartialClientHelloMessage done
Event: 1173.886 Loading class sun/security/ssl/PreSharedKeyExtension$SHPreSharedKeySpec
Event: 1173.886 Loading class sun/security/ssl/PreSharedKeyExtension$SHPreSharedKeySpec done

Classes unloaded (11 events):
Event: 3.408 Thread 0x00000156b1834b20 Unloading class 0x00000156b31b4c00 'java/lang/invoke/LambdaForm$MH+0x00000156b31b4c00'
Event: 3.408 Thread 0x00000156b1834b20 Unloading class 0x00000156b31b4800 'java/lang/invoke/LambdaForm$MH+0x00000156b31b4800'
Event: 3.408 Thread 0x00000156b1834b20 Unloading class 0x00000156b31b4400 'java/lang/invoke/LambdaForm$MH+0x00000156b31b4400'
Event: 3.408 Thread 0x00000156b1834b20 Unloading class 0x00000156b31b4000 'java/lang/invoke/LambdaForm$MH+0x00000156b31b4000'
Event: 3.408 Thread 0x00000156b1834b20 Unloading class 0x00000156b31b3c00 'java/lang/invoke/LambdaForm$BMH+0x00000156b31b3c00'
Event: 3.408 Thread 0x00000156b1834b20 Unloading class 0x00000156b31b3800 'java/lang/invoke/LambdaForm$DMH+0x00000156b31b3800'
Event: 3.408 Thread 0x00000156b1834b20 Unloading class 0x00000156b31b2800 'java/lang/invoke/LambdaForm$DMH+0x00000156b31b2800'
Event: 12.044 Thread 0x00000156b1834b20 Unloading class 0x00000156b36a0c00 'java/lang/invoke/LambdaForm$DMH+0x00000156b36a0c00'
Event: 12.044 Thread 0x00000156b1834b20 Unloading class 0x00000156b36a0800 'java/lang/invoke/LambdaForm$DMH+0x00000156b36a0800'
Event: 12.044 Thread 0x00000156b1834b20 Unloading class 0x00000156b36a0400 'java/lang/invoke/LambdaForm$DMH+0x00000156b36a0400'
Event: 12.044 Thread 0x00000156b1834b20 Unloading class 0x00000156b36a0000 'java/lang/invoke/LambdaForm$DMH+0x00000156b36a0000'

Classes redefined (6 events):
Event: 0.405 Thread 0x00000156b1834b20 redefined class name=java.io.FileOutputStream, count=1
Event: 0.408 Thread 0x00000156b1834b20 redefined class name=java.io.File, count=1
Event: 0.415 Thread 0x00000156b1834b20 redefined class name=java.nio.file.Files, count=1
Event: 0.419 Thread 0x00000156b1834b20 redefined class name=java.lang.ClassLoader, count=1
Event: 0.422 Thread 0x00000156b1834b20 redefined class name=java.net.URLStreamHandler, count=1
Event: 0.426 Thread 0x00000156b1834b20 redefined class name=java.lang.Thread, count=1

Internal exceptions (20 events):
Event: 1311.695 Thread 0x00000156fd9b99a0 Exception <a 'sun/nio/fs/WindowsException'{0x00000000d5706bf0}> (0x00000000d5706bf0) 
thrown [s\src\hotspot\share\prims\jni.cpp, line 520]
Event: 1311.695 Thread 0x00000156fd69af10 Exception <a 'sun/nio/fs/WindowsException'{0x00000000d5702890}> (0x00000000d5702890) 
thrown [s\src\hotspot\share\prims\jni.cpp, line 520]
Event: 1311.695 Thread 0x00000156fd69af10 Exception <a 'sun/nio/fs/WindowsException'{0x00000000d5702ea8}> (0x00000000d5702ea8) 
thrown [s\src\hotspot\share\prims\jni.cpp, line 520]
Event: 1311.695 Thread 0x00000156fd9b99a0 Exception <a 'sun/nio/fs/WindowsException'{0x00000000d5707460}> (0x00000000d5707460) 
thrown [s\src\hotspot\share\prims\jni.cpp, line 520]
Event: 1311.697 Thread 0x00000156fd69af10 Exception <a 'sun/nio/fs/WindowsException'{0x00000000d57443d8}> (0x00000000d57443d8) 
thrown [s\src\hotspot\share\prims\jni.cpp, line 520]
Event: 1311.697 Thread 0x00000156fd69af10 Exception <a 'sun/nio/fs/WindowsException'{0x00000000d57449f0}> (0x00000000d57449f0) 
thrown [s\src\hotspot\share\prims\jni.cpp, line 520]
Event: 1311.697 Thread 0x00000156fd9b99a0 Exception <a 'sun/nio/fs/WindowsException'{0x00000000d5755330}> (0x00000000d5755330) 
thrown [s\src\hotspot\share\prims\jni.cpp, line 520]
Event: 1311.697 Thread 0x00000156fd9b99a0 Exception <a 'sun/nio/fs/WindowsException'{0x00000000d5755b88}> (0x00000000d5755b88) 
thrown [s\src\hotspot\share\prims\jni.cpp, line 520]
Event: 1311.712 Thread 0x00000156fd9bc790 Exception <a 'sun/nio/fs/WindowsException'{0x00000000d584af98}> (0x00000000d584af98) 
thrown [s\src\hotspot\share\prims\jni.cpp, line 520]
Event: 1311.713 Thread 0x00000156fd9bc790 Exception <a 'sun/nio/fs/WindowsException'{0x00000000d594d260}> (0x00000000d594d260) 
thrown [s\src\hotspot\share\prims\jni.cpp, line 520]
Event: 1311.713 Thread 0x00000156fd9bc790 Exception <a 'sun/nio/fs/WindowsException'{0x00000000d594df78}> (0x00000000d594df78) 
thrown [s\src\hotspot\share\prims\jni.cpp, line 520]
Event: 1311.713 Thread 0x00000156fd9bc790 Exception <a 'sun/nio/fs/WindowsException'{0x00000000d594e840}> (0x00000000d594e840) 
thrown [s\src\hotspot\share\prims\jni.cpp, line 520]
Event: 1311.714 Thread 0x00000156fd9bc790 Exception <a 'sun/nio/fs/WindowsException'{0x00000000d594ff98}> (0x00000000d594ff98) 
thrown [s\src\hotspot\share\prims\jni.cpp, line 520]
Event: 1311.714 Thread 0x00000156fd9bc790 Exception <a 'sun/nio/fs/WindowsException'{0x00000000d5950860}> (0x00000000d5950860) 
thrown [s\src\hotspot\share\prims\jni.cpp, line 520]
Event: 1311.717 Thread 0x00000156fd9bc790 Exception <a 'sun/nio/fs/WindowsException'{0x00000000d596d588}> (0x00000000d596d588) 
thrown [s\src\hotspot\share\prims\jni.cpp, line 520]
Event: 1311.717 Thread 0x00000156fd9bc790 Exception <a 'sun/nio/fs/WindowsException'{0x00000000d596de50}> (0x00000000d596de50) 
thrown [s\src\hotspot\share\prims\jni.cpp, line 520]
Event: 1311.960 Thread 0x00000156fd9b99a0 Exception <a 'sun/nio/fs/WindowsException'{0x00000000d566acf8}> (0x00000000d566acf8) 
thrown [s\src\hotspot\share\prims\jni.cpp, line 520]
Event: 1311.961 Thread 0x00000156fd9b99a0 Exception <a 'sun/nio/fs/WindowsException'{0x00000000d566b578}> (0x00000000d566b578) 
thrown [s\src\hotspot\share\prims\jni.cpp, line 520]
Event: 1311.966 Thread 0x00000156fd9b99a0 Exception <a 'sun/nio/fs/WindowsException'{0x00000000d56db0b8}> (0x00000000d56db0b8) 
thrown [s\src\hotspot\share\prims\jni.cpp, line 520]
Event: 1311.966 Thread 0x00000156fd9b99a0 Exception <a 'sun/nio/fs/WindowsException'{0x00000000d56dbbf0}> (0x00000000d56dbbf0) 
thrown [s\src\hotspot\share\prims\jni.cpp, line 520]

ZGC Phase Switch (0 events):
No events

VM Operations (20 events):
Event: 1398.082 Executing safepoint VM operation: ParallelGCFailedAllocation (Allocation Failure) done
Event: 1398.087 Executing safepoint VM operation: ParallelGCFailedAllocation (Allocation Failure)
Event: 1398.089 Executing safepoint VM operation: ParallelGCFailedAllocation (Allocation Failure) done
Event: 1398.092 Executing safepoint VM operation: ParallelGCFailedAllocation (Allocation Failure)
Event: 1398.094 Executing safepoint VM operation: ParallelGCFailedAllocation (Allocation Failure) done
Event: 1398.098 Executing safepoint VM operation: ParallelGCFailedAllocation (Allocation Failure)
Event: 1398.100 Executing safepoint VM operation: ParallelGCFailedAllocation (Allocation Failure) done
Event: 1398.122 Executing safepoint VM operation: ParallelGCFailedAllocation (Allocation Failure)
Event: 1398.124 Executing safepoint VM operation: ParallelGCFailedAllocation (Allocation Failure) done
Event: 1398.129 Executing safepoint VM operation: ParallelGCFailedAllocation (Allocation Failure)
Event: 1398.131 Executing safepoint VM operation: ParallelGCFailedAllocation (Allocation Failure) done
Event: 1398.415 Executing safepoint VM operation: ParallelGCFailedAllocation (Allocation Failure)
Event: 1398.418 Executing safepoint VM operation: ParallelGCFailedAllocation (Allocation Failure) done
Event: 1398.504 Executing safepoint VM operation: ParallelGCFailedAllocation (Allocation Failure)
Event: 1398.506 Executing safepoint VM operation: ParallelGCFailedAllocation (Allocation Failure) done
Event: 1398.510 Executing safepoint VM operation: ParallelGCFailedAllocation (Allocation Failure)
Event: 1398.512 Executing safepoint VM operation: ParallelGCFailedAllocation (Allocation Failure) done
Event: 1398.694 Executing safepoint VM operation: ParallelGCFailedAllocation (Allocation Failure)
Event: 1401.710 Executing safepoint VM operation: ParallelGCFailedAllocation (Allocation Failure) done
Event: 1401.714 Executing safepoint VM operation: ParallelGCFailedAllocation (Allocation Failure)

Memory protections (0 events):
No events

Nmethod flushes (20 events):
Event: 371.824 Thread 0x00000156b1834b20 flushing  nmethod 0x00000156a1652e90
Event: 371.824 Thread 0x00000156b1834b20 flushing  nmethod 0x00000156a1660e10
Event: 371.824 Thread 0x00000156b1834b20 flushing  nmethod 0x00000156a1666c90
Event: 371.824 Thread 0x00000156b1834b20 flushing  nmethod 0x00000156a1684010
Event: 371.824 Thread 0x00000156b1834b20 flushing  nmethod 0x00000156a16a5210
Event: 371.824 Thread 0x00000156b1834b20 flushing  nmethod 0x00000156a16c1e90
Event: 371.824 Thread 0x00000156b1834b20 flushing  nmethod 0x00000156a16c7490
Event: 371.824 Thread 0x00000156b1834b20 flushing  nmethod 0x00000156a1789c10
Event: 371.824 Thread 0x00000156b1834b20 flushing  nmethod 0x00000156a183b510
Event: 371.824 Thread 0x00000156b1834b20 flushing  nmethod 0x00000156a18a2590
Event: 371.824 Thread 0x00000156b1834b20 flushing  nmethod 0x00000156a18f9990
Event: 371.824 Thread 0x00000156b1834b20 flushing  nmethod 0x00000156a18fe710
Event: 371.824 Thread 0x00000156b1834b20 flushing  nmethod 0x00000156a190d290
Event: 371.824 Thread 0x00000156b1834b20 flushing  nmethod 0x00000156a191b310
Event: 371.824 Thread 0x00000156b1834b20 flushing  nmethod 0x00000156a193d310
Event: 371.824 Thread 0x00000156b1834b20 flushing osr nmethod 0x00000156a193dc90
Event: 371.824 Thread 0x00000156b1834b20 flushing  nmethod 0x00000156a194b290
Event: 371.824 Thread 0x00000156b1834b20 flushing  nmethod 0x00000156a195ae10
Event: 371.824 Thread 0x00000156b1834b20 flushing  nmethod 0x00000156a19d0910
Event: 371.824 Thread 0x00000156b1834b20 flushing  nmethod 0x00000156a19db910

Events (20 events):
Event: 1203.149 Thread 0x0000015680eea290 Thread exited: 0x0000015680eea290
Event: 1203.234 Thread 0x00000156fd699b60 Thread added: 0x0000015680ee9570
Event: 1203.235 Thread 0x0000015680ee9570 Thread exited: 0x0000015680ee9570
Event: 1203.236 Thread 0x00000156fd699b60 Thread added: 0x0000015680eec9f0
Event: 1203.236 Thread 0x0000015680eec9f0 Thread exited: 0x0000015680eec9f0
Event: 1237.859 Thread 0x00000156f3b13540 Thread added: 0x000001568b1c5730
Event: 1242.887 Thread 0x000001568b1c5730 Thread exited: 0x000001568b1c5730
Event: 1285.698 Thread 0x00000156fd69af10 Thread added: 0x0000015680eea290
Event: 1285.699 Thread 0x0000015680eea290 Thread exited: 0x0000015680eea290
Event: 1285.704 Thread 0x00000156fd69af10 Thread added: 0x0000015680ee9c00
Event: 1285.704 Thread 0x0000015680ee9c00 Thread added: 0x0000015680eec9f0
Event: 1285.704 Thread 0x0000015680ee9c00 Thread added: 0x0000015680eea290
Event: 1285.705 Thread 0x0000015680ee9c00 Thread added: 0x0000015680eea920
Event: 1285.705 Thread 0x0000015680eec9f0 Thread exited: 0x0000015680eec9f0
Event: 1285.705 Thread 0x0000015680eea920 Thread exited: 0x0000015680eea920
Event: 1285.705 Thread 0x0000015680eea290 Thread exited: 0x0000015680eea290
Event: 1285.705 Thread 0x0000015680ee9c00 Thread exited: 0x0000015680ee9c00
Event: 1309.743 Thread 0x0000015680053000 Thread exited: 0x0000015680053000
Event: 1366.392 Thread 0x00000156fd9bba70 Thread added: 0x0000015680eea920
Event: 1366.392 Thread 0x0000015680eea920 Thread exited: 0x0000015680eea920


Dynamic libraries:
0x00007ff6ab9c0000 - 0x00007ff6ab9ce000 	c:\Users\VI-Alumno\.vscode\extensions\redhat.java-1.54.0-win32-x64\jre\21.0.10-win32-x86_64\bin\java.exe
0x00007fff57940000 - 0x00007fff57ba7000 	C:\WINDOWS\SYSTEM32\ntdll.dll
0x00007fff57660000 - 0x00007fff57729000 	C:\WINDOWS\System32\KERNEL32.DLL
0x00007fff57260000 - 0x00007fff57654000 	C:\WINDOWS\System32\KERNELBASE.dll
0x000000007e170000 - 0x000000007e1ae000 	C:\WINDOWS\System32\cyinjct.dll
0x00007fff512c0000 - 0x00007fff512e4000 	C:\WINDOWS\System32\cyvera.dll
0x00007fff31d80000 - 0x00007fff31ee6000 	C:\WINDOWS\System32\cyvrtrap.dll
0x00007fff51100000 - 0x00007fff5119f000 	C:\WINDOWS\SYSTEM32\apphelp.dll
0x00007fff54080000 - 0x00007fff541cb000 	C:\WINDOWS\System32\ucrtbase.dll
0x00007fff31360000 - 0x00007fff31378000 	c:\Users\VI-Alumno\.vscode\extensions\redhat.java-1.54.0-win32-x64\jre\21.0.10-win32-x86_64\bin\jli.dll
0x00007fff57730000 - 0x00007fff578f5000 	C:\WINDOWS\System32\USER32.dll
0x00007fff55110000 - 0x00007fff55137000 	C:\WINDOWS\System32\win32u.dll
0x00007fff56200000 - 0x00007fff5622b000 	C:\WINDOWS\System32\GDI32.dll
0x00007fff54600000 - 0x00007fff5472b000 	C:\WINDOWS\System32\gdi32full.dll
0x00007fff54550000 - 0x00007fff545f3000 	C:\WINDOWS\System32\msvcp_win.dll
0x00007fff295f0000 - 0x00007fff2960e000 	c:\Users\VI-Alumno\.vscode\extensions\redhat.java-1.54.0-win32-x64\jre\21.0.10-win32-x86_64\bin\VCRUNTIME140.dll
0x00007fff29310000 - 0x00007fff295a3000 	C:\WINDOWS\WinSxS\amd64_microsoft.windows.common-controls_6595b64144ccf1df_6.0.26100.8115_none_3e075c82e3354f9c\COMCTL32.dll
0x00007fff555f0000 - 0x00007fff55699000 	C:\WINDOWS\System32\msvcrt.dll
0x00007fff56800000 - 0x00007fff56832000 	C:\WINDOWS\System32\IMM32.DLL
0x00007fff389e0000 - 0x00007fff389ec000 	c:\Users\VI-Alumno\.vscode\extensions\redhat.java-1.54.0-win32-x64\jre\21.0.10-win32-x86_64\bin\vcruntime140_1.dll
0x00007fff00940000 - 0x00007fff009cd000 	c:\Users\VI-Alumno\.vscode\extensions\redhat.java-1.54.0-win32-x64\jre\21.0.10-win32-x86_64\bin\msvcp140.dll
0x00007ffe8d8b0000 - 0x00007ffe8e651000 	c:\Users\VI-Alumno\.vscode\extensions\redhat.java-1.54.0-win32-x64\jre\21.0.10-win32-x86_64\bin\server\jvm.dll
0x00007fff55a30000 - 0x00007fff55ae6000 	C:\WINDOWS\System32\ADVAPI32.dll
0x00007fff563a0000 - 0x00007fff56447000 	C:\WINDOWS\System32\sechost.dll
0x00007fff57140000 - 0x00007fff57258000 	C:\WINDOWS\System32\RPCRT4.dll
0x00007fff56770000 - 0x00007fff567f0000 	C:\WINDOWS\System32\WS2_32.dll
0x00007fff53ee0000 - 0x00007fff53f3e000 	C:\WINDOWS\SYSTEM32\POWRPROF.dll
0x00007fff4c500000 - 0x00007fff4c536000 	C:\WINDOWS\SYSTEM32\WINMM.dll
0x00007fff420c0000 - 0x00007fff420cb000 	C:\WINDOWS\SYSTEM32\VERSION.dll
0x00007fff53ec0000 - 0x00007fff53ed4000 	C:\WINDOWS\SYSTEM32\UMPDC.dll
0x00007fff52dd0000 - 0x00007fff52deb000 	C:\WINDOWS\SYSTEM32\kernel.appcore.dll
0x00007fff342f0000 - 0x00007fff342fa000 	c:\Users\VI-Alumno\.vscode\extensions\redhat.java-1.54.0-win32-x64\jre\21.0.10-win32-x86_64\bin\jimage.dll
0x00007fff51ca0000 - 0x00007fff51ee2000 	C:\WINDOWS\SYSTEM32\DBGHELP.DLL
0x00007fff55c30000 - 0x00007fff55fb2000 	C:\WINDOWS\System32\combase.dll
0x00007fff55b40000 - 0x00007fff55c18000 	C:\WINDOWS\System32\OLEAUT32.dll
0x00007fff2b840000 - 0x00007fff2b87b000 	C:\WINDOWS\SYSTEM32\dbgcore.DLL
0x00007fff54350000 - 0x00007fff543f5000 	C:\WINDOWS\System32\bcryptPrimitives.dll
0x00007fff342a0000 - 0x00007fff342af000 	c:\Users\VI-Alumno\.vscode\extensions\redhat.java-1.54.0-win32-x64\jre\21.0.10-win32-x86_64\bin\instrument.dll
0x00007fff285a0000 - 0x00007fff285c0000 	c:\Users\VI-Alumno\.vscode\extensions\redhat.java-1.54.0-win32-x64\jre\21.0.10-win32-x86_64\bin\java.dll
0x00007fff334b0000 - 0x00007fff3350a000 	C:\Program Files\Palo Alto Networks\Traps\cyjagent.dll
0x00007fff28580000 - 0x00007fff28598000 	c:\Users\VI-Alumno\.vscode\extensions\redhat.java-1.54.0-win32-x64\jre\21.0.10-win32-x86_64\bin\zip.dll
0x00007fff56840000 - 0x00007fff56fa7000 	C:\WINDOWS\System32\SHELL32.dll
0x00007fff54730000 - 0x00007fff5489a000 	C:\WINDOWS\System32\wintypes.dll
0x00007fff548a0000 - 0x00007fff55108000 	C:\WINDOWS\System32\windows.storage.dll
0x00007fff55930000 - 0x00007fff55a28000 	C:\WINDOWS\System32\SHCORE.dll
0x00007fff55740000 - 0x00007fff557a6000 	C:\WINDOWS\System32\shlwapi.dll
0x00007fff53fa0000 - 0x00007fff53fc9000 	C:\WINDOWS\SYSTEM32\profapi.dll
0x00007fff33a50000 - 0x00007fff33a60000 	C:\Users\VI-Alumno\.vscode\extensions\redhat.java-1.54.0-win32-x64\jre\21.0.10-win32-x86_64\bin\net.dll
0x00007fff46080000 - 0x00007fff461ad000 	C:\WINDOWS\SYSTEM32\WINHTTP.dll
0x00007fff53320000 - 0x00007fff5338c000 	C:\WINDOWS\system32\mswsock.dll
0x00007fff182a0000 - 0x00007fff182b6000 	C:\Users\VI-Alumno\.vscode\extensions\redhat.java-1.54.0-win32-x64\jre\21.0.10-win32-x86_64\bin\nio.dll
0x00007fff31a30000 - 0x00007fff31a40000 	c:\Users\VI-Alumno\.vscode\extensions\redhat.java-1.54.0-win32-x64\jre\21.0.10-win32-x86_64\bin\verify.dll
0x00007fff06ce0000 - 0x00007fff06d25000 	C:\Users\VI-Alumno\AppData\Roaming\Code\User\globalStorage\redhat.java\1.54.0\config_win\org.eclipse.equinox.launcher\org.eclipse.equinox.launcher.win32.win32.x86_64_1.3.0.v20260203-2149\eclipse_11919.dll
0x00007fff56050000 - 0x00007fff561e7000 	C:\WINDOWS\System32\ole32.dll
0x00007fff31350000 - 0x00007fff3135a000 	C:\Users\VI-Alumno\.vscode\extensions\redhat.java-1.54.0-win32-x64\jre\21.0.10-win32-x86_64\bin\management.dll
0x00007fff31170000 - 0x00007fff3117c000 	C:\Users\VI-Alumno\.vscode\extensions\redhat.java-1.54.0-win32-x64\jre\21.0.10-win32-x86_64\bin\management_ext.dll
0x00007fff55730000 - 0x00007fff55738000 	C:\WINDOWS\System32\PSAPI.DLL
0x00007fff53720000 - 0x00007fff5373b000 	C:\WINDOWS\SYSTEM32\CRYPTSP.dll
0x00007fff52d30000 - 0x00007fff52d69000 	C:\WINDOWS\system32\rsaenh.dll
0x00007fff533d0000 - 0x00007fff53403000 	C:\WINDOWS\SYSTEM32\USERENV.dll
0x00007fff53f70000 - 0x00007fff53f9a000 	C:\WINDOWS\SYSTEM32\bcrypt.dll
0x00007fff53580000 - 0x00007fff5358c000 	C:\WINDOWS\SYSTEM32\CRYPTBASE.dll
0x00007fff52640000 - 0x00007fff52672000 	C:\WINDOWS\SYSTEM32\IPHLPAPI.DLL
0x00007fff55c20000 - 0x00007fff55c2a000 	C:\WINDOWS\System32\NSI.dll
0x00007fff010d0000 - 0x00007fff01119000 	C:\Users\VI-Alumno\AppData\Local\Temp\jna-801063294\jna7018163164425062306.dll
0x00007fff4b7a0000 - 0x00007fff4b7bd000 	C:\WINDOWS\SYSTEM32\dhcpcsvc6.DLL
0x00007fff4b770000 - 0x00007fff4b795000 	C:\WINDOWS\SYSTEM32\dhcpcsvc.DLL
0x00007fff30970000 - 0x00007fff3097e000 	C:\Users\VI-Alumno\.vscode\extensions\redhat.java-1.54.0-win32-x64\jre\21.0.10-win32-x86_64\bin\sunmscapi.dll
0x00007fff541d0000 - 0x00007fff54347000 	C:\WINDOWS\System32\CRYPT32.dll
0x00007fff53880000 - 0x00007fff538b0000 	C:\WINDOWS\SYSTEM32\ncrypt.dll
0x00007fff53830000 - 0x00007fff5386f000 	C:\WINDOWS\SYSTEM32\NTASN1.dll
0x00007fff52680000 - 0x00007fff527b2000 	C:\WINDOWS\SYSTEM32\DNSAPI.dll
0x00007fff461b0000 - 0x00007fff461bb000 	C:\Windows\System32\rasadhlp.dll
0x00007fff4c560000 - 0x00007fff4c5e6000 	C:\WINDOWS\System32\fwpuclnt.dll
0x00007fff305f0000 - 0x00007fff305f9000 	C:\Users\VI-Alumno\.vscode\extensions\redhat.java-1.54.0-win32-x64\jre\21.0.10-win32-x86_64\bin\extnet.dll
0x00007fff52ef0000 - 0x00007fff52f26000 	C:\WINDOWS\SYSTEM32\ntmarta.dll
0x00007fff00c50000 - 0x00007fff00c58000 	C:\WINDOWS\system32\wshunix.dll

JVMTI agents:
c:\Users\VI-Alumno\.vscode\extensions\redhat.java-1.54.0-win32-x64\lombok\lombok-1.18.39-4050.jar path:c:\Users\VI-Alumno\.vscode\extensions\redhat.java-1.54.0-win32-x64\jre\21.0.10-win32-x86_64\bin\instrument.dll, loaded, initialized, instrumentlib options:none
C:\Program Files\Palo Alto Networks\Traps\cyjagent.dll path:C:\Program Files\Palo Alto Networks\Traps\cyjagent.dll, loaded, initialized, options:none

dbghelp: loaded successfully - version: 4.0.5 - missing functions: none
symbol engine: initialized successfully - sym options: 0x614 - pdb path: .;c:\Users\VI-Alumno\.vscode\extensions\redhat.java-1.54.0-win32-x64\jre\21.0.10-win32-x86_64\bin;C:\WINDOWS\SYSTEM32;C:\WINDOWS\WinSxS\amd64_microsoft.windows.common-controls_6595b64144ccf1df_6.0.26100.8115_none_3e075c82e3354f9c;c:\Users\VI-Alumno\.vscode\extensions\redhat.java-1.54.0-win32-x64\jre\21.0.10-win32-x86_64\bin\server;C:\Program Files\Palo Alto Networks\Traps;C:\Users\VI-Alumno\AppData\Roaming\Code\User\globalStorage\redhat.java\1.54.0\config_win\org.eclipse.equinox.launcher\org.eclipse.equinox.launcher.win32.win32.x86_64_1.3.0.v20260203-2149;C:\Users\VI-Alumno\AppData\Local\Temp\jna-801063294

VM Arguments:
jvm_args: --add-modules=ALL-SYSTEM --add-opens=java.base/java.util=ALL-UNNAMED --add-opens=java.base/java.lang=ALL-UNNAMED --add-opens=java.base/sun.nio.fs=ALL-UNNAMED -Declipse.application=org.eclipse.jdt.ls.core.id1 -Dosgi.bundles.defaultStartLevel=4 -Declipse.product=org.eclipse.jdt.ls.core.product -Djava.import.generatesMetadataFilesAtProjectRoot=false -DDetectVMInstallationsJob.disabled=true -Dfile.encoding=utf8 -XX:+UseParallelGC -XX:GCTimeRatio=4 -XX:AdaptiveSizePolicyWeight=90 -Dsun.zip.disableMemoryMapping=true -Xmx2G -Xms100m -Xlog:disable -javaagent:c:\Users\VI-Alumno\.vscode\extensions\redhat.java-1.54.0-win32-x64\lombok\lombok-1.18.39-4050.jar -XX:+HeapDumpOnOutOfMemoryError -XX:HeapDumpPath=c:\Users\VI-Alumno\AppData\Roaming\Code\User\workspaceStorage\579a626f1f72c067fc84b447d5caf5ce\redhat.java -Daether.dependencyCollector.impl=bf -agentpath:C:\Program Files\Palo Alto Networks\Traps\cyjagent.dll 
java_command: c:\Users\VI-Alumno\.vscode\extensions\redhat.java-1.54.0-win32-x64\server\plugins\org.eclipse.equinox.launcher_1.7.100.v20251111-0406.jar -configuration c:\Users\VI-Alumno\AppData\Roaming\Code\User\globalStorage\redhat.java\1.54.0\config_win -data c:\Users\VI-Alumno\AppData\Roaming\Code\User\workspaceStorage\579a626f1f72c067fc84b447d5caf5ce\redhat.java\jdt_ws --pipe=\\.\pipe\lsp-59a0c37b0876d852d148d0ee8eb256dc-sock
java_class_path (initial): c:\Users\VI-Alumno\.vscode\extensions\redhat.java-1.54.0-win32-x64\server\plugins\org.eclipse.equinox.launcher_1.7.100.v20251111-0406.jar
Launcher Type: SUN_STANDARD

[Global flags]
    uintx AdaptiveSizePolicyWeight                 = 90                                        {product} {command line}
     intx CICompilerCount                          = 4                                         {product} {ergonomic}
    uintx GCTimeRatio                              = 4                                         {product} {command line}
     bool HeapDumpOnOutOfMemoryError               = true                                   {manageable} {command line}
    ccstr HeapDumpPath                             = c:\Users\VI-Alumno\AppData\Roaming\Code\User\workspaceStorage\579a626f1f72c067fc84b447d5caf5ce\redhat.java         {manageable} {command line}
   size_t InitialHeapSize                          = 104857600                                 {product} {command line}
   size_t MaxHeapSize                              = 2147483648                                {product} {command line}
   size_t MaxNewSize                               = 715653120                                 {product} {ergonomic}
   size_t MinHeapDeltaBytes                        = 524288                                    {product} {ergonomic}
   size_t MinHeapSize                              = 104857600                                 {product} {command line}
   size_t NewSize                                  = 34603008                                  {product} {ergonomic}
    uintx NonNMethodCodeHeapSize                   = 5839372                                {pd product} {ergonomic}
    uintx NonProfiledCodeHeapSize                  = 122909434                              {pd product} {ergonomic}
   size_t OldSize                                  = 70254592                                  {product} {ergonomic}
    uintx ProfiledCodeHeapSize                     = 122909434                              {pd product} {ergonomic}
    uintx ReservedCodeCacheSize                    = 251658240                              {pd product} {ergonomic}
     bool SegmentedCodeCache                       = true                                      {product} {ergonomic}
   size_t SoftMaxHeapSize                          = 2147483648                             {manageable} {ergonomic}
     bool UseCompressedOops                        = true                           {product lp64_product} {ergonomic}
     bool UseLargePagesIndividualAllocation        = false                                  {pd product} {ergonomic}
     bool UseParallelGC                            = true                                      {product} {command line}

Logging:
Log output configuration:
 #0: stdout all=off uptime,level,tags foldmultilines=false
 #1: stderr all=off uptime,level,tags foldmultilines=false

Release file:
JAVA_VERSION="21.0.10" 
MODULES="java.base java.compiler java.datatransfer java.xml java.prefs java.desktop java.instrument java.logging java.management java.security.sasl java.naming java.rmi java.management.rmi java.net.http java.scripting java.security.jgss java.transaction.xa java.sql java.sql.rowset java.xml.crypto java.se java.smartcardio jdk.accessibility jdk.internal.jvmstat jdk.attach jdk.charsets jdk.internal.opt jdk.zipfs jdk.compiler jdk.crypto.ec jdk.crypto.cryptoki jdk.crypto.mscapi jdk.dynalink jdk.internal.ed jdk.editpad jdk.hotspot.agent jdk.httpserver jdk.internal.le jdk.internal.vm.ci jdk.internal.vm.compiler jdk.internal.vm.compiler.management jdk.jartool jdk.javadoc jdk.jcmd jdk.management jdk.management.agent jdk.jconsole jdk.jdeps jdk.jdwp.agent jdk.jdi jdk.jfr jdk.jshell jdk.jsobject jdk.jstatd jdk.localedata jdk.management.jfr jdk.naming.dns jdk.naming.rmi jdk.net jdk.nio.mapmode jdk.random jdk.sctp jdk.security.auth jdk.security.jgss jdk.unsupported jdk.unsupported.desktop jdk.xml.dom" 

Environment Variables:
PATH=C:\Program Files\Microsoft VS Code;C:\app\Duoc\product\21c\dbhomeXE\bin;C:\Program Files (x86)\VMware\VMware Player\bin\;C:\Program Files\Common Files\Oracle\Java\javapath;C:\Program Files\Python312\Scripts\;C:\Program Files\Python312\;C:\WINDOWS\system32;C:\WINDOWS;C:\WINDOWS\System32\Wbem;C:\WINDOWS\System32\WindowsPowerShell\v1.0\;C:\WINDOWS\System32\OpenSSH\;C:\Users\VI-Alumno\AppData\Roaming\Python\Python312\Scripts;C:\Program Files\Microsoft VS Code\bin;C:\Program Files\dotnet\;C:\Program Files\Git\cmd;C:\Program Files\nodejs\;C:\Program Files\PuTTY\;C:\app\Duoc\product\21c\dbhomeXE\bin;C:\Program Files\Microsoft SQL Server\Client SDK\ODBC\170\Tools\Binn\;C:\Program Files (x86)\Microsoft SQL Server\150\Tools\Binn\;C:\Program Files\Microsoft SQL Server\150\Tools\Binn\;C:\Program Files\Microsoft SQL Server\150\DTS\Binn\;C:\Program Files (x86)\Microsoft SQL Server\150\DTS\Binn\;C:\Program Files\Azure Data Studio\bin;C:\Program Files\Microsoft SQL Server\130\Tools\Binn\;C:\Program Files (x86)\Microsoft SQL Server\110\DTS\Binn\;C:\Program Files (x86)\Microsoft SQL Server\120\DTS\Binn\;C:\Program Files (x86)\Microsoft SQL Server\130\DTS\Binn\;C:\Program Files (x86)\Microsoft SQL Server\140\DTS\Binn\;C:\Program Files (x86)\Microsoft SQL Server\160\DTS\Binn\;C:\Program Files\MongoDB\Server\8.0\bin;C:\Program Files\MySQL\MySQL Shell 8.0\bin\;C:\Users\VI-Alumno\AppData\Local\Microsoft\WindowsApps;C:\Users\VI-Alumno\AppData\Roaming\Python\Python312\Scripts;C:\Users\VI-Alumno\AppData\Roaming\npm;C:\app\Duoc\product\21c\dbhomeXE\bin;C:\Program Files\Azure Data Studio\bin;C:\Program Files (x86)\Nmap;C:\Program Files\JetBrains\IntelliJ IDEA Community Edition 2025.1\bin;;C:\Program Files\MongoDB\Server\8.0\bin;C:\Program Files\mongosh\
USERNAME=VI-Alumno
OS=Windows_NT
PROCESSOR_IDENTIFIER=Intel64 Family 6 Model 151 Stepping 5, GenuineIntel
TMP=C:\Users\VI-ALU~1\AppData\Local\Temp
TEMP=C:\Users\VI-ALU~1\AppData\Local\Temp




Periodic native trim disabled

---------------  S Y S T E M  ---------------

OS:
 Windows 11 , 64 bit Build 26100 (10.0.26100.8246)
OS uptime: 0 days 1:59 hours
Hyper-V role detected

CPU: total 12 (initial active 12) (6 cores per cpu, 2 threads per core) family 6 model 151 stepping 5 microcode 0x3a, cx8, cmov, fxsr, ht, mmx, 3dnowpref, sse, sse2, sse3, ssse3, sse4.1, sse4.2, popcnt, lzcnt, tsc, tscinvbit, avx, avx2, aes, erms, clmul, bmi1, bmi2, adx, sha, fma, vzeroupper, clflush, clflushopt, clwb, hv, serialize, rdtscp, rdpid, fsrm, f16c, cet_ibt, cet_ss
Processor Information for the first 12 processors :
  Max Mhz: 3000, Current Mhz: 3000, Mhz Limit: 3000

Memory: 4k page, system-wide physical 16072M (2302M free)
TotalPageFile size 19016M (AvailPageFile size 31M)
current process WorkingSet (physical memory assigned to process): 1831M, peak: 1946M
current process commit charge ("private bytes"): 1738M, peak: 1854M

vm_info: OpenJDK 64-Bit Server VM (21.0.10+7-LTS) for windows-amd64 JRE (21.0.10+7-LTS), built on 2026-01-20T00:00:00Z by "admin" with MS VC++ 17.12 (VS2022)

END.
