#
# There is insufficient memory for the Java Runtime Environment to continue.
# Native memory allocation (malloc) failed to allocate 1119056 bytes. Error detail: Chunk::new
# Possible reasons:
#   The system is out of physical RAM or swap space
#   This process is running with CompressedOops enabled, and the Java Heap may be blocking the growth of the native heap
# Possible solutions:
#   Reduce memory load on the system
#   Increase physical memory or swap space
#   Check if swap backing store is full
#   Decrease Java heap size (-Xmx/-Xms)
#   Decrease number of Java threads
#   Decrease Java thread stack sizes (-Xss)
#   Set larger code cache with -XX:ReservedCodeCacheSize=
#   JVM is running with Unscaled Compressed Oops mode in which the Java heap is
#     placed in the first 4GB address space. The Java Heap base address is the
#     maximum limit for the native heap growth. Please use -XX:HeapBaseMinAddress
#     to set the Java Heap base and to place the Java Heap above 4GB virtual address.
# This output file may be truncated or incomplete.
#
#  Out of Memory Error (arena.cpp:168), pid=25376, tid=22160
#
# JRE version: OpenJDK Runtime Environment Temurin-21.0.10+7 (21.0.10+7) (build 21.0.10+7-LTS)
# Java VM: OpenJDK 64-Bit Server VM Temurin-21.0.10+7 (21.0.10+7-LTS, mixed mode, sharing, tiered, compressed oops, compressed class ptrs, parallel gc, windows-amd64)
# No core dump will be written. Minidumps are not enabled by default on client versions of Windows
#

---------------  S U M M A R Y ------------

Command Line: --add-modules=ALL-SYSTEM --add-opens=java.base/java.util=ALL-UNNAMED --add-opens=java.base/java.lang=ALL-UNNAMED --add-opens=java.base/sun.nio.fs=ALL-UNNAMED -Declipse.application=org.eclipse.jdt.ls.core.id1 -Dosgi.bundles.defaultStartLevel=4 -Declipse.product=org.eclipse.jdt.ls.core.product -Djava.import.generatesMetadataFilesAtProjectRoot=false -DDetectVMInstallationsJob.disabled=true -Dfile.encoding=utf8 -XX:+UseParallelGC -XX:GCTimeRatio=4 -XX:AdaptiveSizePolicyWeight=90 -Dsun.zip.disableMemoryMapping=true -Xmx2G -Xms100m -Xlog:disable -javaagent:c:\Users\VI-Alumno\.vscode\extensions\redhat.java-1.54.0-win32-x64\lombok\lombok-1.18.39-4050.jar -XX:+HeapDumpOnOutOfMemoryError -XX:HeapDumpPath=c:\Users\VI-Alumno\AppData\Roaming\Code\User\workspaceStorage\460118cd2b215abaac10876e25b24637\redhat.java -Daether.dependencyCollector.impl=bf -agentpath:C:\Program Files\Palo Alto Networks\Traps\cyjagent.dll c:\Users\VI-Alumno\.vscode\extensions\redhat.java-1.54.0-win32-x64\server\plugins\org.eclipse.equinox.launcher_1.7.100.v20251111-0406.jar -configuration c:\Users\VI-Alumno\AppData\Roaming\Code\User\globalStorage\redhat.java\1.54.0\config_win -data c:\Users\VI-Alumno\AppData\Roaming\Code\User\workspaceStorage\460118cd2b215abaac10876e25b24637\redhat.java\jdt_ws --pipe=\\.\pipe\lsp-8998c8c1474d03cc796346ed4ea2babe-sock

Host: 12th Gen Intel(R) Core(TM) i5-12500, 12 cores, 15G,  Windows 11 , 64 bit Build 26100 (10.0.26100.8246)
Time: Thu Jun  4 17:39:52 2026 Hora est. Sudam廨ica Pac璗ico elapsed time: 207.140239 seconds (0d 0h 3m 27s)

---------------  T H R E A D  ---------------

Current thread (0x00000250e36c2210):  JavaThread "C2 CompilerThread0" daemon [_thread_in_native, id=22160, stack(0x000000ddeb800000,0x000000ddeb900000) (1024K)]


Current CompileTask:
C2:207140 26673   !   4       org.eclipse.jdt.internal.core.JavaModelManager::getZipFile (185 bytes)

Stack: [0x000000ddeb800000,0x000000ddeb900000]
Native frames: (J=compiled Java code, j=interpreted, Vv=VM code, C=native code)
V  [jvm.dll+0x6d7a39]
V  [jvm.dll+0x8b4b26]
V  [jvm.dll+0x8b70de]
V  [jvm.dll+0x8b77c3]
V  [jvm.dll+0x284346]
V  [jvm.dll+0xc66ed]
V  [jvm.dll+0xc6c31]
V  [jvm.dll+0x3bec01]
V  [jvm.dll+0x38b162]
V  [jvm.dll+0x38a5aa]
V  [jvm.dll+0x24c560]
V  [jvm.dll+0x24bb40]
V  [jvm.dll+0x1cb34e]
V  [jvm.dll+0x25b85d]
V  [jvm.dll+0x259dea]
V  [jvm.dll+0x3f857e]
V  [jvm.dll+0x85f59d]
V  [jvm.dll+0x6d626d]
C  [ucrtbase.dll+0x37b0]
C  [cyinjct.dll+0x11e7]
C  [KERNEL32.DLL+0x2e8d7]
C  [ntdll.dll+0x8c3fc]


---------------  P R O C E S S  ---------------

Threads class SMR info:
_java_thread_list=0x00000250eb6c57d0, length=87, elements={
0x00000250880a1ec0, 0x00000250880a2be0, 0x00000250880a2550, 0x00000250880a1830,
0x00000250880a3900, 0x00000250880a3f90, 0x00000250880a4620, 0x00000250e36c2210,
0x00000250e36c4070, 0x00000250880a4cb0, 0x00000250e3a216b0, 0x00000250e3a21d40,
0x00000250e3a223d0, 0x00000250e3a25850, 0x00000250e3a25ee0, 0x00000250e3a23e10,
0x00000250e3a244a0, 0x00000250e3a24b30, 0x00000250e3a230f0, 0x00000250e3a26c00,
0x00000250e3a23780, 0x00000250e3a27290, 0x00000250e3a28640, 0x00000250eb3f9680,
0x00000250eb3f8ff0, 0x00000250eb3fbde0, 0x00000250eb3fc470, 0x00000250eb3fb0c0,
0x00000250eb3f9d10, 0x00000250eb3fa3a0, 0x00000250eb3faa30, 0x00000250ebfdcf30,
0x00000250ebfe03b0, 0x00000250ebfe0a40, 0x00000250ebfdf000, 0x00000250ebfdd5c0,
0x00000250ebfe10d0, 0x00000250ebfdf690, 0x00000250ebfddc50, 0x00000250ebfde2e0,
0x00000250ebfe1df0, 0x00000250ebfdfd20, 0x00000250ebfe2b10, 0x00000250ebfe31a0,
0x00000250ebfe3830, 0x00000250ebfe3ec0, 0x00000250ec5d6cf0, 0x00000250ec5da170,
0x00000250ec5d8dc0, 0x00000250ec5d8730, 0x00000250ec5d7380, 0x00000250ec5d9ae0,
0x00000250ec5da800, 0x00000250ec5dae90, 0x00000250ec5d7a10, 0x00000250ec5db520,
0x00000250ec5d80a0, 0x00000250ec5dd5f0, 0x00000250ec5dc8d0, 0x00000250ec5ddc80,
0x00000250ec5de310, 0x00000250f6f07a40, 0x00000250f6f0b550, 0x00000250f6f08df0,
0x00000250f6f09480, 0x00000250f6f0aec0, 0x00000250f6f080d0, 0x00000250f6f0a830,
0x00000250f6f0bbe0, 0x00000250f6f0a1a0, 0x00000250f6f0cf90, 0x00000250f8ad3c00,
0x00000250f8ad4290, 0x00000250f8ad0e10, 0x00000250f8ad6360, 0x00000250f8ad4920,
0x00000250f8ad4fb0, 0x00000250f8ad5cd0, 0x00000250f8ad5640, 0x00000250f8ad69f0,
0x00000250f6f0f060, 0x00000250e3a22a60, 0x00000250ec5dc240, 0x00000250f5d95d10,
0x00000250fc826e70, 0x00000250fc824710, 0x00000250fc825ac0
}

Java Threads: ( => current thread )
  0x00000250880a1ec0 JavaThread "main"                              [_thread_blocked, id=5348, stack(0x000000ddeae00000,0x000000ddeaf00000) (1024K)]
  0x00000250880a2be0 JavaThread "Reference Handler"          daemon [_thread_blocked, id=9992, stack(0x000000ddeb200000,0x000000ddeb300000) (1024K)]
  0x00000250880a2550 JavaThread "Finalizer"                  daemon [_thread_blocked, id=23692, stack(0x000000ddeb300000,0x000000ddeb400000) (1024K)]
  0x00000250880a1830 JavaThread "Signal Dispatcher"          daemon [_thread_blocked, id=15296, stack(0x000000ddeb400000,0x000000ddeb500000) (1024K)]
  0x00000250880a3900 JavaThread "Attach Listener"            daemon [_thread_blocked, id=20216, stack(0x000000ddeb500000,0x000000ddeb600000) (1024K)]
  0x00000250880a3f90 JavaThread "Service Thread"             daemon [_thread_blocked, id=23996, stack(0x000000ddeb600000,0x000000ddeb700000) (1024K)]
  0x00000250880a4620 JavaThread "Monitor Deflation Thread"   daemon [_thread_blocked, id=13296, stack(0x000000ddeb700000,0x000000ddeb800000) (1024K)]
=>0x00000250e36c2210 JavaThread "C2 CompilerThread0"         daemon [_thread_in_native, id=22160, stack(0x000000ddeb800000,0x000000ddeb900000) (1024K)]
  0x00000250e36c4070 JavaThread "C1 CompilerThread0"         daemon [_thread_blocked, id=11300, stack(0x000000ddeb900000,0x000000ddeba00000) (1024K)]
  0x00000250880a4cb0 JavaThread "Common-Cleaner"             daemon [_thread_blocked, id=23704, stack(0x000000ddebb00000,0x000000ddebc00000) (1024K)]
  0x00000250e3a216b0 JavaThread "Notification Thread"        daemon [_thread_blocked, id=21092, stack(0x000000ddebc00000,0x000000ddebd00000) (1024K)]
  0x00000250e3a21d40 JavaThread "Active Thread: Equinox Container: 1edcca4d-af64-43dc-bfac-83a6ce98c054"        [_thread_blocked, id=5988, stack(0x000000ddec400000,0x000000ddec500000) (1024K)]
  0x00000250e3a223d0 JavaThread "Refresh Thread: Equinox Container: 1edcca4d-af64-43dc-bfac-83a6ce98c054" daemon [_thread_blocked, id=25120, stack(0x000000ddec600000,0x000000ddec700000) (1024K)]
  0x00000250e3a25850 JavaThread "Framework Event Dispatcher: Equinox Container: 1edcca4d-af64-43dc-bfac-83a6ce98c054" daemon [_thread_blocked, id=24360, stack(0x000000ddec700000,0x000000ddec800000) (1024K)]
  0x00000250e3a25ee0 JavaThread "Start Level: Equinox Container: 1edcca4d-af64-43dc-bfac-83a6ce98c054" daemon [_thread_blocked, id=15752, stack(0x000000ddec800000,0x000000ddec900000) (1024K)]
  0x00000250e3a23e10 JavaThread "Bundle File Closer"         daemon [_thread_blocked, id=25244, stack(0x000000ddecb00000,0x000000ddecc00000) (1024K)]
  0x00000250e3a244a0 JavaThread "SCR Component Actor"        daemon [_thread_blocked, id=4404, stack(0x000000ddeba00000,0x000000ddebb00000) (1024K)]
  0x00000250e3a24b30 JavaThread "Worker-JM"                         [_thread_blocked, id=15396, stack(0x000000ddecc00000,0x000000ddecd00000) (1024K)]
  0x00000250e3a230f0 JavaThread "JNA Cleaner"                daemon [_thread_blocked, id=6804, stack(0x000000ddecd00000,0x000000ddece00000) (1024K)]
  0x00000250e3a26c00 JavaThread "Worker-0: Publish Diagnostics"        [_thread_blocked, id=25152, stack(0x000000ddece00000,0x000000ddecf00000) (1024K)]
  0x00000250e3a23780 JavaThread "Worker-1"                          [_thread_blocked, id=11684, stack(0x000000ddecf00000,0x000000dded000000) (1024K)]
  0x00000250e3a27290 JavaThread "Worker-2"                          [_thread_blocked, id=10680, stack(0x000000dded000000,0x000000dded100000) (1024K)]
  0x00000250e3a28640 JavaThread "Java indexing"              daemon [_thread_blocked, id=13248, stack(0x000000dded200000,0x000000dded300000) (1024K)]
  0x00000250eb3f9680 JavaThread "Worker-3"                          [_thread_blocked, id=21076, stack(0x000000dded300000,0x000000dded400000) (1024K)]
  0x00000250eb3f8ff0 JavaThread "Worker-4"                          [_thread_blocked, id=15440, stack(0x000000dded700000,0x000000dded800000) (1024K)]
  0x00000250eb3fbde0 JavaThread "Worker-5"                          [_thread_blocked, id=21096, stack(0x000000dded800000,0x000000dded900000) (1024K)]
  0x00000250eb3fc470 JavaThread "Thread-1"                   daemon [_thread_in_native, id=19364, stack(0x000000dded900000,0x000000ddeda00000) (1024K)]
  0x00000250eb3fb0c0 JavaThread "Thread-2"                   daemon [_thread_in_native, id=18588, stack(0x000000ddeda00000,0x000000ddedb00000) (1024K)]
  0x00000250eb3f9d10 JavaThread "Thread-3"                   daemon [_thread_in_native, id=16700, stack(0x000000ddedb00000,0x000000ddedc00000) (1024K)]
  0x00000250eb3fa3a0 JavaThread "Thread-4"                   daemon [_thread_in_native, id=23588, stack(0x000000ddedc00000,0x000000ddedd00000) (1024K)]
  0x00000250eb3faa30 JavaThread "Thread-5"                   daemon [_thread_in_native, id=18416, stack(0x000000ddedd00000,0x000000ddede00000) (1024K)]
  0x00000250ebfdcf30 JavaThread "Thread-6"                   daemon [_thread_in_native, id=19100, stack(0x000000ddede00000,0x000000ddedf00000) (1024K)]
  0x00000250ebfe03b0 JavaThread "Thread-7"                   daemon [_thread_in_native, id=25004, stack(0x000000ddedf00000,0x000000ddee000000) (1024K)]
  0x00000250ebfe0a40 JavaThread "Thread-8"                   daemon [_thread_in_native, id=132, stack(0x000000ddee000000,0x000000ddee100000) (1024K)]
  0x00000250ebfdf000 JavaThread "Thread-9"                   daemon [_thread_in_native, id=24900, stack(0x000000ddee100000,0x000000ddee200000) (1024K)]
  0x00000250ebfdd5c0 JavaThread "Thread-10"                  daemon [_thread_in_native, id=21560, stack(0x000000ddee200000,0x000000ddee300000) (1024K)]
  0x00000250ebfe10d0 JavaThread "Thread-11"                  daemon [_thread_in_native, id=18248, stack(0x000000ddee300000,0x000000ddee400000) (1024K)]
  0x00000250ebfdf690 JavaThread "Thread-12"                  daemon [_thread_in_native, id=15404, stack(0x000000ddee400000,0x000000ddee500000) (1024K)]
  0x00000250ebfddc50 JavaThread "Thread-13"                  daemon [_thread_in_native, id=2220, stack(0x000000ddee500000,0x000000ddee600000) (1024K)]
  0x00000250ebfde2e0 JavaThread "pool-2-thread-1"                   [_thread_blocked, id=3188, stack(0x000000ddee600000,0x000000ddee700000) (1024K)]
  0x00000250ebfe1df0 JavaThread "WorkspaceEventsHandler"            [_thread_blocked, id=10484, stack(0x000000ddee700000,0x000000ddee800000) (1024K)]
  0x00000250ebfdfd20 JavaThread "pool-1-thread-1"                   [_thread_blocked, id=10056, stack(0x000000ddee800000,0x000000ddee900000) (1024K)]
  0x00000250ebfe2b10 JavaThread "LocalFile Deleter"          daemon [_thread_blocked, id=24012, stack(0x000000ddeea00000,0x000000ddeeb00000) (1024K)]
  0x00000250ebfe31a0 JavaThread "LocalFile Deleter"          daemon [_thread_blocked, id=16792, stack(0x000000ddeeb00000,0x000000ddeec00000) (1024K)]
  0x00000250ebfe3830 JavaThread "LocalFile Deleter"          daemon [_thread_blocked, id=13484, stack(0x000000ddeec00000,0x000000ddeed00000) (1024K)]
  0x00000250ebfe3ec0 JavaThread "LocalFile Deleter"          daemon [_thread_blocked, id=9900, stack(0x000000ddeed00000,0x000000ddeee00000) (1024K)]
  0x00000250ec5d6cf0 JavaThread "LocalFile Deleter"          daemon [_thread_blocked, id=17424, stack(0x000000ddeef00000,0x000000ddef000000) (1024K)]
  0x00000250ec5da170 JavaThread "LocalFile Deleter"          daemon [_thread_blocked, id=4204, stack(0x000000ddef100000,0x000000ddef200000) (1024K)]
  0x00000250ec5d8dc0 JavaThread "LocalFile Deleter"          daemon [_thread_blocked, id=14572, stack(0x000000ddef200000,0x000000ddef300000) (1024K)]
  0x00000250ec5d8730 JavaThread "LocalFile Deleter"          daemon [_thread_blocked, id=15012, stack(0x000000ddef300000,0x000000ddef400000) (1024K)]
  0x00000250ec5d7380 JavaThread "LocalFile Deleter"          daemon [_thread_blocked, id=22404, stack(0x000000ddef400000,0x000000ddef500000) (1024K)]
  0x00000250ec5d9ae0 JavaThread "Compiler Source File Reader" daemon [_thread_blocked, id=12468, stack(0x000000ddef500000,0x000000ddef600000) (1024K)]
  0x00000250ec5da800 JavaThread "Compiler Source File Reader" daemon [_thread_blocked, id=18136, stack(0x000000ddef600000,0x000000ddef700000) (1024K)]
  0x00000250ec5dae90 JavaThread "Compiler Source File Reader" daemon [_thread_blocked, id=7928, stack(0x000000ddef700000,0x000000ddef800000) (1024K)]
  0x00000250ec5d7a10 JavaThread "Compiler Source File Reader" daemon [_thread_blocked, id=16112, stack(0x000000ddef800000,0x000000ddef900000) (1024K)]
  0x00000250ec5db520 JavaThread "Compiler Source File Reader" daemon [_thread_blocked, id=24408, stack(0x000000ddef900000,0x000000ddefa00000) (1024K)]
  0x00000250ec5d80a0 JavaThread "Compiler Source File Reader" daemon [_thread_blocked, id=13136, stack(0x000000ddefa00000,0x000000ddefb00000) (1024K)]
  0x00000250ec5dd5f0 JavaThread "Compiler Source File Reader" daemon [_thread_blocked, id=13080, stack(0x000000ddefb00000,0x000000ddefc00000) (1024K)]
  0x00000250ec5dc8d0 JavaThread "Compiler Source File Reader" daemon [_thread_blocked, id=16556, stack(0x000000ddefc00000,0x000000ddefd00000) (1024K)]
  0x00000250ec5ddc80 JavaThread "Compiler Source File Reader" daemon [_thread_blocked, id=17320, stack(0x000000ddefd00000,0x000000ddefe00000) (1024K)]
  0x00000250ec5de310 JavaThread "Compiler Source File Reader" daemon [_thread_blocked, id=18236, stack(0x000000ddefe00000,0x000000ddeff00000) (1024K)]
  0x00000250f6f07a40 JavaThread "Compiler Class File Writer" daemon [_thread_blocked, id=22064, stack(0x000000ddf0000000,0x000000ddf0100000) (1024K)]
  0x00000250f6f0b550 JavaThread "Compiler Class File Writer" daemon [_thread_blocked, id=14604, stack(0x000000ddf0100000,0x000000ddf0200000) (1024K)]
  0x00000250f6f08df0 JavaThread "Compiler Class File Writer" daemon [_thread_blocked, id=4376, stack(0x000000ddf0200000,0x000000ddf0300000) (1024K)]
  0x00000250f6f09480 JavaThread "Compiler Class File Writer" daemon [_thread_blocked, id=5340, stack(0x000000ddf0300000,0x000000ddf0400000) (1024K)]
  0x00000250f6f0aec0 JavaThread "Compiler Class File Writer" daemon [_thread_blocked, id=22564, stack(0x000000ddf0400000,0x000000ddf0500000) (1024K)]
  0x00000250f6f080d0 JavaThread "Compiler Class File Writer" daemon [_thread_blocked, id=12648, stack(0x000000ddf0500000,0x000000ddf0600000) (1024K)]
  0x00000250f6f0a830 JavaThread "Compiler Class File Writer" daemon [_thread_blocked, id=4184, stack(0x000000ddf0600000,0x000000ddf0700000) (1024K)]
  0x00000250f6f0bbe0 JavaThread "Compiler Class File Writer" daemon [_thread_blocked, id=10832, stack(0x000000ddf0700000,0x000000ddf0800000) (1024K)]
  0x00000250f6f0a1a0 JavaThread "Compiler Class File Writer" daemon [_thread_blocked, id=10948, stack(0x000000ddf0800000,0x000000ddf0900000) (1024K)]
  0x00000250f6f0cf90 JavaThread "Compiler Class File Writer" daemon [_thread_blocked, id=8540, stack(0x000000ddf0900000,0x000000ddf0a00000) (1024K)]
  0x00000250f8ad3c00 JavaThread "ForkJoinPool.commonPool-worker-1" daemon [_thread_blocked, id=14640, stack(0x000000ddf0a00000,0x000000ddf0b00000) (1024K)]
  0x00000250f8ad4290 JavaThread "ForkJoinPool.commonPool-worker-2" daemon [_thread_blocked, id=14184, stack(0x000000ddf0b00000,0x000000ddf0c00000) (1024K)]
  0x00000250f8ad0e10 JavaThread "ForkJoinPool.commonPool-worker-3" daemon [_thread_blocked, id=22416, stack(0x000000ddf0c00000,0x000000ddf0d00000) (1024K)]
  0x00000250f8ad6360 JavaThread "ForkJoinPool.commonPool-worker-4" daemon [_thread_blocked, id=23596, stack(0x000000ddf0d00000,0x000000ddf0e00000) (1024K)]
  0x00000250f8ad4920 JavaThread "ForkJoinPool.commonPool-worker-5" daemon [_thread_blocked, id=23820, stack(0x000000ddf0e00000,0x000000ddf0f00000) (1024K)]
  0x00000250f8ad4fb0 JavaThread "ForkJoinPool.commonPool-worker-6" daemon [_thread_blocked, id=11428, stack(0x000000ddf0f00000,0x000000ddf1000000) (1024K)]
  0x00000250f8ad5cd0 JavaThread "ForkJoinPool.commonPool-worker-7" daemon [_thread_blocked, id=17976, stack(0x000000ddf1000000,0x000000ddf1100000) (1024K)]
  0x00000250f8ad5640 JavaThread "ForkJoinPool.commonPool-worker-8" daemon [_thread_blocked, id=5808, stack(0x000000ddf1100000,0x000000ddf1200000) (1024K)]
  0x00000250f8ad69f0 JavaThread "ForkJoinPool.commonPool-worker-9" daemon [_thread_blocked, id=16608, stack(0x000000ddf1200000,0x000000ddf1300000) (1024K)]
  0x00000250f6f0f060 JavaThread "ForkJoinPool.commonPool-worker-10" daemon [_thread_blocked, id=22728, stack(0x000000ddf1300000,0x000000ddf1400000) (1024K)]
  0x00000250e3a22a60 JavaThread "ForkJoinPool.commonPool-worker-11" daemon [_thread_blocked, id=25060, stack(0x000000ddf1400000,0x000000ddf1500000) (1024K)]
  0x00000250ec5dc240 JavaThread "Cleaner-0"                  daemon [_thread_blocked, id=2172, stack(0x000000ddf1500000,0x000000ddf1600000) (1024K)]
  0x00000250f5d95d10 JavaThread "pool-1-thread-2"                   [_thread_blocked, id=12964, stack(0x000000ddf1600000,0x000000ddf1700000) (1024K)]
  0x00000250fc826e70 JavaThread "HttpClient-1-SelectorManager" daemon [_thread_in_native, id=9796, stack(0x000000dded100000,0x000000dded200000) (1024K)]
  0x00000250fc824710 JavaThread "HttpClient-1-Worker-0"      daemon [_thread_blocked, id=24616, stack(0x000000dded400000,0x000000dded500000) (1024K)]
  0x00000250fc825ac0 JavaThread "HttpClient-1-Worker-1"      daemon [_thread_blocked, id=7180, stack(0x000000dded600000,0x000000dded700000) (1024K)]
Total: 87

Other Threads:
  0x00000250e36a0950 VMThread "VM Thread"                           [id=17524, stack(0x000000ddeb100000,0x000000ddeb200000) (1024K)]
  0x000002508815dfe0 WatcherThread "VM Periodic Task Thread"        [id=6016, stack(0x000000ddeb000000,0x000000ddeb100000) (1024K)]
  0x000002508a981f20 WorkerThread "GC Thread#0"                     [id=18492, stack(0x000000ddeaf00000,0x000000ddeb000000) (1024K)]
  0x00000250e95abdf0 WorkerThread "GC Thread#1"                     [id=23384, stack(0x000000ddebe00000,0x000000ddebf00000) (1024K)]
  0x00000250e968c4f0 WorkerThread "GC Thread#2"                     [id=14924, stack(0x000000ddebf00000,0x000000ddec000000) (1024K)]
  0x00000250e968c8a0 WorkerThread "GC Thread#3"                     [id=14552, stack(0x000000ddec000000,0x000000ddec100000) (1024K)]
  0x00000250e968cc50 WorkerThread "GC Thread#4"                     [id=4440, stack(0x000000ddec100000,0x000000ddec200000) (1024K)]
  0x00000250e952aae0 WorkerThread "GC Thread#5"                     [id=11760, stack(0x000000ddec200000,0x000000ddec300000) (1024K)]
  0x00000250e952b6a0 WorkerThread "GC Thread#6"                     [id=13244, stack(0x000000ddec300000,0x000000ddec400000) (1024K)]
  0x00000250e9bac800 WorkerThread "GC Thread#7"                     [id=2436, stack(0x000000ddec500000,0x000000ddec600000) (1024K)]
  0x00000250e98dfa20 WorkerThread "GC Thread#8"                     [id=1744, stack(0x000000ddec900000,0x000000ddeca00000) (1024K)]
  0x00000250e9f0c010 WorkerThread "GC Thread#9"                     [id=14188, stack(0x000000ddeca00000,0x000000ddecb00000) (1024K)]
Total: 12

Threads with active compile tasks:
C2 CompilerThread0  207162 26673   !   4       org.eclipse.jdt.internal.core.JavaModelManager::getZipFile (185 bytes)
Total: 1

VM state: at safepoint (normal execution)

VM Mutex/Monitor currently owned by a thread:  ([mutex/lock_event])
[0x00007fffc0c0e560] Threads_lock - owner thread: 0x00000250e36a0950
[0x00007fffc0c0e660] Heap_lock - owner thread: 0x00000250e3a26c00
[0x00007fffc0c0eae0] PSOldGenExpand_lock - owner thread: 0x00000250e968c8a0

Heap address: 0x0000000080000000, size: 2048 MB, Compressed Oops mode: 32-bit

CDS archive(s) mapped at: [0x00000250a2000000-0x00000250a2ba0000-0x00000250a2ba0000), size 12189696, SharedBaseAddress: 0x00000250a2000000, ArchiveRelocationMode: 1.
Compressed class space mapped at: 0x00000250a3000000-0x00000250e3000000, reserved size: 1073741824
Narrow klass base: 0x00000250a2000000, Narrow klass shift: 0, Narrow klass range: 0x100000000

GC Precious Log:
 CardTable entry size: 512
 CPUs: 12 total, 12 available
 Memory: 16072M
 Large Page Support: Disabled
 NUMA Support: Disabled
 Compressed Oops: Enabled (32-bit)
 Alignments: Space 512K, Generation 512K, Heap 2M
 Heap Min Capacity: 100M
 Heap Initial Capacity: 100M
 Heap Max Capacity: 2G
 Pre-touch: Disabled
 Parallel Workers: 10

Heap:
 PSYoungGen      total 6656K, used 6260K [0x00000000d5580000, 0x00000000d5d80000, 0x0000000100000000)
  eden space 5632K, 100% used [0x00000000d5580000,0x00000000d5b00000,0x00000000d5b00000)
  from space 1024K, 61% used [0x00000000d5c00000,0x00000000d5c9d200,0x00000000d5d00000)
  to   space 1024K, 60% used [0x00000000d5b00000,0x00000000d5b9a910,0x00000000d5c00000)
 ParOldGen       total 1377792K, used 1377786K [0x0000000080000000, 0x00000000d4180000, 0x00000000d5580000)
  object space 1377792K, 99% used [0x0000000080000000,0x00000000d417ebb0,0x00000000d4180000)
 Metaspace       used 95202K, committed 97280K, reserved 1179648K
  class space    used 9715K, committed 10688K, reserved 1048576K

Card table byte_map: [0x000002508a480000,0x000002508a890000] _byte_map_base: 0x000002508a080000

Marking Bits: (ParMarkBitMap*) 0x00007fffc0c13450
 Begin Bits: [0x000002509cde0000, 0x000002509ede0000)
 End Bits:   [0x000002509ede0000, 0x00000250a0de0000)

Polling page: 0x0000025088600000

Metaspace:

Usage:
  Non-class:     83.48 MB used.
      Class:      9.49 MB used.
       Both:     92.97 MB used.

Virtual space:
  Non-class space:      128.00 MB reserved,      84.56 MB ( 66%) committed,  2 nodes.
      Class space:        1.00 GB reserved,      10.44 MB (  1%) committed,  1 nodes.
             Both:        1.12 GB reserved,      95.00 MB (  8%) committed. 

Chunk freelists:
   Non-Class:  10.56 MB
       Class:  5.58 MB
        Both:  16.14 MB

MaxMetaspaceSize: unlimited
CompressedClassSpaceSize: 1.00 GB
Initial GC threshold: 21.00 MB
Current GC threshold: 143.75 MB
CDS: on
 - commit_granule_bytes: 65536.
 - commit_granule_words: 8192.
 - virtual_space_node_default_size: 8388608.
 - enlarge_chunks_in_place: 1.
 - use_allocation_guard: 0.


Internal statistics:

num_allocs_failed_limit: 9.
num_arena_births: 1894.
num_arena_deaths: 52.
num_vsnodes_births: 3.
num_vsnodes_deaths: 0.
num_space_committed: 1520.
num_space_uncommitted: 0.
num_chunks_returned_to_freelist: 80.
num_chunks_taken_from_freelist: 6753.
num_chunk_merges: 33.
num_chunk_splits: 4020.
num_chunks_enlarged: 2159.
num_inconsistent_stats: 0.

CodeHeap 'non-profiled nmethods': size=120000Kb used=24743Kb max_used=24743Kb free=95256Kb
 bounds [0x0000025095600000, 0x0000025096e30000, 0x000002509cb30000]
CodeHeap 'profiled nmethods': size=120000Kb used=52864Kb max_used=52864Kb free=67135Kb
 bounds [0x000002508db30000, 0x0000025090ee0000, 0x0000025095060000]
CodeHeap 'non-nmethods': size=5760Kb used=1522Kb max_used=1561Kb free=4237Kb
 bounds [0x0000025095060000, 0x00000250952d0000, 0x0000025095600000]
CodeCache: size=245760Kb, used=79129Kb, max_used=79168Kb, free=166628Kb
 total_blobs=22344, nmethods=21500, adapters=744, full_count=0
Compilation: enabled, stopped_count=0, restarted_count=0

Compilation events (20 events):
Event: 206.044 Thread 0x00000250e36c2210 nmethod 26661 0x0000025096e22a90 code [0x0000025096e22c60, 0x0000025096e22f30]
Event: 206.052 Thread 0x00000250e36c4070 26665       3       org.eclipse.jdt.internal.core.ImportDeclaration::<init> (16 bytes)
Event: 206.052 Thread 0x00000250e36c4070 nmethod 26665 0x0000025090ebfa90 code [0x0000025090ebfc60, 0x0000025090ec00a8]
Event: 206.052 Thread 0x00000250e36c4070 26666       3       org.eclipse.jdt.internal.core.CompilationUnitStructureRequestor::acceptImport (196 bytes)
Event: 206.053 Thread 0x00000250e36c4070 nmethod 26666 0x0000025090ec0290 code [0x0000025090ec0620, 0x0000025090ec2120]
Event: 206.057 Thread 0x00000250e36c4070 26667       3       org.eclipse.jdt.internal.core.CompilationUnitStructureRequestor::acceptMethodParameters (290 bytes)
Event: 206.057 Thread 0x00000250e36c2210 26669       4       lombok.eclipse.agent.PatchDelegate$EclipseOnlyMethods::getGeneratedMethods (72 bytes)
Event: 206.058 Thread 0x00000250e36c4070 nmethod 26667 0x0000025090ec2b10 code [0x0000025090ec2ea0, 0x0000025090ec4ed0]
Event: 206.058 Thread 0x00000250e36c4070 26668       3       org.eclipse.jdt.internal.compiler.SourceElementNotifier::notifySourceElementRequestor (988 bytes)
Event: 206.059 Thread 0x00000250e36c4070 nmethod 26668 0x0000025090ec5d10 code [0x0000025090ec6140, 0x0000025090ec8a30]
Event: 206.065 Thread 0x00000250e36c4070 26671   !   3       org.eclipse.jdt.internal.core.NameLookup::acceptType (147 bytes)
Event: 206.065 Thread 0x00000250e36c4070 nmethod 26671 0x0000025090ec9890 code [0x0000025090ec9b80, 0x0000025090ecac78]
Event: 206.079 Thread 0x00000250e36c2210 nmethod 26669 0x0000025096e23190 code [0x0000025096e235e0, 0x0000025096e25528]
Event: 206.079 Thread 0x00000250e36c2210 26670   !   4       lombok.core.FieldAugment$ReflectionFieldAugment::setIfAbsent (86 bytes)
Event: 206.090 Thread 0x00000250e36c2210 nmethod 26670 0x0000025096e26e90 code [0x0000025096e27200, 0x0000025096e285e0]
Event: 206.090 Thread 0x00000250e36c2210 26672       4       org.eclipse.jdt.internal.core.ImportDeclaration::getFlags (13 bytes)
Event: 206.092 Thread 0x00000250e36c2210 nmethod 26672 0x0000025096e29690 code [0x0000025096e29880, 0x0000025096e29b40]
Event: 206.092 Thread 0x00000250e36c2210 26673   !   4       org.eclipse.jdt.internal.core.JavaModelManager::getZipFile (185 bytes)
Event: 206.094 Thread 0x00000250e36c4070 26674   !   3       org.eclipse.jdt.internal.core.NameLookup::findType (673 bytes)
Event: 206.099 Thread 0x00000250e36c4070 nmethod 26674 0x0000025090ecb190 code [0x0000025090ecbd00, 0x0000025090ed3ba0]

GC Heap History (20 events):
Event: 205.416 GC heap after
{Heap after GC invocations=2238 (full 5):
 PSYoungGen      total 4096K, used 640K [0x00000000d5580000, 0x00000000d5e00000, 0x0000000100000000)
  eden space 3072K, 0% used [0x00000000d5580000,0x00000000d5580000,0x00000000d5880000)
  from space 1024K, 62% used [0x00000000d5880000,0x00000000d5920000,0x00000000d5980000)
  to   space 1024K, 0% used [0x00000000d5d00000,0x00000000d5d00000,0x00000000d5e00000)
 ParOldGen       total 1370624K, used 1370306K [0x0000000080000000, 0x00000000d3a80000, 0x00000000d5580000)
  object space 1370624K, 99% used [0x0000000080000000,0x00000000d3a30b48,0x00000000d3a80000)
 Metaspace       used 95067K, committed 97216K, reserved 1179648K
  class space    used 9681K, committed 10688K, reserved 1048576K
}
Event: 205.987 GC heap before
{Heap before GC invocations=2239 (full 5):
 PSYoungGen      total 4096K, used 3711K [0x00000000d5580000, 0x00000000d5e00000, 0x0000000100000000)
  eden space 3072K, 99% used [0x00000000d5580000,0x00000000d587fff0,0x00000000d5880000)
  from space 1024K, 62% used [0x00000000d5880000,0x00000000d5920000,0x00000000d5980000)
  to   space 1024K, 0% used [0x00000000d5d00000,0x00000000d5d00000,0x00000000d5e00000)
 ParOldGen       total 1370624K, used 1370306K [0x0000000080000000, 0x00000000d3a80000, 0x00000000d5580000)
  object space 1370624K, 99% used [0x0000000080000000,0x00000000d3a30b48,0x00000000d3a80000)
 Metaspace       used 95069K, committed 97216K, reserved 1179648K
  class space    used 9681K, committed 10688K, reserved 1048576K
}
Event: 205.990 GC heap after
{Heap after GC invocations=2239 (full 5):
 PSYoungGen      total 4096K, used 724K [0x00000000d5580000, 0x00000000d5e00000, 0x0000000100000000)
  eden space 3072K, 0% used [0x00000000d5580000,0x00000000d5580000,0x00000000d5880000)
  from space 1024K, 70% used [0x00000000d5d00000,0x00000000d5db5200,0x00000000d5e00000)
  to   space 1024K, 0% used [0x00000000d5880000,0x00000000d5880000,0x00000000d5980000)
 ParOldGen       total 1371136K, used 1370822K [0x0000000080000000, 0x00000000d3b00000, 0x00000000d5580000)
  object space 1371136K, 99% used [0x0000000080000000,0x00000000d3ab1b58,0x00000000d3b00000)
 Metaspace       used 95069K, committed 97216K, reserved 1179648K
  class space    used 9681K, committed 10688K, reserved 1048576K
}
Event: 205.995 GC heap before
{Heap before GC invocations=2240 (full 5):
 PSYoungGen      total 4096K, used 3796K [0x00000000d5580000, 0x00000000d5e00000, 0x0000000100000000)
  eden space 3072K, 100% used [0x00000000d5580000,0x00000000d5880000,0x00000000d5880000)
  from space 1024K, 70% used [0x00000000d5d00000,0x00000000d5db5200,0x00000000d5e00000)
  to   space 1024K, 0% used [0x00000000d5880000,0x00000000d5880000,0x00000000d5980000)
 ParOldGen       total 1371136K, used 1370822K [0x0000000080000000, 0x00000000d3b00000, 0x00000000d5580000)
  object space 1371136K, 99% used [0x0000000080000000,0x00000000d3ab1b58,0x00000000d3b00000)
 Metaspace       used 95069K, committed 97216K, reserved 1179648K
  class space    used 9681K, committed 10688K, reserved 1048576K
}
Event: 205.997 GC heap after
{Heap after GC invocations=2240 (full 5):
 PSYoungGen      total 4096K, used 999K [0x00000000d5580000, 0x00000000d5d80000, 0x0000000100000000)
  eden space 3072K, 0% used [0x00000000d5580000,0x00000000d5580000,0x00000000d5880000)
  from space 1024K, 97% used [0x00000000d5880000,0x00000000d5979ed8,0x00000000d5980000)
  to   space 2048K, 0% used [0x00000000d5b80000,0x00000000d5b80000,0x00000000d5d80000)
 ParOldGen       total 1371648K, used 1371532K [0x0000000080000000, 0x00000000d3b80000, 0x00000000d5580000)
  object space 1371648K, 99% used [0x0000000080000000,0x00000000d3b63090,0x00000000d3b80000)
 Metaspace       used 95069K, committed 97216K, reserved 1179648K
  class space    used 9681K, committed 10688K, reserved 1048576K
}
Event: 205.999 GC heap before
{Heap before GC invocations=2241 (full 5):
 PSYoungGen      total 4096K, used 4071K [0x00000000d5580000, 0x00000000d5d80000, 0x0000000100000000)
  eden space 3072K, 99% used [0x00000000d5580000,0x00000000d587fff0,0x00000000d5880000)
  from space 1024K, 97% used [0x00000000d5880000,0x00000000d5979ed8,0x00000000d5980000)
  to   space 2048K, 0% used [0x00000000d5b80000,0x00000000d5b80000,0x00000000d5d80000)
 ParOldGen       total 1371648K, used 1371532K [0x0000000080000000, 0x00000000d3b80000, 0x00000000d5580000)
  object space 1371648K, 99% used [0x0000000080000000,0x00000000d3b63090,0x00000000d3b80000)
 Metaspace       used 95069K, committed 97216K, reserved 1179648K
  class space    used 9681K, committed 10688K, reserved 1048576K
}
Event: 206.002 GC heap after
{Heap after GC invocations=2241 (full 5):
 PSYoungGen      total 4608K, used 378K [0x00000000d5580000, 0x00000000d5c00000, 0x0000000100000000)
  eden space 4096K, 0% used [0x00000000d5580000,0x00000000d5580000,0x00000000d5980000)
  from space 512K, 73% used [0x00000000d5b80000,0x00000000d5bde900,0x00000000d5c00000)
  to   space 1024K, 0% used [0x00000000d5a00000,0x00000000d5a00000,0x00000000d5b00000)
 ParOldGen       total 1372672K, used 1372429K [0x0000000080000000, 0x00000000d3c80000, 0x00000000d5580000)
  object space 1372672K, 99% used [0x0000000080000000,0x00000000d3c43418,0x00000000d3c80000)
 Metaspace       used 95069K, committed 97216K, reserved 1179648K
  class space    used 9681K, committed 10688K, reserved 1048576K
}
Event: 206.004 GC heap before
{Heap before GC invocations=2242 (full 5):
 PSYoungGen      total 4608K, used 4474K [0x00000000d5580000, 0x00000000d5c00000, 0x0000000100000000)
  eden space 4096K, 99% used [0x00000000d5580000,0x00000000d597fff0,0x00000000d5980000)
  from space 512K, 73% used [0x00000000d5b80000,0x00000000d5bde900,0x00000000d5c00000)
  to   space 1024K, 0% used [0x00000000d5a00000,0x00000000d5a00000,0x00000000d5b00000)
 ParOldGen       total 1372672K, used 1372429K [0x0000000080000000, 0x00000000d3c80000, 0x00000000d5580000)
  object space 1372672K, 99% used [0x0000000080000000,0x00000000d3c43418,0x00000000d3c80000)
 Metaspace       used 95069K, committed 97216K, reserved 1179648K
  class space    used 9681K, committed 10688K, reserved 1048576K
}
Event: 206.007 GC heap after
{Heap after GC invocations=2242 (full 5):
 PSYoungGen      total 5632K, used 1024K [0x00000000d5580000, 0x00000000d5e80000, 0x0000000100000000)
  eden space 4608K, 0% used [0x00000000d5580000,0x00000000d5580000,0x00000000d5a00000)
  from space 1024K, 100% used [0x00000000d5a00000,0x00000000d5b00000,0x00000000d5b00000)
  to   space 2048K, 0% used [0x00000000d5c80000,0x00000000d5c80000,0x00000000d5e80000)
 ParOldGen       total 1373184K, used 1372958K [0x0000000080000000, 0x00000000d3d00000, 0x00000000d5580000)
  object space 1373184K, 99% used [0x0000000080000000,0x00000000d3cc7818,0x00000000d3d00000)
 Metaspace       used 95069K, committed 97216K, reserved 1179648K
  class space    used 9681K, committed 10688K, reserved 1048576K
}
Event: 206.010 GC heap before
{Heap before GC invocations=2243 (full 5):
 PSYoungGen      total 5632K, used 5610K [0x00000000d5580000, 0x00000000d5e80000, 0x0000000100000000)
  eden space 4608K, 99% used [0x00000000d5580000,0x00000000d59fabe0,0x00000000d5a00000)
  from space 1024K, 100% used [0x00000000d5a00000,0x00000000d5b00000,0x00000000d5b00000)
  to   space 2048K, 0% used [0x00000000d5c80000,0x00000000d5c80000,0x00000000d5e80000)
 ParOldGen       total 1373184K, used 1372958K [0x0000000080000000, 0x00000000d3d00000, 0x00000000d5580000)
  object space 1373184K, 99% used [0x0000000080000000,0x00000000d3cc7818,0x00000000d3d00000)
 Metaspace       used 95069K, committed 97216K, reserved 1179648K
  class space    used 9681K, committed 10688K, reserved 1048576K
}
Event: 206.013 GC heap after
{Heap after GC invocations=2243 (full 5):
 PSYoungGen      total 5632K, used 2042K [0x00000000d5580000, 0x00000000d6200000, 0x0000000100000000)
  eden space 3584K, 0% used [0x00000000d5580000,0x00000000d5580000,0x00000000d5900000)
  from space 2048K, 99% used [0x00000000d5c80000,0x00000000d5e7e900,0x00000000d5e80000)
  to   space 3584K, 0% used [0x00000000d5900000,0x00000000d5900000,0x00000000d5c80000)
 ParOldGen       total 1374208K, used 1374006K [0x0000000080000000, 0x00000000d3e00000, 0x00000000d5580000)
  object space 1374208K, 99% used [0x0000000080000000,0x00000000d3dcd818,0x00000000d3e00000)
 Metaspace       used 95069K, committed 97216K, reserved 1179648K
  class space    used 9681K, committed 10688K, reserved 1048576K
}
Event: 206.017 GC heap before
{Heap before GC invocations=2244 (full 5):
 PSYoungGen      total 5632K, used 5626K [0x00000000d5580000, 0x00000000d6200000, 0x0000000100000000)
  eden space 3584K, 100% used [0x00000000d5580000,0x00000000d5900000,0x00000000d5900000)
  from space 2048K, 99% used [0x00000000d5c80000,0x00000000d5e7e900,0x00000000d5e80000)
  to   space 3584K, 0% used [0x00000000d5900000,0x00000000d5900000,0x00000000d5c80000)
 ParOldGen       total 1374208K, used 1374006K [0x0000000080000000, 0x00000000d3e00000, 0x00000000d5580000)
  object space 1374208K, 99% used [0x0000000080000000,0x00000000d3dcd818,0x00000000d3e00000)
 Metaspace       used 95069K, committed 97216K, reserved 1179648K
  class space    used 9681K, committed 10688K, reserved 1048576K
}
Event: 206.020 GC heap after
{Heap after GC invocations=2244 (full 5):
 PSYoungGen      total 5120K, used 1279K [0x00000000d5580000, 0x00000000d5e00000, 0x0000000100000000)
  eden space 3584K, 0% used [0x00000000d5580000,0x00000000d5580000,0x00000000d5900000)
  from space 1536K, 83% used [0x00000000d5900000,0x00000000d5a3ff60,0x00000000d5a80000)
  to   space 2048K, 0% used [0x00000000d5c00000,0x00000000d5c00000,0x00000000d5e00000)
 ParOldGen       total 1376256K, used 1375982K [0x0000000080000000, 0x00000000d4000000, 0x00000000d5580000)
  object space 1376256K, 99% used [0x0000000080000000,0x00000000d3fbb818,0x00000000d4000000)
 Metaspace       used 95069K, committed 97216K, reserved 1179648K
  class space    used 9681K, committed 10688K, reserved 1048576K
}
Event: 206.023 GC heap before
{Heap before GC invocations=2245 (full 5):
 PSYoungGen      total 5120K, used 4863K [0x00000000d5580000, 0x00000000d5e00000, 0x0000000100000000)
  eden space 3584K, 100% used [0x00000000d5580000,0x00000000d5900000,0x00000000d5900000)
  from space 1536K, 83% used [0x00000000d5900000,0x00000000d5a3ff60,0x00000000d5a80000)
  to   space 2048K, 0% used [0x00000000d5c00000,0x00000000d5c00000,0x00000000d5e00000)
 ParOldGen       total 1376256K, used 1375982K [0x0000000080000000, 0x00000000d4000000, 0x00000000d5580000)
  object space 1376256K, 99% used [0x0000000080000000,0x00000000d3fbb818,0x00000000d4000000)
 Metaspace       used 95069K, committed 97216K, reserved 1179648K
  class space    used 9681K, committed 10688K, reserved 1048576K
}
Event: 206.025 GC heap after
{Heap after GC invocations=2245 (full 5):
 PSYoungGen      total 5120K, used 0K [0x00000000d5580000, 0x00000000d5c80000, 0x0000000100000000)
  eden space 4608K, 0% used [0x00000000d5580000,0x00000000d5580000,0x00000000d5a00000)
  from space 512K, 0% used [0x00000000d5c00000,0x00000000d5c00000,0x00000000d5c80000)
  to   space 1024K, 0% used [0x00000000d5a80000,0x00000000d5a80000,0x00000000d5b80000)
 ParOldGen       total 1377280K, used 1377197K [0x0000000080000000, 0x00000000d4100000, 0x00000000d5580000)
  object space 1377280K, 99% used [0x0000000080000000,0x00000000d40eb778,0x00000000d4100000)
 Metaspace       used 95069K, committed 97216K, reserved 1179648K
  class space    used 9681K, committed 10688K, reserved 1048576K
}
Event: 206.061 GC heap before
{Heap before GC invocations=2246 (full 5):
 PSYoungGen      total 5120K, used 4608K [0x00000000d5580000, 0x00000000d5c80000, 0x0000000100000000)
  eden space 4608K, 100% used [0x00000000d5580000,0x00000000d5a00000,0x00000000d5a00000)
  from space 512K, 0% used [0x00000000d5c00000,0x00000000d5c00000,0x00000000d5c80000)
  to   space 1024K, 0% used [0x00000000d5a80000,0x00000000d5a80000,0x00000000d5b80000)
 ParOldGen       total 1377280K, used 1377197K [0x0000000080000000, 0x00000000d4100000, 0x00000000d5580000)
  object space 1377280K, 99% used [0x0000000080000000,0x00000000d40eb778,0x00000000d4100000)
 Metaspace       used 95167K, committed 97280K, reserved 1179648K
  class space    used 9710K, committed 10688K, reserved 1048576K
}
Event: 206.063 GC heap after
{Heap after GC invocations=2246 (full 5):
 PSYoungGen      total 6144K, used 772K [0x00000000d5580000, 0x00000000d5d00000, 0x0000000100000000)
  eden space 5120K, 0% used [0x00000000d5580000,0x00000000d5580000,0x00000000d5a80000)
  from space 1024K, 75% used [0x00000000d5a80000,0x00000000d5b41210,0x00000000d5b80000)
  to   space 1024K, 0% used [0x00000000d5c00000,0x00000000d5c00000,0x00000000d5d00000)
 ParOldGen       total 1377280K, used 1377197K [0x0000000080000000, 0x00000000d4100000, 0x00000000d5580000)
  object space 1377280K, 99% used [0x0000000080000000,0x00000000d40eb778,0x00000000d4100000)
 Metaspace       used 95167K, committed 97280K, reserved 1179648K
  class space    used 9710K, committed 10688K, reserved 1048576K
}
Event: 206.084 GC heap before
{Heap before GC invocations=2247 (full 5):
 PSYoungGen      total 6144K, used 5814K [0x00000000d5580000, 0x00000000d5d00000, 0x0000000100000000)
  eden space 5120K, 98% used [0x00000000d5580000,0x00000000d5a6c6a0,0x00000000d5a80000)
  from space 1024K, 75% used [0x00000000d5a80000,0x00000000d5b41210,0x00000000d5b80000)
  to   space 1024K, 0% used [0x00000000d5c00000,0x00000000d5c00000,0x00000000d5d00000)
 ParOldGen       total 1377280K, used 1377197K [0x0000000080000000, 0x00000000d4100000, 0x00000000d5580000)
  object space 1377280K, 99% used [0x0000000080000000,0x00000000d40eb778,0x00000000d4100000)
 Metaspace       used 95202K, committed 97280K, reserved 1179648K
  class space    used 9715K, committed 10688K, reserved 1048576K
}
Event: 206.086 GC heap after
{Heap after GC invocations=2247 (full 5):
 PSYoungGen      total 6656K, used 628K [0x00000000d5580000, 0x00000000d5d80000, 0x0000000100000000)
  eden space 5632K, 0% used [0x00000000d5580000,0x00000000d5580000,0x00000000d5b00000)
  from space 1024K, 61% used [0x00000000d5c00000,0x00000000d5c9d200,0x00000000d5d00000)
  to   space 1024K, 0% used [0x00000000d5b00000,0x00000000d5b00000,0x00000000d5c00000)
 ParOldGen       total 1377792K, used 1377722K [0x0000000080000000, 0x00000000d4180000, 0x00000000d5580000)
  object space 1377792K, 99% used [0x0000000080000000,0x00000000d416ebb0,0x00000000d4180000)
 Metaspace       used 95202K, committed 97280K, reserved 1179648K
  class space    used 9715K, committed 10688K, reserved 1048576K
}
Event: 206.420 GC heap before
{Heap before GC invocations=2248 (full 5):
 PSYoungGen      total 6656K, used 6260K [0x00000000d5580000, 0x00000000d5d80000, 0x0000000100000000)
  eden space 5632K, 100% used [0x00000000d5580000,0x00000000d5b00000,0x00000000d5b00000)
  from space 1024K, 61% used [0x00000000d5c00000,0x00000000d5c9d200,0x00000000d5d00000)
  to   space 1024K, 0% used [0x00000000d5b00000,0x00000000d5b00000,0x00000000d5c00000)
 ParOldGen       total 1377792K, used 1377722K [0x0000000080000000, 0x00000000d4180000, 0x00000000d5580000)
  object space 1377792K, 99% used [0x0000000080000000,0x00000000d416ebb0,0x00000000d4180000)
 Metaspace       used 95202K, committed 97280K, reserved 1179648K
  class space    used 9715K, committed 10688K, reserved 1048576K
}

Dll operation events (12 events):
Event: 0.016 Loaded shared library c:\Users\VI-Alumno\.vscode\extensions\redhat.java-1.54.0-win32-x64\jre\21.0.10-win32-x86_64\bin\java.dll
Event: 0.062 Loaded shared library c:\Users\VI-Alumno\.vscode\extensions\redhat.java-1.54.0-win32-x64\jre\21.0.10-win32-x86_64\bin\zip.dll
Event: 0.125 Loaded shared library C:\Users\VI-Alumno\.vscode\extensions\redhat.java-1.54.0-win32-x64\jre\21.0.10-win32-x86_64\bin\instrument.dll
Event: 0.133 Loaded shared library C:\Users\VI-Alumno\.vscode\extensions\redhat.java-1.54.0-win32-x64\jre\21.0.10-win32-x86_64\bin\net.dll
Event: 0.135 Loaded shared library C:\Users\VI-Alumno\.vscode\extensions\redhat.java-1.54.0-win32-x64\jre\21.0.10-win32-x86_64\bin\nio.dll
Event: 0.140 Loaded shared library C:\Users\VI-Alumno\.vscode\extensions\redhat.java-1.54.0-win32-x64\jre\21.0.10-win32-x86_64\bin\zip.dll
Event: 0.156 Loaded shared library C:\Users\VI-Alumno\.vscode\extensions\redhat.java-1.54.0-win32-x64\jre\21.0.10-win32-x86_64\bin\jimage.dll
Event: 0.204 Loaded shared library c:\Users\VI-Alumno\.vscode\extensions\redhat.java-1.54.0-win32-x64\jre\21.0.10-win32-x86_64\bin\verify.dll
Event: 0.872 Loaded shared library C:\Users\VI-Alumno\AppData\Roaming\Code\User\globalStorage\redhat.java\1.54.0\config_win\org.eclipse.equinox.launcher\org.eclipse.equinox.launcher.win32.win32.x86_64_1.3.0.v20260203-2149\eclipse_11919.dll
Event: 3.673 Loaded shared library C:\Users\VI-Alumno\AppData\Local\Temp\jna-801063294\jna16050648276238104812.dll
Event: 197.841 Loaded shared library C:\Users\VI-Alumno\.vscode\extensions\redhat.java-1.54.0-win32-x64\jre\21.0.10-win32-x86_64\bin\sunmscapi.dll
Event: 197.869 Loaded shared library C:\Users\VI-Alumno\.vscode\extensions\redhat.java-1.54.0-win32-x64\jre\21.0.10-win32-x86_64\bin\extnet.dll

Deoptimization events (20 events):
Event: 206.073 Thread 0x00000250ebfdfd20 DEOPT PACKING pc=0x00000250969e1afc sp=0x000000ddee8fde80
Event: 206.073 Thread 0x00000250ebfdfd20 DEOPT UNPACKING pc=0x00000250950b3aa2 sp=0x000000ddee8fde40 mode 2
Event: 206.081 Thread 0x00000250ebfdfd20 Uncommon trap: trap_request=0xffffff45 fr.pc=0x00000250962594b4 relative=0x0000000000002334
Event: 206.081 Thread 0x00000250ebfdfd20 Uncommon trap: reason=unstable_if action=reinterpret pc=0x00000250962594b4 method=org.eclipse.jdt.internal.core.NameLookup.findType(Ljava/lang/String;Ljava/lang/String;ZIZZZLorg/eclipse/core/runtime/IProgressMonitor;[Lorg/eclipse/jdt/core/IPackageFragment
Event: 206.081 Thread 0x00000250ebfdfd20 DEOPT PACKING pc=0x00000250962594b4 sp=0x000000ddee8fe5e0
Event: 206.081 Thread 0x00000250ebfdfd20 DEOPT UNPACKING pc=0x00000250950b3aa2 sp=0x000000ddee8fe578 mode 2
Event: 206.081 Thread 0x00000250ebfdfd20 Uncommon trap: trap_request=0xffffffbe fr.pc=0x0000025095db2cb0 relative=0x0000000000001fb0
Event: 206.081 Thread 0x00000250ebfdfd20 Uncommon trap: reason=profile_predicate action=maybe_recompile pc=0x0000025095db2cb0 method=org.eclipse.jdt.internal.core.util.HashtableOfArrayToObject.getIndex([Ljava/lang/Object;)I @ 59 c2
Event: 206.081 Thread 0x00000250ebfdfd20 DEOPT PACKING pc=0x0000025095db2cb0 sp=0x000000ddee8fe3d0
Event: 206.081 Thread 0x00000250ebfdfd20 DEOPT UNPACKING pc=0x00000250950b3aa2 sp=0x000000ddee8fe2f0 mode 2
Event: 206.417 Thread 0x00000250e3a26c00 DEOPT PACKING pc=0x0000025090e65b0e sp=0x000000ddecefe7e0
Event: 206.417 Thread 0x00000250e3a26c00 DEOPT UNPACKING pc=0x00000250950b4242 sp=0x000000ddecefdd20 mode 0
Event: 206.419 Thread 0x00000250e3a26c00 Uncommon trap: trap_request=0xffffffc6 fr.pc=0x0000025095ced0a0 relative=0x0000000000001620
Event: 206.419 Thread 0x00000250e3a26c00 Uncommon trap: reason=bimorphic_or_optimized_type_check action=maybe_recompile pc=0x0000025095ced0a0 method=org.eclipse.jdt.internal.compiler.parser.Parser.parse()V @ 785 c2
Event: 206.419 Thread 0x00000250e3a26c00 DEOPT PACKING pc=0x0000025095ced0a0 sp=0x000000ddecefebc0
Event: 206.419 Thread 0x00000250e3a26c00 DEOPT UNPACKING pc=0x00000250950b3aa2 sp=0x000000ddecefeb58 mode 2
Event: 206.419 Thread 0x00000250e3a26c00 Uncommon trap: trap_request=0xffffffde fr.pc=0x0000025096d46f6c relative=0x000000000000038c
Event: 206.419 Thread 0x00000250e3a26c00 Uncommon trap: reason=class_check action=maybe_recompile pc=0x0000025096d46f6c method=org.eclipse.jdt.internal.compiler.parser.Parser.checkNonNLSAfterBodyEnd(I)V @ 38 c2
Event: 206.419 Thread 0x00000250e3a26c00 DEOPT PACKING pc=0x0000025096d46f6c sp=0x000000ddecefe830
Event: 206.419 Thread 0x00000250e3a26c00 DEOPT UNPACKING pc=0x00000250950b3aa2 sp=0x000000ddecefe7e8 mode 2

Classes loaded (20 events):
Event: 198.405 Loading class sun/security/ssl/SSLBasicKeyDerivation
Event: 198.405 Loading class sun/security/ssl/SSLBasicKeyDerivation done
Event: 198.405 Loading class sun/security/ssl/SSLBasicKeyDerivation$SecretSizeSpec
Event: 198.405 Loading class sun/security/ssl/SSLBasicKeyDerivation$SecretSizeSpec done
Event: 198.406 Loading class jdk/internal/event/TLSHandshakeEvent
Event: 198.406 Loading class jdk/internal/event/TLSHandshakeEvent done
Event: 198.406 Loading class com/sun/crypto/provider/GaloisCounterMode$GCMEncrypt
Event: 198.406 Loading class com/sun/crypto/provider/GaloisCounterMode$GCMEncrypt done
Event: 198.406 Loading class com/sun/crypto/provider/GaloisCounterMode$EncryptOp
Event: 198.406 Loading class com/sun/crypto/provider/GaloisCounterMode$EncryptOp done
Event: 198.406 Loading class sun/security/ssl/CipherSuite$1
Event: 198.406 Loading class sun/security/ssl/CipherSuite$1 done
Event: 198.421 Loading class java/util/stream/ReduceOps$6
Event: 198.421 Loading class java/util/stream/ReduceOps$6 done
Event: 198.421 Loading class java/util/stream/ReduceOps$5ReducingSink
Event: 198.421 Loading class java/util/stream/ReduceOps$5ReducingSink done
Event: 198.526 Loading class sun/security/ssl/NewSessionTicket$T13NewSessionTicketMessage
Event: 198.526 Loading class sun/security/ssl/NewSessionTicket$NewSessionTicketMessage
Event: 198.526 Loading class sun/security/ssl/NewSessionTicket$NewSessionTicketMessage done
Event: 198.526 Loading class sun/security/ssl/NewSessionTicket$T13NewSessionTicketMessage done

Classes unloaded (20 events):
Event: 3.934 Thread 0x00000250e36a0950 Unloading class 0x00000250a31a4800 'java/lang/invoke/LambdaForm$DMH+0x00000250a31a4800'
Event: 15.768 Thread 0x00000250e36a0950 Unloading class 0x00000250a37ea400 'java/lang/invoke/LambdaForm$MH+0x00000250a37ea400'
Event: 15.768 Thread 0x00000250e36a0950 Unloading class 0x00000250a37ea800 'java/lang/invoke/LambdaForm$MH+0x00000250a37ea800'
Event: 15.768 Thread 0x00000250e36a0950 Unloading class 0x00000250a37de000 'java/lang/invoke/LambdaForm$DMH+0x00000250a37de000'
Event: 15.768 Thread 0x00000250e36a0950 Unloading class 0x00000250a37ddc00 'java/lang/invoke/LambdaForm$DMH+0x00000250a37ddc00'
Event: 15.768 Thread 0x00000250e36a0950 Unloading class 0x00000250a37dd800 'java/lang/invoke/LambdaForm$DMH+0x00000250a37dd800'
Event: 15.768 Thread 0x00000250e36a0950 Unloading class 0x00000250a37dcc00 'java/lang/invoke/LambdaForm$DMH+0x00000250a37dcc00'
Event: 15.768 Thread 0x00000250e36a0950 Unloading class 0x00000250a37dd400 'java/lang/invoke/LambdaForm$DMH+0x00000250a37dd400'
Event: 15.768 Thread 0x00000250e36a0950 Unloading class 0x00000250a37dc000 'java/lang/invoke/LambdaForm$DMH+0x00000250a37dc000'
Event: 15.768 Thread 0x00000250e36a0950 Unloading class 0x00000250a37dd000 'java/lang/invoke/LambdaForm$DMH+0x00000250a37dd000'
Event: 15.768 Thread 0x00000250e36a0950 Unloading class 0x00000250a37dc800 'java/lang/invoke/LambdaForm$DMH+0x00000250a37dc800'
Event: 15.768 Thread 0x00000250e36a0950 Unloading class 0x00000250a36e5400 'java/lang/invoke/LambdaForm$DMH+0x00000250a36e5400'
Event: 15.768 Thread 0x00000250e36a0950 Unloading class 0x00000250a36e5000 'java/lang/invoke/LambdaForm$DMH+0x00000250a36e5000'
Event: 15.768 Thread 0x00000250e36a0950 Unloading class 0x00000250a36e4c00 'java/lang/invoke/LambdaForm$DMH+0x00000250a36e4c00'
Event: 15.768 Thread 0x00000250e36a0950 Unloading class 0x00000250a36e4800 'java/lang/invoke/LambdaForm$DMH+0x00000250a36e4800'
Event: 64.182 Thread 0x00000250e36a0950 Unloading class 0x00000250a3842000 'java/lang/invoke/LambdaForm$MH+0x00000250a3842000'
Event: 64.182 Thread 0x00000250e36a0950 Unloading class 0x00000250a3841800 'java/lang/invoke/LambdaForm$MH+0x00000250a3841800'
Event: 64.182 Thread 0x00000250e36a0950 Unloading class 0x00000250a3841000 'java/lang/invoke/LambdaForm$MH+0x00000250a3841000'
Event: 64.182 Thread 0x00000250e36a0950 Unloading class 0x00000250a3840800 'java/lang/invoke/LambdaForm$MH+0x00000250a3840800'
Event: 64.183 Thread 0x00000250e36a0950 Unloading class 0x00000250a3840400 'java/lang/invoke/LambdaForm$MH+0x00000250a3840400'

Classes redefined (5 events):
Event: 0.277 Thread 0x00000250e36a0950 redefined class name=java.io.FileOutputStream, count=1
Event: 0.279 Thread 0x00000250e36a0950 redefined class name=java.io.File, count=1
Event: 0.281 Thread 0x00000250e36a0950 redefined class name=java.nio.file.Files, count=1
Event: 0.282 Thread 0x00000250e36a0950 redefined class name=java.lang.ClassLoader, count=1
Event: 0.284 Thread 0x00000250e36a0950 redefined class name=java.net.URLStreamHandler, count=1

Internal exceptions (20 events):
Event: 141.478 Thread 0x00000250ebfdfd20 Exception <a 'java/lang/ArrayIndexOutOfBoundsException'{0x00000000d5b5b538}> (0x00000000d5b5b538) 
thrown [s\src\hotspot\share\runtime\sharedRuntime.cpp, line 625]
Event: 160.868 Thread 0x00000250ebfdfd20 Exception <a 'java/lang/ArrayIndexOutOfBoundsException'{0x00000000d5abef80}> (0x00000000d5abef80) 
thrown [s\src\hotspot\share\runtime\sharedRuntime.cpp, line 625]
Event: 160.868 Thread 0x00000250ebfdfd20 Exception <a 'java/lang/ArrayIndexOutOfBoundsException'{0x00000000d5abf800}> (0x00000000d5abf800) 
thrown [s\src\hotspot\share\runtime\sharedRuntime.cpp, line 625]
Event: 160.868 Thread 0x00000250ebfdfd20 Exception <a 'java/lang/ArrayIndexOutOfBoundsException'{0x00000000d5abfdf0}> (0x00000000d5abfdf0) 
thrown [s\src\hotspot\share\runtime\sharedRuntime.cpp, line 625]
Event: 164.141 Thread 0x00000250ebfdfd20 Exception <a 'java/lang/ArrayIndexOutOfBoundsException'{0x00000000d565f060}> (0x00000000d565f060) 
thrown [s\src\hotspot\share\runtime\sharedRuntime.cpp, line 625]
Event: 164.141 Thread 0x00000250ebfdfd20 Exception <a 'java/lang/ArrayIndexOutOfBoundsException'{0x00000000d565f908}> (0x00000000d565f908) 
thrown [s\src\hotspot\share\runtime\sharedRuntime.cpp, line 625]
Event: 164.141 Thread 0x00000250ebfdfd20 Exception <a 'java/lang/ArrayIndexOutOfBoundsException'{0x00000000d565fc98}> (0x00000000d565fc98) 
thrown [s\src\hotspot\share\runtime\sharedRuntime.cpp, line 625]
Event: 164.597 Thread 0x00000250ebfdfd20 Exception <a 'java/lang/ArrayIndexOutOfBoundsException'{0x00000000d5af85c0}> (0x00000000d5af85c0) 
thrown [s\src\hotspot\share\runtime\sharedRuntime.cpp, line 625]
Event: 164.597 Thread 0x00000250ebfdfd20 Exception <a 'java/lang/ArrayIndexOutOfBoundsException'{0x00000000d5af8c00}> (0x00000000d5af8c00) 
thrown [s\src\hotspot\share\runtime\sharedRuntime.cpp, line 625]
Event: 164.597 Thread 0x00000250ebfdfd20 Exception <a 'java/lang/ArrayIndexOutOfBoundsException'{0x00000000d5af8f90}> (0x00000000d5af8f90) 
thrown [s\src\hotspot\share\runtime\sharedRuntime.cpp, line 625]
Event: 197.662 Thread 0x00000250ebfdfd20 Exception <a 'java/lang/IncompatibleClassChangeError'{0x00000000d5b5e6d8}: Found class java.lang.Object, but interface was expected> (0x00000000d5b5e6d8) 
thrown [s\src\hotspot\share\interpreter\linkResolver.cpp, line 840]
Event: 197.750 Thread 0x00000250f8ad4fb0 Exception <a 'java/lang/NoSuchMethodError'{0x00000000d5615460}: 'java.lang.Object java.lang.invoke.DirectMethodHandle$Holder.invokeStaticInit(java.lang.Object, java.lang.Object, int)'> (0x00000000d5615460) 
thrown [s\src\hotspot\share\interpreter\linkResolver.cpp, line 773]
Event: 197.771 Thread 0x00000250f8ad4fb0 Exception <a 'sun/nio/fs/WindowsException'{0x00000000d589cba8}> (0x00000000d589cba8) 
thrown [s\src\hotspot\share\prims\jni.cpp, line 520]
Event: 197.879 Thread 0x00000250f8ad4fb0 Exception <a 'java/lang/NoSuchMethodError'{0x00000000d5aa0958}: 'void java.lang.invoke.DirectMethodHandle$Holder.invokeStatic(java.lang.Object, java.lang.Object, java.lang.Object, java.lang.Object, java.lang.Object, java.lang.Object, java.lang.Object)'> (0x00000000d5aa0958) 
thrown [s\src\hotspot\share\interpreter\linkResolver.cpp, line 773]
Event: 198.183 Thread 0x00000250fc826e70 Exception <a 'java/lang/NoSuchMethodError'{0x00000000d58df5f0}: 'void java.lang.invoke.DirectMethodHandle$Holder.invokeStatic(java.lang.Object, java.lang.Object, int)'> (0x00000000d58df5f0) 
thrown [s\src\hotspot\share\interpreter\linkResolver.cpp, line 773]
Event: 201.914 Thread 0x00000250e3a22a60 Implicit null exception at 0x0000025095a84928 to 0x0000025095a8651c
Event: 201.914 Thread 0x00000250e3a22a60 Implicit null exception at 0x0000025096aa7e3a to 0x0000025096aa83d0
Event: 201.914 Thread 0x00000250e3a22a60 Implicit null exception at 0x0000025096bef8e1 to 0x0000025096bf08dc
Event: 201.916 Thread 0x00000250e3a22a60 Implicit null exception at 0x0000025096b1a442 to 0x0000025096b1e6e0
Event: 204.202 Thread 0x00000250eb3f8ff0 Implicit null exception at 0x0000025095cefefc to 0x0000025095cf0098

ZGC Phase Switch (0 events):
No events

VM Operations (20 events):
Event: 206.048 Executing non-safepoint VM operation: HandshakeAllThreads (Deoptimize) done
Event: 206.050 Executing non-safepoint VM operation: HandshakeAllThreads (Deoptimize)
Event: 206.050 Executing non-safepoint VM operation: HandshakeAllThreads (Deoptimize) done
Event: 206.051 Executing non-safepoint VM operation: HandshakeAllThreads (Deoptimize)
Event: 206.051 Executing non-safepoint VM operation: HandshakeAllThreads (Deoptimize) done
Event: 206.053 Executing non-safepoint VM operation: HandshakeAllThreads (Deoptimize)
Event: 206.053 Executing non-safepoint VM operation: HandshakeAllThreads (Deoptimize) done
Event: 206.054 Executing non-safepoint VM operation: HandshakeAllThreads (Deoptimize)
Event: 206.054 Executing non-safepoint VM operation: HandshakeAllThreads (Deoptimize) done
Event: 206.055 Executing non-safepoint VM operation: HandshakeAllThreads (Deoptimize)
Event: 206.056 Executing non-safepoint VM operation: HandshakeAllThreads (Deoptimize) done
Event: 206.057 Executing non-safepoint VM operation: HandshakeAllThreads (Deoptimize)
Event: 206.057 Executing non-safepoint VM operation: HandshakeAllThreads (Deoptimize) done
Event: 206.061 Executing safepoint VM operation: ParallelGCFailedAllocation (Allocation Failure)
Event: 206.063 Executing safepoint VM operation: ParallelGCFailedAllocation (Allocation Failure) done
Event: 206.070 Executing non-safepoint VM operation: HandshakeAllThreads (Deoptimize)
Event: 206.071 Executing non-safepoint VM operation: HandshakeAllThreads (Deoptimize) done
Event: 206.084 Executing safepoint VM operation: ParallelGCFailedAllocation (Allocation Failure)
Event: 206.086 Executing safepoint VM operation: ParallelGCFailedAllocation (Allocation Failure) done
Event: 206.420 Executing safepoint VM operation: ParallelGCFailedAllocation (Allocation Failure)

Memory protections (0 events):
No events

Nmethod flushes (20 events):
Event: 64.216 Thread 0x00000250e36a0950 flushing  nmethod 0x000002509005a810
Event: 64.216 Thread 0x00000250e36a0950 flushing  nmethod 0x0000025090062c10
Event: 64.216 Thread 0x00000250e36a0950 flushing  nmethod 0x0000025090063d10
Event: 64.216 Thread 0x00000250e36a0950 flushing  nmethod 0x000002509006a610
Event: 64.216 Thread 0x00000250e36a0950 flushing  nmethod 0x000002509006c890
Event: 64.216 Thread 0x00000250e36a0950 flushing  nmethod 0x000002509008e990
Event: 64.216 Thread 0x00000250e36a0950 flushing  nmethod 0x00000250900b2d90
Event: 64.216 Thread 0x00000250e36a0950 flushing  nmethod 0x00000250900b4410
Event: 64.216 Thread 0x00000250e36a0950 flushing  nmethod 0x00000250900b4810
Event: 64.216 Thread 0x00000250e36a0950 flushing  nmethod 0x0000025090119e10
Event: 64.216 Thread 0x00000250e36a0950 flushing  nmethod 0x000002509012fd10
Event: 64.216 Thread 0x00000250e36a0950 flushing  nmethod 0x0000025090138410
Event: 64.216 Thread 0x00000250e36a0950 flushing  nmethod 0x0000025090139810
Event: 64.216 Thread 0x00000250e36a0950 flushing  nmethod 0x000002509013a590
Event: 64.216 Thread 0x00000250e36a0950 flushing osr nmethod 0x000002509013f410
Event: 64.216 Thread 0x00000250e36a0950 flushing  nmethod 0x000002509014f310
Event: 64.216 Thread 0x00000250e36a0950 flushing osr nmethod 0x000002509014fe90
Event: 64.216 Thread 0x00000250e36a0950 flushing  nmethod 0x0000025090150710
Event: 64.216 Thread 0x00000250e36a0950 flushing  nmethod 0x0000025090179d10
Event: 64.216 Thread 0x00000250e36a0950 flushing  nmethod 0x00000250901a2190

Events (20 events):
Event: 93.564 Thread 0x00000250fd8a0d40 Thread exited: 0x00000250fd8a0d40
Event: 99.107 Thread 0x00000250e36c4070 Thread added: 0x00000250fd8a0d40
Event: 99.485 Thread 0x00000250fd8a0d40 Thread exited: 0x00000250fd8a0d40
Event: 128.741 Thread 0x00000250e36c4070 Thread added: 0x00000250fd8a5160
Event: 128.943 Thread 0x00000250fd8a5160 Thread exited: 0x00000250fd8a5160
Event: 134.086 Thread 0x00000250ebfe4550 Thread exited: 0x00000250ebfe4550
Event: 160.985 Thread 0x00000250e36c2210 Thread added: 0x00000250fd8a65d0
Event: 161.111 Thread 0x00000250fd8a65d0 Thread exited: 0x00000250fd8a65d0
Event: 194.086 Thread 0x00000250ec5d9450 Thread exited: 0x00000250ec5d9450
Event: 197.674 Thread 0x00000250e36c4070 Thread added: 0x00000250fd8a5830
Event: 197.875 Thread 0x00000250f8ad4fb0 Thread added: 0x00000250fc826e70
Event: 198.064 Thread 0x00000250fd8a5830 Thread exited: 0x00000250fd8a5830
Event: 198.183 Thread 0x00000250fc826e70 Thread added: 0x00000250fc824710
Event: 198.189 Thread 0x00000250fc826e70 Thread added: 0x00000250fc825ac0
Event: 198.215 Thread 0x00000250e36c4070 Thread added: 0x00000250fd8a65d0
Event: 198.217 Thread 0x00000250e36c4070 Thread added: 0x00000250fd8a5830
Event: 199.448 Thread 0x00000250fd8a5830 Thread exited: 0x00000250fd8a5830
Event: 199.451 Thread 0x00000250fd8a65d0 Thread exited: 0x00000250fd8a65d0
Event: 200.723 Thread 0x00000250e36c4070 Thread added: 0x00000250fd8a5830
Event: 201.063 Thread 0x00000250fd8a5830 Thread exited: 0x00000250fd8a5830


Dynamic libraries:
0x00007ff674fc0000 - 0x00007ff674fce000 	c:\Users\VI-Alumno\.vscode\extensions\redhat.java-1.54.0-win32-x64\jre\21.0.10-win32-x86_64\bin\java.exe
0x00007ff876880000 - 0x00007ff876ae7000 	C:\WINDOWS\SYSTEM32\ntdll.dll
0x00007ff8765a0000 - 0x00007ff876669000 	C:\WINDOWS\System32\KERNEL32.DLL
0x00007ff8761a0000 - 0x00007ff876594000 	C:\WINDOWS\System32\KERNELBASE.dll
0x00000000712b0000 - 0x00000000712ee000 	C:\WINDOWS\System32\cyinjct.dll
0x00007ff876010000 - 0x00007ff876034000 	C:\WINDOWS\System32\cyvera.dll
0x00007ff86e2e0000 - 0x00007ff86e2f8000 	c:\Users\VI-Alumno\.vscode\extensions\redhat.java-1.54.0-win32-x64\jre\21.0.10-win32-x86_64\bin\jli.dll
0x0000025088240000 - 0x0000025088405000 	C:\WINDOWS\System32\USER32.dll
0x00007ff8730f0000 - 0x00007ff873117000 	C:\WINDOWS\System32\win32u.dll
0x00007ff875dc0000 - 0x00007ff875deb000 	C:\WINDOWS\System32\GDI32.dll
0x00007ff872fc0000 - 0x00007ff8730eb000 	C:\WINDOWS\System32\gdi32full.dll
0x00007ff873b00000 - 0x00007ff873ba3000 	C:\WINDOWS\System32\msvcp_win.dll
0x0000025088410000 - 0x000002508855b000 	C:\WINDOWS\System32\ucrtbase.dll
0x00007ff86e1a0000 - 0x00007ff86e1be000 	c:\Users\VI-Alumno\.vscode\extensions\redhat.java-1.54.0-win32-x64\jre\21.0.10-win32-x86_64\bin\VCRUNTIME140.dll
0x00007ff84a860000 - 0x00007ff84aaf3000 	C:\WINDOWS\WinSxS\amd64_microsoft.windows.common-controls_6595b64144ccf1df_6.0.26100.8115_none_3e075c82e3354f9c\COMCTL32.dll
0x00007ff875200000 - 0x00007ff8752a9000 	C:\WINDOWS\System32\msvcrt.dll
0x00007ff875f40000 - 0x00007ff876006000 	C:\WINDOWS\System32\cyvrtrap.dll
0x00007ff875d80000 - 0x00007ff875db2000 	C:\WINDOWS\System32\IMM32.DLL
0x00007ff870210000 - 0x00007ff87021c000 	c:\Users\VI-Alumno\.vscode\extensions\redhat.java-1.54.0-win32-x64\jre\21.0.10-win32-x86_64\bin\vcruntime140_1.dll
0x00007ff827bb0000 - 0x00007ff827c3d000 	c:\Users\VI-Alumno\.vscode\extensions\redhat.java-1.54.0-win32-x64\jre\21.0.10-win32-x86_64\bin\msvcp140.dll
0x00007fffbff50000 - 0x00007fffc0cf1000 	c:\Users\VI-Alumno\.vscode\extensions\redhat.java-1.54.0-win32-x64\jre\21.0.10-win32-x86_64\bin\server\jvm.dll
0x00007ff874110000 - 0x00007ff8741c6000 	C:\WINDOWS\System32\ADVAPI32.dll
0x00007ff875e40000 - 0x00007ff875ee7000 	C:\WINDOWS\System32\sechost.dll
0x00007ff876080000 - 0x00007ff876198000 	C:\WINDOWS\System32\RPCRT4.dll
0x00007ff874080000 - 0x00007ff874100000 	C:\WINDOWS\System32\WS2_32.dll
0x00007ff872e20000 - 0x00007ff872e7e000 	C:\WINDOWS\SYSTEM32\POWRPROF.dll
0x00007ff86b030000 - 0x00007ff86b066000 	C:\WINDOWS\SYSTEM32\WINMM.dll
0x00007ff861ec0000 - 0x00007ff861ecb000 	C:\WINDOWS\SYSTEM32\VERSION.dll
0x00007ff872e00000 - 0x00007ff872e14000 	C:\WINDOWS\SYSTEM32\UMPDC.dll
0x00007ff871d10000 - 0x00007ff871d2b000 	C:\WINDOWS\SYSTEM32\kernel.appcore.dll
0x00007ff86e2d0000 - 0x00007ff86e2da000 	c:\Users\VI-Alumno\.vscode\extensions\redhat.java-1.54.0-win32-x64\jre\21.0.10-win32-x86_64\bin\jimage.dll
0x00007ff870bb0000 - 0x00007ff870df2000 	C:\WINDOWS\SYSTEM32\DBGHELP.DLL
0x00007ff874970000 - 0x00007ff874cf2000 	C:\WINDOWS\System32\combase.dll
0x00007ff8752e0000 - 0x00007ff8753b8000 	C:\WINDOWS\System32\OLEAUT32.dll
0x00007ff84acf0000 - 0x00007ff84ad2b000 	C:\WINDOWS\SYSTEM32\dbgcore.DLL
0x00007ff873bb0000 - 0x00007ff873c55000 	C:\WINDOWS\System32\bcryptPrimitives.dll
0x00007ff86e190000 - 0x00007ff86e19f000 	c:\Users\VI-Alumno\.vscode\extensions\redhat.java-1.54.0-win32-x64\jre\21.0.10-win32-x86_64\bin\instrument.dll
0x00007ff86dbf0000 - 0x00007ff86dc10000 	c:\Users\VI-Alumno\.vscode\extensions\redhat.java-1.54.0-win32-x64\jre\21.0.10-win32-x86_64\bin\java.dll
0x00007ff875ef0000 - 0x00007ff875f3a000 	C:\Program Files\Palo Alto Networks\Traps\cyjagent.dll
0x00007ff864b00000 - 0x00007ff864b18000 	c:\Users\VI-Alumno\.vscode\extensions\redhat.java-1.54.0-win32-x64\jre\21.0.10-win32-x86_64\bin\zip.dll
0x00007ff8741e0000 - 0x00007ff874947000 	C:\WINDOWS\System32\SHELL32.dll
0x00007ff873120000 - 0x00007ff87328a000 	C:\WINDOWS\System32\wintypes.dll
0x00007ff873290000 - 0x00007ff873af8000 	C:\WINDOWS\System32\windows.storage.dll
0x00007ff874d80000 - 0x00007ff874e78000 	C:\WINDOWS\System32\SHCORE.dll
0x00007ff875740000 - 0x00007ff8757a6000 	C:\WINDOWS\System32\shlwapi.dll
0x00007ff872eb0000 - 0x00007ff872ed9000 	C:\WINDOWS\SYSTEM32\profapi.dll
0x00007ff86dbe0000 - 0x00007ff86dbf0000 	C:\Users\VI-Alumno\.vscode\extensions\redhat.java-1.54.0-win32-x64\jre\21.0.10-win32-x86_64\bin\net.dll
0x00007ff8648c0000 - 0x00007ff8649ed000 	C:\WINDOWS\SYSTEM32\WINHTTP.dll
0x00007ff872260000 - 0x00007ff8722cc000 	C:\WINDOWS\system32\mswsock.dll
0x00007ff863de0000 - 0x00007ff863df6000 	C:\Users\VI-Alumno\.vscode\extensions\redhat.java-1.54.0-win32-x64\jre\21.0.10-win32-x86_64\bin\nio.dll
0x00007ff86e380000 - 0x00007ff86e390000 	c:\Users\VI-Alumno\.vscode\extensions\redhat.java-1.54.0-win32-x64\jre\21.0.10-win32-x86_64\bin\verify.dll
0x00007ff85d360000 - 0x00007ff85d3a5000 	C:\Users\VI-Alumno\AppData\Roaming\Code\User\globalStorage\redhat.java\1.54.0\config_win\org.eclipse.equinox.launcher\org.eclipse.equinox.launcher.win32.win32.x86_64_1.3.0.v20260203-2149\eclipse_11919.dll
0x00007ff875060000 - 0x00007ff8751f7000 	C:\WINDOWS\System32\ole32.dll
0x00007ff872660000 - 0x00007ff87267b000 	C:\WINDOWS\SYSTEM32\CRYPTSP.dll
0x00007ff871c70000 - 0x00007ff871ca9000 	C:\WINDOWS\system32\rsaenh.dll
0x00007ff872310000 - 0x00007ff872343000 	C:\WINDOWS\SYSTEM32\USERENV.dll
0x00007ff872ee0000 - 0x00007ff872f0a000 	C:\WINDOWS\SYSTEM32\bcrypt.dll
0x00007ff8724c0000 - 0x00007ff8724cc000 	C:\WINDOWS\SYSTEM32\CRYPTBASE.dll
0x00007ff8714d0000 - 0x00007ff871502000 	C:\WINDOWS\SYSTEM32\IPHLPAPI.DLL
0x00007ff8757c0000 - 0x00007ff8757ca000 	C:\WINDOWS\System32\NSI.dll
0x00007ff859ff0000 - 0x00007ff85a039000 	C:\Users\VI-Alumno\AppData\Local\Temp\jna-801063294\jna16050648276238104812.dll
0x00007ff8757b0000 - 0x00007ff8757b8000 	C:\WINDOWS\System32\PSAPI.DLL
0x00007ff86a130000 - 0x00007ff86a14d000 	C:\WINDOWS\SYSTEM32\dhcpcsvc6.DLL
0x00007ff864e40000 - 0x00007ff864e65000 	C:\WINDOWS\SYSTEM32\dhcpcsvc.DLL
0x00007ff871e30000 - 0x00007ff871e66000 	C:\WINDOWS\SYSTEM32\ntmarta.dll
0x00007ff8638f0000 - 0x00007ff8638fe000 	C:\Users\VI-Alumno\.vscode\extensions\redhat.java-1.54.0-win32-x64\jre\21.0.10-win32-x86_64\bin\sunmscapi.dll
0x00007ff873d20000 - 0x00007ff873e97000 	C:\WINDOWS\System32\CRYPT32.dll
0x00007ff8727c0000 - 0x00007ff8727f0000 	C:\WINDOWS\SYSTEM32\ncrypt.dll
0x00007ff872770000 - 0x00007ff8727af000 	C:\WINDOWS\SYSTEM32\NTASN1.dll
0x00007ff849a50000 - 0x00007ff849a58000 	C:\WINDOWS\system32\wshunix.dll
0x00007ff8638e0000 - 0x00007ff8638e9000 	C:\Users\VI-Alumno\.vscode\extensions\redhat.java-1.54.0-win32-x64\jre\21.0.10-win32-x86_64\bin\extnet.dll
0x00007ff871510000 - 0x00007ff871642000 	C:\WINDOWS\SYSTEM32\DNSAPI.dll
0x00007ff863050000 - 0x00007ff86305b000 	C:\Windows\System32\rasadhlp.dll
0x00007ff86a440000 - 0x00007ff86a4c6000 	C:\WINDOWS\System32\fwpuclnt.dll

JVMTI agents:
c:\Users\VI-Alumno\.vscode\extensions\redhat.java-1.54.0-win32-x64\lombok\lombok-1.18.39-4050.jar path:c:\Users\VI-Alumno\.vscode\extensions\redhat.java-1.54.0-win32-x64\jre\21.0.10-win32-x86_64\bin\instrument.dll, loaded, initialized, instrumentlib options:none
C:\Program Files\Palo Alto Networks\Traps\cyjagent.dll path:C:\Program Files\Palo Alto Networks\Traps\cyjagent.dll, loaded, initialized, options:none

dbghelp: loaded successfully - version: 4.0.5 - missing functions: none
symbol engine: initialized successfully - sym options: 0x614 - pdb path: .;c:\Users\VI-Alumno\.vscode\extensions\redhat.java-1.54.0-win32-x64\jre\21.0.10-win32-x86_64\bin;C:\WINDOWS\SYSTEM32;C:\WINDOWS\WinSxS\amd64_microsoft.windows.common-controls_6595b64144ccf1df_6.0.26100.8115_none_3e075c82e3354f9c;c:\Users\VI-Alumno\.vscode\extensions\redhat.java-1.54.0-win32-x64\jre\21.0.10-win32-x86_64\bin\server;C:\Program Files\Palo Alto Networks\Traps;C:\Users\VI-Alumno\AppData\Roaming\Code\User\globalStorage\redhat.java\1.54.0\config_win\org.eclipse.equinox.launcher\org.eclipse.equinox.launcher.win32.win32.x86_64_1.3.0.v20260203-2149;C:\Users\VI-Alumno\AppData\Local\Temp\jna-801063294

VM Arguments:
jvm_args: --add-modules=ALL-SYSTEM --add-opens=java.base/java.util=ALL-UNNAMED --add-opens=java.base/java.lang=ALL-UNNAMED --add-opens=java.base/sun.nio.fs=ALL-UNNAMED -Declipse.application=org.eclipse.jdt.ls.core.id1 -Dosgi.bundles.defaultStartLevel=4 -Declipse.product=org.eclipse.jdt.ls.core.product -Djava.import.generatesMetadataFilesAtProjectRoot=false -DDetectVMInstallationsJob.disabled=true -Dfile.encoding=utf8 -XX:+UseParallelGC -XX:GCTimeRatio=4 -XX:AdaptiveSizePolicyWeight=90 -Dsun.zip.disableMemoryMapping=true -Xmx2G -Xms100m -Xlog:disable -javaagent:c:\Users\VI-Alumno\.vscode\extensions\redhat.java-1.54.0-win32-x64\lombok\lombok-1.18.39-4050.jar -XX:+HeapDumpOnOutOfMemoryError -XX:HeapDumpPath=c:\Users\VI-Alumno\AppData\Roaming\Code\User\workspaceStorage\460118cd2b215abaac10876e25b24637\redhat.java -Daether.dependencyCollector.impl=bf -agentpath:C:\Program Files\Palo Alto Networks\Traps\cyjagent.dll 
java_command: c:\Users\VI-Alumno\.vscode\extensions\redhat.java-1.54.0-win32-x64\server\plugins\org.eclipse.equinox.launcher_1.7.100.v20251111-0406.jar -configuration c:\Users\VI-Alumno\AppData\Roaming\Code\User\globalStorage\redhat.java\1.54.0\config_win -data c:\Users\VI-Alumno\AppData\Roaming\Code\User\workspaceStorage\460118cd2b215abaac10876e25b24637\redhat.java\jdt_ws --pipe=\\.\pipe\lsp-8998c8c1474d03cc796346ed4ea2babe-sock
java_class_path (initial): c:\Users\VI-Alumno\.vscode\extensions\redhat.java-1.54.0-win32-x64\server\plugins\org.eclipse.equinox.launcher_1.7.100.v20251111-0406.jar
Launcher Type: SUN_STANDARD

[Global flags]
    uintx AdaptiveSizePolicyWeight                 = 90                                        {product} {command line}
     intx CICompilerCount                          = 4                                         {product} {ergonomic}
    uintx GCTimeRatio                              = 4                                         {product} {command line}
     bool HeapDumpOnOutOfMemoryError               = true                                   {manageable} {command line}
    ccstr HeapDumpPath                             = c:\Users\VI-Alumno\AppData\Roaming\Code\User\workspaceStorage\460118cd2b215abaac10876e25b24637\redhat.java         {manageable} {command line}
   size_t InitialHeapSize                          = 104857600                                 {product} {command line}
   size_t MaxHeapSize                              = 2147483648                                {product} {command line}
   size_t MaxNewSize                               = 715653120                                 {product} {ergonomic}
   size_t MinHeapDeltaBytes                        = 524288                                    {product} {ergonomic}
   size_t MinHeapSize                              = 104857600                                 {product} {command line}
   size_t NewSize                                  = 34603008                                  {product} {ergonomic}
    uintx NonNMethodCodeHeapSize                   = 5839372                                {pd product} {ergonomic}
    uintx NonProfiledCodeHeapSize                  = 122909434                              {pd product} {ergonomic}
   size_t OldSize                                  = 70254592                                  {product} {ergonomic}
    uintx ProfiledCodeHeapSize                     = 122909434                              {pd product} {ergonomic}
    uintx ReservedCodeCacheSize                    = 251658240                              {pd product} {ergonomic}
     bool SegmentedCodeCache                       = true                                      {product} {ergonomic}
   size_t SoftMaxHeapSize                          = 2147483648                             {manageable} {ergonomic}
     bool UseCompressedOops                        = true                           {product lp64_product} {ergonomic}
     bool UseLargePagesIndividualAllocation        = false                                  {pd product} {ergonomic}
     bool UseParallelGC                            = true                                      {product} {command line}

Logging:
Log output configuration:
 #0: stdout all=off uptime,level,tags foldmultilines=false
 #1: stderr all=off uptime,level,tags foldmultilines=false

Release file:
JAVA_VERSION="21.0.10" 
MODULES="java.base java.compiler java.datatransfer java.xml java.prefs java.desktop java.instrument java.logging java.management java.security.sasl java.naming java.rmi java.management.rmi java.net.http java.scripting java.security.jgss java.transaction.xa java.sql java.sql.rowset java.xml.crypto java.se java.smartcardio jdk.accessibility jdk.internal.jvmstat jdk.attach jdk.charsets jdk.internal.opt jdk.zipfs jdk.compiler jdk.crypto.ec jdk.crypto.cryptoki jdk.crypto.mscapi jdk.dynalink jdk.internal.ed jdk.editpad jdk.hotspot.agent jdk.httpserver jdk.internal.le jdk.internal.vm.ci jdk.internal.vm.compiler jdk.internal.vm.compiler.management jdk.jartool jdk.javadoc jdk.jcmd jdk.management jdk.management.agent jdk.jconsole jdk.jdeps jdk.jdwp.agent jdk.jdi jdk.jfr jdk.jshell jdk.jsobject jdk.jstatd jdk.localedata jdk.management.jfr jdk.naming.dns jdk.naming.rmi jdk.net jdk.nio.mapmode jdk.random jdk.sctp jdk.security.auth jdk.security.jgss jdk.unsupported jdk.unsupported.desktop jdk.xml.dom" 

Environment Variables:
PATH=C:\Program Files\Microsoft VS Code;C:\app\Duoc\product\21c\dbhomeXE\bin;C:\Program Files (x86)\VMware\VMware Player\bin\;C:\Program Files\Common Files\Oracle\Java\javapath;C:\Program Files\Python312\Scripts\;C:\Program Files\Python312\;C:\WINDOWS\system32;C:\WINDOWS;C:\WINDOWS\System32\Wbem;C:\WINDOWS\System32\WindowsPowerShell\v1.0\;C:\WINDOWS\System32\OpenSSH\;C:\Users\VI-Alumno\AppData\Roaming\Python\Python312\Scripts;C:\Program Files\Microsoft VS Code\bin;C:\Program Files\dotnet\;C:\Program Files\Git\cmd;C:\Program Files\nodejs\;C:\Program Files\PuTTY\;C:\app\Duoc\product\21c\dbhomeXE\bin;C:\Program Files\Microsoft SQL Server\Client SDK\ODBC\170\Tools\Binn\;C:\Program Files (x86)\Microsoft SQL Server\150\Tools\Binn\;C:\Program Files\Microsoft SQL Server\150\Tools\Binn\;C:\Program Files\Microsoft SQL Server\150\DTS\Binn\;C:\Program Files (x86)\Microsoft SQL Server\150\DTS\Binn\;C:\Program Files\Azure Data Studio\bin;C:\Program Files\Microsoft SQL Server\130\Tools\Binn\;C:\Program Files (x86)\Microsoft SQL Server\110\DTS\Binn\;C:\Program Files (x86)\Microsoft SQL Server\120\DTS\Binn\;C:\Program Files (x86)\Microsoft SQL Server\130\DTS\Binn\;C:\Program Files (x86)\Microsoft SQL Server\140\DTS\Binn\;C:\Program Files (x86)\Microsoft SQL Server\160\DTS\Binn\;C:\Program Files\MongoDB\Server\8.0\bin;C:\Program Files\MySQL\MySQL Shell 8.0\bin\;C:\Users\VI-Alumno\AppData\Local\Microsoft\WindowsApps;C:\Users\VI-Alumno\AppData\Roaming\Python\Python312\Scripts;C:\Users\VI-Alumno\AppData\Roaming\npm;C:\app\Duoc\product\21c\dbhomeXE\bin;C:\Program Files\Azure Data Studio\bin;C:\Program Files (x86)\Nmap;C:\Program Files\JetBrains\IntelliJ IDEA Community Edition 2025.1\bin;;C:\Program Files\MongoDB\Server\8.0\bin;C:\Program Files\mongosh\
USERNAME=VI-Alumno
OS=Windows_NT
PROCESSOR_IDENTIFIER=Intel64 Family 6 Model 151 Stepping 5, GenuineIntel
TMP=C:\Users\VI-ALU~1\AppData\Local\Temp
TEMP=C:\Users\VI-ALU~1\AppData\Local\Temp




Periodic native trim disabled

---------------  S Y S T E M  ---------------

OS:
 Windows 11 , 64 bit Build 26100 (10.0.26100.8246)
OS uptime: 0 days 1:08 hours
Hyper-V role detected

CPU: total 12 (initial active 12) (6 cores per cpu, 2 threads per core) family 6 model 151 stepping 5 microcode 0x3a, cx8, cmov, fxsr, ht, mmx, 3dnowpref, sse, sse2, sse3, ssse3, sse4.1, sse4.2, popcnt, lzcnt, tsc, tscinvbit, avx, avx2, aes, erms, clmul, bmi1, bmi2, adx, sha, fma, vzeroupper, clflush, clflushopt, clwb, hv, serialize, rdtscp, rdpid, fsrm, f16c, cet_ibt, cet_ss
Processor Information for the first 12 processors :
  Max Mhz: 3000, Current Mhz: 3000, Mhz Limit: 3000

Memory: 4k page, system-wide physical 16072M (3326M free)
TotalPageFile size 19016M (AvailPageFile size 2M)
current process WorkingSet (physical memory assigned to process): 1869M, peak: 1869M
current process commit charge ("private bytes"): 1795M, peak: 1800M

vm_info: OpenJDK 64-Bit Server VM (21.0.10+7-LTS) for windows-amd64 JRE (21.0.10+7-LTS), built on 2026-01-20T00:00:00Z by "admin" with MS VC++ 17.12 (VS2022)

END.
