#
# There is insufficient memory for the Java Runtime Environment to continue.
# Native memory allocation (malloc) failed to allocate 1663536 bytes for Chunk::new
# Possible reasons:
#   The system is out of physical RAM or swap space
#   The process is running with CompressedOops enabled, and the Java Heap may be blocking the growth of the native heap
# Possible solutions:
#   Reduce memory load on the system
#   Increase physical memory or swap space
#   Check if swap backing store is full
#   Decrease Java heap size (-Xmx/-Xms)
#   Decrease number of Java threads
#   Decrease Java thread stack sizes (-Xss)
#   Set larger code cache with -XX:ReservedCodeCacheSize=
#   JVM is running with Zero Based Compressed Oops mode in which the Java heap is
#     placed in the first 32GB address space. The Java Heap base address is the
#     maximum limit for the native heap growth. Please use -XX:HeapBaseMinAddress
#     to set the Java Heap base and to place the Java Heap above 32GB virtual address.
# This output file may be truncated or incomplete.
#
#  Out of Memory Error (arena.cpp:168), pid=21768, tid=16044
#
# JRE version: Java(TM) SE Runtime Environment (21.0.8+12) (build 21.0.8+12-LTS-250)
# Java VM: Java HotSpot(TM) 64-Bit Server VM (21.0.8+12-LTS-250, mixed mode, sharing, tiered, compressed oops, compressed class ptrs, g1 gc, windows-amd64)
# No core dump will be written. Minidumps are not enabled by default on client versions of Windows
#

---------------  S U M M A R Y ------------

Command Line: -Dcom.sun.management.jmxremote -Dcom.sun.management.jmxremote.port=51834 -Dcom.sun.management.jmxremote.authenticate=false -Dcom.sun.management.jmxremote.ssl=false -Dspring.jmx.enabled=true -Djava.rmi.server.hostname=localhost -Dspring.application.admin.enabled=true -Dspring.boot.project.name=sucursal_service -XX:+ShowCodeDetailsInExceptionMessages -agentpath:C:\Program Files\Palo Alto Networks\Traps\cyjagent.dll com.pharmanet.sucursal_service.SucursalServiceApplication

Host: 12th Gen Intel(R) Core(TM) i5-12500, 12 cores, 15G,  Windows 11 , 64 bit Build 26100 (10.0.26100.8246)
Time: Mon Jun 22 17:21:47 2026 Hora est. Sudam廨ica Pac璗ico elapsed time: 10.166042 seconds (0d 0h 0m 10s)

---------------  T H R E A D  ---------------

Current thread (0x0000025d7f044ad0):  JavaThread "C2 CompilerThread1" daemon [_thread_in_native, id=16044, stack(0x000000c507500000,0x000000c507600000) (1024K)]


Current CompileTask:
C2:  10167 7269       4       org.springframework.transaction.interceptor.AbstractFallbackTransactionAttributeSource::getTransactionAttribute (176 bytes)

Stack: [0x000000c507500000,0x000000c507600000]
Native frames: (J=compiled Java code, j=interpreted, Vv=VM code, C=native code)
V  [jvm.dll+0x6cc179]
V  [jvm.dll+0x8584c1]
V  [jvm.dll+0x85a9ee]
V  [jvm.dll+0x85b0c3]
V  [jvm.dll+0x27ebf6]
V  [jvm.dll+0xc4f4d]
V  [jvm.dll+0xc5483]
V  [jvm.dll+0x3b6a82]
V  [jvm.dll+0x382a35]
V  [jvm.dll+0x381eaa]
V  [jvm.dll+0x247670]
V  [jvm.dll+0x246c4f]
V  [jvm.dll+0x1c7a3e]
V  [jvm.dll+0x256359]
V  [jvm.dll+0x2548ea]
V  [jvm.dll+0x3efef6]
V  [jvm.dll+0x80279b]
V  [jvm.dll+0x6ca85d]
C  [ucrtbase.dll+0x37b0]
C  [cyinjct.dll+0x11e7]
C  [KERNEL32.DLL+0x2e8d7]
C  [ntdll.dll+0x8c3fc]


---------------  P R O C E S S  ---------------

Threads class SMR info:
_java_thread_list=0x0000025d4209a600, length=25, elements={
0x0000025d567bb510, 0x0000025d75b69230, 0x0000025d75b6bc90, 0x0000025d75b77f10,
0x0000025d75b78960, 0x0000025d75b79b50, 0x0000025d75b7cd50, 0x0000025d75b80fd0,
0x0000025d786e2740, 0x0000025d788bfe40, 0x0000025d78963b30, 0x0000025d7d8eee00,
0x0000025d7d8a8ff0, 0x0000025d7d9c5cf0, 0x0000025d7e2bd5c0, 0x0000025d7e5a2020,
0x0000025d41dd3080, 0x0000025d41dd4ac0, 0x0000025d41dd1cd0, 0x0000025d41dd2360,
0x0000025d42323400, 0x0000025d42324120, 0x0000025d7f044ad0, 0x0000025d7f048820,
0x0000025d42320ca0
}

Java Threads: ( => current thread )
  0x0000025d567bb510 JavaThread "main"                              [_thread_blocked, id=3936, stack(0x000000c506300000,0x000000c506400000) (1024K)]
  0x0000025d75b69230 JavaThread "Reference Handler"          daemon [_thread_blocked, id=16716, stack(0x000000c506b00000,0x000000c506c00000) (1024K)]
  0x0000025d75b6bc90 JavaThread "Finalizer"                  daemon [_thread_blocked, id=8216, stack(0x000000c506c00000,0x000000c506d00000) (1024K)]
  0x0000025d75b77f10 JavaThread "Signal Dispatcher"          daemon [_thread_blocked, id=9408, stack(0x000000c506d00000,0x000000c506e00000) (1024K)]
  0x0000025d75b78960 JavaThread "Attach Listener"            daemon [_thread_blocked, id=22960, stack(0x000000c506e00000,0x000000c506f00000) (1024K)]
  0x0000025d75b79b50 JavaThread "Service Thread"             daemon [_thread_blocked, id=21204, stack(0x000000c506f00000,0x000000c507000000) (1024K)]
  0x0000025d75b7cd50 JavaThread "Monitor Deflation Thread"   daemon [_thread_blocked, id=18516, stack(0x000000c507000000,0x000000c507100000) (1024K)]
  0x0000025d75b80fd0 JavaThread "C2 CompilerThread0"         daemon [_thread_in_native, id=2172, stack(0x000000c507100000,0x000000c507200000) (1024K)]
  0x0000025d786e2740 JavaThread "C1 CompilerThread0"         daemon [_thread_blocked, id=23564, stack(0x000000c507200000,0x000000c507300000) (1024K)]
  0x0000025d788bfe40 JavaThread "Common-Cleaner"             daemon [_thread_blocked, id=19696, stack(0x000000c507300000,0x000000c507400000) (1024K)]
  0x0000025d78963b30 JavaThread "Notification Thread"        daemon [_thread_blocked, id=11564, stack(0x000000c507400000,0x000000c507500000) (1024K)]
  0x0000025d7d8eee00 JavaThread "RMI TCP Accept-0"           daemon [_thread_in_native, id=8692, stack(0x000000c507c00000,0x000000c507d00000) (1024K)]
  0x0000025d7d8a8ff0 JavaThread "RMI TCP Accept-51834"       daemon [_thread_in_native, id=22896, stack(0x000000c507d00000,0x000000c507e00000) (1024K)]
  0x0000025d7d9c5cf0 JavaThread "RMI TCP Accept-0"           daemon [_thread_in_native, id=15176, stack(0x000000c507e00000,0x000000c507f00000) (1024K)]
  0x0000025d7e2bd5c0 JavaThread "Thread-0"                          [_thread_blocked, id=10328, stack(0x000000c508300000,0x000000c508400000) (1024K)]
  0x0000025d7e5a2020 JavaThread "restartedMain"                     [_thread_in_native, id=14024, stack(0x000000c508400000,0x000000c508500000) (1024K)]
  0x0000025d41dd3080 JavaThread "Catalina-utility-1"                [_thread_blocked, id=12032, stack(0x000000c508500000,0x000000c508600000) (1024K)]
  0x0000025d41dd4ac0 JavaThread "Catalina-utility-2"                [_thread_blocked, id=3060, stack(0x000000c508800000,0x000000c508900000) (1024K)]
  0x0000025d41dd1cd0 JavaThread "container-0"                       [_thread_blocked, id=18320, stack(0x000000c508900000,0x000000c508a00000) (1024K)]
  0x0000025d41dd2360 JavaThread "mysql-cj-abandoned-connection-cleanup" daemon [_thread_blocked, id=4656, stack(0x000000c508a00000,0x000000c508b00000) (1024K)]
  0x0000025d42323400 JavaThread "HikariPool-1:housekeeper"   daemon [_thread_blocked, id=18620, stack(0x000000c508c00000,0x000000c508d00000) (1024K)]
  0x0000025d42324120 JavaThread "HikariPool-1:connection-adder" daemon [_thread_blocked, id=12396, stack(0x000000c508d00000,0x000000c508e00000) (1024K)]
=>0x0000025d7f044ad0 JavaThread "C2 CompilerThread1"         daemon [_thread_in_native, id=16044, stack(0x000000c507500000,0x000000c507600000) (1024K)]
  0x0000025d7f048820 JavaThread "C2 CompilerThread2"         daemon [_thread_in_native, id=2216, stack(0x000000c507600000,0x000000c507700000) (1024K)]
  0x0000025d42320ca0 JavaThread "spring.cloud.inetutils"     daemon [_thread_blocked, id=23228, stack(0x000000c508e00000,0x000000c508f00000) (1024K)]
Total: 25

Other Threads:
  0x0000025d75b47440 VMThread "VM Thread"                           [id=1856, stack(0x000000c506a00000,0x000000c506b00000) (1024K)]
  0x0000025d786d1270 WatcherThread "VM Periodic Task Thread"        [id=21004, stack(0x000000c506900000,0x000000c506a00000) (1024K)]
  0x0000025d590bda90 WorkerThread "GC Thread#0"                     [id=22348, stack(0x000000c506400000,0x000000c506500000) (1024K)]
  0x0000025d7dd99a90 WorkerThread "GC Thread#1"                     [id=11984, stack(0x000000c507700000,0x000000c507800000) (1024K)]
  0x0000025d7dca8030 WorkerThread "GC Thread#2"                     [id=12832, stack(0x000000c507800000,0x000000c507900000) (1024K)]
  0x0000025d7d93b570 WorkerThread "GC Thread#3"                     [id=11528, stack(0x000000c507900000,0x000000c507a00000) (1024K)]
  0x0000025d7d93b910 WorkerThread "GC Thread#4"                     [id=8416, stack(0x000000c507a00000,0x000000c507b00000) (1024K)]
  0x0000025d7d93bcb0 WorkerThread "GC Thread#5"                     [id=6812, stack(0x000000c507b00000,0x000000c507c00000) (1024K)]
  0x0000025d7e096ef0 WorkerThread "GC Thread#6"                     [id=12052, stack(0x000000c507f00000,0x000000c508000000) (1024K)]
  0x0000025d7e4809c0 WorkerThread "GC Thread#7"                     [id=24164, stack(0x000000c508000000,0x000000c508100000) (1024K)]
  0x0000025d7db339c0 WorkerThread "GC Thread#8"                     [id=7004, stack(0x000000c508100000,0x000000c508200000) (1024K)]
  0x0000025d7e4138c0 WorkerThread "GC Thread#9"                     [id=5280, stack(0x000000c508200000,0x000000c508300000) (1024K)]
  0x0000025d759a3f60 ConcurrentGCThread "G1 Main Marker"            [id=2520, stack(0x000000c506500000,0x000000c506600000) (1024K)]
  0x0000025d590cc650 WorkerThread "G1 Conc#0"                       [id=20524, stack(0x000000c506600000,0x000000c506700000) (1024K)]
  0x0000025d7e32c3d0 WorkerThread "G1 Conc#1"                       [id=21040, stack(0x000000c508600000,0x000000c508700000) (1024K)]
  0x0000025d7e32c770 WorkerThread "G1 Conc#2"                       [id=13472, stack(0x000000c508700000,0x000000c508800000) (1024K)]
  0x0000025d75a80c20 ConcurrentGCThread "G1 Refine#0"               [id=4292, stack(0x000000c506700000,0x000000c506800000) (1024K)]
  0x0000025d75a84740 ConcurrentGCThread "G1 Service"                [id=2544, stack(0x000000c506800000,0x000000c506900000) (1024K)]
Total: 18

Threads with active compile tasks:
C2 CompilerThread0    10221 7302   !   4       org.springframework.util.ReflectionUtils::doWithMethods (189 bytes)
C2 CompilerThread1    10221 7269       4       org.springframework.transaction.interceptor.AbstractFallbackTransactionAttributeSource::getTransactionAttribute (176 bytes)
C2 CompilerThread2    10222 7310       4       org.springframework.transaction.interceptor.TransactionAttributeSourcePointcut::matches (27 bytes)
Total: 3

VM state: not at safepoint (normal execution)

VM Mutex/Monitor currently owned by a thread: None

Heap address: 0x0000000704c00000, size: 4020 MB, Compressed Oops mode: Zero based, Oop shift amount: 3

CDS archive(s) mapped at: [0x0000025d00000000-0x0000025d00c90000-0x0000025d00c90000), size 13172736, SharedBaseAddress: 0x0000025d00000000, ArchiveRelocationMode: 1.
Compressed class space mapped at: 0x0000025d01000000-0x0000025d41000000, reserved size: 1073741824
Narrow klass base: 0x0000025d00000000, Narrow klass shift: 0, Narrow klass range: 0x100000000

GC Precious Log:
 CardTable entry size: 512
 Card Set container configuration: InlinePtr #cards 4 size 8 Array Of Cards #cards 16 size 48 Howl #buckets 8 coarsen threshold 3686 Howl Bitmap #cards 512 size 80 coarsen threshold 460 Card regions per heap region 1 cards per card region 4096
 CPUs: 12 total, 12 available
 Memory: 16072M
 Large Page Support: Disabled
 NUMA Support: Disabled
 Compressed Oops: Enabled (Zero based)
 Heap Region Size: 2M
 Heap Min Capacity: 8M
 Heap Initial Capacity: 252M
 Heap Max Capacity: 4020M
 Pre-touch: Disabled
 Parallel Workers: 10
 Concurrent Workers: 3
 Concurrent Refinement Workers: 10
 Periodic GC: Disabled

Heap:
 garbage-first heap   total 92160K, used 52365K [0x0000000704c00000, 0x0000000800000000)
  region size 2048K, 5 young (10240K), 3 survivors (6144K)
 Metaspace       used 86437K, committed 87296K, reserved 1179648K
  class space    used 11565K, committed 11968K, reserved 1048576K

Heap Regions: E=young(eden), S=young(survivor), O=old, HS=humongous(starts), HC=humongous(continues), CS=collection set, F=free, TAMS=top-at-mark-start, PB=parsable bottom
|   0|0x0000000704c00000, 0x0000000704e00000, 0x0000000704e00000|100%| O|  |TAMS 0x0000000704c00000| PB 0x0000000704c00000| Untracked 
|   1|0x0000000704e00000, 0x0000000705000000, 0x0000000705000000|100%| O|  |TAMS 0x0000000704e00000| PB 0x0000000704e00000| Untracked 
|   2|0x0000000705000000, 0x0000000705200000, 0x0000000705200000|100%| O|  |TAMS 0x0000000705000000| PB 0x0000000705000000| Untracked 
|   3|0x0000000705200000, 0x0000000705400000, 0x0000000705400000|100%| O|  |TAMS 0x0000000705200000| PB 0x0000000705200000| Untracked 
|   4|0x0000000705400000, 0x0000000705600000, 0x0000000705600000|100%| O|  |TAMS 0x0000000705400000| PB 0x0000000705400000| Untracked 
|   5|0x0000000705600000, 0x0000000705800000, 0x0000000705800000|100%| O|  |TAMS 0x0000000705600000| PB 0x0000000705600000| Untracked 
|   6|0x0000000705800000, 0x0000000705a00000, 0x0000000705a00000|100%| O|  |TAMS 0x0000000705800000| PB 0x0000000705800000| Untracked 
|   7|0x0000000705a00000, 0x0000000705c00000, 0x0000000705c00000|100%| O|  |TAMS 0x0000000705a00000| PB 0x0000000705a00000| Untracked 
|   8|0x0000000705c00000, 0x0000000705e00000, 0x0000000705e00000|100%| O|  |TAMS 0x0000000705c00000| PB 0x0000000705c00000| Untracked 
|   9|0x0000000705e00000, 0x0000000706000000, 0x0000000706000000|100%| O|  |TAMS 0x0000000705e00000| PB 0x0000000705e00000| Untracked 
|  10|0x0000000706000000, 0x0000000706200000, 0x0000000706200000|100%| O|  |TAMS 0x0000000706000000| PB 0x0000000706000000| Untracked 
|  11|0x0000000706200000, 0x0000000706400000, 0x0000000706400000|100%| O|  |TAMS 0x0000000706200000| PB 0x0000000706200000| Untracked 
|  12|0x0000000706400000, 0x0000000706600000, 0x0000000706600000|100%| O|Cm|TAMS 0x0000000706400000| PB 0x0000000706400000| Complete 
|  13|0x0000000706600000, 0x0000000706800000, 0x0000000706800000|100%| O|  |TAMS 0x0000000706600000| PB 0x0000000706600000| Untracked 
|  14|0x0000000706800000, 0x0000000706a00000, 0x0000000706a00000|100%| O|  |TAMS 0x0000000706800000| PB 0x0000000706800000| Untracked 
|  15|0x0000000706a00000, 0x0000000706c00000, 0x0000000706c00000|100%| O|  |TAMS 0x0000000706a00000| PB 0x0000000706a00000| Untracked 
|  16|0x0000000706c00000, 0x0000000706e00000, 0x0000000706e00000|100%| O|  |TAMS 0x0000000706c00000| PB 0x0000000706c00000| Untracked 
|  17|0x0000000706e00000, 0x0000000707000000, 0x0000000707000000|100%| O|  |TAMS 0x0000000706e00000| PB 0x0000000706e00000| Untracked 
|  18|0x0000000707000000, 0x0000000707200000, 0x0000000707200000|100%| O|  |TAMS 0x0000000707000000| PB 0x0000000707000000| Untracked 
|  19|0x0000000707200000, 0x0000000707400000, 0x0000000707400000|100%| O|  |TAMS 0x0000000707200000| PB 0x0000000707200000| Untracked 
|  20|0x0000000707400000, 0x0000000707600000, 0x0000000707600000|100%| O|  |TAMS 0x0000000707400000| PB 0x0000000707400000| Untracked 
|  21|0x0000000707600000, 0x0000000707768688, 0x0000000707800000| 70%| O|  |TAMS 0x0000000707600000| PB 0x0000000707600000| Untracked 
|  22|0x0000000707800000, 0x0000000707800000, 0x0000000707a00000|  0%| F|  |TAMS 0x0000000707800000| PB 0x0000000707800000| Untracked 
|  23|0x0000000707a00000, 0x0000000707a00000, 0x0000000707c00000|  0%| F|  |TAMS 0x0000000707a00000| PB 0x0000000707a00000| Untracked 
|  24|0x0000000707c00000, 0x0000000707c00000, 0x0000000707e00000|  0%| F|  |TAMS 0x0000000707c00000| PB 0x0000000707c00000| Untracked 
|  25|0x0000000707e00000, 0x0000000707e00000, 0x0000000708000000|  0%| F|  |TAMS 0x0000000707e00000| PB 0x0000000707e00000| Untracked 
|  26|0x0000000708000000, 0x0000000708000000, 0x0000000708200000|  0%| F|  |TAMS 0x0000000708000000| PB 0x0000000708000000| Untracked 
|  27|0x0000000708200000, 0x00000007083bb0d0, 0x0000000708400000| 86%| S|CS|TAMS 0x0000000708200000| PB 0x0000000708200000| Complete 
|  28|0x0000000708400000, 0x0000000708600000, 0x0000000708600000|100%| S|CS|TAMS 0x0000000708400000| PB 0x0000000708400000| Complete 
|  29|0x0000000708600000, 0x0000000708800000, 0x0000000708800000|100%| S|CS|TAMS 0x0000000708600000| PB 0x0000000708600000| Complete 
|  30|0x0000000708800000, 0x0000000708800000, 0x0000000708a00000|  0%| F|  |TAMS 0x0000000708800000| PB 0x0000000708800000| Untracked 
|  31|0x0000000708a00000, 0x0000000708a00000, 0x0000000708c00000|  0%| F|  |TAMS 0x0000000708a00000| PB 0x0000000708a00000| Untracked 
|  32|0x0000000708c00000, 0x0000000708c00000, 0x0000000708e00000|  0%| F|  |TAMS 0x0000000708c00000| PB 0x0000000708c00000| Untracked 
|  33|0x0000000708e00000, 0x0000000708e00000, 0x0000000709000000|  0%| F|  |TAMS 0x0000000708e00000| PB 0x0000000708e00000| Untracked 
|  34|0x0000000709000000, 0x0000000709000000, 0x0000000709200000|  0%| F|  |TAMS 0x0000000709000000| PB 0x0000000709000000| Untracked 
|  35|0x0000000709200000, 0x0000000709200000, 0x0000000709400000|  0%| F|  |TAMS 0x0000000709200000| PB 0x0000000709200000| Untracked 
|  36|0x0000000709400000, 0x0000000709400000, 0x0000000709600000|  0%| F|  |TAMS 0x0000000709400000| PB 0x0000000709400000| Untracked 
|  37|0x0000000709600000, 0x0000000709600000, 0x0000000709800000|  0%| F|  |TAMS 0x0000000709600000| PB 0x0000000709600000| Untracked 
|  38|0x0000000709800000, 0x0000000709800000, 0x0000000709a00000|  0%| F|  |TAMS 0x0000000709800000| PB 0x0000000709800000| Untracked 
|  39|0x0000000709a00000, 0x0000000709a00000, 0x0000000709c00000|  0%| F|  |TAMS 0x0000000709a00000| PB 0x0000000709a00000| Untracked 
|  40|0x0000000709c00000, 0x0000000709c00000, 0x0000000709e00000|  0%| F|  |TAMS 0x0000000709c00000| PB 0x0000000709c00000| Untracked 
| 110|0x0000000712800000, 0x0000000712800000, 0x0000000712a00000|  0%| F|  |TAMS 0x0000000712800000| PB 0x0000000712800000| Untracked 
| 111|0x0000000712a00000, 0x0000000712a96078, 0x0000000712c00000| 29%| E|  |TAMS 0x0000000712a00000| PB 0x0000000712a00000| Complete 
| 112|0x0000000712c00000, 0x0000000712e00000, 0x0000000712e00000|100%| E|CS|TAMS 0x0000000712c00000| PB 0x0000000712c00000| Complete 
| 125|0x0000000714600000, 0x0000000714800000, 0x0000000714800000|100%| E|CS|TAMS 0x0000000714600000| PB 0x0000000714600000| Complete 

Card table byte_map: [0x0000025d712f0000,0x0000025d71ad0000] _byte_map_base: 0x0000025d6daca000

Marking Bits: (CMBitMap*) 0x0000025d590bf5a0
 Bits: [0x0000025d71ad0000, 0x0000025d759a0000)

Polling page: 0x0000025d56dd0000

Metaspace:

Usage:
  Non-class:     73.14 MB used.
      Class:     11.30 MB used.
       Both:     84.44 MB used.

Virtual space:
  Non-class space:      128.00 MB reserved,      73.56 MB ( 57%) committed,  2 nodes.
      Class space:        1.00 GB reserved,      11.69 MB (  1%) committed,  1 nodes.
             Both:        1.12 GB reserved,      85.25 MB (  7%) committed. 

Chunk freelists:
   Non-Class:  6.06 MB
       Class:  4.28 MB
        Both:  10.35 MB

MaxMetaspaceSize: unlimited
CompressedClassSpaceSize: 1.00 GB
Initial GC threshold: 21.00 MB
Current GC threshold: 141.88 MB
CDS: on
 - commit_granule_bytes: 65536.
 - commit_granule_words: 8192.
 - virtual_space_node_default_size: 8388608.
 - enlarge_chunks_in_place: 1.
 - use_allocation_guard: 0.


Internal statistics:

num_allocs_failed_limit: 9.
num_arena_births: 1202.
num_arena_deaths: 0.
num_vsnodes_births: 3.
num_vsnodes_deaths: 0.
num_space_committed: 1363.
num_space_uncommitted: 0.
num_chunks_returned_to_freelist: 9.
num_chunks_taken_from_freelist: 4284.
num_chunk_merges: 9.
num_chunk_splits: 3121.
num_chunks_enlarged: 2433.
num_inconsistent_stats: 0.

CodeHeap 'non-profiled nmethods': size=120000Kb used=4574Kb max_used=5290Kb free=115426Kb
 bounds [0x0000025d68f70000, 0x0000025d694a0000, 0x0000025d704a0000]
CodeHeap 'profiled nmethods': size=120000Kb used=12680Kb max_used=13947Kb free=107319Kb
 bounds [0x0000025d614a0000, 0x0000025d62240000, 0x0000025d689d0000]
CodeHeap 'non-nmethods': size=5760Kb used=1714Kb max_used=1775Kb free=4045Kb
 bounds [0x0000025d689d0000, 0x0000025d68c40000, 0x0000025d68f70000]
 total_blobs=6922 nmethods=6181 adapters=645
 compilation: enabled
              stopped_count=0, restarted_count=0
 full_count=0

Compilation events (20 events):
Event: 9.120 Thread 0x0000025d7f048820 nmethod 7292 0x0000025d691aec90 code [0x0000025d691af080, 0x0000025d691b14c0]
Event: 9.120 Thread 0x0000025d7f048820 7310       4       org.springframework.transaction.interceptor.TransactionAttributeSourcePointcut::matches (27 bytes)
Event: 9.143 Thread 0x0000025d786e2740 7313       3       java.util.Spliterators::spliterator (16 bytes)
Event: 9.144 Thread 0x0000025d786e2740 nmethod 7313 0x0000025d61689a90 code [0x0000025d61689c60, 0x0000025d61689f60]
Event: 9.144 Thread 0x0000025d786e2740 7314       3       java.util.Spliterators$ArraySpliterator::<init> (10 bytes)
Event: 9.144 Thread 0x0000025d786e2740 nmethod 7314 0x0000025d614a6810 code [0x0000025d614a69c0, 0x0000025d614a6b08]
Event: 9.145 Thread 0x0000025d786e2740 7315       3       java.util.regex.Matcher::groupCount (10 bytes)
Event: 9.145 Thread 0x0000025d786e2740 nmethod 7315 0x0000025d614cfe90 code [0x0000025d614d0020, 0x0000025d614d0140]
Event: 9.145 Thread 0x0000025d786e2740 7316       3       java.util.regex.Matcher::checkGroup (41 bytes)
Event: 9.145 Thread 0x0000025d786e2740 nmethod 7316 0x0000025d61583910 code [0x0000025d61583b40, 0x0000025d615841d8]
Event: 9.149 Thread 0x0000025d786e2740 7318       3       ch.qos.logback.core.FileAppender::writeOut (21 bytes)
Event: 9.150 Thread 0x0000025d786e2740 nmethod 7318 0x0000025d61909b90 code [0x0000025d61909de0, 0x0000025d6190a4a8]
Event: 9.150 Thread 0x0000025d786e2740 7319       3       java.io.OutputStream::write (9 bytes)
Event: 9.150 Thread 0x0000025d786e2740 nmethod 7319 0x0000025d614bdd90 code [0x0000025d614bdf40, 0x0000025d614be120]
Event: 9.150 Thread 0x0000025d786e2740 7320   !   3       ch.qos.logback.core.recovery.ResilientOutputStreamBase::write (48 bytes)
Event: 9.150 Thread 0x0000025d786e2740 nmethod 7320 0x0000025d615f4f90 code [0x0000025d615f51a0, 0x0000025d615f5740]
Event: 9.150 Thread 0x0000025d786e2740 7321       3       ch.qos.logback.core.recovery.ResilientOutputStreamBase::isPresumedInError (20 bytes)
Event: 9.150 Thread 0x0000025d786e2740 nmethod 7321 0x0000025d614d1f10 code [0x0000025d614d20c0, 0x0000025d614d2268]
Event: 9.150 Thread 0x0000025d786e2740 7322   !   3       ch.qos.logback.core.recovery.ResilientOutputStreamBase::flush (28 bytes)
Event: 9.151 Thread 0x0000025d786e2740 nmethod 7322 0x0000025d6156fe90 code [0x0000025d61570060, 0x0000025d615703e0]

GC Heap History (20 events):
Event: 2.616 GC heap before
{Heap before GC invocations=7 (full 0):
 garbage-first heap   total 75776K, used 52798K [0x0000000704c00000, 0x0000000800000000)
  region size 2048K, 18 young (36864K), 3 survivors (6144K)
 Metaspace       used 35626K, committed 36096K, reserved 1114112K
  class space    used 4304K, committed 4544K, reserved 1048576K
}
Event: 2.619 GC heap after
{Heap after GC invocations=8 (full 0):
 garbage-first heap   total 75776K, used 25775K [0x0000000704c00000, 0x0000000800000000)
  region size 2048K, 3 young (6144K), 3 survivors (6144K)
 Metaspace       used 35626K, committed 36096K, reserved 1114112K
  class space    used 4304K, committed 4544K, reserved 1048576K
}
Event: 3.150 GC heap before
{Heap before GC invocations=9 (full 0):
 garbage-first heap   total 75776K, used 58543K [0x0000000704c00000, 0x0000000800000000)
  region size 2048K, 19 young (38912K), 3 survivors (6144K)
 Metaspace       used 40256K, committed 40768K, reserved 1114112K
  class space    used 4989K, committed 5184K, reserved 1048576K
}
Event: 3.153 GC heap after
{Heap after GC invocations=10 (full 0):
 garbage-first heap   total 92160K, used 27691K [0x0000000704c00000, 0x0000000800000000)
  region size 2048K, 2 young (4096K), 2 survivors (4096K)
 Metaspace       used 40256K, committed 40768K, reserved 1114112K
  class space    used 4989K, committed 5184K, reserved 1048576K
}
Event: 4.102 GC heap before
{Heap before GC invocations=10 (full 0):
 garbage-first heap   total 92160K, used 72747K [0x0000000704c00000, 0x0000000800000000)
  region size 2048K, 25 young (51200K), 2 survivors (4096K)
 Metaspace       used 45373K, committed 45952K, reserved 1114112K
  class space    used 5708K, committed 5952K, reserved 1048576K
}
Event: 4.108 GC heap after
{Heap after GC invocations=11 (full 0):
 garbage-first heap   total 92160K, used 34006K [0x0000000704c00000, 0x0000000800000000)
  region size 2048K, 4 young (8192K), 4 survivors (8192K)
 Metaspace       used 45373K, committed 45952K, reserved 1114112K
  class space    used 5708K, committed 5952K, reserved 1048576K
}
Event: 4.554 GC heap before
{Heap before GC invocations=11 (full 0):
 garbage-first heap   total 92160K, used 74966K [0x0000000704c00000, 0x0000000800000000)
  region size 2048K, 25 young (51200K), 4 survivors (8192K)
 Metaspace       used 47802K, committed 48448K, reserved 1114112K
  class space    used 6044K, committed 6336K, reserved 1048576K
}
Event: 4.559 GC heap after
{Heap after GC invocations=12 (full 0):
 garbage-first heap   total 92160K, used 38448K [0x0000000704c00000, 0x0000000800000000)
  region size 2048K, 3 young (6144K), 3 survivors (6144K)
 Metaspace       used 47802K, committed 48448K, reserved 1114112K
  class space    used 6044K, committed 6336K, reserved 1048576K
}
Event: 5.675 GC heap before
{Heap before GC invocations=12 (full 0):
 garbage-first heap   total 92160K, used 75312K [0x0000000704c00000, 0x0000000800000000)
  region size 2048K, 22 young (45056K), 3 survivors (6144K)
 Metaspace       used 56802K, committed 57536K, reserved 1114112K
  class space    used 7086K, committed 7424K, reserved 1048576K
}
Event: 5.678 GC heap after
{Heap after GC invocations=13 (full 0):
 garbage-first heap   total 92160K, used 42077K [0x0000000704c00000, 0x0000000800000000)
  region size 2048K, 2 young (4096K), 2 survivors (4096K)
 Metaspace       used 56802K, committed 57536K, reserved 1114112K
  class space    used 7086K, committed 7424K, reserved 1048576K
}
Event: 5.861 GC heap before
{Heap before GC invocations=13 (full 0):
 garbage-first heap   total 92160K, used 56413K [0x0000000704c00000, 0x0000000800000000)
  region size 2048K, 10 young (20480K), 2 survivors (4096K)
 Metaspace       used 59590K, committed 60288K, reserved 1114112K
  class space    used 7603K, committed 7936K, reserved 1048576K
}
Event: 5.863 GC heap after
{Heap after GC invocations=14 (full 0):
 garbage-first heap   total 92160K, used 42963K [0x0000000704c00000, 0x0000000800000000)
  region size 2048K, 1 young (2048K), 1 survivors (2048K)
 Metaspace       used 59590K, committed 60288K, reserved 1114112K
  class space    used 7603K, committed 7936K, reserved 1048576K
}
Event: 6.363 GC heap before
{Heap before GC invocations=15 (full 0):
 garbage-first heap   total 92160K, used 79827K [0x0000000704c00000, 0x0000000800000000)
  region size 2048K, 19 young (38912K), 1 survivors (2048K)
 Metaspace       used 66923K, committed 67648K, reserved 1114112K
  class space    used 8788K, committed 9088K, reserved 1048576K
}
Event: 6.365 GC heap after
{Heap after GC invocations=16 (full 0):
 garbage-first heap   total 92160K, used 44521K [0x0000000704c00000, 0x0000000800000000)
  region size 2048K, 2 young (4096K), 2 survivors (4096K)
 Metaspace       used 66923K, committed 67648K, reserved 1114112K
  class space    used 8788K, committed 9088K, reserved 1048576K
}
Event: 6.814 GC heap before
{Heap before GC invocations=16 (full 0):
 garbage-first heap   total 92160K, used 79337K [0x0000000704c00000, 0x0000000800000000)
  region size 2048K, 19 young (38912K), 2 survivors (4096K)
 Metaspace       used 75273K, committed 75968K, reserved 1179648K
  class space    used 10004K, committed 10304K, reserved 1048576K
}
Event: 6.817 GC heap after
{Heap after GC invocations=17 (full 0):
 garbage-first heap   total 92160K, used 44664K [0x0000000704c00000, 0x0000000800000000)
  region size 2048K, 2 young (4096K), 2 survivors (4096K)
 Metaspace       used 75273K, committed 75968K, reserved 1179648K
  class space    used 10004K, committed 10304K, reserved 1048576K
}
Event: 7.319 GC heap before
{Heap before GC invocations=17 (full 0):
 garbage-first heap   total 92160K, used 79480K [0x0000000704c00000, 0x0000000800000000)
  region size 2048K, 20 young (40960K), 2 survivors (4096K)
 Metaspace       used 82552K, committed 83264K, reserved 1179648K
  class space    used 11025K, committed 11328K, reserved 1048576K
}
Event: 7.323 GC heap after
{Heap after GC invocations=18 (full 0):
 garbage-first heap   total 92160K, used 47078K [0x0000000704c00000, 0x0000000800000000)
  region size 2048K, 3 young (6144K), 3 survivors (6144K)
 Metaspace       used 82552K, committed 83264K, reserved 1179648K
  class space    used 11025K, committed 11328K, reserved 1048576K
}
Event: 8.063 GC heap before
{Heap before GC invocations=18 (full 0):
 garbage-first heap   total 92160K, used 75750K [0x0000000704c00000, 0x0000000800000000)
  region size 2048K, 18 young (36864K), 3 survivors (6144K)
 Metaspace       used 86312K, committed 87168K, reserved 1179648K
  class space    used 11520K, committed 11904K, reserved 1048576K
}
Event: 8.067 GC heap after
{Heap after GC invocations=19 (full 0):
 garbage-first heap   total 92160K, used 50317K [0x0000000704c00000, 0x0000000800000000)
  region size 2048K, 3 young (6144K), 3 survivors (6144K)
 Metaspace       used 86312K, committed 87168K, reserved 1179648K
  class space    used 11520K, committed 11904K, reserved 1048576K
}

Dll operation events (10 events):
Event: 0.010 Loaded shared library C:\Program Files\Java\jdk-21\bin\java.dll
Event: 0.035 Loaded shared library C:\Program Files\Java\jdk-21\bin\jsvml.dll
Event: 0.183 Loaded shared library C:\Program Files\Java\jdk-21\bin\jimage.dll
Event: 0.190 Loaded shared library C:\Program Files\Java\jdk-21\bin\net.dll
Event: 0.192 Loaded shared library C:\Program Files\Java\jdk-21\bin\nio.dll
Event: 0.194 Loaded shared library C:\Program Files\Java\jdk-21\bin\zip.dll
Event: 0.296 Loaded shared library C:\Program Files\Java\jdk-21\bin\management.dll
Event: 0.302 Loaded shared library C:\Program Files\Java\jdk-21\bin\management_ext.dll
Event: 0.492 Loaded shared library C:\Program Files\Java\jdk-21\bin\extnet.dll
Event: 2.163 Loaded shared library C:\Program Files\Java\jdk-21\bin\sunmscapi.dll

Deoptimization events (20 events):
Event: 7.878 Thread 0x0000025d7e5a2020 DEOPT PACKING pc=0x0000025d68ff7b88 sp=0x000000c5084fc110
Event: 7.878 Thread 0x0000025d7e5a2020 DEOPT UNPACKING pc=0x0000025d68a246a2 sp=0x000000c5084fc050 mode 2
Event: 7.884 Thread 0x0000025d7e5a2020 Uncommon trap: trap_request=0xffffff45 fr.pc=0x0000025d693be20c relative=0x0000000000000a6c
Event: 7.884 Thread 0x0000025d7e5a2020 Uncommon trap: reason=unstable_if action=reinterpret pc=0x0000025d693be20c method=org.springframework.transaction.annotation.JtaTransactionAnnotationParser.parseTransactionAnnotation(Ljava/lang/reflect/AnnotatedElement;)Lorg/springframework/transaction/in
Event: 7.884 Thread 0x0000025d7e5a2020 DEOPT PACKING pc=0x0000025d693be20c sp=0x000000c5084fd070
Event: 7.884 Thread 0x0000025d7e5a2020 DEOPT UNPACKING pc=0x0000025d68a246a2 sp=0x000000c5084fcfc0 mode 2
Event: 7.891 Thread 0x0000025d7e5a2020 Uncommon trap: trap_request=0xffffff54 fr.pc=0x0000025d69457170 relative=0x0000000000000d10
Event: 7.891 Thread 0x0000025d7e5a2020 Uncommon trap: reason=speculate_null_assert action=make_not_entrant pc=0x0000025d69457170 method=org.springframework.transaction.interceptor.AbstractFallbackTransactionAttributeSource.getTransactionAttribute(Ljava/lang/reflect/Method;Ljava/lang/Class;Z)Lo
Event: 7.891 Thread 0x0000025d7e5a2020 DEOPT PACKING pc=0x0000025d69457170 sp=0x000000c5084fca40
Event: 7.891 Thread 0x0000025d7e5a2020 DEOPT UNPACKING pc=0x0000025d68a246a2 sp=0x000000c5084fc970 mode 2
Event: 7.899 Thread 0x0000025d7e5a2020 Uncommon trap: trap_request=0xffffff45 fr.pc=0x0000025d6928a7d8 relative=0x0000000000002898
Event: 7.899 Thread 0x0000025d7e5a2020 Uncommon trap: reason=unstable_if action=reinterpret pc=0x0000025d6928a7d8 method=org.springframework.core.annotation.RepeatableContainers$StandardRepeatableContainers.getRepeatedAnnotationsMethod(Ljava/lang/Class;)Ljava/lang/reflect/Method; @ 19 c2
Event: 7.899 Thread 0x0000025d7e5a2020 DEOPT PACKING pc=0x0000025d6928a7d8 sp=0x000000c5084fdcb0
Event: 7.899 Thread 0x0000025d7e5a2020 DEOPT UNPACKING pc=0x0000025d68a246a2 sp=0x000000c5084fda98 mode 2
Event: 7.913 Thread 0x0000025d7e5a2020 Uncommon trap: trap_request=0xffffff45 fr.pc=0x0000025d6926f820 relative=0x0000000000000100
Event: 7.913 Thread 0x0000025d7e5a2020 Uncommon trap: reason=unstable_if action=reinterpret pc=0x0000025d6926f820 method=org.springframework.aop.framework.autoproxy.AbstractAutoProxyCreator.predictBeanType(Ljava/lang/Class;Ljava/lang/String;)Ljava/lang/Class; @ 9 c2
Event: 7.913 Thread 0x0000025d7e5a2020 DEOPT PACKING pc=0x0000025d6926f820 sp=0x000000c5084fda80
Event: 7.913 Thread 0x0000025d7e5a2020 DEOPT UNPACKING pc=0x0000025d68a246a2 sp=0x000000c5084fda20 mode 2
Event: 7.916 Thread 0x0000025d7e5a2020 DEOPT PACKING pc=0x0000025d61e4f189 sp=0x000000c5084fd570
Event: 7.916 Thread 0x0000025d7e5a2020 DEOPT UNPACKING pc=0x0000025d68a24e42 sp=0x000000c5084fcb10 mode 0

Classes loaded (20 events):
Event: 7.770 Loading class java/util/DualPivotQuicksort
Event: 7.770 Loading class java/util/DualPivotQuicksort done
Event: 7.785 Loading class sun/reflect/ReflectionFactory
Event: 7.785 Loading class sun/reflect/ReflectionFactory done
Event: 7.785 Loading class sun/reflect/ReflectionFactory$1
Event: 7.785 Loading class sun/reflect/ReflectionFactory$1 done
Event: 7.785 Loading class java/io/OptionalDataException
Event: 7.785 Loading class java/io/OptionalDataException done
Event: 7.806 Loading class java/util/zip/GZIPOutputStream
Event: 7.806 Loading class java/util/zip/DeflaterOutputStream
Event: 7.806 Loading class java/util/zip/DeflaterOutputStream done
Event: 7.806 Loading class java/util/zip/GZIPOutputStream done
Event: 7.806 Loading class java/util/zip/GZIPInputStream
Event: 7.806 Loading class java/util/zip/GZIPInputStream done
Event: 7.986 Loading class java/util/EnumMap$EntrySet
Event: 7.986 Loading class java/util/EnumMap$EntrySet done
Event: 7.986 Loading class java/util/EnumMap$EntryIterator
Event: 7.986 Loading class java/util/EnumMap$EnumMapIterator
Event: 7.986 Loading class java/util/EnumMap$EnumMapIterator done
Event: 7.986 Loading class java/util/EnumMap$EntryIterator done

Classes unloaded (0 events):
No events

Classes redefined (4 events):
Event: 0.175 Thread 0x0000025d75b47440 redefined class name=java.io.FileOutputStream, count=1
Event: 0.177 Thread 0x0000025d75b47440 redefined class name=java.io.File, count=1
Event: 0.178 Thread 0x0000025d75b47440 redefined class name=java.lang.ClassLoader, count=1
Event: 0.179 Thread 0x0000025d75b47440 redefined class name=java.net.URLStreamHandler, count=1

Internal exceptions (20 events):
Event: 7.301 Thread 0x0000025d7e5a2020 Exception <a 'java/lang/IncompatibleClassChangeError'{0x0000000707ec45e8}: Found class java.lang.Object, but interface was expected> (0x0000000707ec45e8) 
thrown [s\open\src\hotspot\share\interpreter\linkResolver.cpp, line 840]
Event: 7.307 Thread 0x0000025d7e5a2020 Exception <a 'java/lang/IncompatibleClassChangeError'{0x0000000707ef2710}: Found class java.lang.Object, but interface was expected> (0x0000000707ef2710) 
thrown [s\open\src\hotspot\share\interpreter\linkResolver.cpp, line 840]
Event: 7.333 Thread 0x0000025d7e5a2020 Exception <a 'java/lang/NoSuchMethodError'{0x0000000714681440}: 'void java.lang.invoke.Invokers$Holder.invokeExact_MT(java.lang.Object, java.lang.Object, java.lang.Object, java.lang.Object)'> (0x0000000714681440) 
thrown [s\open\src\hotspot\share\interpreter\linkResolver.cpp, line 773]
Event: 7.409 Thread 0x0000025d7e5a2020 Exception <a 'java/lang/NoSuchMethodError'{0x0000000712a60d68}: 'java.lang.Object java.lang.invoke.DirectMethodHandle$Holder.newInvokeSpecial(java.lang.Object, java.lang.Object, int, java.lang.Object, java.lang.Object)'> (0x0000000712a60d68) 
thrown [s\open\src\hotspot\share\interpreter\linkResolver.cpp, line 773]
Event: 7.409 Thread 0x0000025d7e5a2020 Exception <a 'java/lang/NoSuchMethodError'{0x0000000712a64f90}: 'java.lang.Object java.lang.invoke.DirectMethodHandle$Holder.invokeSpecial(java.lang.Object, java.lang.Object, java.lang.Object, int, java.lang.Object, java.lang.Object)'> (0x0000000712a64f90) 
thrown [s\open\src\hotspot\share\interpreter\linkResolver.cpp, line 773]
Event: 7.421 Thread 0x0000025d7e5a2020 Exception <a 'java/lang/NoSuchMethodError'{0x0000000712afb3a0}: 'java.lang.Object java.lang.invoke.DirectMethodHandle$Holder.newInvokeSpecial(java.lang.Object, java.lang.Object, java.lang.Object, java.lang.Object, java.lang.Object, java.lang.Object, java.lang.Object, java.lang.Object, java.lang.Object, java.lang.Object, java.lang.Object)'> (0x0000000712afb3a0) 
thrown [s\open\src\hotspot\share\interpreter\linkResolver.cpp, line 773]
Event: 7.517 Thread 0x0000025d7e5a2020 Exception <a 'java/lang/NoSuchMethodError'{0x0000000709da1e28}: 'java.lang.Object java.lang.invoke.DirectMethodHandle$Holder.invokeVirtual(java.lang.Object, java.lang.Object, java.lang.Object, java.lang.Object, java.lang.Object, java.lang.Object, java.lang.Object, java.lang.Object)'> (0x0000000709da1e28) 
thrown [s\open\src\hotspot\share\interpreter\linkResolver.cpp, line 773]
Event: 7.636 Thread 0x0000025d7e5a2020 Exception <a 'java/lang/NoSuchMethodError'{0x00000007098b1978}: 'void java.lang.invoke.Invokers$Holder.invokeExact_MT(java.lang.Object, java.lang.Object, int, java.lang.Object)'> (0x00000007098b1978) 
thrown [s\open\src\hotspot\share\interpreter\linkResolver.cpp, line 773]
Event: 7.675 Thread 0x0000025d7e5a2020 Implicit null exception at 0x0000025d69231c7c to 0x0000025d69231d34
Event: 7.709 Thread 0x0000025d7e5a2020 Exception <a 'java/lang/NoSuchMethodError'{0x00000007096bcc78}: 'int java.lang.invoke.DirectMethodHandle$Holder.invokeStaticInit(java.lang.Object, int, java.lang.Object, java.lang.Object, java.lang.Object, java.lang.Object)'> (0x00000007096bcc78) 
thrown [s\open\src\hotspot\share\interpreter\linkResolver.cpp, line 773]
Event: 7.742 Thread 0x0000025d7e5a2020 Exception <a 'java/lang/NoSuchMethodError'{0x0000000709449968}: 'java.lang.Object java.lang.invoke.DirectMethodHandle$Holder.invokeSpecial(java.lang.Object, java.lang.Object, java.lang.Object, java.lang.Object, java.lang.Object, java.lang.Object, java.lang.Object, java.lang.Object, java.lang.Object, java.lang.Object, java.lang.Object, java.lang.Object, java.lang.Object, java.lang.Object)'> (0x0000000709449968) 
thrown [s\open\src\hotspot\share\interpreter\linkResolver.cpp, line 773]
Event: 7.742 Thread 0x0000025d7e5a2020 Exception <a 'java/lang/NoSuchMethodError'{0x000000070944e3a0}: 'java.lang.Object java.lang.invoke.Invokers$Holder.invoker(java.lang.Object, java.lang.Object, java.lang.Object, java.lang.Object, java.lang.Object, java.lang.Object, java.lang.Object, java.lang.Object, java.lang.Object, java.lang.Object, java.lang.Object, java.lang.Object, java.lang.Object, java.lang.Object)'> (0x000000070944e3a0) 
thrown [s\open\src\hotspot\share\interpreter\linkResolver.cpp, line 773]
Event: 7.742 Thread 0x0000025d7e5a2020 Exception <a 'java/lang/NoSuchMethodError'{0x00000007094531e8}: 'java.lang.Object java.lang.invoke.DelegatingMethodHandle$Holder.delegate(java.lang.Object, java.lang.Object, java.lang.Object, java.lang.Object, java.lang.Object, java.lang.Object, java.lang.Object, java.lang.Object, java.lang.Object, java.lang.Object, java.lang.Object, java.lang.Object, java.lang.Object, java.lang.Object)'> (0x00000007094531e8) 
thrown [s\open\src\hotspot\share\interpreter\linkResolver.cpp, line 773]
Event: 7.783 Thread 0x0000025d7e5a2020 Exception <a 'java/lang/NoSuchMethodError'{0x0000000709282420}: 'void java.lang.invoke.Invokers$Holder.invokeExact_MT(java.lang.Object, java.lang.Object, java.lang.Object)'> (0x0000000709282420) 
thrown [s\open\src\hotspot\share\interpreter\linkResolver.cpp, line 773]
Event: 7.798 Thread 0x0000025d7e5a2020 Exception <a 'java/lang/NoSuchMethodError'{0x0000000709305188}: 'void java.lang.invoke.DirectMethodHandle$Holder.invokeStatic(java.lang.Object, java.lang.Object, java.lang.Object, int)'> (0x0000000709305188) 
thrown [s\open\src\hotspot\share\interpreter\linkResolver.cpp, line 773]
Event: 7.860 Thread 0x0000025d7e5a2020 Exception <a 'java/lang/IncompatibleClassChangeError'{0x00000007090f8ad0}: Found class java.lang.Object, but interface was expected> (0x00000007090f8ad0) 
thrown [s\open\src\hotspot\share\interpreter\linkResolver.cpp, line 840]
Event: 7.878 Thread 0x0000025d7e5a2020 Implicit null exception at 0x0000025d68ff77ba to 0x0000025d68ff7b78
Event: 7.948 Thread 0x0000025d7e5a2020 Exception <a 'java/lang/NoSuchMethodError'{0x0000000708cd1fd8}: 'void java.lang.invoke.DelegatingMethodHandle$Holder.reinvoke_L(java.lang.Object, java.lang.Object, int, java.lang.Object)'> (0x0000000708cd1fd8) 
thrown [s\open\src\hotspot\share\interpreter\linkResolver.cpp, line 773]
Event: 7.986 Thread 0x0000025d7e5a2020 Exception <a 'java/lang/NoSuchMethodError'{0x0000000708a828f0}: 'java.lang.Object java.lang.invoke.DirectMethodHandle$Holder.invokeVirtual(java.lang.Object, java.lang.Object, java.lang.Object, int)'> (0x0000000708a828f0) 
thrown [s\open\src\hotspot\share\interpreter\linkResolver.cpp, line 773]
Event: 9.138 Thread 0x0000025d7e5a2020 Exception <a 'java/lang/NoSuchMethodError'{0x00000007146f6820}: 'java.lang.Object java.lang.invoke.DirectMethodHandle$Holder.invokeInterface(java.lang.Object, java.lang.Object, java.lang.Object, java.lang.Object)'> (0x00000007146f6820) 
thrown [s\open\src\hotspot\share\interpreter\linkResolver.cpp, line 773]

ZGC Phase Switch (0 events):
No events

VM Operations (20 events):
Event: 7.319 Executing VM operation: G1CollectForAllocation (G1 Evacuation Pause)
Event: 7.323 Executing VM operation: G1CollectForAllocation (G1 Evacuation Pause) done
Event: 7.661 Executing VM operation: HandshakeAllThreads (Deoptimize)
Event: 7.661 Executing VM operation: HandshakeAllThreads (Deoptimize) done
Event: 7.682 Executing VM operation: ICBufferFull
Event: 7.682 Executing VM operation: ICBufferFull done
Event: 7.700 Executing VM operation: HandshakeAllThreads (Deoptimize)
Event: 7.700 Executing VM operation: HandshakeAllThreads (Deoptimize) done
Event: 7.745 Executing VM operation: HandshakeAllThreads (Deoptimize)
Event: 7.745 Executing VM operation: HandshakeAllThreads (Deoptimize) done
Event: 7.749 Executing VM operation: HandshakeAllThreads (Deoptimize)
Event: 7.749 Executing VM operation: HandshakeAllThreads (Deoptimize) done
Event: 8.063 Executing VM operation: G1CollectForAllocation (G1 Evacuation Pause)
Event: 8.067 Executing VM operation: G1CollectForAllocation (G1 Evacuation Pause) done
Event: 8.088 Executing VM operation: G1PauseRemark
Event: 9.121 Executing VM operation: G1PauseRemark done
Event: 9.129 Executing VM operation: G1PauseCleanup
Event: 9.129 Executing VM operation: G1PauseCleanup done
Event: 10.142 Executing VM operation: Cleanup
Event: 10.143 Executing VM operation: Cleanup done

Events (20 events):
Event: 9.117 Thread 0x0000025d75b47440 flushing nmethod 0x0000025d616be690
Event: 9.117 Thread 0x0000025d75b47440 flushing nmethod 0x0000025d616c4b90
Event: 9.117 Thread 0x0000025d75b47440 flushing nmethod 0x0000025d616c8410
Event: 9.117 Thread 0x0000025d75b47440 flushing nmethod 0x0000025d616cce90
Event: 9.117 Thread 0x0000025d75b47440 flushing nmethod 0x0000025d617f2d90
Event: 9.117 Thread 0x0000025d75b47440 flushing nmethod 0x0000025d617f4190
Event: 9.117 Thread 0x0000025d75b47440 flushing nmethod 0x0000025d617f5690
Event: 9.117 Thread 0x0000025d75b47440 flushing nmethod 0x0000025d61a71990
Event: 9.117 Thread 0x0000025d75b47440 flushing nmethod 0x0000025d61cec210
Event: 9.117 Thread 0x0000025d75b47440 flushing nmethod 0x0000025d61d34790
Event: 9.117 Thread 0x0000025d75b47440 flushing nmethod 0x0000025d61d59010
Event: 9.117 Thread 0x0000025d75b47440 flushing nmethod 0x0000025d61d5b190
Event: 9.117 Thread 0x0000025d75b47440 flushing nmethod 0x0000025d61d5db10
Event: 9.117 Thread 0x0000025d75b47440 flushing nmethod 0x0000025d61d5f810
Event: 9.117 Thread 0x0000025d75b47440 flushing nmethod 0x0000025d61d60590
Event: 9.117 Thread 0x0000025d75b47440 flushing nmethod 0x0000025d61d6c410
Event: 9.117 Thread 0x0000025d75b47440 flushing nmethod 0x0000025d61d6c810
Event: 9.117 Thread 0x0000025d75b47440 flushing nmethod 0x0000025d61d6ce90
Event: 9.117 Thread 0x0000025d75b47440 flushing nmethod 0x0000025d61d80890
Event: 9.117 Thread 0x0000025d75b47440 flushing nmethod 0x0000025d61d89810


Dynamic libraries:
0x00007ff761610000 - 0x00007ff761620000 	C:\Program Files\Java\jdk-21\bin\java.exe
0x00007ffb768e0000 - 0x00007ffb76b47000 	C:\WINDOWS\SYSTEM32\ntdll.dll
0x00007ffb76600000 - 0x00007ffb766c9000 	C:\WINDOWS\System32\KERNEL32.DLL
0x00007ffb76200000 - 0x00007ffb765f4000 	C:\WINDOWS\System32\KERNELBASE.dll
0x00000000720f0000 - 0x000000007212e000 	C:\WINDOWS\System32\cyinjct.dll
0x00007ffb76070000 - 0x00007ffb76094000 	C:\WINDOWS\System32\cyvera.dll
0x00007ffb28810000 - 0x00007ffb28829000 	C:\Program Files\Java\jdk-21\bin\jli.dll
0x00007ffb75200000 - 0x00007ffb752b6000 	C:\WINDOWS\System32\ADVAPI32.dll
0x00007ffb75400000 - 0x00007ffb754a9000 	C:\WINDOWS\System32\msvcrt.dll
0x00007ffb74f70000 - 0x00007ffb75017000 	C:\WINDOWS\System32\sechost.dll
0x00007ffb760e0000 - 0x00007ffb761f8000 	C:\WINDOWS\System32\RPCRT4.dll
0x0000025d56a10000 - 0x0000025d56bd5000 	C:\WINDOWS\System32\USER32.dll
0x00007ffb73190000 - 0x00007ffb731b7000 	C:\WINDOWS\System32\win32u.dll
0x00007ffb74e40000 - 0x00007ffb74e6b000 	C:\WINDOWS\System32\GDI32.dll
0x00007ffb73310000 - 0x00007ffb7343b000 	C:\WINDOWS\System32\gdi32full.dll
0x00007ffb737c0000 - 0x00007ffb73863000 	C:\WINDOWS\System32\msvcp_win.dll
0x0000025d56be0000 - 0x0000025d56d2b000 	C:\WINDOWS\System32\ucrtbase.dll
0x00007ffb287f0000 - 0x00007ffb2880b000 	C:\Program Files\Java\jdk-21\bin\VCRUNTIME140.dll
0x00007ffb49c00000 - 0x00007ffb49e93000 	C:\WINDOWS\WinSxS\amd64_microsoft.windows.common-controls_6595b64144ccf1df_6.0.26100.8115_none_3e075c82e3354f9c\COMCTL32.dll
0x00007ffb60e60000 - 0x00007ffb60e6b000 	C:\WINDOWS\SYSTEM32\VERSION.dll
0x00007ffb75fa0000 - 0x00007ffb76066000 	C:\WINDOWS\System32\cyvrtrap.dll
0x00007ffb74840000 - 0x00007ffb74872000 	C:\WINDOWS\System32\IMM32.DLL
0x00007ffb28e80000 - 0x00007ffb28e8c000 	C:\Program Files\Java\jdk-21\bin\vcruntime140_1.dll
0x00007ffb28ef0000 - 0x00007ffb28f7e000 	C:\Program Files\Java\jdk-21\bin\msvcp140.dll
0x00007ffb21ef0000 - 0x00007ffb22c0d000 	C:\Program Files\Java\jdk-21\bin\server\jvm.dll
0x00007ffb740e0000 - 0x00007ffb74160000 	C:\WINDOWS\System32\WS2_32.dll
0x00007ffb72e80000 - 0x00007ffb72ede000 	C:\WINDOWS\SYSTEM32\POWRPROF.dll
0x00007ffb6b450000 - 0x00007ffb6b486000 	C:\WINDOWS\SYSTEM32\WINMM.dll
0x00007ffb72e60000 - 0x00007ffb72e74000 	C:\WINDOWS\SYSTEM32\UMPDC.dll
0x00007ffb71d70000 - 0x00007ffb71d8b000 	C:\WINDOWS\SYSTEM32\kernel.appcore.dll
0x00007ffb243f0000 - 0x00007ffb243fa000 	C:\Program Files\Java\jdk-21\bin\jimage.dll
0x00007ffb70c50000 - 0x00007ffb70e92000 	C:\WINDOWS\SYSTEM32\DBGHELP.DLL
0x00007ffb74170000 - 0x00007ffb744f2000 	C:\WINDOWS\System32\combase.dll
0x00007ffb75120000 - 0x00007ffb751f8000 	C:\WINDOWS\System32\OLEAUT32.dll
0x00007ffb49bc0000 - 0x00007ffb49bfb000 	C:\WINDOWS\SYSTEM32\dbgcore.DLL
0x00007ffb73020000 - 0x00007ffb730c5000 	C:\WINDOWS\System32\bcryptPrimitives.dll
0x00007ffb75f50000 - 0x00007ffb75f9b000 	C:\Program Files\Palo Alto Networks\Traps\cyjagent.dll
0x00007ffb28ec0000 - 0x00007ffb28edf000 	C:\Program Files\Java\jdk-21\bin\java.dll
0x00007ffb754b0000 - 0x00007ffb75c17000 	C:\WINDOWS\System32\SHELL32.dll
0x00007ffb73440000 - 0x00007ffb735aa000 	C:\WINDOWS\System32\wintypes.dll
0x00007ffb73870000 - 0x00007ffb740d8000 	C:\WINDOWS\System32\windows.storage.dll
0x00007ffb74e70000 - 0x00007ffb74f68000 	C:\WINDOWS\System32\SHCORE.dll
0x00007ffb74880000 - 0x00007ffb748e6000 	C:\WINDOWS\System32\shlwapi.dll
0x00007ffb72f40000 - 0x00007ffb72f69000 	C:\WINDOWS\SYSTEM32\profapi.dll
0x00007ffb24200000 - 0x00007ffb242d7000 	C:\Program Files\Java\jdk-21\bin\jsvml.dll
0x00007ffb240f0000 - 0x00007ffb24100000 	C:\Program Files\Java\jdk-21\bin\net.dll
0x00007ffb64a30000 - 0x00007ffb64b5d000 	C:\WINDOWS\SYSTEM32\WINHTTP.dll
0x00007ffb722c0000 - 0x00007ffb7232c000 	C:\WINDOWS\system32\mswsock.dll
0x00007ffb243b0000 - 0x00007ffb243c6000 	C:\Program Files\Java\jdk-21\bin\nio.dll
0x00007ffb49830000 - 0x00007ffb49848000 	C:\Program Files\Java\jdk-21\bin\zip.dll
0x00007ffb612e0000 - 0x00007ffb612ea000 	C:\Program Files\Java\jdk-21\bin\management.dll
0x00007ffb5e120000 - 0x00007ffb5e12b000 	C:\Program Files\Java\jdk-21\bin\management_ext.dll
0x00007ffb75f40000 - 0x00007ffb75f48000 	C:\WINDOWS\System32\PSAPI.DLL
0x00007ffb47db0000 - 0x00007ffb47dc8000 	C:\WINDOWS\system32\napinsp.dll
0x00007ffb71620000 - 0x00007ffb71752000 	C:\WINDOWS\SYSTEM32\DNSAPI.dll
0x00007ffb71580000 - 0x00007ffb715b2000 	C:\WINDOWS\SYSTEM32\IPHLPAPI.DLL
0x00007ffb75cf0000 - 0x00007ffb75cfa000 	C:\WINDOWS\System32\NSI.dll
0x00007ffb47350000 - 0x00007ffb47363000 	C:\WINDOWS\System32\winrnr.dll
0x00007ffb47320000 - 0x00007ffb47342000 	C:\WINDOWS\system32\nlansp_c.dll
0x00007ffb600e0000 - 0x00007ffb600f6000 	C:\WINDOWS\system32\wshbth.dll
0x00007ffb646f0000 - 0x00007ffb646fb000 	C:\Windows\System32\rasadhlp.dll
0x00007ffb6a6b0000 - 0x00007ffb6a736000 	C:\WINDOWS\System32\fwpuclnt.dll
0x00007ffb726c0000 - 0x00007ffb726db000 	C:\WINDOWS\SYSTEM32\CRYPTSP.dll
0x00007ffb71cd0000 - 0x00007ffb71d09000 	C:\WINDOWS\system32\rsaenh.dll
0x00007ffb72370000 - 0x00007ffb723a3000 	C:\WINDOWS\SYSTEM32\USERENV.dll
0x00007ffb72f10000 - 0x00007ffb72f3a000 	C:\WINDOWS\SYSTEM32\bcrypt.dll
0x00007ffb72520000 - 0x00007ffb7252c000 	C:\WINDOWS\SYSTEM32\CRYPTBASE.dll
0x00007ffb49110000 - 0x00007ffb49119000 	C:\Program Files\Java\jdk-21\bin\extnet.dll
0x00007ffb1c500000 - 0x00007ffb1c50e000 	C:\Program Files\Java\jdk-21\bin\sunmscapi.dll
0x00007ffb73640000 - 0x00007ffb737b7000 	C:\WINDOWS\System32\CRYPT32.dll
0x00007ffb72820000 - 0x00007ffb72850000 	C:\WINDOWS\SYSTEM32\ncrypt.dll
0x00007ffb727d0000 - 0x00007ffb7280f000 	C:\WINDOWS\SYSTEM32\NTASN1.dll

dbghelp: loaded successfully - version: 4.0.5 - missing functions: none
symbol engine: initialized successfully - sym options: 0x614 - pdb path: .;C:\Program Files\Java\jdk-21\bin;C:\WINDOWS\SYSTEM32;C:\WINDOWS\WinSxS\amd64_microsoft.windows.common-controls_6595b64144ccf1df_6.0.26100.8115_none_3e075c82e3354f9c;C:\Program Files\Java\jdk-21\bin\server;C:\Program Files\Palo Alto Networks\Traps

VM Arguments:
jvm_args: -Dcom.sun.management.jmxremote -Dcom.sun.management.jmxremote.port=51834 -Dcom.sun.management.jmxremote.authenticate=false -Dcom.sun.management.jmxremote.ssl=false -Dspring.jmx.enabled=true -Djava.rmi.server.hostname=localhost -Dspring.application.admin.enabled=true -Dspring.boot.project.name=sucursal_service -XX:+ShowCodeDetailsInExceptionMessages -agentpath:C:\Program Files\Palo Alto Networks\Traps\cyjagent.dll 
java_command: com.pharmanet.sucursal_service.SucursalServiceApplication
java_class_path (initial): C:\Users\VI-Alumno\Inventario-Pharmanet\sucursal_service\target\classes;C:\Users\VI-Alumno\.m2\repository\org\springframework\boot\spring-boot-starter-webflux\4.0.7\spring-boot-starter-webflux-4.0.7.jar;C:\Users\VI-Alumno\.m2\repository\org\springframework\boot\spring-boot-starter\4.0.7\spring-boot-starter-4.0.7.jar;C:\Users\VI-Alumno\.m2\repository\org\springframework\boot\spring-boot-starter-logging\4.0.7\spring-boot-starter-logging-4.0.7.jar;C:\Users\VI-Alumno\.m2\repository\ch\qos\logback\logback-classic\1.5.34\logback-classic-1.5.34.jar;C:\Users\VI-Alumno\.m2\repository\ch\qos\logback\logback-core\1.5.34\logback-core-1.5.34.jar;C:\Users\VI-Alumno\.m2\repository\org\apache\logging\log4j\log4j-to-slf4j\2.25.4\log4j-to-slf4j-2.25.4.jar;C:\Users\VI-Alumno\.m2\repository\org\apache\logging\log4j\log4j-api\2.25.4\log4j-api-2.25.4.jar;C:\Users\VI-Alumno\.m2\repository\org\slf4j\jul-to-slf4j\2.0.18\jul-to-slf4j-2.0.18.jar;C:\Users\VI-Alumno\.m2\repository\jakarta\annotation\jakarta.annotation-api\3.0.0\jakarta.annotation-api-3.0.0.jar;C:\Users\VI-Alumno\.m2\repository\org\yaml\snakeyaml\2.5\snakeyaml-2.5.jar;C:\Users\VI-Alumno\.m2\repository\org\springframework\boot\spring-boot-starter-jackson\4.0.7\spring-boot-starter-jackson-4.0.7.jar;C:\Users\VI-Alumno\.m2\repository\org\springframework\boot\spring-boot-jackson\4.0.7\spring-boot-jackson-4.0.7.jar;C:\Users\VI-Alumno\.m2\repository\tools\jackson\core\jackson-databind\3.1.4\jackson-databind-3.1.4.jar;C:\Users\VI-Alumno\.m2\repository\tools\jackson\core\jackson-core\3.1.4\jackson-core-3.1.4.jar;C:\Users\VI-Alumno\.m2\repository\org\springframework\boot\spring-boot-starter-reactor-netty\4.0.7\spring-boot-starter-reactor-netty-4.0.7.jar;C:\Users\VI-Alumno\.m2\repository\org\springframework\boot\spring-boot-reactor-netty\4.0.7\spring-boot-reactor-netty-4.0.7.jar;C:\Users\VI-Alumno\.m2\repository\io\projectreactor\netty\reactor-netty-http\1.3.6\reactor-netty-http-1.3.6.jar;C:\Users\VI-Alumno\.m2\repository\io\netty\netty-codec-http\4.2.15.Final\netty-codec-http-4.2.15.Final.jar;C:\Users\VI-Alumno\.m2\repository\io\netty\netty-buffer\4.2.15.Final\netty-buffer-4.2.15.Final.jar;C:\Users\VI-Alumno\.m2\repository\io\netty\netty-transport\4.2.15.Final\netty-transport-4.2.15.Final.jar;C:\Users\VI-Alumno\.m2\repository\io\netty\netty-codec-base\4.2.15.Final\netty-codec-base-4.2.15.Final.jar;C:\Users\VI-Alumno\.m2\repository\io\netty\netty-codec-compression\4.2.15.Final\netty-codec-compression-4.2.15.Final.jar;C:\Users\VI-Alumno\.m2\repository\io\netty\netty-handler\4.2.15.Final\netty-handler-4.2.15.Final.jar;C:\Users\VI-Alumno\.m2\repository\io\netty\netty-codec-http2\4.2.15.Final\netty-codec-http2-4.2.15.Final.jar;C:\Users\VI-Alumno\.m2\repository\io\netty\netty-codec-http3\4.2.15.Final\netty-codec-http3-4.2.15.Final.jar;C:\Users\VI-Alumno\.m2\repository\io\netty\netty-transport-native-unix-common\4.2.15.Final\netty-transport-native-unix-common-4.2.15.Final.jar;C:\Users\VI-Alumno\.m2\repository\io\netty\netty-resolver\4.2.15.Final\netty-resolver-4.2.15.Final.jar;C:\Users\VI-Alumno\.m2\repository\io\netty\netty-codec-classes-quic\4.2.15.Final\netty-codec-classes-quic-4.2.15.Final.jar;C:\Users\VI-Alumno\.m2\repository\io\netty\netty-codec-native-quic\4.2.15.Final\netty-codec-native-quic-4.2.15.Final-linux-x86_64.jar;C:\Users\VI-Alumno\.m2\repository\io\netty\netty-codec-native-quic\4.2.15.Final\netty-codec-native-quic-4.2.15.Final-linux-aarch_64.jar;C:\Users\VI-Alumno\.m2\repository\io\netty\netty-codec-native-quic\4.2.15.Final\netty-codec-native-quic-4.2.15.Final-osx-x86_64.jar;C:\Users\VI-Alumno\.m2\repository\io\netty\netty-codec-native-quic\4.2.15.Final\netty-codec-native-quic-4.2.15.Final-osx-aarch_64.jar;C:\Users\VI-Alumno\.m2\repository\io\netty\netty-codec-native-quic\4.2.15.Final\netty-codec-native-quic-4.2.15.Final-windows-x86_64.jar;C:\Users\VI-Alumno\.m2\repository\io\netty\netty-resolver-dns\4.2.15.Final\netty-resolver-dns-4.2.15.Final.jar;C:\Users\VI-Alumno\.m2\repository\io\netty\netty-codec-dns\4.2.15.Final\netty-codec-dns-4.2.15.Final.jar;C:\Users\VI-Alumno\.m2\repository\io\netty\netty-resolver-dns-native-macos\4.2.15.Final\netty-resolver-dns-native-macos-4.2.15.Final-osx-x86_64.jar;C:\Users\VI-Alumno\.m2\repository\io\netty\netty-resolver-dns-classes-macos\4.2.15.Final\netty-resolver-dns-classes-macos-4.2.15.Final.jar;C:\Users\VI-Alumno\.m2\repository\io\netty\netty-transport-native-epoll\4.2.15.Final\netty-transport-native-epoll-4.2.15.Final-linux-x86_64.jar;C:\Users\VI-Alumno\.m2\repository\io\netty\netty-transport-classes-epoll\4.2.15.Final\netty-transport-classes-epoll-4.2.15.Final.jar;C:\Users\VI-Alumno\.m2\repository\io\projectreactor\netty\reactor-netty-core\1.3.6\reactor-netty-core-1.3.6.jar;C:\Users\VI-Alumno\.m2\repository\io\netty\netty-handler-proxy\4.2.15.Final\netty-handler-proxy-4.2.15.Final.jar;C:\Users\VI-Alumno\.m2\repository\io\netty\netty-codec-socks\4.2.15.Final\netty-codec-socks-4.2.15.Final.jar;C:\Users\VI-Alumno\.m2\repository\org\springframework\boot\spring-boot-netty\4.0.7\spring-boot-netty-4.0.7.jar;C:\Users\VI-Alumno\.m2\repository\io\netty\netty-common\4.2.15.Final\netty-common-4.2.15.Final.jar;C:\Users\VI-Alumno\.m2\repository\org\springframework\boot\spring-boot-reactor\4.0.7\spring-boot-reactor-4.0.7.jar;C:\Users\VI-Alumno\.m2\repository\io\projectreactor\reactor-core\3.8.6\reactor-core-3.8.6.jar;C:\Users\VI-Alumno\.m2\repository\org\reactivestreams\reactive-streams\1.0.4\reactive-streams-1.0.4.jar;C:\Users\VI-Alumno\.m2\repository\org\springframework\boot\spring-boot-webflux\4.0.7\spring-boot-webflux-4.0.7.jar;C:\Users\VI-Alumno\.m2\repository\org\springframework\boot\spring-boot-http-codec\4.0.7\spring-boot-http-codec-4.0.7.jar;C:\Users\VI-Alumno\.m2\repository\org\springframework\spring-webflux\7.0.8\spring-webflux-7.0.8.jar;C:\Users\VI-Alumno\.m2\repository\org\springframework\boot\spring-boot-web-server\4.0.7\spring-boot-web-server-4.0.7.jar;C:\Users\VI-Alumno\.m2\repository\org\springframework\cloud\spring-cloud-starter-netflix-eureka-client\5.0.1\spring-cloud-starter-netflix-eureka-client-5.0.1.jar;C:\Users\VI-Alumno\.m2\repository\org\springframework\cloud\spring-cloud-starter\5.0.1\spring-cloud-starter-5.0.1.jar;C:\Users\VI-Alumno\.m2\repository\org\springframework\cloud\spring-cloud-context\5.0.1\spring-cloud-context-5.0.1.jar;C:\Users\VI-Alumno\.m2\repository\org\springframework\boot\spring-boot-restclient\4.0.7\spring-boot-restclient-4.0.7.jar;C:\Users\VI-Alumno\.m2\repository\org\springframework\boot\spring-boot-http-client\4.0.7\spring-boot-http-client-4.0.7.jar;C:\Users\VI-Alumno\.m2\repository\org\bouncycastle\bcprov-jdk18on\1.81\bcprov-jdk18on-1.81.jar;C:\Users\VI-Alumno\.m2\repository\org\springframework\cloud\spring-cloud-netflix-eureka-client\5.0.1\spring-cloud-netflix-eureka-client-5.0.1.jar;C:\Users\VI-Alumno\.m2\repository\org\springframework\boot\spring-boot-jackson2\4.0.7\spring-boot-jackson2-4.0.7.jar;C:\Users\VI-Alumno\.m2\repository\com\fasterxml\jackson\datatype\jackson-datatype-jdk8\2.21.4\jackson-datatype-jdk8-2.21.4.jar;C:\Users\VI-Alumno\.m2\repository\com\fasterxml\jackson\datatype\jackson-datatype-jsr310\2.21.4\jackson-datatype-jsr310-2.21.4.jar;C:\Users\VI-Alumno\.m2\repository\com\fasterxml\jackson\module\jackson-module-parameter-names\2.21.4\jackson-module-parameter-names-2.21.4.jar;C:\Users\VI-Alumno\.m2\repository\org\apache\httpcomponents\client5\httpclient5\5.5.2\httpclient5-5.5.2.jar;C:\Users\VI-Alumno\.m2\repository\org\apache\httpcomponents\core5\httpcore5\5.3.6\httpcore5-5.3.6.jar;C:\Users\VI-Alumno\.m2\repository\org\apache\httpcomponents\core5\httpcore5-h2\5.3.6\httpcore5-h2-5.3.6.jar;C:\Users\VI-Alumno\.m2\repository\com\netflix\eureka\eureka-client\2.0.5\eureka-client-2.0.5.jar;C:\Users\VI-Alumno\.m2\repository\com\thoughtworks\xstream\xstream\1.4.21\xstream-1.4.21.jar;C:\Users\VI-Alumno\.m2\repository\io\github\x-stream\mxparser\1.2.2\mxparser-1.2.2.jar;C:\Users\VI-Alumno\.m2\repository\xmlpull\xmlpull\1.1.3.1\xmlpull-1.1.3.1.jar;C:\Users\VI-Alumno\.m2\repository\jakarta\ws\rs\jakarta.ws.rs-api\4.0.0\jakarta.ws.rs-api-4.0.0.jar;C:\Users\VI-Alumno\.m2\repository\jakarta\inject\jakarta.inject-api\2.0.1\jakarta.inject-api-2.0.1.jar;C:\Users\VI-Alumno\.m2\repository\com\netflix\spectator\spectator-api\1.7.3\spectator-api-1.7.3.jar;C:\Users\VI-Alumno\.m2\repository\org\slf4j\slf4j-api\2.0.18\slf4j-api-2.0.18.jar;C:\Users\VI-Alumno\.m2\repository\org\apache\httpcomponents\httpclient\4.5.3\httpclient-4.5.3.jar;C:\Users\VI-Alumno\.m2\repository\org\apache\httpcomponents\httpcore\4.4.16\httpcore-4.4.16.jar;C:\Users\VI-Alumno\.m2\repository\commons-codec\commons-codec\1.19.0\commons-codec-1.19.0.jar;C:\Users\VI-Alumno\.m2\repository\commons-configuration\commons-configuration\1.10\commons-configuration-1.10.jar;C:\Users\VI-Alumno\.m2\repository\commons-lang\commons-lang\2.6\commons-lang-2.6.jar;C:\Users\VI-Alumno\.m2\repository\com\fasterxml\jackson\core\jackson-annotations\2.21\jackson-annotations-2.21.jar;C:\Users\VI-Alumno\.m2\repository\com\fasterxml\jackson\core\jackson-core\2.21.4\jackson-core-2.21.4.jar;C:\Users\VI-Alumno\.m2\repository\com\fasterxml\jackson\core\jackson-databind\2.21.4\jackson-databind-2.21.4.jar;C:\Users\VI-Alumno\.m2\repository\com\netflix\netflix-commons\netflix-eventbus\0.3.0\netflix-eventbus-0.3.0.jar;C:\Users\VI-Alumno\.m2\repository\com\netflix\netflix-commons\netflix-infix\0.3.0\netflix-infix-0.3.0.jar;C:\Users\VI-Alumno\.m2\repository\commons-jxpath\commons-jxpath\1.3\commons-jxpath-1.3.jar;C:\Users\VI-Alumno\.m2\repository\joda-time\joda-time\2.3\joda-time-2.3.jar;C:\Users\VI-Alumno\.m2\repository\org\antlr\antlr-runtime\3.4\antlr-runtime-3.4.jar;C:\Users\VI-Alumno\.m2\repository\org\antlr\stringtemplate\3.2.1\stringtemplate-3.2.1.jar;C:\Users\VI-Alumno\.m2\repository\antlr\antlr\2.7.7\antlr-2.7.7.jar;C:\Users\VI-Alumno\.m2\repository\com\google\code\gson\gson\2.13.2\gson-2.13.2.jar;C:\Users\VI-Alumno\.m2\repository\com\google\errorprone\error_prone_annotations\2.41.0\error_prone_annotations-2.41.0.jar;C:\Users\VI-Alumno\.m2\repository\com\netflix\servo\servo-core\0.5.3\servo-core-0.5.3.jar;C:\Users\VI-Alumno\.m2\repository\org\apache\commons\commons-math\2.2\commons-math-2.2.jar;C:\Users\VI-Alumno\.m2\repository\javax\annotation\javax.annotation-api\1.2\javax.annotation-api-1.2.jar;C:\Users\VI-Alumno\.m2\repository\org\codehaus\jettison\jettison\1.5.4\jettison-1.5.4.jar;C:\Users\VI-Alumno\.m2\repository\org\springframework\cloud\spring-cloud-starter-loadbalancer\5.0.1\spring-cloud-starter-loadbalancer-5.0.1.jar;C:\Users\VI-Alumno\.m2\repository\org\springframework\cloud\spring-cloud-loadbalancer\5.0.1\spring-cloud-loadbalancer-5.0.1.jar;C:\Users\VI-Alumno\.m2\repository\io\projectreactor\addons\reactor-extra\3.6.0\reactor-extra-3.6.0.jar;C:\Users\VI-Alumno\.m2\repository\org\springframework\boot\spring-boot-starter-cache\4.0.7\spring-boot-starter-cache-4.0.7.jar;C:\Users\VI-Alumno\.m2\repository\org\springframework\boot\spring-boot-cache\4.0.7\spring-boot-cache-4.0.7.jar;C:\Users\VI-Alumno\.m2\repository\org\springframework\spring-context-support\7.0.8\spring-context-support-7.0.8.jar;C:\Users\VI-Alumno\.m2\repository\com\stoyanr\evictor\1.0.0\evictor-1.0.0.jar;C:\Users\VI-Alumno\.m2\repository\org\springframework\boot\spring-boot-starter-data-jpa\4.0.7\spring-boot-starter-data-jpa-4.0.7.jar;C:\Users\VI-Alumno\.m2\repository\org\springframework\boot\spring-boot-starter-jdbc\4.0.7\spring-boot-starter-jdbc-4.0.7.jar;C:\Users\VI-Alumno\.m2\repository\com\zaxxer\HikariCP\7.0.2\HikariCP-7.0.2.jar;C:\Users\VI-Alumno\.m2\repository\org\springframework\boot\spring-boot-data-jpa\4.0.7\spring-boot-data-jpa-4.0.7.jar;C:\Users\VI-Alumno\.m2\repository\org\springframework\boot\spring-boot-data-commons\4.0.7\spring-boot-data-commons-4.0.7.jar;C:\Users\VI-Alumno\.m2\repository\org\springframework\boot\spring-boot-persistence\4.0.7\spring-boot-persistence-4.0.7.jar;C:\Users\VI-Alumno\.m2\repository\org\springframework\data\spring-data-commons\4.0.6\spring-data-commons-4.0.6.jar;C:\Users\VI-Alumno\.m2\repository\org\springframework\boot\spring-boot-hibernate\4.0.7\spring-boot-hibernate-4.0.7.jar;C:\Users\VI-Alumno\.m2\repository\org\springframework\boot\spring-boot-jpa\4.0.7\spring-boot-jpa-4.0.7.jar;C:\Users\VI-Alumno\.m2\repository\jakarta\persistence\jakarta.persistence-api\3.2.0\jakarta.persistence-api-3.2.0.jar;C:\Users\VI-Alumno\.m2\repository\org\hibernate\orm\hibernate-core\7.2.19.Final\hibernate-core-7.2.19.Final.jar;C:\Users\VI-Alumno\.m2\repository\jakarta\transaction\jakarta.transaction-api\2.0.1\jakarta.transaction-api-2.0.1.jar;C:\Users\VI-Alumno\.m2\repository\org\hibernate\models\hibernate-models\1.0.1\hibernate-models-1.0.1.jar;C:\Users\VI-Alumno\.m2\repository\org\glassfish\jaxb\jaxb-runtime\4.0.9\jaxb-runtime-4.0.9.jar;C:\Users\VI-Alumno\.m2\repository\org\glassfish\jaxb\jaxb-core\4.0.9\jaxb-core-4.0.9.jar;C:\Users\VI-Alumno\.m2\repository\org\eclipse\angus\angus-activation\2.0.3\angus-activation-2.0.3.jar;C:\Users\VI-Alumno\.m2\repository\org\glassfish\jaxb\txw2\4.0.9\txw2-4.0.9.jar;C:\Users\VI-Alumno\.m2\repository\com\sun\istack\istack-commons-runtime\4.1.2\istack-commons-runtime-4.1.2.jar;C:\Users\VI-Alumno\.m2\repository\org\springframework\spring-orm\7.0.8\spring-orm-7.0.8.jar;C:\Users\VI-Alumno\.m2\repository\org\springframework\data\spring-data-jpa\4.0.6\spring-data-jpa-4.0.6.jar;C:\Users\VI-Alumno\.m2\repository\org\springframework\spring-aop\7.0.8\spring-aop-7.0.8.jar;C:\Users\VI-Alumno\.m2\repository\org\springframework\spring-tx\7.0.8\spring-tx-7.0.8.jar;C:\Users\VI-Alumno\.m2\repository\org\antlr\antlr4-runtime\4.13.2\antlr4-runtime-4.13.2.jar;C:\Users\VI-Alumno\.m2\repository\org\springframework\spring-aspects\7.0.8\spring-aspects-7.0.8.jar;C:\Users\VI-Alumno\.m2\repository\org\aspectj\aspectjweaver\1.9.25.1\aspectjweaver-1.9.25.1.jar;C:\Users\VI-Alumno\.m2\repository\org\springframework\boot\spring-boot-jdbc\4.0.7\spring-boot-jdbc-4.0.7.jar;C:\Users\VI-Alumno\.m2\repository\org\springframework\boot\spring-boot-sql\4.0.7\spring-boot-sql-4.0.7.jar;C:\Users\VI-Alumno\.m2\repository\org\springframework\boot\spring-boot-transaction\4.0.7\spring-boot-transaction-4.0.7.jar;C:\Users\VI-Alumno\.m2\repository\org\springframework\spring-jdbc\7.0.8\spring-jdbc-7.0.8.jar;C:\Users\VI-Alumno\.m2\repository\org\springframework\boot\spring-boot-starter-flyway\4.0.7\spring-boot-starter-flyway-4.0.7.jar;C:\Users\VI-Alumno\.m2\repository\org\springframework\boot\spring-boot-flyway\4.0.7\spring-boot-flyway-4.0.7.jar;C:\Users\VI-Alumno\.m2\repository\org\springframework\boot\spring-boot-starter-validation\4.0.7\spring-boot-starter-validation-4.0.7.jar;C:\Users\VI-Alumno\.m2\repository\org\springframework\boot\spring-boot-validation\4.0.7\spring-boot-validation-4.0.7.jar;C:\Users\VI-Alumno\.m2\repository\org\apache\tomcat\embed\tomcat-embed-el\11.0.22\tomcat-embed-el-11.0.22.jar;C:\Users\VI-Alumno\.m2\repository\org\hibernate\validator\hibernate-validator\9.0.1.Final\hibernate-validator-9.0.1.Final.jar;C:\Users\VI-Alumno\.m2\repository\jakarta\validation\jakarta.validation-api\3.1.1\jakarta.validation-api-3.1.1.jar;C:\Users\VI-Alumno\.m2\repository\org\jboss\logging\jboss-logging\3.6.3.Final\jboss-logging-3.6.3.Final.jar;C:\Users\VI-Alumno\.m2\repository\com\fasterxml\classmate\1.7.3\classmate-1.7.3.jar;C:\Users\VI-Alumno\.m2\repository\org\springframework\boot\spring-boot-starter-webmvc\4.0.7\spring-boot-starter-webmvc-4.0.7.jar;C:\Users\VI-Alumno\.m2\repository\org\springframework\boot\spring-boot-starter-tomcat\4.0.7\spring-boot-starter-tomcat-4.0.7.jar;C:\Users\VI-Alumno\.m2\repository\org\springframework\boot\spring-boot-starter-tomcat-runtime\4.0.7\spring-boot-starter-tomcat-runtime-4.0.7.jar;C:\Users\VI-Alumno\.m2\repository\org\apache\tomcat\embed\tomcat-embed-core\11.0.22\tomcat-embed-core-11.0.22.jar;C:\Users\VI-Alumno\.m2\repository\org\apache\tomcat\embed\tomcat-embed-websocket\11.0.22\tomcat-embed-websocket-11.0.22.jar;C:\Users\VI-Alumno\.m2\repository\org\springframework\boot\spring-boot-tomcat\4.0.7\spring-boot-tomcat-4.0.7.jar;C:\Users\VI-Alumno\.m2\repository\org\springframework\boot\spring-boot-http-converter\4.0.7\spring-boot-http-converter-4.0.7.jar;C:\Users\VI-Alumno\.m2\repository\org\springframework\boot\spring-boot-webmvc\4.0.7\spring-boot-webmvc-4.0.7.jar;C:\Users\VI-Alumno\.m2\repository\org\springframework\boot\spring-boot-servlet\4.0.7\spring-boot-servlet-4.0.7.jar;C:\Users\VI-Alumno\.m2\repository\org\springframework\spring-webmvc\7.0.8\spring-webmvc-7.0.8.jar;C:\Users\VI-Alumno\.m2\repository\org\springframework\spring-expression\7.0.8\spring-expression-7.0.8.jar;C:\Users\VI-Alumno\.m2\repository\org\flywaydb\flyway-mysql\11.14.1\flyway-mysql-11.14.1.jar;C:\Users\VI-Alumno\.m2\repository\org\flywaydb\flyway-core\11.14.1\flyway-core-11.14.1.jar;C:\Users\VI-Alumno\.m2\repository\org\springframework\boot\spring-boot-devtools\4.0.7\spring-boot-devtools-4.0.7.jar;C:\Users\VI-Alumno\.m2\repository\org\springframework\boot\spring-boot\4.0.7\spring-boot-4.0.7.jar;C:\Users\VI-Alumno\.m2\repository\org\springframework\spring-context\7.0.8\spring-context-7.0.8.jar;C:\Users\VI-Alumno\.m2\repository\org\springframework\boot\spring-boot-autoconfigure\4.0.7\spring-boot-autoconfigure-4.0.7.jar;C:\Users\VI-Alumno\.m2\repository\com\mysql\mysql-connector-j\9.7.0\mysql-connector-j-9.7.0.jar;C:\Users\VI-Alumno\.m2\repository\org\projectlombok\lombok\1.18.46\lombok-1.18.46.jar;C:\Users\VI-Alumno\.m2\repository\jakarta\xml\bind\jakarta.xml.bind-api\4.0.5\jakarta.xml.bind-api-4.0.5.jar;C:\Users\VI-Alumno\.m2\repository\jakarta\activation\jakarta.activation-api\2.1.4\jakarta.activation-api-2.1.4.jar;C:\Users\VI-Alumno\.m2\repository\org\springframework\spring-core\7.0.8\spring-core-7.0.8.jar;C:\Users\VI-Alumno\.m2\repository\commons-logging\commons-logging\1.3.6\commons-logging-1.3.6.jar;C:\Users\VI-Alumno\.m2\repository\net\bytebuddy\byte-buddy\1.17.8\byte-buddy-1.17.8.jar;C:\Users\VI-Alumno\.m2\repository\org\jspecify\jspecify\1.0.0\jspecify-1.0.0.jar;C:\Users\VI-Alumno\.m2\repository\org\springframework\cloud\spring-cloud-starter-openfeign\5.0.1\spring-cloud-starter-openfeign-5.0.1.jar;C:\Users\VI-Alumno\.m2\repository\org\springframework\cloud\spring-cloud-openfeign-core\5.0.1\spring-cloud-openfeign-core-5.0.1.jar;C:\Users\VI-Alumno\.m2\repository\io\github\openfeign\feign-form-spring\13.6\feign-form-spring-13.6.jar;C:\Users\VI-Alumno\.m2\repository\org\apache\commons\commons-text\1.13.0\commons-text-1.13.0.jar;C:\Users\VI-Alumno\.m2\repository\org\apache\commons\commons-lang3\3.19.0\commons-lang3-3.19.0.jar;C:\Users\VI-Alumno\.m2\repository\io\github\openfeign\feign-form\13.6\feign-form-13.6.jar;C:\Users\VI-Alumno\.m2\repository\commons-fileupload\commons-fileupload\1.5\commons-fileupload-1.5.jar;C:\Users\VI-Alumno\.m2\repository\org\springframework\spring-web\7.0.8\spring-web-7.0.8.jar;C:\Users\VI-Alumno\.m2\repository\org\springframework\spring-beans\7.0.8\spring-beans-7.0.8.jar;C:\Users\VI-Alumno\.m2\repository\io\micrometer\micrometer-observation\1.16.6\micrometer-observation-1.16.6.jar;C:\Users\VI-Alumno\.m2\repository\io\micrometer\micrometer-commons\1.16.6\micrometer-commons-1.16.6.jar;C:\Users\VI-Alumno\.m2\repository\org\springframework\cloud\spring-cloud-commons\5.0.1\spring-cloud-commons-5.0.1.jar;C:\Users\VI-Alumno\.m2\repository\org\springframework\security\spring-security-crypto\7.0.6\spring-security-crypto-7.0.6.jar;C:\Users\VI-Alumno\.m2\repository\io\github\openfeign\feign-core\13.6\feign-core-13.6.jar;C:\Users\VI-Alumno\.m2\repository\io\github\openfeign\feign-slf4j\13.6\feign-slf4j-13.6.jar;C:\Users\VI-Alumno\.m2\repository\org\springdoc\springdoc-openapi-starter-webmvc-ui\3.0.2\springdoc-openapi-starter-webmvc-ui-3.0.2.jar;C:\Users\VI-Alumno\.m2\repository\org\springdoc\springdoc-openapi-starter-webmvc-api\3.0.2\springdoc-openapi-starter-webmvc-api-3.0.2.jar;C:\Users\VI-Alumno\.m2\repository\org\springdoc\springdoc-openapi-starter-common\3.0.2\springdoc-openapi-starter-common-3.0.2.jar;C:\Users\VI-Alumno\.m2\repository\io\swagger\core\v3\swagger-core-jakarta\2.2.43\swagger-core-jakarta-2.2.43.jar;C:\Users\VI-Alumno\.m2\repository\io\swagger\core\v3\swagger-annotations-jakarta\2.2.43\swagger-annotations-jakarta-2.2.43.jar;C:\Users\VI-Alumno\.m2\repository\io\swagger\core\v3\swagger-models-jakarta\2.2.43\swagger-models-jakarta-2.2.43.jar;C:\Users\VI-Alumno\.m2\repository\com\fasterxml\jackson\dataformat\jackson-dataformat-yaml\2.21.4\jackson-dataformat-yaml-2.21.4.jar;C:\Users\VI-Alumno\.m2\repository\org\webjars\swagger-ui\5.32.0\swagger-ui-5.32.0.jar;C:\Users\VI-Alumno\.m2\repository\org\webjars\webjars-locator-lite\1.1.3\webjars-locator-lite-1.1.3.jar
Launcher Type: SUN_STANDARD

[Global flags]
     intx CICompilerCount                          = 4                                         {product} {ergonomic}
     uint ConcGCThreads                            = 3                                         {product} {ergonomic}
     uint G1ConcRefinementThreads                  = 10                                        {product} {ergonomic}
   size_t G1HeapRegionSize                         = 2097152                                   {product} {ergonomic}
    uintx GCDrainStackTargetSize                   = 64                                        {product} {ergonomic}
   size_t InitialHeapSize                          = 264241152                                 {product} {ergonomic}
     bool ManagementServer                         = true                                      {product} {command line}
   size_t MarkStackSize                            = 4194304                                   {product} {ergonomic}
   size_t MaxHeapSize                              = 4215275520                                {product} {ergonomic}
   size_t MaxNewSize                               = 2529165312                                {product} {ergonomic}
   size_t MinHeapDeltaBytes                        = 2097152                                   {product} {ergonomic}
   size_t MinHeapSize                              = 8388608                                   {product} {ergonomic}
    uintx NonNMethodCodeHeapSize                   = 5839372                                {pd product} {ergonomic}
    uintx NonProfiledCodeHeapSize                  = 122909434                              {pd product} {ergonomic}
    uintx ProfiledCodeHeapSize                     = 122909434                              {pd product} {ergonomic}
    uintx ReservedCodeCacheSize                    = 251658240                              {pd product} {ergonomic}
     bool SegmentedCodeCache                       = true                                      {product} {ergonomic}
     bool ShowCodeDetailsInExceptionMessages       = true                                   {manageable} {command line}
   size_t SoftMaxHeapSize                          = 4215275520                             {manageable} {ergonomic}
     bool UseCompressedOops                        = true                           {product lp64_product} {ergonomic}
     bool UseG1GC                                  = true                                      {product} {ergonomic}
     bool UseLargePagesIndividualAllocation        = false                                  {pd product} {ergonomic}

Logging:
Log output configuration:
 #0: stdout all=warning uptime,level,tags foldmultilines=false
 #1: stderr all=off uptime,level,tags foldmultilines=false

Environment Variables:
PATH=C:\Program Files\Microsoft VS Code;C:\app\Duoc\product\21c\dbhomeXE\bin;C:\Program Files (x86)\VMware\VMware Player\bin\;C:\Program Files\Common Files\Oracle\Java\javapath;C:\Program Files\Python312\Scripts\;C:\Program Files\Python312\;C:\WINDOWS\system32;C:\WINDOWS;C:\WINDOWS\System32\Wbem;C:\WINDOWS\System32\WindowsPowerShell\v1.0\;C:\WINDOWS\System32\OpenSSH\;C:\Users\VI-Alumno\AppData\Roaming\Python\Python312\Scripts;C:\Program Files\Microsoft VS Code\bin;C:\Program Files\dotnet\;C:\Program Files\Git\cmd;C:\Program Files\nodejs\;C:\Program Files\PuTTY\;C:\app\Duoc\product\21c\dbhomeXE\bin;C:\Program Files\Microsoft SQL Server\Client SDK\ODBC\170\Tools\Binn\;C:\Program Files (x86)\Microsoft SQL Server\150\Tools\Binn\;C:\Program Files\Microsoft SQL Server\150\Tools\Binn\;C:\Program Files\Microsoft SQL Server\150\DTS\Binn\;C:\Program Files (x86)\Microsoft SQL Server\150\DTS\Binn\;C:\Program Files\Azure Data Studio\bin;C:\Program Files\Microsoft SQL Server\130\Tools\Binn\;C:\Program Files (x86)\Microsoft SQL Server\110\DTS\Binn\;C:\Program Files (x86)\Microsoft SQL Server\120\DTS\Binn\;C:\Program Files (x86)\Microsoft SQL Server\130\DTS\Binn\;C:\Program Files (x86)\Microsoft SQL Server\140\DTS\Binn\;C:\Program Files (x86)\Microsoft SQL Server\160\DTS\Binn\;C:\Program Files\MongoDB\Server\8.0\bin;C:\Program Files\MySQL\MySQL Shell 8.0\bin\;C:\Users\VI-Alumno\AppData\Local\Microsoft\WindowsApps;C:\Users\VI-Alumno\AppData\Roaming\Python\Python312\Scripts;C:\Users\VI-Alumno\AppData\Roaming\npm;C:\app\Duoc\product\21c\dbhomeXE\bin;C:\Program Files\Azure Data Studio\bin;C:\Program Files (x86)\Nmap;C:\Program Files\JetBrains\IntelliJ IDEA Community Edition 2025.1\bin;;C:\Program Files\MongoDB\Server\8.0\bin;C:\Program Files\mongosh\;c:\Users\VI-Alumno\.vscode\extensions\vscjava.vscode-java-debug-0.59.0\bundled\scripts\noConfigScripts
USERNAME=VI-Alumno
LANG=en_US.UTF-8
OS=Windows_NT
PROCESSOR_IDENTIFIER=Intel64 Family 6 Model 151 Stepping 5, GenuineIntel
TMP=C:\Users\VI-ALU~1\AppData\Local\Temp
TEMP=C:\Users\VI-ALU~1\AppData\Local\Temp




Periodic native trim disabled

---------------  S Y S T E M  ---------------

OS:
 Windows 11 , 64 bit Build 26100 (10.0.26100.8246)
OS uptime: 0 days 2:02 hours
Hyper-V role detected

CPU: total 12 (initial active 12) (6 cores per cpu, 2 threads per core) family 6 model 151 stepping 5 microcode 0x3a, cx8, cmov, fxsr, ht, mmx, 3dnowpref, sse, sse2, sse3, ssse3, sse4.1, sse4.2, popcnt, lzcnt, tsc, tscinvbit, avx, avx2, aes, erms, clmul, bmi1, bmi2, adx, sha, fma, vzeroupper, clflush, clflushopt, clwb, hv, serialize, rdtscp, rdpid, fsrm, f16c, cet_ibt, cet_ss
Processor Information for all 12 processors :
  Max Mhz: 3000, Current Mhz: 3000, Mhz Limit: 3000

Memory: 4k page, system-wide physical 16072M (3153M free)
TotalPageFile size 19016M (AvailPageFile size 32M)
current process WorkingSet (physical memory assigned to process): 367M, peak: 369M
current process commit charge ("private bytes"): 406M, peak: 408M

vm_info: Java HotSpot(TM) 64-Bit Server VM (21.0.8+12-LTS-250) for windows-amd64 JRE (21.0.8+12-LTS-250), built on 2025-06-27T08:11:22Z by "mach5one" with MS VC++ 17.6 (VS2022)

END.
