#
# There is insufficient memory for the Java Runtime Environment to continue.
# Native memory allocation (mmap) failed to map 264241152 bytes for G1 virtual space
# Possible reasons:
#   The system is out of physical RAM or swap space
#   The process is running with CompressedOops enabled, and the Java Heap may be blocking the growth of the native heap
# Possible solutions:
#   Reduce memory load on the system
#   Increase physical memory or swap space
#   Check if swap backing store is full
#   Decrease Java heap size (-Xmx/-Xms)
#   Decrease number of Java threads
#   Decrease Java thread stack sizes (-Xss)
#   Set larger code cache with -XX:ReservedCodeCacheSize=
#   JVM is running with Zero Based Compressed Oops mode in which the Java heap is
#     placed in the first 32GB address space. The Java Heap base address is the
#     maximum limit for the native heap growth. Please use -XX:HeapBaseMinAddress
#     to set the Java Heap base and to place the Java Heap above 32GB virtual address.
# This output file may be truncated or incomplete.
#
#  Out of Memory Error (os_windows.cpp:3603), pid=19136, tid=8560
#
# JRE version:  (21.0.8+12) (build )
# Java VM: Java HotSpot(TM) 64-Bit Server VM (21.0.8+12-LTS-250, mixed mode, sharing, tiered, compressed oops, compressed class ptrs, g1 gc, windows-amd64)
# No core dump will be written. Minidumps are not enabled by default on client versions of Windows
#

---------------  S U M M A R Y ------------

Command Line: -Dnet.bytebuddy.agent.attacher.dump= -agentpath:C:\Program Files\Palo Alto Networks\Traps\cyjagent.dll net.bytebuddy.agent.Attacher com.sun.tools.attach.VirtualMachine 8764 C:\Users\VI-Alumno\.m2\repository\net\bytebuddy\byte-buddy-agent\1.17.8\byte-buddy-agent-1.17.8.jar false 

Host: 12th Gen Intel(R) Core(TM) i5-12500, 12 cores, 15G,  Windows 11 , 64 bit Build 26100 (10.0.26100.8246)
Time: Fri Jun 19 16:39:28 2026 Hora est. Sudamérica Pacífico elapsed time: 1.119373 seconds (0d 0h 0m 1s)

---------------  T H R E A D  ---------------

Current thread (0x0000017edf184f70):  JavaThread "Unknown thread" [_thread_in_vm, id=8560, stack(0x00000021e6600000,0x00000021e6700000) (1024K)]

Stack: [0x00000021e6600000,0x00000021e6700000]
Native frames: (J=compiled Java code, j=interpreted, Vv=VM code, C=native code)
V  [jvm.dll+0x6cc179]
V  [jvm.dll+0x8584c1]
V  [jvm.dll+0x85a9ee]
V  [jvm.dll+0x85b0c3]
V  [jvm.dll+0x27ebf6]
V  [jvm.dll+0x6c88f5]
V  [jvm.dll+0x6bd45a]
V  [jvm.dll+0x354b1a]
V  [jvm.dll+0x35c796]
V  [jvm.dll+0x3af85e]
V  [jvm.dll+0x3afb08]
V  [jvm.dll+0x328e2c]
V  [jvm.dll+0x32998b]
V  [jvm.dll+0x821879]
V  [jvm.dll+0x3bc541]
V  [jvm.dll+0x80aaf8]
V  [jvm.dll+0x45172e]
V  [jvm.dll+0x453321]
C  [cyvrtrap.dll+0x1bdd0]
C  [jli.dll+0x52a3]
C  [ucrtbase.dll+0x37b0]
C  [cyinjct.dll+0x11e7]
C  [KERNEL32.DLL+0x2e8d7]
C  [ntdll.dll+0x8c3fc]


---------------  P R O C E S S  ---------------

Threads class SMR info:
_java_thread_list=0x00007ffe19a1fc48, length=0, elements={
}

Java Threads: ( => current thread )
Total: 0

Other Threads:
  0x0000017edf1ee2b0 WorkerThread "GC Thread#0"                     [id=7956, stack(0x00000021e6700000,0x00000021e6800000) (1024K)]
  0x0000017edf1ffc50 ConcurrentGCThread "G1 Main Marker"            [id=20156, stack(0x00000021e6800000,0x00000021e6900000) (1024K)]
  0x0000017edf200b20 WorkerThread "G1 Conc#0"                       [id=12412, stack(0x00000021e6900000,0x00000021e6a00000) (1024K)]

[error occurred during error reporting (printing all threads), id 0xc0000005, EXCEPTION_ACCESS_VIOLATION (0xc0000005) at pc=0x00007ffe1918b5b7]
VM state: not at safepoint (not fully initialized)

VM Mutex/Monitor currently owned by a thread:  ([mutex/lock_event])
[0x00007ffe19a90f50] Heap_lock - owner thread: 0x0000017edf184f70

Heap address: 0x0000000704c00000, size: 4020 MB, Compressed Oops mode: Zero based, Oop shift amount: 3

CDS archive(s) mapped at: [0x0000000000000000-0x0000000000000000-0x0000000000000000), size 0, SharedBaseAddress: 0x0000000800000000, ArchiveRelocationMode: 1.
Narrow klass base: 0x0000000000000000, Narrow klass shift: 0, Narrow klass range: 0x0

GC Precious Log:
 CardTable entry size: 512
 Card Set container configuration: InlinePtr #cards 4 size 8 Array Of Cards #cards 16 size 48 Howl #buckets 8 coarsen threshold 3686 Howl Bitmap #cards 512 size 80 coarsen threshold 460 Card regions per heap region 1 cards per card region 4096

Heap:
 garbage-first heap   total 0K, used 0K [0x0000000704c00000, 0x0000000800000000)
  region size 2048K, 0 young (0K), 0 survivors (0K)

[error occurred during error reporting (printing heap information), id 0xc0000005, EXCEPTION_ACCESS_VIOLATION (0xc0000005) at pc=0x00007ffe195751e9]
GC Heap History (0 events):
No events

Dll operation events (1 events):
Event: 0.016 Loaded shared library C:\Program Files\Java\jdk-21\bin\java.dll

Deoptimization events (0 events):
No events

Classes loaded (0 events):
No events

Classes unloaded (0 events):
No events

Classes redefined (0 events):
No events

Internal exceptions (0 events):
No events

ZGC Phase Switch (0 events):
No events

VM Operations (0 events):
No events

Events (0 events):
No events


Dynamic libraries:
0x00007ff656680000 - 0x00007ff656690000 	C:\Program Files\Java\jdk-21\bin\java.exe
0x00007ffe69000000 - 0x00007ffe69267000 	C:\WINDOWS\SYSTEM32\ntdll.dll
0x00007ffe68d20000 - 0x00007ffe68de9000 	C:\WINDOWS\System32\KERNEL32.DLL
0x00007ffe68920000 - 0x00007ffe68d14000 	C:\WINDOWS\System32\KERNELBASE.dll
0x000000007f6a0000 - 0x000000007f6de000 	C:\WINDOWS\System32\cyinjct.dll
0x00007ffe68790000 - 0x00007ffe687b4000 	C:\WINDOWS\System32\cyvera.dll
0x00007ffe1a180000 - 0x00007ffe1a199000 	C:\Program Files\Java\jdk-21\bin\jli.dll
0x00007ffe66800000 - 0x00007ffe668b6000 	C:\WINDOWS\System32\ADVAPI32.dll
0x00007ffe668c0000 - 0x00007ffe66969000 	C:\WINDOWS\System32\msvcrt.dll
0x00007ffe66df0000 - 0x00007ffe66e97000 	C:\WINDOWS\System32\sechost.dll
0x00007ffe68800000 - 0x00007ffe68918000 	C:\WINDOWS\System32\RPCRT4.dll
0x0000017eded70000 - 0x0000017edef35000 	C:\WINDOWS\System32\USER32.dll
0x00007ffe66120000 - 0x00007ffe66147000 	C:\WINDOWS\System32\win32u.dll
0x00007ffe67e70000 - 0x00007ffe67e9b000 	C:\WINDOWS\System32\GDI32.dll
0x00007ffe664e0000 - 0x00007ffe6660b000 	C:\WINDOWS\System32\gdi32full.dll
0x00007ffe66610000 - 0x00007ffe666b3000 	C:\WINDOWS\System32\msvcp_win.dll
0x0000017edef40000 - 0x0000017edf08b000 	C:\WINDOWS\System32\ucrtbase.dll
0x00007ffe1a160000 - 0x00007ffe1a17b000 	C:\Program Files\Java\jdk-21\bin\VCRUNTIME140.dll
0x00007ffe41a20000 - 0x00007ffe41cb3000 	C:\WINDOWS\WinSxS\amd64_microsoft.windows.common-controls_6595b64144ccf1df_6.0.26100.8115_none_3e075c82e3354f9c\COMCTL32.dll
0x00007ffe533d0000 - 0x00007ffe533db000 	C:\WINDOWS\SYSTEM32\VERSION.dll
0x00007ffe686c0000 - 0x00007ffe68786000 	C:\WINDOWS\System32\cyvrtrap.dll
0x00007ffe67610000 - 0x00007ffe67642000 	C:\WINDOWS\System32\IMM32.DLL
0x00007ffe19e20000 - 0x00007ffe19e2c000 	C:\Program Files\Java\jdk-21\bin\vcruntime140_1.dll
0x00007ffe19bd0000 - 0x00007ffe19c5e000 	C:\Program Files\Java\jdk-21\bin\msvcp140.dll
0x00007ffe18e50000 - 0x00007ffe19b6d000 	C:\Program Files\Java\jdk-21\bin\server\jvm.dll
0x00007ffe684d0000 - 0x00007ffe68550000 	C:\WINDOWS\System32\WS2_32.dll
0x00007ffe655a0000 - 0x00007ffe655fe000 	C:\WINDOWS\SYSTEM32\POWRPROF.dll
0x00007ffe5d7c0000 - 0x00007ffe5d7f6000 	C:\WINDOWS\SYSTEM32\WINMM.dll
0x00007ffe65580000 - 0x00007ffe65594000 	C:\WINDOWS\SYSTEM32\UMPDC.dll
0x00007ffe64490000 - 0x00007ffe644ab000 	C:\WINDOWS\SYSTEM32\kernel.appcore.dll
0x00007ffe19d50000 - 0x00007ffe19d5a000 	C:\Program Files\Java\jdk-21\bin\jimage.dll
0x00007ffe634f0000 - 0x00007ffe63732000 	C:\WINDOWS\SYSTEM32\DBGHELP.DLL
0x00007ffe680a0000 - 0x00007ffe68422000 	C:\WINDOWS\System32\combase.dll
0x00007ffe67650000 - 0x00007ffe67728000 	C:\WINDOWS\System32\OLEAUT32.dll
0x00007ffe3fe20000 - 0x00007ffe3fe5b000 	C:\WINDOWS\SYSTEM32\dbgcore.DLL
0x00007ffe66750000 - 0x00007ffe667f5000 	C:\WINDOWS\System32\bcryptPrimitives.dll
0x00007ffe68670000 - 0x00007ffe686bb000 	C:\Program Files\Palo Alto Networks\Traps\cyjagent.dll
0x00007ffe19bb0000 - 0x00007ffe19bcf000 	C:\Program Files\Java\jdk-21\bin\java.dll

dbghelp: loaded successfully - version: 4.0.5 - missing functions: none
symbol engine: initialized successfully - sym options: 0x614 - pdb path: .;C:\Program Files\Java\jdk-21\bin;C:\WINDOWS\SYSTEM32;C:\WINDOWS\WinSxS\amd64_microsoft.windows.common-controls_6595b64144ccf1df_6.0.26100.8115_none_3e075c82e3354f9c;C:\Program Files\Java\jdk-21\bin\server;C:\Program Files\Palo Alto Networks\Traps

VM Arguments:
jvm_args: -Dnet.bytebuddy.agent.attacher.dump= -agentpath:C:\Program Files\Palo Alto Networks\Traps\cyjagent.dll 
java_command: net.bytebuddy.agent.Attacher com.sun.tools.attach.VirtualMachine 8764 C:\Users\VI-Alumno\.m2\repository\net\bytebuddy\byte-buddy-agent\1.17.8\byte-buddy-agent-1.17.8.jar false 
java_class_path (initial): C:\Users\VI-Alumno\.m2\repository\net\bytebuddy\byte-buddy-agent\1.17.8\byte-buddy-agent-1.17.8.jar
Launcher Type: SUN_STANDARD

[Global flags]
     intx CICompilerCount                          = 4                                         {product} {ergonomic}
     uint ConcGCThreads                            = 3                                         {product} {ergonomic}
     uint G1ConcRefinementThreads                  = 10                                        {product} {ergonomic}
   size_t G1HeapRegionSize                         = 2097152                                   {product} {ergonomic}
    uintx GCDrainStackTargetSize                   = 64                                        {product} {ergonomic}
   size_t InitialHeapSize                          = 264241152                                 {product} {ergonomic}
   size_t MarkStackSize                            = 4194304                                   {product} {ergonomic}
   size_t MaxHeapSize                              = 4215275520                                {product} {ergonomic}
   size_t MinHeapDeltaBytes                        = 2097152                                   {product} {ergonomic}
   size_t MinHeapSize                              = 8388608                                   {product} {ergonomic}
    uintx NonNMethodCodeHeapSize                   = 5839372                                {pd product} {ergonomic}
    uintx NonProfiledCodeHeapSize                  = 122909434                              {pd product} {ergonomic}
    uintx ProfiledCodeHeapSize                     = 122909434                              {pd product} {ergonomic}
    uintx ReservedCodeCacheSize                    = 251658240                              {pd product} {ergonomic}
     bool SegmentedCodeCache                       = true                                      {product} {ergonomic}
   size_t SoftMaxHeapSize                          = 4215275520                             {manageable} {ergonomic}
     bool UseCompressedOops                        = true                           {product lp64_product} {ergonomic}
     bool UseG1GC                                  = true                                      {product} {ergonomic}
     bool UseLargePagesIndividualAllocation        = false                                  {pd product} {ergonomic}

Logging:
Log output configuration:
 #0: stdout all=warning uptime,level,tags foldmultilines=false
 #1: stderr all=off uptime,level,tags foldmultilines=false

Environment Variables:
PATH=C:\Program Files\Microsoft VS Code;C:\app\Duoc\product\21c\dbhomeXE\bin;C:\Program Files (x86)\VMware\VMware Player\bin\;C:\Program Files\Common Files\Oracle\Java\javapath;C:\Program Files\Python312\Scripts\;C:\Program Files\Python312\;C:\WINDOWS\system32;C:\WINDOWS;C:\WINDOWS\System32\Wbem;C:\WINDOWS\System32\WindowsPowerShell\v1.0\;C:\WINDOWS\System32\OpenSSH\;C:\Users\VI-Alumno\AppData\Roaming\Python\Python312\Scripts;C:\Program Files\Microsoft VS Code\bin;C:\Program Files\dotnet\;C:\Program Files\Git\cmd;C:\Program Files\nodejs\;C:\Program Files\PuTTY\;C:\app\Duoc\product\21c\dbhomeXE\bin;C:\Program Files\Microsoft SQL Server\Client SDK\ODBC\170\Tools\Binn\;C:\Program Files (x86)\Microsoft SQL Server\150\Tools\Binn\;C:\Program Files\Microsoft SQL Server\150\Tools\Binn\;C:\Program Files\Microsoft SQL Server\150\DTS\Binn\;C:\Program Files (x86)\Microsoft SQL Server\150\DTS\Binn\;C:\Program Files\Azure Data Studio\bin;C:\Program Files\Microsoft SQL Server\130\Tools\Binn\;C:\Program Files (x86)\Microsoft SQL Server\110\DTS\Binn\;C:\Program Files (x86)\Microsoft SQL Server\120\DTS\Binn\;C:\Program Files (x86)\Microsoft SQL Server\130\DTS\Binn\;C:\Program Files (x86)\Microsoft SQL Server\140\DTS\Binn\;C:\Program Files (x86)\Microsoft SQL Server\160\DTS\Binn\;C:\Program Files\MongoDB\Server\8.0\bin;C:\Program Files\MySQL\MySQL Shell 8.0\bin\;C:\Users\VI-Alumno\AppData\Local\Microsoft\WindowsApps;C:\Users\VI-Alumno\AppData\Roaming\Python\Python312\Scripts;C:\Users\VI-Alumno\AppData\Roaming\npm;C:\app\Duoc\product\21c\dbhomeXE\bin;C:\Program Files\Azure Data Studio\bin;C:\Program Files (x86)\Nmap;C:\Program Files\JetBrains\IntelliJ IDEA Community Edition 2025.1\bin;;C:\Program Files\MongoDB\Server\8.0\bin;C:\Program Files\mongosh\;c:\Users\VI-Alumno\.vscode\extensions\vscjava.vscode-java-debug-0.59.0\bundled\scripts\noConfigScripts
USERNAME=VI-Alumno
LANG=en_US.UTF-8
OS=Windows_NT
PROCESSOR_IDENTIFIER=Intel64 Family 6 Model 151 Stepping 5, GenuineIntel
TMP=C:\Users\VI-ALU~1\AppData\Local\Temp
TEMP=C:\Users\VI-ALU~1\AppData\Local\Temp




Periodic native trim disabled

---------------  S Y S T E M  ---------------

OS:
 Windows 11 , 64 bit Build 26100 (10.0.26100.8246)
OS uptime: 0 days 2:43 hours
Hyper-V role detected

CPU: total 12 (initial active 12) (6 cores per cpu, 2 threads per core) family 6 model 151 stepping 5 microcode 0x3a, cx8, cmov, fxsr, ht, mmx, 3dnowpref, sse, sse2, sse3, ssse3, sse4.1, sse4.2, popcnt, lzcnt, tsc, tscinvbit, avx, avx2, aes, erms, clmul, bmi1, bmi2, adx, sha, fma, vzeroupper, clflush, clflushopt, clwb, hv, serialize, rdtscp, rdpid, fsrm, f16c, cet_ibt, cet_ss
Processor Information for all 12 processors :
  Max Mhz: 3000, Current Mhz: 3000, Mhz Limit: 3000

Memory: 4k page, system-wide physical 16072M (4468M free)
TotalPageFile size 19016M (AvailPageFile size 182M)
current process WorkingSet (physical memory assigned to process): 14M, peak: 14M
current process commit charge ("private bytes"): 67M, peak: 319M

vm_info: Java HotSpot(TM) 64-Bit Server VM (21.0.8+12-LTS-250) for windows-amd64 JRE (21.0.8+12-LTS-250), built on 2025-06-27T08:11:22Z by "mach5one" with MS VC++ 17.6 (VS2022)

END.
