#
# There is insufficient memory for the Java Runtime Environment to continue.
# Native memory allocation (malloc) failed to allocate 32744 bytes for Chunk::new
# Possible reasons:
#   The system is out of physical RAM or swap space
#   The process is running with CompressedOops enabled, and the Java Heap may be blocking the growth of the native heap
# Possible solutions:
#   Reduce memory load on the system
#   Increase physical memory or swap space
#   Check if swap backing store is full
#   Decrease Java heap size (-Xmx/-Xms)
#   Decrease number of Java threads
#   Decrease Java thread stack sizes (-Xss)
#   Set larger code cache with -XX:ReservedCodeCacheSize=
#   JVM is running with Zero Based Compressed Oops mode in which the Java heap is
#     placed in the first 32GB address space. The Java Heap base address is the
#     maximum limit for the native heap growth. Please use -XX:HeapBaseMinAddress
#     to set the Java Heap base and to place the Java Heap above 32GB virtual address.
# This output file may be truncated or incomplete.
#
#  Out of Memory Error (arena.cpp:168), pid=9724, tid=21312
#
# JRE version: Java(TM) SE Runtime Environment (21.0.8+12) (build 21.0.8+12-LTS-250)
# Java VM: Java HotSpot(TM) 64-Bit Server VM (21.0.8+12-LTS-250, mixed mode, sharing, tiered, compressed oops, compressed class ptrs, g1 gc, windows-amd64)
# No core dump will be written. Minidumps are not enabled by default on client versions of Windows
#

---------------  S U M M A R Y ------------

Command Line: -Dcom.sun.management.jmxremote -Dcom.sun.management.jmxremote.port=2413 -Dcom.sun.management.jmxremote.authenticate=false -Dcom.sun.management.jmxremote.ssl=false -Dspring.jmx.enabled=true -Djava.rmi.server.hostname=localhost -Dspring.application.admin.enabled=true -Dspring.boot.project.name=eureka -XX:+ShowCodeDetailsInExceptionMessages -Dmanagement.endpoints.jmx.exposure.include=* -agentpath:C:\Program Files\Palo Alto Networks\Traps\cyjagent.dll com.pharmanet.eureka_server.EurekaApplication

Host: 12th Gen Intel(R) Core(TM) i5-12500, 12 cores, 15G,  Windows 11 , 64 bit Build 26100 (10.0.26100.8246)
Time: Fri Jun 19 15:50:56 2026 Hora est. Sudam廨ica Pac璗ico elapsed time: 3919.548921 seconds (0d 1h 5m 19s)

---------------  T H R E A D  ---------------

Current thread (0x0000016eb15a6db0):  JavaThread "C1 CompilerThread0" daemon [_thread_in_vm, id=21312, stack(0x00000045e2600000,0x00000045e2700000) (1024K)]


Current CompileTask:
C1:3919549 12687       3       org.springframework.core.env.AbstractPropertyResolver::getProperty (20 bytes)

Stack: [0x00000045e2600000,0x00000045e2700000]
Native frames: (J=compiled Java code, j=interpreted, Vv=VM code, C=native code)
V  [jvm.dll+0x6cc179]
V  [jvm.dll+0x8584c1]
V  [jvm.dll+0x85a9ee]
V  [jvm.dll+0x85b0c3]
V  [jvm.dll+0x27ebf6]
V  [jvm.dll+0xc4f4d]
V  [jvm.dll+0xc5483]
V  [jvm.dll+0x1fa9cb]
V  [jvm.dll+0x1e62c3]
V  [jvm.dll+0x2561e6]
V  [jvm.dll+0x2548ea]
V  [jvm.dll+0x3efef6]
V  [jvm.dll+0x80279b]
V  [jvm.dll+0x6ca85d]
C  [ucrtbase.dll+0x37b0]
C  [cyinjct.dll+0x11e7]
C  [KERNEL32.DLL+0x2e8d7]
C  [ntdll.dll+0x8c3fc]


---------------  P R O C E S S  ---------------

Threads class SMR info:
_java_thread_list=0x0000016ef8ac39f0, length=62, elements={
0x0000016eb1588eb0, 0x0000016eb158a620, 0x0000016eb1590450, 0x0000016eb1591200,
0x0000016eb1593a90, 0x0000016eb159fa40, 0x0000016eb15a45d0, 0x0000016eb15a6db0,
0x0000016eb168bd80, 0x0000016eb188d620, 0x0000016ef77e4e50, 0x0000016eb1929320,
0x0000016ef77db330, 0x0000016ef776d1b0, 0x0000016efa7432c0, 0x0000016efa742c30,
0x0000016efa743950, 0x0000016efa744670, 0x0000016efa744d00, 0x0000016efa1dabd0,
0x0000016efa1d9820, 0x0000016efa1d9190, 0x0000016efa1d8470, 0x0000016efa1d8b00,
0x0000016efa1d9eb0, 0x0000016efa1db260, 0x0000016efa1da540, 0x0000016efa1d7de0,
0x0000016efa1db8f0, 0x0000016efa1dd330, 0x0000016efa1dd9c0, 0x0000016efa1ded70,
0x0000016efa1de6e0, 0x0000016efa1df400, 0x0000016efa1dbf80, 0x0000016efa1dc610,
0x0000016efa1dcca0, 0x0000016efa1de050, 0x0000016efc51ce80, 0x0000016efc51c160,
0x0000016efc51adb0, 0x0000016efc51a720, 0x0000016efc51b440, 0x0000016efc51c7f0,
0x0000016efc51d510, 0x0000016efc51bad0, 0x0000016efc51a090, 0x0000016efc51fc70,
0x0000016efc51f5e0, 0x0000016efc520990, 0x0000016efc521020, 0x0000016efc51e230,
0x0000016efc51ef50, 0x0000016efc51dba0, 0x0000016efc5216b0, 0x0000016efc51e8c0,
0x0000016efc911340, 0x0000016efc910620, 0x0000016efc90ebe0, 0x0000016efc910cb0,
0x0000016efc9119d0, 0x0000016efc912060
}

Java Threads: ( => current thread )
  0x0000016eb1588eb0 JavaThread "Reference Handler"          daemon [_thread_blocked, id=9204, stack(0x00000045e1f00000,0x00000045e2000000) (1024K)]
  0x0000016eb158a620 JavaThread "Finalizer"                  daemon [_thread_blocked, id=14616, stack(0x00000045e2000000,0x00000045e2100000) (1024K)]
  0x0000016eb1590450 JavaThread "Signal Dispatcher"          daemon [_thread_blocked, id=16860, stack(0x00000045e2100000,0x00000045e2200000) (1024K)]
  0x0000016eb1591200 JavaThread "Attach Listener"            daemon [_thread_blocked, id=19116, stack(0x00000045e2200000,0x00000045e2300000) (1024K)]
  0x0000016eb1593a90 JavaThread "Service Thread"             daemon [_thread_blocked, id=7948, stack(0x00000045e2300000,0x00000045e2400000) (1024K)]
  0x0000016eb159fa40 JavaThread "Monitor Deflation Thread"   daemon [_thread_blocked, id=22064, stack(0x00000045e2400000,0x00000045e2500000) (1024K)]
  0x0000016eb15a45d0 JavaThread "C2 CompilerThread0"         daemon [_thread_blocked, id=17924, stack(0x00000045e2500000,0x00000045e2600000) (1024K)]
=>0x0000016eb15a6db0 JavaThread "C1 CompilerThread0"         daemon [_thread_in_vm, id=21312, stack(0x00000045e2600000,0x00000045e2700000) (1024K)]
  0x0000016eb168bd80 JavaThread "Common-Cleaner"             daemon [_thread_blocked, id=9320, stack(0x00000045e2700000,0x00000045e2800000) (1024K)]
  0x0000016eb188d620 JavaThread "Notification Thread"        daemon [_thread_blocked, id=12428, stack(0x00000045e2800000,0x00000045e2900000) (1024K)]
  0x0000016ef77e4e50 JavaThread "RMI TCP Accept-0"           daemon [_thread_in_native, id=13300, stack(0x00000045e2b00000,0x00000045e2c00000) (1024K)]
  0x0000016eb1929320 JavaThread "RMI TCP Accept-2413"        daemon [_thread_in_native, id=5900, stack(0x00000045e2c00000,0x00000045e2d00000) (1024K)]
  0x0000016ef77db330 JavaThread "RMI TCP Accept-0"           daemon [_thread_in_native, id=8056, stack(0x00000045e2d00000,0x00000045e2e00000) (1024K)]
  0x0000016ef776d1b0 JavaThread "RMI Scheduler(0)"           daemon [_thread_blocked, id=11404, stack(0x00000045e2f00000,0x00000045e3000000) (1024K)]
  0x0000016efa7432c0 JavaThread "Catalina-utility-1"                [_thread_blocked, id=3888, stack(0x00000045e3b00000,0x00000045e3c00000) (1024K)]
  0x0000016efa742c30 JavaThread "Catalina-utility-2"                [_thread_blocked, id=21132, stack(0x00000045e3e00000,0x00000045e3f00000) (1024K)]
  0x0000016efa743950 JavaThread "container-0"                       [_thread_blocked, id=22316, stack(0x00000045e3f00000,0x00000045e4000000) (1024K)]
  0x0000016efa744670 JavaThread "spectator-gauge-polling-0"  daemon [_thread_blocked, id=19200, stack(0x00000045e4100000,0x00000045e4200000) (1024K)]
  0x0000016efa744d00 JavaThread "Eureka-DeltaRetentionTimer" daemon [_thread_blocked, id=6976, stack(0x00000045e4200000,0x00000045e4300000) (1024K)]
  0x0000016efa1dabd0 JavaThread "Eureka-EvictionTimer"       daemon [_thread_blocked, id=5592, stack(0x00000045e4300000,0x00000045e4400000) (1024K)]
  0x0000016efa1d9820 JavaThread "Eureka-MeasureRateTimer"    daemon [_thread_blocked, id=17856, stack(0x00000045e4400000,0x00000045e4500000) (1024K)]
  0x0000016efa1d9190 JavaThread "ReplicaAwareInstanceRegistry - RenewalThresholdUpdater" daemon [_thread_blocked, id=1512, stack(0x00000045e4500000,0x00000045e4600000) (1024K)]
  0x0000016efa1d8470 JavaThread "Eureka-MeasureRateTimer"    daemon [_thread_blocked, id=19416, stack(0x00000045e4600000,0x00000045e4700000) (1024K)]
  0x0000016efa1d8b00 JavaThread "Eureka-Jersey3Client-Conn-Cleaner2" daemon [_thread_blocked, id=6832, stack(0x00000045e4700000,0x00000045e4800000) (1024K)]
  0x0000016efa1d9eb0 JavaThread "TaskAcceptor-target_localhost" daemon [_thread_blocked, id=2152, stack(0x00000045e4800000,0x00000045e4900000) (1024K)]
  0x0000016efa1db260 JavaThread "TaskBatchingWorker-target_localhost-0" daemon [_thread_blocked, id=15464, stack(0x00000045e4900000,0x00000045e4a00000) (1024K)]
  0x0000016efa1da540 JavaThread "TaskBatchingWorker-target_localhost-1" daemon [_thread_blocked, id=9592, stack(0x00000045e4a00000,0x00000045e4b00000) (1024K)]
  0x0000016efa1d7de0 JavaThread "TaskBatchingWorker-target_localhost-2" daemon [_thread_blocked, id=7544, stack(0x00000045e4b00000,0x00000045e4c00000) (1024K)]
  0x0000016efa1db8f0 JavaThread "TaskBatchingWorker-target_localhost-3" daemon [_thread_blocked, id=12132, stack(0x00000045e4c00000,0x00000045e4d00000) (1024K)]
  0x0000016efa1dd330 JavaThread "TaskBatchingWorker-target_localhost-4" daemon [_thread_blocked, id=9488, stack(0x00000045e4d00000,0x00000045e4e00000) (1024K)]
  0x0000016efa1dd9c0 JavaThread "TaskBatchingWorker-target_localhost-5" daemon [_thread_blocked, id=14684, stack(0x00000045e4e00000,0x00000045e4f00000) (1024K)]
  0x0000016efa1ded70 JavaThread "TaskBatchingWorker-target_localhost-6" daemon [_thread_blocked, id=9640, stack(0x00000045e4f00000,0x00000045e5000000) (1024K)]
  0x0000016efa1de6e0 JavaThread "TaskBatchingWorker-target_localhost-7" daemon [_thread_blocked, id=5044, stack(0x00000045e5000000,0x00000045e5100000) (1024K)]
  0x0000016efa1df400 JavaThread "TaskBatchingWorker-target_localhost-8" daemon [_thread_blocked, id=5148, stack(0x00000045e5100000,0x00000045e5200000) (1024K)]
  0x0000016efa1dbf80 JavaThread "TaskBatchingWorker-target_localhost-9" daemon [_thread_blocked, id=3444, stack(0x00000045e5200000,0x00000045e5300000) (1024K)]
  0x0000016efa1dc610 JavaThread "TaskBatchingWorker-target_localhost-10" daemon [_thread_blocked, id=3692, stack(0x00000045e5300000,0x00000045e5400000) (1024K)]
  0x0000016efa1dcca0 JavaThread "TaskBatchingWorker-target_localhost-11" daemon [_thread_blocked, id=15560, stack(0x00000045e5400000,0x00000045e5500000) (1024K)]
  0x0000016efa1de050 JavaThread "TaskBatchingWorker-target_localhost-12" daemon [_thread_blocked, id=14680, stack(0x00000045e5500000,0x00000045e5600000) (1024K)]
  0x0000016efc51ce80 JavaThread "TaskBatchingWorker-target_localhost-13" daemon [_thread_blocked, id=18916, stack(0x00000045e5600000,0x00000045e5700000) (1024K)]
  0x0000016efc51c160 JavaThread "TaskBatchingWorker-target_localhost-14" daemon [_thread_blocked, id=6124, stack(0x00000045e5700000,0x00000045e5800000) (1024K)]
  0x0000016efc51adb0 JavaThread "TaskBatchingWorker-target_localhost-15" daemon [_thread_blocked, id=17396, stack(0x00000045e5800000,0x00000045e5900000) (1024K)]
  0x0000016efc51a720 JavaThread "TaskBatchingWorker-target_localhost-16" daemon [_thread_blocked, id=11060, stack(0x00000045e5900000,0x00000045e5a00000) (1024K)]
  0x0000016efc51b440 JavaThread "TaskBatchingWorker-target_localhost-17" daemon [_thread_blocked, id=8208, stack(0x00000045e5a00000,0x00000045e5b00000) (1024K)]
  0x0000016efc51c7f0 JavaThread "TaskBatchingWorker-target_localhost-18" daemon [_thread_blocked, id=16988, stack(0x00000045e5b00000,0x00000045e5c00000) (1024K)]
  0x0000016efc51d510 JavaThread "TaskBatchingWorker-target_localhost-19" daemon [_thread_blocked, id=14376, stack(0x00000045e5c00000,0x00000045e5d00000) (1024K)]
  0x0000016efc51bad0 JavaThread "TaskAcceptor-localhost"     daemon [_thread_blocked, id=6316, stack(0x00000045e5d00000,0x00000045e5e00000) (1024K)]
  0x0000016efc51a090 JavaThread "TaskNonBatchingWorker-localhost-0" daemon [_thread_blocked, id=18648, stack(0x00000045e5e00000,0x00000045e5f00000) (1024K)]
  0x0000016efc51fc70 JavaThread "Eureka-PeerNodesUpdater"    daemon [_thread_blocked, id=8656, stack(0x00000045e5f00000,0x00000045e6000000) (1024K)]
  0x0000016efc51f5e0 JavaThread "Eureka-CacheFillTimer"      daemon [_thread_blocked, id=5288, stack(0x00000045e6000000,0x00000045e6100000) (1024K)]
  0x0000016efc520990 JavaThread "http-nio-8761-exec-1"       daemon [_thread_blocked, id=17996, stack(0x00000045e6200000,0x00000045e6300000) (1024K)]
  0x0000016efc521020 JavaThread "http-nio-8761-exec-2"       daemon [_thread_blocked, id=11188, stack(0x00000045e6300000,0x00000045e6400000) (1024K)]
  0x0000016efc51e230 JavaThread "http-nio-8761-exec-3"       daemon [_thread_blocked, id=20864, stack(0x00000045e6400000,0x00000045e6500000) (1024K)]
  0x0000016efc51ef50 JavaThread "http-nio-8761-exec-4"       daemon [_thread_blocked, id=8604, stack(0x00000045e6500000,0x00000045e6600000) (1024K)]
  0x0000016efc51dba0 JavaThread "http-nio-8761-exec-5"       daemon [_thread_blocked, id=1148, stack(0x00000045e6600000,0x00000045e6700000) (1024K)]
  0x0000016efc5216b0 JavaThread "http-nio-8761-exec-6"       daemon [_thread_blocked, id=8508, stack(0x00000045e6700000,0x00000045e6800000) (1024K)]
  0x0000016efc51e8c0 JavaThread "http-nio-8761-exec-7"       daemon [_thread_blocked, id=19216, stack(0x00000045e6800000,0x00000045e6900000) (1024K)]
  0x0000016efc911340 JavaThread "http-nio-8761-exec-8"       daemon [_thread_blocked, id=20404, stack(0x00000045e6900000,0x00000045e6a00000) (1024K)]
  0x0000016efc910620 JavaThread "http-nio-8761-exec-9"       daemon [_thread_blocked, id=9264, stack(0x00000045e6a00000,0x00000045e6b00000) (1024K)]
  0x0000016efc90ebe0 JavaThread "http-nio-8761-exec-10"      daemon [_thread_blocked, id=16004, stack(0x00000045e6b00000,0x00000045e6c00000) (1024K)]
  0x0000016efc910cb0 JavaThread "http-nio-8761-Poller"       daemon [_thread_in_native, id=21476, stack(0x00000045e6100000,0x00000045e6200000) (1024K)]
  0x0000016efc9119d0 JavaThread "http-nio-8761-Acceptor"     daemon [_thread_in_native, id=12668, stack(0x00000045e6c00000,0x00000045e6d00000) (1024K)]
  0x0000016efc912060 JavaThread "DestroyJavaVM"                     [_thread_blocked, id=17472, stack(0x00000045e1700000,0x00000045e1800000) (1024K)]
Total: 62

Other Threads:
  0x0000016eae995240 VMThread "VM Thread"                           [id=5016, stack(0x00000045e1e00000,0x00000045e1f00000) (1024K)]
  0x0000016eae9796b0 WatcherThread "VM Periodic Task Thread"        [id=1220, stack(0x00000045e1d00000,0x00000045e1e00000) (1024K)]
  0x0000016e91ecc1a0 WorkerThread "GC Thread#0"                     [id=17592, stack(0x00000045e1800000,0x00000045e1900000) (1024K)]
  0x0000016ef7b83330 WorkerThread "GC Thread#1"                     [id=8424, stack(0x00000045e3100000,0x00000045e3200000) (1024K)]
  0x0000016ef76c4500 WorkerThread "GC Thread#2"                     [id=5312, stack(0x00000045e3200000,0x00000045e3300000) (1024K)]
  0x0000016ef75e3990 WorkerThread "GC Thread#3"                     [id=4044, stack(0x00000045e3300000,0x00000045e3400000) (1024K)]
  0x0000016ef75e4130 WorkerThread "GC Thread#4"                     [id=19168, stack(0x00000045e3400000,0x00000045e3500000) (1024K)]
  0x0000016ef75e84f0 WorkerThread "GC Thread#5"                     [id=7528, stack(0x00000045e3500000,0x00000045e3600000) (1024K)]
  0x0000016ef75571d0 WorkerThread "GC Thread#6"                     [id=3604, stack(0x00000045e3600000,0x00000045e3700000) (1024K)]
  0x0000016ef77ad700 WorkerThread "GC Thread#7"                     [id=6760, stack(0x00000045e3700000,0x00000045e3800000) (1024K)]
  0x0000016ef77adaa0 WorkerThread "GC Thread#8"                     [id=19136, stack(0x00000045e3800000,0x00000045e3900000) (1024K)]
  0x0000016ef782e310 WorkerThread "GC Thread#9"                     [id=3496, stack(0x00000045e3a00000,0x00000045e3b00000) (1024K)]
  0x0000016e91edcb60 ConcurrentGCThread "G1 Main Marker"            [id=7248, stack(0x00000045e1900000,0x00000045e1a00000) (1024K)]
  0x0000016e91ede220 WorkerThread "G1 Conc#0"                       [id=12340, stack(0x00000045e1a00000,0x00000045e1b00000) (1024K)]
  0x0000016ef8abe360 WorkerThread "G1 Conc#1"                       [id=5992, stack(0x00000045e3c00000,0x00000045e3d00000) (1024K)]
  0x0000016ef8abeaa0 WorkerThread "G1 Conc#2"                       [id=12112, stack(0x00000045e3d00000,0x00000045e3e00000) (1024K)]
  0x0000016eae84fdb0 ConcurrentGCThread "G1 Refine#0"               [id=22072, stack(0x00000045e1b00000,0x00000045e1c00000) (1024K)]
  0x0000016e8f742ee0 ConcurrentGCThread "G1 Service"                [id=21652, stack(0x00000045e1c00000,0x00000045e1d00000) (1024K)]
Total: 18

Threads with active compile tasks:
C1 CompilerThread0  3919628 12687       3       org.springframework.core.env.AbstractPropertyResolver::getProperty (20 bytes)
Total: 1

VM state: not at safepoint (normal execution)

VM Mutex/Monitor currently owned by a thread: None

Heap address: 0x0000000704c00000, size: 4020 MB, Compressed Oops mode: Zero based, Oop shift amount: 3

CDS archive(s) mapped at: [0x0000016eb2000000-0x0000016eb2c90000-0x0000016eb2c90000), size 13172736, SharedBaseAddress: 0x0000016eb2000000, ArchiveRelocationMode: 1.
Compressed class space mapped at: 0x0000016eb3000000-0x0000016ef3000000, reserved size: 1073741824
Narrow klass base: 0x0000016eb2000000, Narrow klass shift: 0, Narrow klass range: 0x100000000

GC Precious Log:
 CardTable entry size: 512
 Card Set container configuration: InlinePtr #cards 4 size 8 Array Of Cards #cards 16 size 48 Howl #buckets 8 coarsen threshold 3686 Howl Bitmap #cards 512 size 80 coarsen threshold 460 Card regions per heap region 1 cards per card region 4096
 CPUs: 12 total, 12 available
 Memory: 16072M
 Large Page Support: Disabled
 NUMA Support: Disabled
 Compressed Oops: Enabled (Zero based)
 Heap Region Size: 2M
 Heap Min Capacity: 8M
 Heap Initial Capacity: 252M
 Heap Max Capacity: 4020M
 Pre-touch: Disabled
 Parallel Workers: 10
 Concurrent Workers: 3
 Concurrent Refinement Workers: 10
 Periodic GC: Disabled

Heap:
 garbage-first heap   total 96256K, used 81888K [0x0000000704c00000, 0x0000000800000000)
  region size 2048K, 22 young (45056K), 1 survivors (2048K)
 Metaspace       used 67793K, committed 68800K, reserved 1114112K
  class space    used 8417K, committed 8896K, reserved 1048576K

Heap Regions: E=young(eden), S=young(survivor), O=old, HS=humongous(starts), HC=humongous(continues), CS=collection set, F=free, TAMS=top-at-mark-start, PB=parsable bottom
|   0|0x0000000704c00000, 0x0000000704e00000, 0x0000000704e00000|100%| O|  |TAMS 0x0000000704c00000| PB 0x0000000704c00000| Untracked 
|   1|0x0000000704e00000, 0x0000000705000000, 0x0000000705000000|100%| O|  |TAMS 0x0000000704e00000| PB 0x0000000704e00000| Untracked 
|   2|0x0000000705000000, 0x0000000705200000, 0x0000000705200000|100%| O|  |TAMS 0x0000000705000000| PB 0x0000000705000000| Untracked 
|   3|0x0000000705200000, 0x00000007053e8990, 0x0000000705400000| 95%| O|  |TAMS 0x0000000705200000| PB 0x0000000705200000| Untracked 
|   4|0x0000000705400000, 0x0000000705600000, 0x0000000705600000|100%| O|  |TAMS 0x0000000705400000| PB 0x0000000705400000| Untracked 
|   5|0x0000000705600000, 0x0000000705800000, 0x0000000705800000|100%| O|  |TAMS 0x0000000705600000| PB 0x0000000705600000| Untracked 
|   6|0x0000000705800000, 0x0000000705a00000, 0x0000000705a00000|100%| O|  |TAMS 0x0000000705800000| PB 0x0000000705800000| Untracked 
|   7|0x0000000705a00000, 0x0000000705c00000, 0x0000000705c00000|100%| O|  |TAMS 0x0000000705a00000| PB 0x0000000705a00000| Untracked 
|   8|0x0000000705c00000, 0x0000000705e00000, 0x0000000705e00000|100%| O|  |TAMS 0x0000000705c00000| PB 0x0000000705c00000| Untracked 
|   9|0x0000000705e00000, 0x0000000706000000, 0x0000000706000000|100%| O|  |TAMS 0x0000000705e00000| PB 0x0000000705e00000| Untracked 
|  10|0x0000000706000000, 0x0000000706200000, 0x0000000706200000|100%| O|Cm|TAMS 0x0000000706000000| PB 0x0000000706000000| Complete 
|  11|0x0000000706200000, 0x0000000706400000, 0x0000000706400000|100%| O|  |TAMS 0x0000000706200000| PB 0x0000000706200000| Untracked 
|  12|0x0000000706400000, 0x00000007064e3250, 0x0000000706600000| 44%| O|  |TAMS 0x0000000706400000| PB 0x0000000706400000| Untracked 
|  13|0x0000000706600000, 0x0000000706800000, 0x0000000706800000|100%| O|  |TAMS 0x0000000706600000| PB 0x0000000706600000| Untracked 
|  14|0x0000000706800000, 0x0000000706a00000, 0x0000000706a00000|100%| O|  |TAMS 0x0000000706800000| PB 0x0000000706800000| Untracked 
|  15|0x0000000706a00000, 0x0000000706c00000, 0x0000000706c00000|100%| O|  |TAMS 0x0000000706a00000| PB 0x0000000706a00000| Untracked 
|  16|0x0000000706c00000, 0x0000000706e00000, 0x0000000706e00000|100%| O|  |TAMS 0x0000000706c00000| PB 0x0000000706c00000| Untracked 
|  17|0x0000000706e00000, 0x0000000707000000, 0x0000000707000000|100%| O|  |TAMS 0x0000000706e00000| PB 0x0000000706e00000| Untracked 
|  18|0x0000000707000000, 0x0000000707200000, 0x0000000707200000|100%| O|  |TAMS 0x0000000707000000| PB 0x0000000707000000| Untracked 
|  19|0x0000000707200000, 0x0000000707200000, 0x0000000707400000|  0%| F|  |TAMS 0x0000000707200000| PB 0x0000000707200000| Untracked 
|  20|0x0000000707400000, 0x0000000707600000, 0x0000000707600000|100%| O|  |TAMS 0x0000000707400000| PB 0x0000000707400000| Untracked 
|  21|0x0000000707600000, 0x0000000707800000, 0x0000000707800000|100%| O|  |TAMS 0x0000000707600000| PB 0x0000000707600000| Untracked 
|  22|0x0000000707800000, 0x0000000707800000, 0x0000000707a00000|  0%| F|  |TAMS 0x0000000707800000| PB 0x0000000707800000| Untracked 
|  23|0x0000000707a00000, 0x0000000707a00000, 0x0000000707c00000|  0%| F|  |TAMS 0x0000000707a00000| PB 0x0000000707a00000| Untracked 
|  24|0x0000000707c00000, 0x0000000707c00000, 0x0000000707e00000|  0%| F|  |TAMS 0x0000000707c00000| PB 0x0000000707c00000| Untracked 
|  25|0x0000000707e00000, 0x0000000707f2c5a0, 0x0000000708000000| 58%| S|CS|TAMS 0x0000000707e00000| PB 0x0000000707e00000| Complete 
|  26|0x0000000708000000, 0x0000000708200000, 0x0000000708200000|100%| E|  |TAMS 0x0000000708000000| PB 0x0000000708000000| Complete 
|  27|0x0000000708200000, 0x0000000708400000, 0x0000000708400000|100%| E|CS|TAMS 0x0000000708200000| PB 0x0000000708200000| Complete 
|  28|0x0000000708400000, 0x0000000708600000, 0x0000000708600000|100%| E|CS|TAMS 0x0000000708400000| PB 0x0000000708400000| Complete 
|  29|0x0000000708600000, 0x0000000708800000, 0x0000000708800000|100%| E|CS|TAMS 0x0000000708600000| PB 0x0000000708600000| Complete 
|  30|0x0000000708800000, 0x0000000708a00000, 0x0000000708a00000|100%| E|CS|TAMS 0x0000000708800000| PB 0x0000000708800000| Complete 
|  31|0x0000000708a00000, 0x0000000708c00000, 0x0000000708c00000|100%| E|  |TAMS 0x0000000708a00000| PB 0x0000000708a00000| Complete 
|  32|0x0000000708c00000, 0x0000000708e00000, 0x0000000708e00000|100%| E|CS|TAMS 0x0000000708c00000| PB 0x0000000708c00000| Complete 
|  33|0x0000000708e00000, 0x0000000709000000, 0x0000000709000000|100%| E|CS|TAMS 0x0000000708e00000| PB 0x0000000708e00000| Complete 
|  34|0x0000000709000000, 0x0000000709200000, 0x0000000709200000|100%| E|CS|TAMS 0x0000000709000000| PB 0x0000000709000000| Complete 
|  35|0x0000000709200000, 0x0000000709400000, 0x0000000709400000|100%| E|CS|TAMS 0x0000000709200000| PB 0x0000000709200000| Complete 
|  36|0x0000000709400000, 0x0000000709600000, 0x0000000709600000|100%| E|CS|TAMS 0x0000000709400000| PB 0x0000000709400000| Complete 
|  37|0x0000000709600000, 0x0000000709800000, 0x0000000709800000|100%| E|CS|TAMS 0x0000000709600000| PB 0x0000000709600000| Complete 
|  38|0x0000000709800000, 0x0000000709a00000, 0x0000000709a00000|100%| E|CS|TAMS 0x0000000709800000| PB 0x0000000709800000| Complete 
|  39|0x0000000709a00000, 0x0000000709c00000, 0x0000000709c00000|100%| E|CS|TAMS 0x0000000709a00000| PB 0x0000000709a00000| Complete 
|  40|0x0000000709c00000, 0x0000000709e00000, 0x0000000709e00000|100%| E|CS|TAMS 0x0000000709c00000| PB 0x0000000709c00000| Complete 
|  41|0x0000000709e00000, 0x000000070a000000, 0x000000070a000000|100%| E|CS|TAMS 0x0000000709e00000| PB 0x0000000709e00000| Complete 
|  42|0x000000070a000000, 0x000000070a200000, 0x000000070a200000|100%| E|CS|TAMS 0x000000070a000000| PB 0x000000070a000000| Complete 
|  62|0x000000070c800000, 0x000000070ca00000, 0x000000070ca00000|100%| E|CS|TAMS 0x000000070c800000| PB 0x000000070c800000| Complete 
|  63|0x000000070ca00000, 0x000000070cc00000, 0x000000070cc00000|100%| E|CS|TAMS 0x000000070ca00000| PB 0x000000070ca00000| Complete 
|  64|0x000000070cc00000, 0x000000070ce00000, 0x000000070ce00000|100%| E|CS|TAMS 0x000000070cc00000| PB 0x000000070cc00000| Complete 
| 125|0x0000000714600000, 0x0000000714800000, 0x0000000714800000|100%| E|CS|TAMS 0x0000000714600000| PB 0x0000000714600000| Complete 

Card table byte_map: [0x0000016eaa0f0000,0x0000016eaa8d0000] _byte_map_base: 0x0000016ea68ca000

Marking Bits: (CMBitMap*) 0x0000016e91ecc740
 Bits: [0x0000016eaa8d0000, 0x0000016eae7a0000)

Polling page: 0x0000016e8fc10000

Metaspace:

Usage:
  Non-class:     57.99 MB used.
      Class:      8.22 MB used.
       Both:     66.20 MB used.

Virtual space:
  Non-class space:       64.00 MB reserved,      58.50 MB ( 91%) committed,  1 nodes.
      Class space:        1.00 GB reserved,       8.69 MB ( <1%) committed,  1 nodes.
             Both:        1.06 GB reserved,      67.19 MB (  6%) committed. 

Chunk freelists:
   Non-Class:  5.38 MB
       Class:  7.13 MB
        Both:  12.51 MB

MaxMetaspaceSize: unlimited
CompressedClassSpaceSize: 1.00 GB
Initial GC threshold: 21.00 MB
Current GC threshold: 107.62 MB
CDS: on
 - commit_granule_bytes: 65536.
 - commit_granule_words: 8192.
 - virtual_space_node_default_size: 8388608.
 - enlarge_chunks_in_place: 1.
 - use_allocation_guard: 0.


Internal statistics:

num_allocs_failed_limit: 9.
num_arena_births: 1532.
num_arena_deaths: 0.
num_vsnodes_births: 2.
num_vsnodes_deaths: 0.
num_space_committed: 1075.
num_space_uncommitted: 0.
num_chunks_returned_to_freelist: 9.
num_chunks_taken_from_freelist: 4105.
num_chunk_merges: 6.
num_chunk_splits: 2682.
num_chunks_enlarged: 1820.
num_inconsistent_stats: 0.

CodeHeap 'non-profiled nmethods': size=120000Kb used=4654Kb max_used=5787Kb free=115345Kb
 bounds [0x0000016ea1d80000, 0x0000016ea2330000, 0x0000016ea92b0000]
CodeHeap 'profiled nmethods': size=120000Kb used=13824Kb max_used=15281Kb free=106176Kb
 bounds [0x0000016e9a2b0000, 0x0000016e9b1d0000, 0x0000016ea17e0000]
CodeHeap 'non-nmethods': size=5760Kb used=1657Kb max_used=1709Kb free=4102Kb
 bounds [0x0000016ea17e0000, 0x0000016ea1a50000, 0x0000016ea1d80000]
 total_blobs=7202 nmethods=6501 adapters=605
 compilation: enabled
              stopped_count=0, restarted_count=0
 full_count=0

Compilation events (20 events):
Event: 3885.564 Thread 0x0000016eb15a6db0 12676  s    3       org.apache.catalina.core.StandardWrapper::backgroundProcess (38 bytes)
Event: 3885.564 Thread 0x0000016eb15a6db0 nmethod 12676 0x0000016e9af4f110 code [0x0000016e9af4f300, 0x0000016e9af4f9e0]
Event: 3885.818 Thread 0x0000016eb15a45d0 12677   !   4       org.apache.coyote.http11.Http11Processor::prepareRequest (709 bytes)
Event: 3885.818 Thread 0x0000016eb15a6db0 12678       3       org.springframework.util.MimeType::isWildcardSubtype (29 bytes)
Event: 3885.818 Thread 0x0000016eb15a6db0 nmethod 12678 0x0000016e9af4ea90 code [0x0000016e9af4ec60, 0x0000016e9af4ef90]
Event: 3885.895 Thread 0x0000016eb15a45d0 nmethod 12677 0x0000016ea1f71b90 code [0x0000016ea1f723e0, 0x0000016ea1f77d28]
Event: 3886.320 Thread 0x0000016eb15a45d0 12679       4       org.glassfish.jersey.uri.internal.JerseyUriBuilder::encodeMatrix (151 bytes)
Event: 3886.320 Thread 0x0000016eb15a45d0 nmethod 12679 0x0000016ea1f9f990 code [0x0000016ea1f9fb20, 0x0000016ea1f9fbc8]
Event: 3886.337 Thread 0x0000016eb15a45d0 12680       4       java.util.LinkedHashMap::keysToArray (80 bytes)
Event: 3886.339 Thread 0x0000016eb15a45d0 nmethod 12680 0x0000016ea1f9f110 code [0x0000016ea1f9f2c0, 0x0000016ea1f9f7f8]
Event: 3905.595 Thread 0x0000016eb15a45d0 12681       4       org.apache.tomcat.util.buf.MessageBytes::toString (69 bytes)
Event: 3905.598 Thread 0x0000016eb15a45d0 nmethod 12681 0x0000016ea1f9e890 code [0x0000016ea1f9ea60, 0x0000016ea1f9ee98]
Event: 3905.598 Thread 0x0000016eb15a45d0 12682       4       org.jvnet.hk2.internal.ServiceLocatorImpl::getAllValidators (43 bytes)
Event: 3905.599 Thread 0x0000016eb15a45d0 nmethod 12682 0x0000016ea1f9e590 code [0x0000016ea1f9e720, 0x0000016ea1f9e7d8]
Event: 3906.112 Thread 0x0000016eb15a45d0 12683       4       java.io.FilterInputStream::<init> (10 bytes)
Event: 3906.112 Thread 0x0000016eb15a45d0 nmethod 12683 0x0000016ea1f9e210 code [0x0000016ea1f9e3a0, 0x0000016ea1f9e510]
Event: 3915.592 Thread 0x0000016eb15a45d0 12684       4       java.util.HashMap::valuesToArray (81 bytes)
Event: 3915.594 Thread 0x0000016eb15a45d0 nmethod 12684 0x0000016ea1f9db90 code [0x0000016ea1f9dd20, 0x0000016ea1f9e008]
Event: 3915.844 Thread 0x0000016eb15a45d0 12685       4       org.apache.catalina.connector.CoyoteAdapter::normalize (466 bytes)
Event: 3916.372 Thread 0x0000016eb15a6db0 12687       3       org.springframework.core.env.AbstractPropertyResolver::getProperty (20 bytes)

GC Heap History (20 events):
Event: 92.536 GC heap before
{Heap before GC invocations=24 (full 0):
 garbage-first heap   total 96256K, used 82288K [0x0000000704c00000, 0x0000000800000000)
  region size 2048K, 21 young (43008K), 2 survivors (4096K)
 Metaspace       used 64856K, committed 65792K, reserved 1114112K
  class space    used 8389K, committed 8832K, reserved 1048576K
}
Event: 92.538 GC heap after
{Heap after GC invocations=25 (full 0):
 garbage-first heap   total 96256K, used 43573K [0x0000000704c00000, 0x0000000800000000)
  region size 2048K, 2 young (4096K), 2 survivors (4096K)
 Metaspace       used 64856K, committed 65792K, reserved 1114112K
  class space    used 8389K, committed 8832K, reserved 1048576K
}
Event: 102.544 GC heap before
{Heap before GC invocations=25 (full 0):
 garbage-first heap   total 96256K, used 82485K [0x0000000704c00000, 0x0000000800000000)
  region size 2048K, 21 young (43008K), 2 survivors (4096K)
 Metaspace       used 64880K, committed 65792K, reserved 1114112K
  class space    used 8389K, committed 8832K, reserved 1048576K
}
Event: 102.547 GC heap after
{Heap after GC invocations=26 (full 0):
 garbage-first heap   total 96256K, used 43445K [0x0000000704c00000, 0x0000000800000000)
  region size 2048K, 2 young (4096K), 2 survivors (4096K)
 Metaspace       used 64880K, committed 65792K, reserved 1114112K
  class space    used 8389K, committed 8832K, reserved 1048576K
}
Event: 112.555 GC heap before
{Heap before GC invocations=26 (full 0):
 garbage-first heap   total 96256K, used 84405K [0x0000000704c00000, 0x0000000800000000)
  region size 2048K, 22 young (45056K), 2 survivors (4096K)
 Metaspace       used 64956K, committed 65920K, reserved 1114112K
  class space    used 8389K, committed 8832K, reserved 1048576K
}
Event: 112.557 GC heap after
{Heap after GC invocations=27 (full 0):
 garbage-first heap   total 96256K, used 43439K [0x0000000704c00000, 0x0000000800000000)
  region size 2048K, 2 young (4096K), 2 survivors (4096K)
 Metaspace       used 64956K, committed 65920K, reserved 1114112K
  class space    used 8389K, committed 8832K, reserved 1048576K
}
Event: 127.532 GC heap before
{Heap before GC invocations=28 (full 0):
 garbage-first heap   total 96256K, used 84399K [0x0000000704c00000, 0x0000000800000000)
  region size 2048K, 22 young (45056K), 2 survivors (4096K)
 Metaspace       used 64978K, committed 65920K, reserved 1114112K
  class space    used 8389K, committed 8832K, reserved 1048576K
}
Event: 127.535 GC heap after
{Heap after GC invocations=29 (full 0):
 garbage-first heap   total 96256K, used 43274K [0x0000000704c00000, 0x0000000800000000)
  region size 2048K, 2 young (4096K), 2 survivors (4096K)
 Metaspace       used 64978K, committed 65920K, reserved 1114112K
  class space    used 8389K, committed 8832K, reserved 1048576K
}
Event: 137.553 GC heap before
{Heap before GC invocations=29 (full 0):
 garbage-first heap   total 96256K, used 84234K [0x0000000704c00000, 0x0000000800000000)
  region size 2048K, 22 young (45056K), 2 survivors (4096K)
 Metaspace       used 65006K, committed 65984K, reserved 1114112K
  class space    used 8389K, committed 8832K, reserved 1048576K
}
Event: 137.555 GC heap after
{Heap after GC invocations=30 (full 0):
 garbage-first heap   total 96256K, used 42982K [0x0000000704c00000, 0x0000000800000000)
  region size 2048K, 2 young (4096K), 2 survivors (4096K)
 Metaspace       used 65006K, committed 65984K, reserved 1114112K
  class space    used 8389K, committed 8832K, reserved 1048576K
}
Event: 147.577 GC heap before
{Heap before GC invocations=30 (full 0):
 garbage-first heap   total 96256K, used 83942K [0x0000000704c00000, 0x0000000800000000)
  region size 2048K, 22 young (45056K), 2 survivors (4096K)
 Metaspace       used 65059K, committed 66048K, reserved 1114112K
  class space    used 8389K, committed 8832K, reserved 1048576K
}
Event: 147.580 GC heap after
{Heap after GC invocations=31 (full 0):
 garbage-first heap   total 96256K, used 42693K [0x0000000704c00000, 0x0000000800000000)
  region size 2048K, 2 young (4096K), 2 survivors (4096K)
 Metaspace       used 65059K, committed 66048K, reserved 1114112K
  class space    used 8389K, committed 8832K, reserved 1048576K
}
Event: 162.532 GC heap before
{Heap before GC invocations=32 (full 0):
 garbage-first heap   total 96256K, used 83653K [0x0000000704c00000, 0x0000000800000000)
  region size 2048K, 22 young (45056K), 2 survivors (4096K)
 Metaspace       used 65093K, committed 66048K, reserved 1114112K
  class space    used 8389K, committed 8832K, reserved 1048576K
}
Event: 162.533 GC heap after
{Heap after GC invocations=33 (full 0):
 garbage-first heap   total 96256K, used 42787K [0x0000000704c00000, 0x0000000800000000)
  region size 2048K, 2 young (4096K), 2 survivors (4096K)
 Metaspace       used 65093K, committed 66048K, reserved 1114112K
  class space    used 8389K, committed 8832K, reserved 1048576K
}
Event: 172.555 GC heap before
{Heap before GC invocations=33 (full 0):
 garbage-first heap   total 96256K, used 83747K [0x0000000704c00000, 0x0000000800000000)
  region size 2048K, 22 young (45056K), 2 survivors (4096K)
 Metaspace       used 65153K, committed 66112K, reserved 1114112K
  class space    used 8389K, committed 8832K, reserved 1048576K
}
Event: 172.557 GC heap after
{Heap after GC invocations=34 (full 0):
 garbage-first heap   total 96256K, used 42534K [0x0000000704c00000, 0x0000000800000000)
  region size 2048K, 2 young (4096K), 2 survivors (4096K)
 Metaspace       used 65153K, committed 66112K, reserved 1114112K
  class space    used 8389K, committed 8832K, reserved 1048576K
}
Event: 207.694 GC heap before
{Heap before GC invocations=34 (full 0):
 garbage-first heap   total 96256K, used 83494K [0x0000000704c00000, 0x0000000800000000)
  region size 2048K, 22 young (45056K), 2 survivors (4096K)
 Metaspace       used 65193K, committed 66112K, reserved 1114112K
  class space    used 8389K, committed 8832K, reserved 1048576K
}
Event: 207.696 GC heap after
{Heap after GC invocations=35 (full 0):
 garbage-first heap   total 96256K, used 42596K [0x0000000704c00000, 0x0000000800000000)
  region size 2048K, 1 young (2048K), 1 survivors (2048K)
 Metaspace       used 65193K, committed 66112K, reserved 1114112K
  class space    used 8389K, committed 8832K, reserved 1048576K
}
Event: 1868.380 GC heap before
{Heap before GC invocations=36 (full 0):
 garbage-first heap   total 96256K, used 83556K [0x0000000704c00000, 0x0000000800000000)
  region size 2048K, 22 young (45056K), 1 survivors (2048K)
 Metaspace       used 66811K, committed 67776K, reserved 1114112K
  class space    used 8407K, committed 8832K, reserved 1048576K
}
Event: 1868.382 GC heap after
{Heap after GC invocations=37 (full 0):
 garbage-first heap   total 96256K, used 42976K [0x0000000704c00000, 0x0000000800000000)
  region size 2048K, 1 young (2048K), 1 survivors (2048K)
 Metaspace       used 66811K, committed 67776K, reserved 1114112K
  class space    used 8407K, committed 8832K, reserved 1048576K
}

Dll operation events (11 events):
Event: 0.012 Loaded shared library C:\Program Files\Java\jdk-21\bin\java.dll
Event: 0.041 Loaded shared library C:\Program Files\Java\jdk-21\bin\jsvml.dll
Event: 0.159 Loaded shared library C:\Program Files\Java\jdk-21\bin\jimage.dll
Event: 0.165 Loaded shared library C:\Program Files\Java\jdk-21\bin\net.dll
Event: 0.167 Loaded shared library C:\Program Files\Java\jdk-21\bin\nio.dll
Event: 0.170 Loaded shared library C:\Program Files\Java\jdk-21\bin\zip.dll
Event: 0.241 Loaded shared library C:\Program Files\Java\jdk-21\bin\management.dll
Event: 0.248 Loaded shared library C:\Program Files\Java\jdk-21\bin\management_ext.dll
Event: 0.431 Loaded shared library C:\Program Files\Java\jdk-21\bin\extnet.dll
Event: 1.530 Loaded shared library C:\Program Files\Java\jdk-21\bin\sunmscapi.dll
Event: 2.923 Loaded shared library C:\Program Files\Java\jdk-21\bin\verify.dll

Deoptimization events (20 events):
Event: 3689.055 Thread 0x0000016efa1db8f0 DEOPT PACKING pc=0x0000016e9aad7d9a sp=0x00000045e4cfee70
Event: 3689.055 Thread 0x0000016efa1db8f0 DEOPT UNPACKING pc=0x0000016ea1834e42 sp=0x00000045e4cfe370 mode 0
Event: 3725.412 Thread 0x0000016efa742c30 Uncommon trap: trap_request=0xffffffbe fr.pc=0x0000016ea1edf070 relative=0x0000000000000250
Event: 3725.412 Thread 0x0000016efa742c30 Uncommon trap: reason=profile_predicate action=maybe_recompile pc=0x0000016ea1edf070 method=java.util.HashMap.valuesToArray([Ljava/lang/Object;)[Ljava/lang/Object; @ 36 c2
Event: 3725.412 Thread 0x0000016efa742c30 DEOPT PACKING pc=0x0000016ea1edf070 sp=0x00000045e3eff000
Event: 3725.412 Thread 0x0000016efa742c30 DEOPT UNPACKING pc=0x0000016ea18346a2 sp=0x00000045e3efefa0 mode 2
Event: 3725.413 Thread 0x0000016efa742c30 Uncommon trap: trap_request=0xffffffbe fr.pc=0x0000016ea1edf070 relative=0x0000000000000250
Event: 3725.413 Thread 0x0000016efa742c30 Uncommon trap: reason=profile_predicate action=maybe_recompile pc=0x0000016ea1edf070 method=java.util.HashMap.valuesToArray([Ljava/lang/Object;)[Ljava/lang/Object; @ 36 c2
Event: 3725.413 Thread 0x0000016efa742c30 DEOPT PACKING pc=0x0000016ea1edf070 sp=0x00000045e3efef30
Event: 3725.413 Thread 0x0000016efa742c30 DEOPT UNPACKING pc=0x0000016ea18346a2 sp=0x00000045e3efeed0 mode 2
Event: 3725.413 Thread 0x0000016efa742c30 Uncommon trap: trap_request=0xffffffbe fr.pc=0x0000016ea1edf070 relative=0x0000000000000250
Event: 3725.413 Thread 0x0000016efa742c30 Uncommon trap: reason=profile_predicate action=maybe_recompile pc=0x0000016ea1edf070 method=java.util.HashMap.valuesToArray([Ljava/lang/Object;)[Ljava/lang/Object; @ 36 c2
Event: 3725.413 Thread 0x0000016efa742c30 DEOPT PACKING pc=0x0000016ea1edf070 sp=0x00000045e3efee60
Event: 3725.413 Thread 0x0000016efa742c30 DEOPT UNPACKING pc=0x0000016ea18346a2 sp=0x00000045e3efee00 mode 2
Event: 3735.413 Thread 0x0000016efa7432c0 Uncommon trap: trap_request=0xffffffbe fr.pc=0x0000016ea1edf070 relative=0x0000000000000250
Event: 3735.413 Thread 0x0000016efa7432c0 Uncommon trap: reason=profile_predicate action=maybe_recompile pc=0x0000016ea1edf070 method=java.util.HashMap.valuesToArray([Ljava/lang/Object;)[Ljava/lang/Object; @ 36 c2
Event: 3735.413 Thread 0x0000016efa7432c0 DEOPT PACKING pc=0x0000016ea1edf070 sp=0x00000045e3bff1e0
Event: 3735.413 Thread 0x0000016efa7432c0 DEOPT UNPACKING pc=0x0000016ea18346a2 sp=0x00000045e3bff180 mode 2
Event: 3915.844 Thread 0x0000016efc90ebe0 DEOPT PACKING pc=0x0000016e9a642aa4 sp=0x00000045e6bfeac0
Event: 3915.844 Thread 0x0000016efc90ebe0 DEOPT UNPACKING pc=0x0000016ea1834e42 sp=0x00000045e6bfdf78 mode 0

Classes loaded (20 events):
Event: 19.204 Loading class java/net/ProxySelector
Event: 19.204 Loading class java/net/ProxySelector done
Event: 19.204 Loading class sun/net/spi/DefaultProxySelector
Event: 19.204 Loading class sun/net/spi/DefaultProxySelector done
Event: 19.204 Loading class java/net/Proxy$Type
Event: 19.204 Loading class java/net/Proxy$Type done
Event: 19.204 Loading class sun/net/spi/DefaultProxySelector$1
Event: 19.204 Loading class sun/net/spi/DefaultProxySelector$1 done
Event: 19.204 Loading class sun/net/spi/DefaultProxySelector$NonProxyInfo
Event: 19.204 Loading class sun/net/spi/DefaultProxySelector$NonProxyInfo done
Event: 19.204 Loading class sun/net/spi/DefaultProxySelector$3
Event: 19.204 Loading class sun/net/spi/DefaultProxySelector$3 done
Event: 48.508 Loading class java/util/concurrent/locks/ReentrantReadWriteLock$Sync$HoldCounter
Event: 48.508 Loading class java/util/concurrent/locks/ReentrantReadWriteLock$Sync$HoldCounter done
Event: 247.190 Loading class sun/net/ConnectionResetException
Event: 247.190 Loading class sun/net/ConnectionResetException done
Event: 247.233 Loading class java/rmi/server/UnicastRemoteObject
Event: 247.233 Loading class java/rmi/server/UnicastRemoteObject done
Event: 2584.492 Loading class jdk/internal/loader/BootLoader$PackageHelper
Event: 2584.492 Loading class jdk/internal/loader/BootLoader$PackageHelper done

Classes unloaded (0 events):
No events

Classes redefined (4 events):
Event: 0.150 Thread 0x0000016eae995240 redefined class name=java.io.FileOutputStream, count=1
Event: 0.151 Thread 0x0000016eae995240 redefined class name=java.io.File, count=1
Event: 0.153 Thread 0x0000016eae995240 redefined class name=java.lang.ClassLoader, count=1
Event: 0.154 Thread 0x0000016eae995240 redefined class name=java.net.URLStreamHandler, count=1

Internal exceptions (20 events):
Event: 182.566 Thread 0x0000016efc90f270 Exception <a 'java/lang/ClassNotFoundException'{0x000000070829a9d8}: org/springframework/context/support/LiveBeansView> (0x000000070829a9d8) 
thrown [s\open\src\hotspot\share\classfile\systemDictionary.cpp, line 312]
Event: 182.566 Thread 0x0000016efc90f270 Exception <a 'java/lang/ClassNotFoundException'{0x000000070829ae58}: org/springframework/boot/actuate/endpoint/jmx/EndpointMBean> (0x000000070829ae58) 
thrown [s\open\src\hotspot\share\classfile\systemDictionary.cpp, line 312]
Event: 182.566 Thread 0x0000016efc90f270 Exception <a 'java/lang/ClassNotFoundException'{0x000000070829b230}: org/springframework/boot/actuate/endpoint/jmx/DataEndpointMBean> (0x000000070829b230) 
thrown [s\open\src\hotspot\share\classfile\systemDictionary.cpp, line 312]
Event: 182.566 Thread 0x0000016efc90f270 Exception <a 'java/lang/ClassNotFoundException'{0x000000070829b600}: org/springframework/context/support/LiveBeansView> (0x000000070829b600) 
thrown [s\open\src\hotspot\share\classfile\systemDictionary.cpp, line 312]
Event: 182.566 Thread 0x0000016efc90f270 Exception <a 'java/lang/ClassNotFoundException'{0x000000070829f678}: org/springframework/boot/actuate/endpoint/jmx/EndpointMBean> (0x000000070829f678) 
thrown [s\open\src\hotspot\share\classfile\systemDictionary.cpp, line 312]
Event: 182.566 Thread 0x0000016efc90f270 Exception <a 'java/lang/ClassNotFoundException'{0x000000070829fa38}: org/springframework/boot/actuate/endpoint/jmx/DataEndpointMBean> (0x000000070829fa38) 
thrown [s\open\src\hotspot\share\classfile\systemDictionary.cpp, line 312]
Event: 182.566 Thread 0x0000016efc90f270 Exception <a 'java/lang/ClassNotFoundException'{0x000000070829fdf0}: org/springframework/context/support/LiveBeansView> (0x000000070829fdf0) 
thrown [s\open\src\hotspot\share\classfile\systemDictionary.cpp, line 312]
Event: 182.566 Thread 0x0000016efc90f270 Exception <a 'java/lang/ClassNotFoundException'{0x00000007082a01b0}: org/springframework/boot/actuate/endpoint/jmx/EndpointMBean> (0x00000007082a01b0) 
thrown [s\open\src\hotspot\share\classfile\systemDictionary.cpp, line 312]
Event: 182.566 Thread 0x0000016efc90f270 Exception <a 'java/lang/ClassNotFoundException'{0x00000007082a0570}: org/springframework/boot/actuate/endpoint/jmx/DataEndpointMBean> (0x00000007082a0570) 
thrown [s\open\src\hotspot\share\classfile\systemDictionary.cpp, line 312]
Event: 182.566 Thread 0x0000016efc90f270 Exception <a 'java/lang/ClassNotFoundException'{0x00000007082a0928}: org/springframework/context/support/LiveBeansView> (0x00000007082a0928) 
thrown [s\open\src\hotspot\share\classfile\systemDictionary.cpp, line 312]
Event: 247.190 Thread 0x0000016efc910620 Exception <a 'sun/net/ConnectionResetException'{0x000000070cc44a18}: Connection reset> (0x000000070cc44a18) 
thrown [s\open\src\hotspot\share\prims\jni.cpp, line 539]
Event: 247.190 Thread 0x0000016efc520990 Exception <a 'sun/net/ConnectionResetException'{0x0000000714739da0}: Connection reset> (0x0000000714739da0) 
thrown [s\open\src\hotspot\share\prims\jni.cpp, line 539]
Event: 925.550 Thread 0x0000016efc51e8c0 Exception <a 'sun/net/ConnectionResetException'{0x0000000709684f98}: Connection reset> (0x0000000709684f98) 
thrown [s\open\src\hotspot\share\prims\jni.cpp, line 539]
Event: 925.550 Thread 0x0000016efc51e230 Exception <a 'sun/net/ConnectionResetException'{0x00000007096158d0}: Connection reset> (0x00000007096158d0) 
thrown [s\open\src\hotspot\share\prims\jni.cpp, line 539]
Event: 1641.359 Thread 0x0000016efc51e230 Exception <a 'sun/net/ConnectionResetException'{0x000000070879f3f0}: Connection reset> (0x000000070879f3f0) 
thrown [s\open\src\hotspot\share\prims\jni.cpp, line 539]
Event: 1641.359 Thread 0x0000016efc911340 Exception <a 'sun/net/ConnectionResetException'{0x00000007087b31f0}: Connection reset> (0x00000007087b31f0) 
thrown [s\open\src\hotspot\share\prims\jni.cpp, line 539]
Event: 1670.524 Thread 0x0000016efa1dd330 Implicit null exception at 0x0000016ea20f3660 to 0x0000016ea20f36e9
Event: 2584.486 Thread 0x0000016efc910620 Exception <a 'java/io/IOException'{0x0000000709a54148}> (0x0000000709a54148) 
thrown [s\open\src\hotspot\share\prims\jni.cpp, line 520]
Event: 2593.338 Thread 0x0000016efc910620 Exception <a 'sun/net/ConnectionResetException'{0x0000000709a54540}: Connection reset> (0x0000000709a54540) 
thrown [s\open\src\hotspot\share\prims\jni.cpp, line 539]
Event: 2593.338 Thread 0x0000016efc5216b0 Exception <a 'sun/net/ConnectionResetException'{0x0000000709da09b8}: Connection reset> (0x0000000709da09b8) 
thrown [s\open\src\hotspot\share\prims\jni.cpp, line 539]

ZGC Phase Switch (0 events):
No events

VM Operations (20 events):
Event: 3826.725 Executing VM operation: Cleanup
Event: 3826.725 Executing VM operation: Cleanup done
Event: 3845.881 Executing VM operation: Cleanup
Event: 3845.881 Executing VM operation: Cleanup done
Event: 3846.891 Executing VM operation: Cleanup
Event: 3846.891 Executing VM operation: Cleanup done
Event: 3848.506 Executing VM operation: HandshakeAllThreads (HandshakeForDeflation)
Event: 3848.506 Executing VM operation: HandshakeAllThreads (HandshakeForDeflation) done
Event: 3848.506 Executing VM operation: RendezvousGCThreads
Event: 3848.506 Executing VM operation: RendezvousGCThreads done
Event: 3875.726 Executing VM operation: Cleanup
Event: 3875.726 Executing VM operation: Cleanup done
Event: 3886.813 Executing VM operation: Cleanup
Event: 3886.813 Executing VM operation: Cleanup done
Event: 3906.980 Executing VM operation: Cleanup
Event: 3906.980 Executing VM operation: Cleanup done
Event: 3908.637 Executing VM operation: HandshakeAllThreads (HandshakeForDeflation)
Event: 3908.637 Executing VM operation: HandshakeAllThreads (HandshakeForDeflation) done
Event: 3908.637 Executing VM operation: RendezvousGCThreads
Event: 3908.637 Executing VM operation: RendezvousGCThreads done

Events (20 events):
Event: 207.712 Thread 0x0000016eae995240 flushing nmethod 0x0000016e9ad1a190
Event: 207.712 Thread 0x0000016eae995240 flushing nmethod 0x0000016e9ad96a10
Event: 207.712 Thread 0x0000016eae995240 flushing nmethod 0x0000016e9ad97610
Event: 207.712 Thread 0x0000016eae995240 flushing nmethod 0x0000016e9ad97b90
Event: 207.712 Thread 0x0000016eae995240 flushing nmethod 0x0000016e9ad9bf90
Event: 207.712 Thread 0x0000016eae995240 flushing nmethod 0x0000016e9ad9c410
Event: 207.712 Thread 0x0000016eae995240 flushing nmethod 0x0000016e9ad9d910
Event: 207.712 Thread 0x0000016eae995240 flushing nmethod 0x0000016e9ae3d290
Event: 207.712 Thread 0x0000016eae995240 flushing nmethod 0x0000016e9ae43790
Event: 207.712 Thread 0x0000016eae995240 flushing nmethod 0x0000016e9ae45290
Event: 207.712 Thread 0x0000016eae995240 flushing nmethod 0x0000016e9ae4b610
Event: 207.712 Thread 0x0000016eae995240 flushing nmethod 0x0000016e9b04f310
Event: 207.712 Thread 0x0000016eae995240 flushing nmethod 0x0000016e9b04f690
Event: 207.712 Thread 0x0000016eae995240 flushing nmethod 0x0000016e9b050f10
Event: 207.712 Thread 0x0000016eae995240 flushing nmethod 0x0000016e9b051e90
Event: 207.712 Thread 0x0000016eae995240 flushing nmethod 0x0000016e9b060990
Event: 247.236 Thread 0x0000016ef77cf510 Thread exited: 0x0000016ef77cf510
Event: 345.620 Thread 0x0000016efc90f270 Thread exited: 0x0000016efc90f270
Event: 2584.494 Thread 0x0000016ef84bcc00 Thread added: 0x0000016ef84bcc00
Event: 2585.509 Thread 0x0000016ef84bcc00 Thread exited: 0x0000016ef84bcc00


Dynamic libraries:
0x00007ff656680000 - 0x00007ff656690000 	C:\Program Files\Java\jdk-21\bin\java.exe
0x00007ffe69000000 - 0x00007ffe69267000 	C:\WINDOWS\SYSTEM32\ntdll.dll
0x00007ffe68d20000 - 0x00007ffe68de9000 	C:\WINDOWS\System32\KERNEL32.DLL
0x00007ffe68920000 - 0x00007ffe68d14000 	C:\WINDOWS\System32\KERNELBASE.dll
0x0000000074610000 - 0x000000007464e000 	C:\WINDOWS\System32\cyinjct.dll
0x00007ffe68790000 - 0x00007ffe687b4000 	C:\WINDOWS\System32\cyvera.dll
0x00007ffe1a180000 - 0x00007ffe1a199000 	C:\Program Files\Java\jdk-21\bin\jli.dll
0x00007ffe66800000 - 0x00007ffe668b6000 	C:\WINDOWS\System32\ADVAPI32.dll
0x00007ffe668c0000 - 0x00007ffe66969000 	C:\WINDOWS\System32\msvcrt.dll
0x00007ffe66df0000 - 0x00007ffe66e97000 	C:\WINDOWS\System32\sechost.dll
0x00007ffe68800000 - 0x00007ffe68918000 	C:\WINDOWS\System32\RPCRT4.dll
0x0000016e8f830000 - 0x0000016e8f9f5000 	C:\WINDOWS\System32\USER32.dll
0x00007ffe66120000 - 0x00007ffe66147000 	C:\WINDOWS\System32\win32u.dll
0x00007ffe67e70000 - 0x00007ffe67e9b000 	C:\WINDOWS\System32\GDI32.dll
0x00007ffe664e0000 - 0x00007ffe6660b000 	C:\WINDOWS\System32\gdi32full.dll
0x00007ffe66610000 - 0x00007ffe666b3000 	C:\WINDOWS\System32\msvcp_win.dll
0x0000016e8fa00000 - 0x0000016e8fb4b000 	C:\WINDOWS\System32\ucrtbase.dll
0x00007ffe1a160000 - 0x00007ffe1a17b000 	C:\Program Files\Java\jdk-21\bin\VCRUNTIME140.dll
0x00007ffe41a20000 - 0x00007ffe41cb3000 	C:\WINDOWS\WinSxS\amd64_microsoft.windows.common-controls_6595b64144ccf1df_6.0.26100.8115_none_3e075c82e3354f9c\COMCTL32.dll
0x00007ffe533d0000 - 0x00007ffe533db000 	C:\WINDOWS\SYSTEM32\VERSION.dll
0x00007ffe686c0000 - 0x00007ffe68786000 	C:\WINDOWS\System32\cyvrtrap.dll
0x00007ffe67610000 - 0x00007ffe67642000 	C:\WINDOWS\System32\IMM32.DLL
0x00007ffe19e20000 - 0x00007ffe19e2c000 	C:\Program Files\Java\jdk-21\bin\vcruntime140_1.dll
0x00007ffe19bd0000 - 0x00007ffe19c5e000 	C:\Program Files\Java\jdk-21\bin\msvcp140.dll
0x00007ffe18e50000 - 0x00007ffe19b6d000 	C:\Program Files\Java\jdk-21\bin\server\jvm.dll
0x00007ffe684d0000 - 0x00007ffe68550000 	C:\WINDOWS\System32\WS2_32.dll
0x00007ffe655a0000 - 0x00007ffe655fe000 	C:\WINDOWS\SYSTEM32\POWRPROF.dll
0x00007ffe5d7c0000 - 0x00007ffe5d7f6000 	C:\WINDOWS\SYSTEM32\WINMM.dll
0x00007ffe65580000 - 0x00007ffe65594000 	C:\WINDOWS\SYSTEM32\UMPDC.dll
0x00007ffe64490000 - 0x00007ffe644ab000 	C:\WINDOWS\SYSTEM32\kernel.appcore.dll
0x00007ffe19d50000 - 0x00007ffe19d5a000 	C:\Program Files\Java\jdk-21\bin\jimage.dll
0x00007ffe634f0000 - 0x00007ffe63732000 	C:\WINDOWS\SYSTEM32\DBGHELP.DLL
0x00007ffe680a0000 - 0x00007ffe68422000 	C:\WINDOWS\System32\combase.dll
0x00007ffe67650000 - 0x00007ffe67728000 	C:\WINDOWS\System32\OLEAUT32.dll
0x00007ffe3fe20000 - 0x00007ffe3fe5b000 	C:\WINDOWS\SYSTEM32\dbgcore.DLL
0x00007ffe66750000 - 0x00007ffe667f5000 	C:\WINDOWS\System32\bcryptPrimitives.dll
0x00007ffe68670000 - 0x00007ffe686bb000 	C:\Program Files\Palo Alto Networks\Traps\cyjagent.dll
0x00007ffe19bb0000 - 0x00007ffe19bcf000 	C:\Program Files\Java\jdk-21\bin\java.dll
0x00007ffe66ea0000 - 0x00007ffe67607000 	C:\WINDOWS\System32\SHELL32.dll
0x00007ffe65740000 - 0x00007ffe658aa000 	C:\WINDOWS\System32\wintypes.dll
0x00007ffe658b0000 - 0x00007ffe66118000 	C:\WINDOWS\System32\windows.storage.dll
0x00007ffe68570000 - 0x00007ffe68668000 	C:\WINDOWS\System32\SHCORE.dll
0x00007ffe67e00000 - 0x00007ffe67e66000 	C:\WINDOWS\System32\shlwapi.dll
0x00007ffe65660000 - 0x00007ffe65689000 	C:\WINDOWS\SYSTEM32\profapi.dll
0x00007ffe18b80000 - 0x00007ffe18c57000 	C:\Program Files\Java\jdk-21\bin\jsvml.dll
0x00007ffe19d40000 - 0x00007ffe19d50000 	C:\Program Files\Java\jdk-21\bin\net.dll
0x00007ffe576a0000 - 0x00007ffe577cd000 	C:\WINDOWS\SYSTEM32\WINHTTP.dll
0x00007ffe649e0000 - 0x00007ffe64a4c000 	C:\WINDOWS\system32\mswsock.dll
0x00007ffe183c0000 - 0x00007ffe183d6000 	C:\Program Files\Java\jdk-21\bin\nio.dll
0x00007ffe183a0000 - 0x00007ffe183b8000 	C:\Program Files\Java\jdk-21\bin\zip.dll
0x00007ffe06b90000 - 0x00007ffe06b9a000 	C:\Program Files\Java\jdk-21\bin\management.dll
0x00007ffe06b80000 - 0x00007ffe06b8b000 	C:\Program Files\Java\jdk-21\bin\management_ext.dll
0x00007ffe68090000 - 0x00007ffe68098000 	C:\WINDOWS\System32\PSAPI.DLL
0x00007ffe31480000 - 0x00007ffe31498000 	C:\WINDOWS\system32\napinsp.dll
0x00007ffe63d40000 - 0x00007ffe63e72000 	C:\WINDOWS\SYSTEM32\DNSAPI.dll
0x00007ffe63ca0000 - 0x00007ffe63cd2000 	C:\WINDOWS\SYSTEM32\IPHLPAPI.DLL
0x00007ffe68430000 - 0x00007ffe6843a000 	C:\WINDOWS\System32\NSI.dll
0x00007ffe30c50000 - 0x00007ffe30c63000 	C:\WINDOWS\System32\winrnr.dll
0x00007ffe30c20000 - 0x00007ffe30c42000 	C:\WINDOWS\system32\nlansp_c.dll
0x00007ffe51ec0000 - 0x00007ffe51ed6000 	C:\WINDOWS\system32\wshbth.dll
0x00007ffe55830000 - 0x00007ffe5583b000 	C:\Windows\System32\rasadhlp.dll
0x00007ffe5cdd0000 - 0x00007ffe5ce56000 	C:\WINDOWS\System32\fwpuclnt.dll
0x00007ffe64de0000 - 0x00007ffe64dfb000 	C:\WINDOWS\SYSTEM32\CRYPTSP.dll
0x00007ffe643f0000 - 0x00007ffe64429000 	C:\WINDOWS\system32\rsaenh.dll
0x00007ffe64a90000 - 0x00007ffe64ac3000 	C:\WINDOWS\SYSTEM32\USERENV.dll
0x00007ffe65630000 - 0x00007ffe6565a000 	C:\WINDOWS\SYSTEM32\bcrypt.dll
0x00007ffe64c40000 - 0x00007ffe64c4c000 	C:\WINDOWS\SYSTEM32\CRYPTBASE.dll
0x00007ffe49470000 - 0x00007ffe49479000 	C:\Program Files\Java\jdk-21\bin\extnet.dll
0x00007ffe13930000 - 0x00007ffe1393e000 	C:\Program Files\Java\jdk-21\bin\sunmscapi.dll
0x00007ffe66210000 - 0x00007ffe66387000 	C:\WINDOWS\System32\CRYPT32.dll
0x00007ffe64f40000 - 0x00007ffe64f70000 	C:\WINDOWS\SYSTEM32\ncrypt.dll
0x00007ffe64ef0000 - 0x00007ffe64f2f000 	C:\WINDOWS\SYSTEM32\NTASN1.dll
0x00007ffe17ba0000 - 0x00007ffe17bb0000 	C:\Program Files\Java\jdk-21\bin\verify.dll
0x00007ffe10e00000 - 0x00007ffe10e08000 	C:\WINDOWS\system32\wshunix.dll

dbghelp: loaded successfully - version: 4.0.5 - missing functions: none
symbol engine: initialized successfully - sym options: 0x614 - pdb path: .;C:\Program Files\Java\jdk-21\bin;C:\WINDOWS\SYSTEM32;C:\WINDOWS\WinSxS\amd64_microsoft.windows.common-controls_6595b64144ccf1df_6.0.26100.8115_none_3e075c82e3354f9c;C:\Program Files\Java\jdk-21\bin\server;C:\Program Files\Palo Alto Networks\Traps

VM Arguments:
jvm_args: -Dcom.sun.management.jmxremote -Dcom.sun.management.jmxremote.port=2413 -Dcom.sun.management.jmxremote.authenticate=false -Dcom.sun.management.jmxremote.ssl=false -Dspring.jmx.enabled=true -Djava.rmi.server.hostname=localhost -Dspring.application.admin.enabled=true -Dspring.boot.project.name=eureka -XX:+ShowCodeDetailsInExceptionMessages -Dmanagement.endpoints.jmx.exposure.include=* -agentpath:C:\Program Files\Palo Alto Networks\Traps\cyjagent.dll 
java_command: com.pharmanet.eureka_server.EurekaApplication
java_class_path (initial): C:\Users\VI-Alumno\Inventario-Pharmanet\eureka_server\target\classes;C:\Users\VI-Alumno\.m2\repository\org\springframework\boot\spring-boot-starter-web\3.5.15\spring-boot-starter-web-3.5.15.jar;C:\Users\VI-Alumno\.m2\repository\org\springframework\boot\spring-boot-starter\3.5.15\spring-boot-starter-3.5.15.jar;C:\Users\VI-Alumno\.m2\repository\org\springframework\boot\spring-boot\3.5.15\spring-boot-3.5.15.jar;C:\Users\VI-Alumno\.m2\repository\org\springframework\boot\spring-boot-autoconfigure\3.5.15\spring-boot-autoconfigure-3.5.15.jar;C:\Users\VI-Alumno\.m2\repository\org\springframework\boot\spring-boot-starter-logging\3.5.15\spring-boot-starter-logging-3.5.15.jar;C:\Users\VI-Alumno\.m2\repository\ch\qos\logback\logback-classic\1.5.34\logback-classic-1.5.34.jar;C:\Users\VI-Alumno\.m2\repository\ch\qos\logback\logback-core\1.5.34\logback-core-1.5.34.jar;C:\Users\VI-Alumno\.m2\repository\org\apache\logging\log4j\log4j-to-slf4j\2.24.3\log4j-to-slf4j-2.24.3.jar;C:\Users\VI-Alumno\.m2\repository\org\apache\logging\log4j\log4j-api\2.24.3\log4j-api-2.24.3.jar;C:\Users\VI-Alumno\.m2\repository\org\slf4j\jul-to-slf4j\2.0.18\jul-to-slf4j-2.0.18.jar;C:\Users\VI-Alumno\.m2\repository\jakarta\annotation\jakarta.annotation-api\2.1.1\jakarta.annotation-api-2.1.1.jar;C:\Users\VI-Alumno\.m2\repository\org\yaml\snakeyaml\2.4\snakeyaml-2.4.jar;C:\Users\VI-Alumno\.m2\repository\org\springframework\boot\spring-boot-starter-json\3.5.15\spring-boot-starter-json-3.5.15.jar;C:\Users\VI-Alumno\.m2\repository\com\fasterxml\jackson\core\jackson-databind\2.21.4\jackson-databind-2.21.4.jar;C:\Users\VI-Alumno\.m2\repository\com\fasterxml\jackson\core\jackson-annotations\2.21\jackson-annotations-2.21.jar;C:\Users\VI-Alumno\.m2\repository\com\fasterxml\jackson\core\jackson-core\2.21.4\jackson-core-2.21.4.jar;C:\Users\VI-Alumno\.m2\repository\com\fasterxml\jackson\datatype\jackson-datatype-jdk8\2.21.4\jackson-datatype-jdk8-2.21.4.jar;C:\Users\VI-Alumno\.m2\repository\com\fasterxml\jackson\datatype\jackson-datatype-jsr310\2.21.4\jackson-datatype-jsr310-2.21.4.jar;C:\Users\VI-Alumno\.m2\repository\com\fasterxml\jackson\module\jackson-module-parameter-names\2.21.4\jackson-module-parameter-names-2.21.4.jar;C:\Users\VI-Alumno\.m2\repository\org\springframework\boot\spring-boot-starter-tomcat\3.5.15\spring-boot-starter-tomcat-3.5.15.jar;C:\Users\VI-Alumno\.m2\repository\org\apache\tomcat\embed\tomcat-embed-core\10.1.55\tomcat-embed-core-10.1.55.jar;C:\Users\VI-Alumno\.m2\repository\org\apache\tomcat\embed\tomcat-embed-el\10.1.55\tomcat-embed-el-10.1.55.jar;C:\Users\VI-Alumno\.m2\repository\org\apache\tomcat\embed\tomcat-embed-websocket\10.1.55\tomcat-embed-websocket-10.1.55.jar;C:\Users\VI-Alumno\.m2\repository\org\springframework\spring-web\6.2.19\spring-web-6.2.19.jar;C:\Users\VI-Alumno\.m2\repository\org\springframework\spring-beans\6.2.19\spring-beans-6.2.19.jar;C:\Users\VI-Alumno\.m2\repository\io\micrometer\micrometer-observation\1.15.12\micrometer-observation-1.15.12.jar;C:\Users\VI-Alumno\.m2\repository\io\micrometer\micrometer-commons\1.15.12\micrometer-commons-1.15.12.jar;C:\Users\VI-Alumno\.m2\repository\org\springframework\spring-webmvc\6.2.19\spring-webmvc-6.2.19.jar;C:\Users\VI-Alumno\.m2\repository\org\springframework\spring-aop\6.2.19\spring-aop-6.2.19.jar;C:\Users\VI-Alumno\.m2\repository\org\springframework\spring-context\6.2.19\spring-context-6.2.19.jar;C:\Users\VI-Alumno\.m2\repository\org\springframework\spring-expression\6.2.19\spring-expression-6.2.19.jar;C:\Users\VI-Alumno\.m2\repository\org\springframework\cloud\spring-cloud-starter-netflix-eureka-server\4.3.3\spring-cloud-starter-netflix-eureka-server-4.3.3.jar;C:\Users\VI-Alumno\.m2\repository\org\springframework\cloud\spring-cloud-starter\4.3.3\spring-cloud-starter-4.3.3.jar;C:\Users\VI-Alumno\.m2\repository\org\springframework\cloud\spring-cloud-context\4.3.3\spring-cloud-context-4.3.3.jar;C:\Users\VI-Alumno\.m2\repository\org\springframework\security\spring-security-crypto\6.5.11\spring-security-crypto-6.5.11.jar;C:\Users\VI-Alumno\.m2\repository\org\springframework\cloud\spring-cloud-commons\4.3.3\spring-cloud-commons-4.3.3.jar;C:\Users\VI-Alumno\.m2\repository\org\bouncycastle\bcprov-jdk18on\1.80.2\bcprov-jdk18on-1.80.2.jar;C:\Users\VI-Alumno\.m2\repository\org\springframework\cloud\spring-cloud-netflix-eureka-server\4.3.3\spring-cloud-netflix-eureka-server-4.3.3.jar;C:\Users\VI-Alumno\.m2\repository\org\springframework\boot\spring-boot-starter-actuator\3.5.15\spring-boot-starter-actuator-3.5.15.jar;C:\Users\VI-Alumno\.m2\repository\org\springframework\boot\spring-boot-actuator-autoconfigure\3.5.15\spring-boot-actuator-autoconfigure-3.5.15.jar;C:\Users\VI-Alumno\.m2\repository\org\springframework\boot\spring-boot-actuator\3.5.15\spring-boot-actuator-3.5.15.jar;C:\Users\VI-Alumno\.m2\repository\io\micrometer\micrometer-jakarta9\1.15.12\micrometer-jakarta9-1.15.12.jar;C:\Users\VI-Alumno\.m2\repository\io\micrometer\micrometer-core\1.15.12\micrometer-core-1.15.12.jar;C:\Users\VI-Alumno\.m2\repository\org\hdrhistogram\HdrHistogram\2.2.2\HdrHistogram-2.2.2.jar;C:\Users\VI-Alumno\.m2\repository\org\latencyutils\LatencyUtils\2.0.3\LatencyUtils-2.0.3.jar;C:\Users\VI-Alumno\.m2\repository\org\springframework\boot\spring-boot-starter-freemarker\3.5.15\spring-boot-starter-freemarker-3.5.15.jar;C:\Users\VI-Alumno\.m2\repository\org\freemarker\freemarker\2.3.34\freemarker-2.3.34.jar;C:\Users\VI-Alumno\.m2\repository\org\springframework\spring-context-support\6.2.19\spring-context-support-6.2.19.jar;C:\Users\VI-Alumno\.m2\repository\org\springframework\cloud\spring-cloud-netflix-eureka-client\4.3.3\spring-cloud-netflix-eureka-client-4.3.3.jar;C:\Users\VI-Alumno\.m2\repository\com\netflix\eureka\eureka-client\2.0.6\eureka-client-2.0.6.jar;C:\Users\VI-Alumno\.m2\repository\com\thoughtworks\xstream\xstream\1.4.21\xstream-1.4.21.jar;C:\Users\VI-Alumno\.m2\repository\io\github\x-stream\mxparser\1.2.2\mxparser-1.2.2.jar;C:\Users\VI-Alumno\.m2\repository\xmlpull\xmlpull\1.1.3.1\xmlpull-1.1.3.1.jar;C:\Users\VI-Alumno\.m2\repository\com\netflix\spectator\spectator-api\1.7.3\spectator-api-1.7.3.jar;C:\Users\VI-Alumno\.m2\repository\org\apache\httpcomponents\httpclient\4.5.3\httpclient-4.5.3.jar;C:\Users\VI-Alumno\.m2\repository\org\apache\httpcomponents\httpcore\4.4.16\httpcore-4.4.16.jar;C:\Users\VI-Alumno\.m2\repository\com\netflix\netflix-commons\netflix-eventbus\0.3.0\netflix-eventbus-0.3.0.jar;C:\Users\VI-Alumno\.m2\repository\com\netflix\netflix-commons\netflix-infix\0.3.0\netflix-infix-0.3.0.jar;C:\Users\VI-Alumno\.m2\repository\commons-jxpath\commons-jxpath\1.3\commons-jxpath-1.3.jar;C:\Users\VI-Alumno\.m2\repository\joda-time\joda-time\2.3\joda-time-2.3.jar;C:\Users\VI-Alumno\.m2\repository\org\antlr\antlr-runtime\3.4\antlr-runtime-3.4.jar;C:\Users\VI-Alumno\.m2\repository\org\antlr\stringtemplate\3.2.1\stringtemplate-3.2.1.jar;C:\Users\VI-Alumno\.m2\repository\antlr\antlr\2.7.7\antlr-2.7.7.jar;C:\Users\VI-Alumno\.m2\repository\com\google\code\gson\gson\2.13.2\gson-2.13.2.jar;C:\Users\VI-Alumno\.m2\repository\com\netflix\servo\servo-core\0.5.3\servo-core-0.5.3.jar;C:\Users\VI-Alumno\.m2\repository\org\apache\commons\commons-math\2.2\commons-math-2.2.jar;C:\Users\VI-Alumno\.m2\repository\javax\annotation\javax.annotation-api\1.2\javax.annotation-api-1.2.jar;C:\Users\VI-Alumno\.m2\repository\org\codehaus\jettison\jettison\1.5.4\jettison-1.5.4.jar;C:\Users\VI-Alumno\.m2\repository\org\apache\httpcomponents\client5\httpclient5\5.5.2\httpclient5-5.5.2.jar;C:\Users\VI-Alumno\.m2\repository\org\apache\httpcomponents\core5\httpcore5\5.3.6\httpcore5-5.3.6.jar;C:\Users\VI-Alumno\.m2\repository\org\apache\httpcomponents\core5\httpcore5-h2\5.3.6\httpcore5-h2-5.3.6.jar;C:\Users\VI-Alumno\.m2\repository\com\netflix\eureka\eureka-client-jersey3\2.0.6\eureka-client-jersey3-2.0.6.jar;C:\Users\VI-Alumno\.m2\repository\org\glassfish\jersey\connectors\jersey-apache-connector\3.1.11\jersey-apache-connector-3.1.11.jar;C:\Users\VI-Alumno\.m2\repository\commons-codec\commons-codec\1.18.0\commons-codec-1.18.0.jar;C:\Users\VI-Alumno\.m2\repository\com\netflix\eureka\eureka-core-jersey3\2.0.6\eureka-core-jersey3-2.0.6.jar;C:\Users\VI-Alumno\.m2\repository\com\netflix\eureka\eureka-core\2.0.6\eureka-core-2.0.6.jar;C:\Users\VI-Alumno\.m2\repository\com\google\guava\guava\33.0.0-jre\guava-33.0.0-jre.jar;C:\Users\VI-Alumno\.m2\repository\com\google\guava\failureaccess\1.0.2\failureaccess-1.0.2.jar;C:\Users\VI-Alumno\.m2\repository\com\google\guava\listenablefuture\9999.0-empty-to-avoid-conflict-with-guava\listenablefuture-9999.0-empty-to-avoid-conflict-with-guava.jar;C:\Users\VI-Alumno\.m2\repository\org\checkerframework\checker-qual\3.41.0\checker-qual-3.41.0.jar;C:\Users\VI-Alumno\.m2\repository\com\google\errorprone\error_prone_annotations\2.23.0\error_prone_annotations-2.23.0.jar;C:\Users\VI-Alumno\.m2\repository\com\google\j2objc\j2objc-annotations\2.8\j2objc-annotations-2.8.jar;C:\Users\VI-Alumno\.m2\repository\org\glassfish\jersey\containers\jersey-container-servlet\3.1.11\jersey-container-servlet-3.1.11.jar;C:\Users\VI-Alumno\.m2\repository\org\glassfish\jersey\containers\jersey-container-servlet-core\3.1.11\jersey-container-servlet-core-3.1.11.jar;C:\Users\VI-Alumno\.m2\repository\org\glassfish\jersey\core\jersey-common\3.1.11\jersey-common-3.1.11.jar;C:\Users\VI-Alumno\.m2\repository\org\glassfish\hk2\osgi-resource-locator\1.0.3\osgi-resource-locator-1.0.3.jar;C:\Users\VI-Alumno\.m2\repository\jakarta\ws\rs\jakarta.ws.rs-api\3.1.0\jakarta.ws.rs-api-3.1.0.jar;C:\Users\VI-Alumno\.m2\repository\org\glassfish\jersey\core\jersey-server\3.1.11\jersey-server-3.1.11.jar;C:\Users\VI-Alumno\.m2\repository\jakarta\inject\jakarta.inject-api\2.0.1\jakarta.inject-api-2.0.1.jar;C:\Users\VI-Alumno\.m2\repository\jakarta\validation\jakarta.validation-api\3.0.2\jakarta.validation-api-3.0.2.jar;C:\Users\VI-Alumno\.m2\repository\org\glassfish\jersey\core\jersey-client\3.1.11\jersey-client-3.1.11.jar;C:\Users\VI-Alumno\.m2\repository\org\glassfish\jersey\inject\jersey-hk2\3.1.11\jersey-hk2-3.1.11.jar;C:\Users\VI-Alumno\.m2\repository\org\glassfish\hk2\hk2-locator\3.0.6\hk2-locator-3.0.6.jar;C:\Users\VI-Alumno\.m2\repository\org\glassfish\hk2\hk2-utils\3.0.6\hk2-utils-3.0.6.jar;C:\Users\VI-Alumno\.m2\repository\org\javassist\javassist\3.30.2-GA\javassist-3.30.2-GA.jar;C:\Users\VI-Alumno\.m2\repository\org\glassfish\hk2\spring-bridge\3.1.1\spring-bridge-3.1.1.jar;C:\Users\VI-Alumno\.m2\repository\org\glassfish\hk2\hk2-api\3.1.1\hk2-api-3.1.1.jar;C:\Users\VI-Alumno\.m2\repository\com\fasterxml\jackson\dataformat\jackson-dataformat-xml\2.21.4\jackson-dataformat-xml-2.21.4.jar;C:\Users\VI-Alumno\.m2\repository\org\codehaus\woodstox\stax2-api\4.2.2\stax2-api-4.2.2.jar;C:\Users\VI-Alumno\.m2\repository\com\fasterxml\woodstox\woodstox-core\7.1.1\woodstox-core-7.1.1.jar;C:\Users\VI-Alumno\.m2\repository\org\springframework\cloud\spring-cloud-starter-loadbalancer\4.3.3\spring-cloud-starter-loadbalancer-4.3.3.jar;C:\Users\VI-Alumno\.m2\repository\org\springframework\cloud\spring-cloud-loadbalancer\4.3.3\spring-cloud-loadbalancer-4.3.3.jar;C:\Users\VI-Alumno\.m2\repository\io\projectreactor\reactor-core\3.7.19\reactor-core-3.7.19.jar;C:\Users\VI-Alumno\.m2\repository\org\reactivestreams\reactive-streams\1.0.4\reactive-streams-1.0.4.jar;C:\Users\VI-Alumno\.m2\repository\io\projectreactor\addons\reactor-extra\3.5.5\reactor-extra-3.5.5.jar;C:\Users\VI-Alumno\.m2\repository\org\springframework\boot\spring-boot-starter-cache\3.5.15\spring-boot-starter-cache-3.5.15.jar;C:\Users\VI-Alumno\.m2\repository\com\stoyanr\evictor\1.0.0\evictor-1.0.0.jar;C:\Users\VI-Alumno\.m2\repository\org\glassfish\jaxb\jaxb-runtime\4.0.9\jaxb-runtime-4.0.9.jar;C:\Users\VI-Alumno\.m2\repository\org\glassfish\jaxb\jaxb-core\4.0.9\jaxb-core-4.0.9.jar;C:\Users\VI-Alumno\.m2\repository\org\eclipse\angus\angus-activation\2.0.3\angus-activation-2.0.3.jar;C:\Users\VI-Alumno\.m2\repository\org\glassfish\jaxb\txw2\4.0.9\txw2-4.0.9.jar;C:\Users\VI-Alumno\.m2\repository\com\sun\istack\istack-commons-runtime\4.1.2\istack-commons-runtime-4.1.2.jar;C:\Users\VI-Alumno\.m2\repository\org\slf4j\slf4j-api\2.0.18\slf4j-api-2.0.18.jar;C:\Users\VI-Alumno\.m2\repository\jakarta\xml\bind\jakarta.xml.bind-api\4.0.5\jakarta.xml.bind-api-4.0.5.jar;C:\Users\VI-Alumno\.m2\repository\jakarta\activation\jakarta.activation-api\2.1.4\jakarta.activation-api-2.1.4.jar;C:\Users\VI-Alumno\.m2\repository\org\springframework\spring-core\6.2.19\spring-core-6.2.19.jar;C:\Users\VI-Alumno\.m2\repository\org\springframework\spring-jcl\6.2.19\spring-jcl-6.2.19.jar
Launcher Type: SUN_STANDARD

[Global flags]
     intx CICompilerCount                          = 4                                         {product} {ergonomic}
     uint ConcGCThreads                            = 3                                         {product} {ergonomic}
     uint G1ConcRefinementThreads                  = 10                                        {product} {ergonomic}
   size_t G1HeapRegionSize                         = 2097152                                   {product} {ergonomic}
    uintx GCDrainStackTargetSize                   = 64                                        {product} {ergonomic}
   size_t InitialHeapSize                          = 264241152                                 {product} {ergonomic}
     bool ManagementServer                         = true                                      {product} {command line}
   size_t MarkStackSize                            = 4194304                                   {product} {ergonomic}
   size_t MaxHeapSize                              = 4215275520                                {product} {ergonomic}
   size_t MaxNewSize                               = 2529165312                                {product} {ergonomic}
   size_t MinHeapDeltaBytes                        = 2097152                                   {product} {ergonomic}
   size_t MinHeapSize                              = 8388608                                   {product} {ergonomic}
    uintx NonNMethodCodeHeapSize                   = 5839372                                {pd product} {ergonomic}
    uintx NonProfiledCodeHeapSize                  = 122909434                              {pd product} {ergonomic}
    uintx ProfiledCodeHeapSize                     = 122909434                              {pd product} {ergonomic}
    uintx ReservedCodeCacheSize                    = 251658240                              {pd product} {ergonomic}
     bool SegmentedCodeCache                       = true                                      {product} {ergonomic}
     bool ShowCodeDetailsInExceptionMessages       = true                                   {manageable} {command line}
   size_t SoftMaxHeapSize                          = 4215275520                             {manageable} {ergonomic}
     bool UseCompressedOops                        = true                           {product lp64_product} {ergonomic}
     bool UseG1GC                                  = true                                      {product} {ergonomic}
     bool UseLargePagesIndividualAllocation        = false                                  {pd product} {ergonomic}

Logging:
Log output configuration:
 #0: stdout all=warning uptime,level,tags foldmultilines=false
 #1: stderr all=off uptime,level,tags foldmultilines=false

Environment Variables:
PATH=C:\Program Files\Microsoft VS Code;C:\app\Duoc\product\21c\dbhomeXE\bin;C:\Program Files (x86)\VMware\VMware Player\bin\;C:\Program Files\Common Files\Oracle\Java\javapath;C:\Program Files\Python312\Scripts\;C:\Program Files\Python312\;C:\WINDOWS\system32;C:\WINDOWS;C:\WINDOWS\System32\Wbem;C:\WINDOWS\System32\WindowsPowerShell\v1.0\;C:\WINDOWS\System32\OpenSSH\;C:\Users\VI-Alumno\AppData\Roaming\Python\Python312\Scripts;C:\Program Files\Microsoft VS Code\bin;C:\Program Files\dotnet\;C:\Program Files\Git\cmd;C:\Program Files\nodejs\;C:\Program Files\PuTTY\;C:\app\Duoc\product\21c\dbhomeXE\bin;C:\Program Files\Microsoft SQL Server\Client SDK\ODBC\170\Tools\Binn\;C:\Program Files (x86)\Microsoft SQL Server\150\Tools\Binn\;C:\Program Files\Microsoft SQL Server\150\Tools\Binn\;C:\Program Files\Microsoft SQL Server\150\DTS\Binn\;C:\Program Files (x86)\Microsoft SQL Server\150\DTS\Binn\;C:\Program Files\Azure Data Studio\bin;C:\Program Files\Microsoft SQL Server\130\Tools\Binn\;C:\Program Files (x86)\Microsoft SQL Server\110\DTS\Binn\;C:\Program Files (x86)\Microsoft SQL Server\120\DTS\Binn\;C:\Program Files (x86)\Microsoft SQL Server\130\DTS\Binn\;C:\Program Files (x86)\Microsoft SQL Server\140\DTS\Binn\;C:\Program Files (x86)\Microsoft SQL Server\160\DTS\Binn\;C:\Program Files\MongoDB\Server\8.0\bin;C:\Program Files\MySQL\MySQL Shell 8.0\bin\;C:\Users\VI-Alumno\AppData\Local\Microsoft\WindowsApps;C:\Users\VI-Alumno\AppData\Roaming\Python\Python312\Scripts;C:\Users\VI-Alumno\AppData\Roaming\npm;C:\app\Duoc\product\21c\dbhomeXE\bin;C:\Program Files\Azure Data Studio\bin;C:\Program Files (x86)\Nmap;C:\Program Files\JetBrains\IntelliJ IDEA Community Edition 2025.1\bin;;C:\Program Files\MongoDB\Server\8.0\bin;C:\Program Files\mongosh\;c:\Users\VI-Alumno\.vscode\extensions\vscjava.vscode-java-debug-0.59.0\bundled\scripts\noConfigScripts
USERNAME=VI-Alumno
LANG=en_US.UTF-8
OS=Windows_NT
PROCESSOR_IDENTIFIER=Intel64 Family 6 Model 151 Stepping 5, GenuineIntel
TMP=C:\Users\VI-ALU~1\AppData\Local\Temp
TEMP=C:\Users\VI-ALU~1\AppData\Local\Temp




Periodic native trim disabled

---------------  S Y S T E M  ---------------

OS:
 Windows 11 , 64 bit Build 26100 (10.0.26100.8246)
OS uptime: 0 days 1:54 hours
Hyper-V role detected

CPU: total 12 (initial active 12) (6 cores per cpu, 2 threads per core) family 6 model 151 stepping 5 microcode 0x3a, cx8, cmov, fxsr, ht, mmx, 3dnowpref, sse, sse2, sse3, ssse3, sse4.1, sse4.2, popcnt, lzcnt, tsc, tscinvbit, avx, avx2, aes, erms, clmul, bmi1, bmi2, adx, sha, fma, vzeroupper, clflush, clflushopt, clwb, hv, serialize, rdtscp, rdpid, fsrm, f16c, cet_ibt, cet_ss
Processor Information for all 12 processors :
  Max Mhz: 3000, Current Mhz: 3000, Mhz Limit: 3000

Memory: 4k page, system-wide physical 16072M (4289M free)
TotalPageFile size 19016M (AvailPageFile size 351M)
current process WorkingSet (physical memory assigned to process): 166M, peak: 308M
current process commit charge ("private bytes"): 317M, peak: 400M

vm_info: Java HotSpot(TM) 64-Bit Server VM (21.0.8+12-LTS-250) for windows-amd64 JRE (21.0.8+12-LTS-250), built on 2025-06-27T08:11:22Z by "mach5one" with MS VC++ 17.6 (VS2022)

END.
