#
# There is insufficient memory for the Java Runtime Environment to continue.
# Native memory allocation (malloc) failed to allocate 1048576 bytes for AllocateHeap
# Possible reasons:
#   The system is out of physical RAM or swap space
#   The process is running with CompressedOops enabled, and the Java Heap may be blocking the growth of the native heap
# Possible solutions:
#   Reduce memory load on the system
#   Increase physical memory or swap space
#   Check if swap backing store is full
#   Decrease Java heap size (-Xmx/-Xms)
#   Decrease number of Java threads
#   Decrease Java thread stack sizes (-Xss)
#   Set larger code cache with -XX:ReservedCodeCacheSize=
#   JVM is running with Zero Based Compressed Oops mode in which the Java heap is
#     placed in the first 32GB address space. The Java Heap base address is the
#     maximum limit for the native heap growth. Please use -XX:HeapBaseMinAddress
#     to set the Java Heap base and to place the Java Heap above 32GB virtual address.
# This output file may be truncated or incomplete.
#
#  Out of Memory Error (allocation.cpp:44), pid=24632, tid=24452
#
# JRE version: Java(TM) SE Runtime Environment (21.0.8+12) (build 21.0.8+12-LTS-250)
# Java VM: Java HotSpot(TM) 64-Bit Server VM (21.0.8+12-LTS-250, mixed mode, emulated-client, sharing, tiered, compressed oops, compressed class ptrs, g1 gc, windows-amd64)
# No core dump will be written. Minidumps are not enabled by default on client versions of Windows
#

---------------  S U M M A R Y ------------

Command Line: -XX:TieredStopAtLevel=1 -agentpath:C:\Program Files\Palo Alto Networks\Traps\cyjagent.dll com.pharmanet.ubicacion_service.UbicacionServiceApplication

Host: 12th Gen Intel(R) Core(TM) i5-12500, 12 cores, 15G,  Windows 11 , 64 bit Build 26100 (10.0.26100.8246)
Time: Thu Jun  4 17:48:02 2026 Hora est. Sudamérica Pacífico elapsed time: 2294.071106 seconds (0d 0h 38m 14s)

---------------  T H R E A D  ---------------

Current thread (0x0000024c3d7e9ab0):  VMThread "VM Thread"          [id=24452, stack(0x000000e722200000,0x000000e722300000) (1024K)]

Stack: [0x000000e722200000,0x000000e722300000]
Native frames: (J=compiled Java code, j=interpreted, Vv=VM code, C=native code)
V  [jvm.dll+0x6cc179]
V  [jvm.dll+0x8584c1]
V  [jvm.dll+0x85a9ee]
V  [jvm.dll+0x85b0c3]
V  [jvm.dll+0x27ebf6]
V  [jvm.dll+0xbfae7]
V  [jvm.dll+0x3454b2]
V  [jvm.dll+0x33fede]
V  [jvm.dll+0x328948]
V  [jvm.dll+0x36b7e4]
V  [jvm.dll+0x860e90]
V  [jvm.dll+0x862214]
V  [jvm.dll+0x862750]
V  [jvm.dll+0x8629f3]
V  [jvm.dll+0x80279b]
V  [jvm.dll+0x6ca85d]
C  [ucrtbase.dll+0x37b0]
C  [cyinjct.dll+0x11e7]
C  [KERNEL32.DLL+0x2e8d7]
C  [ntdll.dll+0x8c3fc]

VM_Operation (0x000000e723afeef0): G1CollectFull, mode: safepoint, requested by thread 0x0000024c06e54b90


---------------  P R O C E S S  ---------------

Threads class SMR info:
_java_thread_list=0x0000024c04f7f0c0, length=14, elements={
0x0000024c3d7fe460, 0x0000024c7f13add0, 0x0000024c7f1447d0, 0x0000024c7f1474b0,
0x0000024c7f152a90, 0x0000024c7f154660, 0x0000024c7f159120, 0x0000024c7f2aef90,
0x0000024c7f2b55e0, 0x0000024c0501c2b0, 0x0000024c06e51710, 0x0000024c06e51da0,
0x0000024c06e51080, 0x0000024c06e54b90
}

Java Threads: ( => current thread )
  0x0000024c3d7fe460 JavaThread "Reference Handler"          daemon [_thread_blocked, id=23864, stack(0x000000e722300000,0x000000e722400000) (1024K)]
  0x0000024c7f13add0 JavaThread "Finalizer"                  daemon [_thread_blocked, id=20764, stack(0x000000e722400000,0x000000e722500000) (1024K)]
  0x0000024c7f1447d0 JavaThread "Signal Dispatcher"          daemon [_thread_blocked, id=17992, stack(0x000000e722500000,0x000000e722600000) (1024K)]
  0x0000024c7f1474b0 JavaThread "Attach Listener"            daemon [_thread_blocked, id=3264, stack(0x000000e722600000,0x000000e722700000) (1024K)]
  0x0000024c7f152a90 JavaThread "Service Thread"             daemon [_thread_blocked, id=9812, stack(0x000000e722700000,0x000000e722800000) (1024K)]
  0x0000024c7f154660 JavaThread "Monitor Deflation Thread"   daemon [_thread_blocked, id=24804, stack(0x000000e722800000,0x000000e722900000) (1024K)]
  0x0000024c7f159120 JavaThread "C1 CompilerThread0"         daemon [_thread_blocked, id=22456, stack(0x000000e722900000,0x000000e722a00000) (1024K)]
  0x0000024c7f2aef90 JavaThread "Notification Thread"        daemon [_thread_blocked, id=24996, stack(0x000000e722c00000,0x000000e722d00000) (1024K)]
  0x0000024c7f2b55e0 JavaThread "Common-Cleaner"             daemon [_thread_blocked, id=14296, stack(0x000000e722d00000,0x000000e722e00000) (1024K)]
  0x0000024c0501c2b0 JavaThread "mysql-cj-abandoned-connection-cleanup" daemon [_thread_blocked, id=11200, stack(0x000000e723f00000,0x000000e724000000) (1024K)]
  0x0000024c06e51710 JavaThread "DestroyJavaVM"                     [_thread_blocked, id=9552, stack(0x000000e721b00000,0x000000e721c00000) (1024K)]
  0x0000024c06e51da0 JavaThread "ForkJoinPool.commonPool-worker-5" daemon [_thread_blocked, id=12964, stack(0x000000e723500000,0x000000e723600000) (1024K)]
  0x0000024c06e51080 JavaThread "ForkJoinPool.commonPool-worker-8" daemon [_thread_blocked, id=24808, stack(0x000000e722e00000,0x000000e722f00000) (1024K)]
  0x0000024c06e54b90 JavaThread "Thread-33"                         [_thread_blocked, id=19504, stack(0x000000e723a00000,0x000000e723b00000) (1024K)]
Total: 14

Other Threads:
=>0x0000024c3d7e9ab0 VMThread "VM Thread"                           [id=24452, stack(0x000000e722200000,0x000000e722300000) (1024K)]
  0x0000024c3d7cd720 WatcherThread "VM Periodic Task Thread"        [id=21972, stack(0x000000e722100000,0x000000e722200000) (1024K)]
  0x0000024c2aafc760 WorkerThread "GC Thread#0"                     [id=3128, stack(0x000000e721c00000,0x000000e721d00000) (1024K)]
  0x0000024c7fbc3570 WorkerThread "GC Thread#1"                     [id=13068, stack(0x000000e722f00000,0x000000e723000000) (1024K)]
  0x0000024c7fbc3910 WorkerThread "GC Thread#2"                     [id=3468, stack(0x000000e723000000,0x000000e723100000) (1024K)]
  0x0000024c7fba8a70 WorkerThread "GC Thread#3"                     [id=4504, stack(0x000000e723100000,0x000000e723200000) (1024K)]
  0x0000024c7fba8e10 WorkerThread "GC Thread#4"                     [id=19976, stack(0x000000e723200000,0x000000e723300000) (1024K)]
  0x0000024c7fba91b0 WorkerThread "GC Thread#5"                     [id=22916, stack(0x000000e723300000,0x000000e723400000) (1024K)]
  0x0000024c0410ca60 WorkerThread "GC Thread#6"                     [id=20928, stack(0x000000e723600000,0x000000e723700000) (1024K)]
  0x0000024c0410ce00 WorkerThread "GC Thread#7"                     [id=4672, stack(0x000000e723700000,0x000000e723800000) (1024K)]
  0x0000024c0410d1a0 WorkerThread "GC Thread#8"                     [id=12836, stack(0x000000e723800000,0x000000e723900000) (1024K)]
  0x0000024c0410dd50 WorkerThread "GC Thread#9"                     [id=2160, stack(0x000000e723900000,0x000000e723a00000) (1024K)]
  0x0000024c2ab0d190 ConcurrentGCThread "G1 Main Marker"            [id=4616, stack(0x000000e721d00000,0x000000e721e00000) (1024K)]
  0x0000024c2ab0ea20 WorkerThread "G1 Conc#0"                       [id=15756, stack(0x000000e721e00000,0x000000e721f00000) (1024K)]
  0x0000024c042f0910 WorkerThread "G1 Conc#1"                       [id=17508, stack(0x000000e723b00000,0x000000e723c00000) (1024K)]
  0x0000024c042f0cb0 WorkerThread "G1 Conc#2"                       [id=10208, stack(0x000000e723c00000,0x000000e723d00000) (1024K)]
  0x0000024c3d69e440 ConcurrentGCThread "G1 Refine#0"               [id=10672, stack(0x000000e721f00000,0x000000e722000000) (1024K)]
  0x0000024c3d6a0330 ConcurrentGCThread "G1 Service"                [id=6656, stack(0x000000e722000000,0x000000e722100000) (1024K)]
Total: 18

Threads with active compile tasks:
C1 CompilerThread0  2294114 12848       1       org.apache.catalina.core.ContainerBase::fireContainerEvent (69 bytes)
Total: 1

VM state: at safepoint (normal execution)

VM Mutex/Monitor currently owned by a thread:  ([mutex/lock_event])
[0x00007ff822730e50] Threads_lock - owner thread: 0x0000024c3d7e9ab0
[0x00007ff822730f50] Heap_lock - owner thread: 0x0000024c06e54b90

Heap address: 0x0000000704c00000, size: 4020 MB, Compressed Oops mode: Zero based, Oop shift amount: 3

CDS archive(s) mapped at: [0x0000024c3e000000-0x0000024c3ec90000-0x0000024c3ec90000), size 13172736, SharedBaseAddress: 0x0000024c3e000000, ArchiveRelocationMode: 1.
Compressed class space mapped at: 0x0000024c3f000000-0x0000024c7f000000, reserved size: 1073741824
Narrow klass base: 0x0000024c3e000000, Narrow klass shift: 0, Narrow klass range: 0x100000000

GC Precious Log:
 CardTable entry size: 512
 Card Set container configuration: InlinePtr #cards 4 size 8 Array Of Cards #cards 16 size 48 Howl #buckets 8 coarsen threshold 3686 Howl Bitmap #cards 512 size 80 coarsen threshold 460 Card regions per heap region 1 cards per card region 4096
 CPUs: 12 total, 12 available
 Memory: 16072M
 Large Page Support: Disabled
 NUMA Support: Disabled
 Compressed Oops: Enabled (Zero based)
 Heap Region Size: 2M
 Heap Min Capacity: 8M
 Heap Initial Capacity: 252M
 Heap Max Capacity: 4020M
 Pre-touch: Disabled
 Parallel Workers: 10
 Concurrent Workers: 3
 Concurrent Refinement Workers: 10
 Periodic GC: Disabled

Heap:
 garbage-first heap   total 106496K, used 70225K [0x0000000704c00000, 0x0000000800000000)
  region size 2048K, 20 young (40960K), 3 survivors (6144K)
 Metaspace       used 84568K, committed 85568K, reserved 1179648K
  class space    used 11700K, committed 12160K, reserved 1048576K

Heap Regions: E=young(eden), S=young(survivor), O=old, HS=humongous(starts), HC=humongous(continues), CS=collection set, F=free, TAMS=top-at-mark-start, PB=parsable bottom
|   0|0x0000000704c00000, 0x0000000704e00000, 0x0000000704e00000|100%| O|  |TAMS 0x0000000704c00000| PB 0x0000000704c00000| Untracked 
|   1|0x0000000704e00000, 0x0000000704ffc4a8, 0x0000000705000000| 99%| O|  |TAMS 0x0000000704e00000| PB 0x0000000704e00000| Untracked 
|   2|0x0000000705000000, 0x00000007051fffe8, 0x0000000705200000| 99%| O|  |TAMS 0x0000000705000000| PB 0x0000000705000000| Untracked 
|   3|0x0000000705200000, 0x00000007053ffff8, 0x0000000705400000| 99%| O|  |TAMS 0x0000000705200000| PB 0x0000000705200000| Untracked 
|   4|0x0000000705400000, 0x00000007055ffff0, 0x0000000705600000| 99%| O|  |TAMS 0x0000000705400000| PB 0x0000000705400000| Untracked 
|   5|0x0000000705600000, 0x00000007057ffff0, 0x0000000705800000| 99%| O|  |TAMS 0x0000000705600000| PB 0x0000000705600000| Untracked 
|   6|0x0000000705800000, 0x0000000705a00000, 0x0000000705a00000|100%| O|  |TAMS 0x0000000705800000| PB 0x0000000705800000| Untracked 
|   7|0x0000000705a00000, 0x0000000705bffff8, 0x0000000705c00000| 99%| O|  |TAMS 0x0000000705a00000| PB 0x0000000705a00000| Untracked 
|   8|0x0000000705c00000, 0x0000000705df63f0, 0x0000000705e00000| 98%| O|  |TAMS 0x0000000705c00000| PB 0x0000000705c00000| Untracked 
|   9|0x0000000705e00000, 0x0000000705ffffb8, 0x0000000706000000| 99%| O|  |TAMS 0x0000000705e00000| PB 0x0000000705e00000| Untracked 
|  10|0x0000000706000000, 0x00000007061fffc8, 0x0000000706200000| 99%| O|  |TAMS 0x0000000706000000| PB 0x0000000706000000| Untracked 
|  11|0x0000000706200000, 0x00000007063fffb8, 0x0000000706400000| 99%| O|  |TAMS 0x0000000706200000| PB 0x0000000706200000| Untracked 
|  12|0x0000000706400000, 0x00000007065fff90, 0x0000000706600000| 99%| O|  |TAMS 0x0000000706400000| PB 0x0000000706400000| Untracked 
|  13|0x0000000706600000, 0x0000000706800000, 0x0000000706800000|100%| O|  |TAMS 0x0000000706600000| PB 0x0000000706600000| Untracked 
|  14|0x0000000706800000, 0x00000007069e9cc0, 0x0000000706a00000| 95%| O|  |TAMS 0x0000000706800000| PB 0x0000000706800000| Untracked 
|  15|0x0000000706a00000, 0x0000000706aee6f8, 0x0000000706c00000| 46%| O|  |TAMS 0x0000000706a00000| PB 0x0000000706a00000| Untracked 
|  16|0x0000000706c00000, 0x0000000706c5ed08, 0x0000000706e00000| 18%| O|  |TAMS 0x0000000706c00000| PB 0x0000000706c00000| Untracked 
|  17|0x0000000706e00000, 0x0000000706e61f20, 0x0000000707000000| 19%| O|  |TAMS 0x0000000706e00000| PB 0x0000000706e00000| Untracked 
|  18|0x0000000707000000, 0x0000000707000000, 0x0000000707200000|  0%| F|  |TAMS 0x0000000707000000| PB 0x0000000707000000| Untracked 
|  19|0x0000000707200000, 0x0000000707200000, 0x0000000707400000|  0%| F|  |TAMS 0x0000000707200000| PB 0x0000000707200000| Untracked 
|  20|0x0000000707400000, 0x0000000707400000, 0x0000000707600000|  0%| F|  |TAMS 0x0000000707400000| PB 0x0000000707400000| Untracked 
|  21|0x0000000707600000, 0x0000000707600000, 0x0000000707800000|  0%| F|  |TAMS 0x0000000707600000| PB 0x0000000707600000| Untracked 
|  22|0x0000000707800000, 0x0000000707908f20, 0x0000000707a00000| 51%| S|CS|TAMS 0x0000000707800000| PB 0x0000000707800000| Complete 
|  23|0x0000000707a00000, 0x0000000707c00000, 0x0000000707c00000|100%| S|CS|TAMS 0x0000000707a00000| PB 0x0000000707a00000| Complete 
|  24|0x0000000707c00000, 0x0000000707e00000, 0x0000000707e00000|100%| S|CS|TAMS 0x0000000707c00000| PB 0x0000000707c00000| Complete 
|  25|0x0000000707e00000, 0x0000000707e00000, 0x0000000708000000|  0%| F|  |TAMS 0x0000000707e00000| PB 0x0000000707e00000| Untracked 
|  26|0x0000000708000000, 0x0000000708000000, 0x0000000708200000|  0%| F|  |TAMS 0x0000000708000000| PB 0x0000000708000000| Untracked 
|  27|0x0000000708200000, 0x0000000708200000, 0x0000000708400000|  0%| F|  |TAMS 0x0000000708200000| PB 0x0000000708200000| Untracked 
|  28|0x0000000708400000, 0x0000000708400000, 0x0000000708600000|  0%| F|  |TAMS 0x0000000708400000| PB 0x0000000708400000| Untracked 
|  29|0x0000000708600000, 0x0000000708600000, 0x0000000708800000|  0%| F|  |TAMS 0x0000000708600000| PB 0x0000000708600000| Untracked 
|  30|0x0000000708800000, 0x0000000708800000, 0x0000000708a00000|  0%| F|  |TAMS 0x0000000708800000| PB 0x0000000708800000| Untracked 
|  31|0x0000000708a00000, 0x0000000708a00000, 0x0000000708c00000|  0%| F|  |TAMS 0x0000000708a00000| PB 0x0000000708a00000| Untracked 
|  32|0x0000000708c00000, 0x0000000708c00000, 0x0000000708e00000|  0%| F|  |TAMS 0x0000000708c00000| PB 0x0000000708c00000| Untracked 
|  33|0x0000000708e00000, 0x0000000708e00000, 0x0000000709000000|  0%| F|  |TAMS 0x0000000708e00000| PB 0x0000000708e00000| Untracked 
|  34|0x0000000709000000, 0x0000000709000000, 0x0000000709200000|  0%| F|  |TAMS 0x0000000709000000| PB 0x0000000709000000| Untracked 
|  35|0x0000000709200000, 0x0000000709379ab8, 0x0000000709400000| 73%| E|  |TAMS 0x0000000709200000| PB 0x0000000709200000| Complete 
|  36|0x0000000709400000, 0x0000000709600000, 0x0000000709600000|100%| E|CS|TAMS 0x0000000709400000| PB 0x0000000709400000| Complete 
|  37|0x0000000709600000, 0x0000000709800000, 0x0000000709800000|100%| E|CS|TAMS 0x0000000709600000| PB 0x0000000709600000| Complete 
|  38|0x0000000709800000, 0x0000000709a00000, 0x0000000709a00000|100%| E|CS|TAMS 0x0000000709800000| PB 0x0000000709800000| Complete 
|  39|0x0000000709a00000, 0x0000000709c00000, 0x0000000709c00000|100%| E|CS|TAMS 0x0000000709a00000| PB 0x0000000709a00000| Complete 
|  40|0x0000000709c00000, 0x0000000709e00000, 0x0000000709e00000|100%| E|CS|TAMS 0x0000000709c00000| PB 0x0000000709c00000| Complete 
|  41|0x0000000709e00000, 0x000000070a000000, 0x000000070a000000|100%| E|CS|TAMS 0x0000000709e00000| PB 0x0000000709e00000| Complete 
|  42|0x000000070a000000, 0x000000070a200000, 0x000000070a200000|100%| E|CS|TAMS 0x000000070a000000| PB 0x000000070a000000| Complete 
|  43|0x000000070a200000, 0x000000070a400000, 0x000000070a400000|100%| E|CS|TAMS 0x000000070a200000| PB 0x000000070a200000| Complete 
|  44|0x000000070a400000, 0x000000070a600000, 0x000000070a600000|100%| E|CS|TAMS 0x000000070a400000| PB 0x000000070a400000| Complete 
|  45|0x000000070a600000, 0x000000070a800000, 0x000000070a800000|100%| E|CS|TAMS 0x000000070a600000| PB 0x000000070a600000| Complete 
|  92|0x0000000710400000, 0x0000000710600000, 0x0000000710600000|100%| E|CS|TAMS 0x0000000710400000| PB 0x0000000710400000| Complete 
|  93|0x0000000710600000, 0x0000000710800000, 0x0000000710800000|100%| E|CS|TAMS 0x0000000710600000| PB 0x0000000710600000| Complete 
|  94|0x0000000710800000, 0x0000000710a00000, 0x0000000710a00000|100%| E|CS|TAMS 0x0000000710800000| PB 0x0000000710800000| Complete 
|  95|0x0000000710a00000, 0x0000000710c00000, 0x0000000710c00000|100%| E|CS|TAMS 0x0000000710a00000| PB 0x0000000710a00000| Complete 
| 125|0x0000000714600000, 0x0000000714800000, 0x0000000714800000|100%| E|CS|TAMS 0x0000000714600000| PB 0x0000000714600000| Complete 
|2009|0x00000007ffe00000, 0x0000000800000000, 0x0000000800000000|100%| E|CS|TAMS 0x00000007ffe00000| PB 0x00000007ffe00000| Complete 

Card table byte_map: [0x0000024c36c20000,0x0000024c37400000] _byte_map_base: 0x0000024c333fa000

Marking Bits: (CMBitMap*) 0x0000024c2aafcd70
 Bits: [0x0000024c37400000, 0x0000024c3b2d0000)

Polling page: 0x0000024c28780000

Metaspace:

Usage:
  Non-class:     71.16 MB used.
      Class:     11.43 MB used.
       Both:     82.59 MB used.

Virtual space:
  Non-class space:      128.00 MB reserved,      71.69 MB ( 56%) committed,  2 nodes.
      Class space:        1.00 GB reserved,      11.88 MB (  1%) committed,  1 nodes.
             Both:        1.12 GB reserved,      83.56 MB (  7%) committed. 

Chunk freelists:
   Non-Class:  7.43 MB
       Class:  4.23 MB
        Both:  11.66 MB

MaxMetaspaceSize: unlimited
CompressedClassSpaceSize: 1.00 GB
Initial GC threshold: 21.00 MB
Current GC threshold: 138.69 MB
CDS: on
 - commit_granule_bytes: 65536.
 - commit_granule_words: 8192.
 - virtual_space_node_default_size: 8388608.
 - enlarge_chunks_in_place: 1.
 - use_allocation_guard: 0.


Internal statistics:

num_allocs_failed_limit: 9.
num_arena_births: 2434.
num_arena_deaths: 1302.
num_vsnodes_births: 3.
num_vsnodes_deaths: 0.
num_space_committed: 1336.
num_space_uncommitted: 0.
num_chunks_returned_to_freelist: 1624.
num_chunks_taken_from_freelist: 6400.
num_chunk_merges: 305.
num_chunk_splits: 3794.
num_chunks_enlarged: 2710.
num_inconsistent_stats: 0.

CodeCache: size=49152Kb used=18271Kb max_used=19642Kb free=30880Kb
 bounds [0x0000024c32ef0000, 0x0000024c34270000, 0x0000024c35ef0000]
 total_blobs=10437 nmethods=9681 adapters=677
 compilation: enabled
              stopped_count=0, restarted_count=0
 full_count=0

Compilation events (20 events):
Event: 2263.529 Thread 0x0000024c06f8d200 nmethod 12838 0x0000024c34257210 code [0x0000024c342573a0, 0x0000024c342574b8]
Event: 2263.531 Thread 0x0000024c06f8d200 12839       1       com.fasterxml.jackson.core.json.JsonGeneratorImpl::streamWriteConstraints (5 bytes)
Event: 2263.531 Thread 0x0000024c7f159120 12840       1       com.fasterxml.jackson.core.json.JsonWriteContext::clearAndGetParent (10 bytes)
Event: 2263.531 Thread 0x0000024c06f8d200 nmethod 12839 0x0000024c34256f10 code [0x0000024c342570a0, 0x0000024c34257170]
Event: 2263.531 Thread 0x0000024c7f159120 nmethod 12840 0x0000024c34256c10 code [0x0000024c34256da0, 0x0000024c34256e98]
Event: 2263.532 Thread 0x0000024c7f159120 12841       1       io.swagger.v3.oas.models.parameters.Parameter::get$ref (5 bytes)
Event: 2263.532 Thread 0x0000024c7f159120 nmethod 12841 0x0000024c34256910 code [0x0000024c34256aa0, 0x0000024c34256b70]
Event: 2263.533 Thread 0x0000024c7f159120 12842       1       org.apache.coyote.Request::getAttribute (9 bytes)
Event: 2263.533 Thread 0x0000024c7f159120 nmethod 12842 0x0000024c34256590 code [0x0000024c34256740, 0x0000024c34256838]
Event: 2293.040 Thread 0x0000024c7f159120 12843       1       java.io.File::toString (5 bytes)
Event: 2293.040 Thread 0x0000024c7f159120 nmethod 12843 0x0000024c34137190 code [0x0000024c34137320, 0x0000024c341373f0]
Event: 2293.050 Thread 0x0000024c7f159120 12844       1       java.security.AccessControlContext::optimize (319 bytes)
Event: 2293.050 Thread 0x0000024c7f159120 nmethod 12844 0x0000024c34136390 code [0x0000024c34136600, 0x0000024c34136e08]
Event: 2293.050 Thread 0x0000024c7f159120 12846       1       java.util.concurrent.LinkedBlockingQueue$Node::<init> (10 bytes)
Event: 2293.050 Thread 0x0000024c7f159120 nmethod 12846 0x0000024c34136090 code [0x0000024c34136220, 0x0000024c34136338]
Event: 2293.050 Thread 0x0000024c7f159120 12845       1       com.zaxxer.hikari.util.ConcurrentBag::reserve (10 bytes)
Event: 2293.051 Thread 0x0000024c7f159120 nmethod 12845 0x0000024c34135c10 code [0x0000024c34135dc0, 0x0000024c34135f80]
Event: 2293.054 Thread 0x0000024c7f159120 12847       1       java.util.concurrent.locks.ReentrantReadWriteLock::writeLock (5 bytes)
Event: 2293.054 Thread 0x0000024c7f159120 nmethod 12847 0x0000024c34135910 code [0x0000024c34135aa0, 0x0000024c34135b70]
Event: 2293.054 Thread 0x0000024c7f159120 12848       1       org.apache.catalina.core.ContainerBase::fireContainerEvent (69 bytes)

GC Heap History (20 events):
Event: 1958.496 GC heap after
{Heap after GC invocations=23 (full 4):
 garbage-first heap   total 106496K, used 30277K [0x0000000704c00000, 0x0000000800000000)
  region size 2048K, 0 young (0K), 0 survivors (0K)
 Metaspace       used 82791K, committed 83968K, reserved 1179648K
  class space    used 11539K, committed 12032K, reserved 1048576K
}
Event: 1959.286 GC heap before
{Heap before GC invocations=23 (full 4):
 garbage-first heap   total 106496K, used 83525K [0x0000000704c00000, 0x0000000800000000)
  region size 2048K, 27 young (55296K), 0 survivors (0K)
 Metaspace       used 82991K, committed 84096K, reserved 1179648K
  class space    used 11559K, committed 12096K, reserved 1048576K
}
Event: 1959.288 GC heap after
{Heap after GC invocations=24 (full 4):
 garbage-first heap   total 106496K, used 35550K [0x0000000704c00000, 0x0000000800000000)
  region size 2048K, 3 young (6144K), 3 survivors (6144K)
 Metaspace       used 82991K, committed 84096K, reserved 1179648K
  class space    used 11559K, committed 12096K, reserved 1048576K
}
Event: 1960.998 GC heap before
{Heap before GC invocations=24 (full 4):
 garbage-first heap   total 106496K, used 56030K [0x0000000704c00000, 0x0000000800000000)
  region size 2048K, 14 young (28672K), 3 survivors (6144K)
 Metaspace       used 83145K, committed 84224K, reserved 1179648K
  class space    used 11568K, committed 12096K, reserved 1048576K
}
Event: 1961.038 GC heap after
{Heap after GC invocations=25 (full 5):
 garbage-first heap   total 106496K, used 30402K [0x0000000704c00000, 0x0000000800000000)
  region size 2048K, 0 young (0K), 0 survivors (0K)
 Metaspace       used 83129K, committed 84224K, reserved 1179648K
  class space    used 11566K, committed 12096K, reserved 1048576K
}
Event: 1961.376 GC heap before
{Heap before GC invocations=25 (full 5):
 garbage-first heap   total 106496K, used 83650K [0x0000000704c00000, 0x0000000800000000)
  region size 2048K, 27 young (55296K), 0 survivors (0K)
 Metaspace       used 83332K, committed 84352K, reserved 1179648K
  class space    used 11586K, committed 12096K, reserved 1048576K
}
Event: 1961.380 GC heap after
{Heap after GC invocations=26 (full 5):
 garbage-first heap   total 106496K, used 35728K [0x0000000704c00000, 0x0000000800000000)
  region size 2048K, 3 young (6144K), 3 survivors (6144K)
 Metaspace       used 83332K, committed 84352K, reserved 1179648K
  class space    used 11586K, committed 12096K, reserved 1048576K
}
Event: 2124.843 GC heap before
{Heap before GC invocations=26 (full 5):
 garbage-first heap   total 106496K, used 62352K [0x0000000704c00000, 0x0000000800000000)
  region size 2048K, 17 young (34816K), 3 survivors (6144K)
 Metaspace       used 83480K, committed 84480K, reserved 1179648K
  class space    used 11595K, committed 12096K, reserved 1048576K
}
Event: 2124.878 GC heap after
{Heap after GC invocations=27 (full 6):
 garbage-first heap   total 106496K, used 30663K [0x0000000704c00000, 0x0000000800000000)
  region size 2048K, 0 young (0K), 0 survivors (0K)
 Metaspace       used 83471K, committed 84480K, reserved 1179648K
  class space    used 11593K, committed 12096K, reserved 1048576K
}
Event: 2125.208 GC heap before
{Heap before GC invocations=27 (full 6):
 garbage-first heap   total 106496K, used 83911K [0x0000000704c00000, 0x0000000800000000)
  region size 2048K, 27 young (55296K), 0 survivors (0K)
 Metaspace       used 83684K, committed 84608K, reserved 1179648K
  class space    used 11617K, committed 12096K, reserved 1048576K
}
Event: 2125.210 GC heap after
{Heap after GC invocations=28 (full 6):
 garbage-first heap   total 106496K, used 35685K [0x0000000704c00000, 0x0000000800000000)
  region size 2048K, 3 young (6144K), 3 survivors (6144K)
 Metaspace       used 83684K, committed 84608K, reserved 1179648K
  class space    used 11617K, committed 12096K, reserved 1048576K
}
Event: 2186.900 GC heap before
{Heap before GC invocations=28 (full 6):
 garbage-first heap   total 106496K, used 72549K [0x0000000704c00000, 0x0000000800000000)
  region size 2048K, 22 young (45056K), 3 survivors (6144K)
 Metaspace       used 83872K, committed 84800K, reserved 1179648K
  class space    used 11641K, committed 12096K, reserved 1048576K
}
Event: 2186.942 GC heap after
{Heap after GC invocations=29 (full 7):
 garbage-first heap   total 106496K, used 31926K [0x0000000704c00000, 0x0000000800000000)
  region size 2048K, 0 young (0K), 0 survivors (0K)
 Metaspace       used 83859K, committed 84800K, reserved 1179648K
  class space    used 11639K, committed 12096K, reserved 1048576K
}
Event: 2187.346 GC heap before
{Heap before GC invocations=29 (full 7):
 garbage-first heap   total 106496K, used 87222K [0x0000000704c00000, 0x0000000800000000)
  region size 2048K, 28 young (57344K), 0 survivors (0K)
 Metaspace       used 84071K, committed 84992K, reserved 1179648K
  class space    used 11659K, committed 12096K, reserved 1048576K
}
Event: 2187.349 GC heap after
{Heap after GC invocations=30 (full 7):
 garbage-first heap   total 106496K, used 37036K [0x0000000704c00000, 0x0000000800000000)
  region size 2048K, 3 young (6144K), 3 survivors (6144K)
 Metaspace       used 84071K, committed 84992K, reserved 1179648K
  class space    used 11659K, committed 12096K, reserved 1048576K
}
Event: 2261.444 GC heap before
{Heap before GC invocations=30 (full 7):
 garbage-first heap   total 106496K, used 69804K [0x0000000704c00000, 0x0000000800000000)
  region size 2048K, 20 young (40960K), 3 survivors (6144K)
 Metaspace       used 84225K, committed 85184K, reserved 1179648K
  class space    used 11672K, committed 12096K, reserved 1048576K
}
Event: 2261.489 GC heap after
{Heap after GC invocations=31 (full 8):
 garbage-first heap   total 106496K, used 32301K [0x0000000704c00000, 0x0000000800000000)
  region size 2048K, 0 young (0K), 0 survivors (0K)
 Metaspace       used 84216K, committed 85184K, reserved 1179648K
  class space    used 11670K, committed 12096K, reserved 1048576K
}
Event: 2261.909 GC heap before
{Heap before GC invocations=31 (full 8):
 garbage-first heap   total 106496K, used 85549K [0x0000000704c00000, 0x0000000800000000)
  region size 2048K, 27 young (55296K), 0 survivors (0K)
 Metaspace       used 84408K, committed 85376K, reserved 1179648K
  class space    used 11689K, committed 12160K, reserved 1048576K
}
Event: 2261.912 GC heap after
{Heap after GC invocations=32 (full 8):
 garbage-first heap   total 106496K, used 37457K [0x0000000704c00000, 0x0000000800000000)
  region size 2048K, 3 young (6144K), 3 survivors (6144K)
 Metaspace       used 84408K, committed 85376K, reserved 1179648K
  class space    used 11689K, committed 12160K, reserved 1048576K
}
Event: 2293.054 GC heap before
{Heap before GC invocations=32 (full 8):
 garbage-first heap   total 106496K, used 70225K [0x0000000704c00000, 0x0000000800000000)
  region size 2048K, 20 young (40960K), 3 survivors (6144K)
 Metaspace       used 84568K, committed 85568K, reserved 1179648K
  class space    used 11700K, committed 12160K, reserved 1048576K
}

Dll operation events (9 events):
Event: 0.016 Loaded shared library C:\Program Files\Java\jdk-21\bin\java.dll
Event: 0.106 Loaded shared library C:\Program Files\Java\jdk-21\bin\net.dll
Event: 0.110 Loaded shared library C:\Program Files\Java\jdk-21\bin\nio.dll
Event: 0.115 Loaded shared library C:\Program Files\Java\jdk-21\bin\zip.dll
Event: 0.182 Loaded shared library C:\Program Files\Java\jdk-21\bin\jimage.dll
Event: 0.392 Loaded shared library C:\Program Files\Java\jdk-21\bin\management.dll
Event: 0.398 Loaded shared library C:\Program Files\Java\jdk-21\bin\management_ext.dll
Event: 1.051 Loaded shared library C:\Program Files\Java\jdk-21\bin\sunmscapi.dll
Event: 2.104 Loaded shared library C:\Program Files\Java\jdk-21\bin\extnet.dll

Deoptimization events (0 events):
No events

Classes loaded (20 events):
Event: 506.784 Loading class javax/crypto/BadPaddingException
Event: 506.784 Loading class javax/crypto/BadPaddingException done
Event: 506.784 Loading class java/security/Key
Event: 506.784 Loading class java/security/Key done
Event: 506.784 Loading class java/security/SignatureException
Event: 506.784 Loading class java/security/SignatureException done
Event: 506.784 Loading class java/security/PrivateKey
Event: 506.784 Loading class javax/security/auth/Destroyable
Event: 506.784 Loading class javax/security/auth/Destroyable done
Event: 506.784 Loading class java/security/PrivateKey done
Event: 506.833 Loading class java/lang/ref/Finalizer$2
Event: 506.833 Loading class java/lang/ref/Finalizer$2 done
Event: 506.833 Loading class java/lang/ref/Finalizer$1
Event: 506.833 Loading class java/lang/ref/Finalizer$1 done
Event: 506.853 Loading class java/io/FileOutputStream$1
Event: 506.853 Loading class java/io/FileOutputStream$1 done
Event: 507.104 Loading class java/time/DurationEditor
Event: 507.104 Loading class java/time/DurationEditor done
Event: 1612.200 Loading class java/time/DurationEditor
Event: 1612.200 Loading class java/time/DurationEditor done

Classes unloaded (20 events):
Event: 1958.450 Thread 0x0000024c3d7e9ab0 Unloading class 0x0000024c3fa7b400 'java/lang/invoke/LambdaForm$MH+0x0000024c3fa7b400'
Event: 1958.450 Thread 0x0000024c3d7e9ab0 Unloading class 0x0000024c3fa79c00 'java/lang/invoke/LambdaForm$BMH+0x0000024c3fa79c00'
Event: 1958.450 Thread 0x0000024c3d7e9ab0 Unloading class 0x0000024c3f7a9c00 'java/lang/invoke/LambdaForm$MH+0x0000024c3f7a9c00'
Event: 1958.450 Thread 0x0000024c3d7e9ab0 Unloading class 0x0000024c3f7a8c00 'java/lang/invoke/LambdaForm$MH+0x0000024c3f7a8c00'
Event: 1958.450 Thread 0x0000024c3d7e9ab0 Unloading class 0x0000024c3fa40000 'java/lang/invoke/LambdaForm$MH+0x0000024c3fa40000'
Event: 1961.009 Thread 0x0000024c3d7e9ab0 Unloading class 0x0000024c3fae9800 'jdk/internal/reflect/GeneratedSerializationConstructorAccessor14'
Event: 1961.009 Thread 0x0000024c3d7e9ab0 Unloading class 0x0000024c3faf3400 'jdk/internal/reflect/GeneratedSerializationConstructorAccessor13'
Event: 1961.009 Thread 0x0000024c3d7e9ab0 Unloading class 0x0000024c3fa52400 'jdk/internal/reflect/GeneratedSerializationConstructorAccessor12'
Event: 1961.009 Thread 0x0000024c3d7e9ab0 Unloading class 0x0000024c3f351000 'org/apache/catalina/loader/JdbcLeakPrevention'
Event: 1961.009 Thread 0x0000024c3d7e9ab0 Unloading class 0x0000024c3f602800 'jdk/internal/reflect/GeneratedSerializationConstructorAccessor9'
Event: 2124.855 Thread 0x0000024c3d7e9ab0 Unloading class 0x0000024c3f602800 'jdk/internal/reflect/GeneratedSerializationConstructorAccessor17'
Event: 2124.855 Thread 0x0000024c3d7e9ab0 Unloading class 0x0000024c3fa52400 'jdk/internal/reflect/GeneratedSerializationConstructorAccessor16'
Event: 2124.855 Thread 0x0000024c3d7e9ab0 Unloading class 0x0000024c3fa58000 'org/apache/catalina/loader/JdbcLeakPrevention'
Event: 2186.912 Thread 0x0000024c3d7e9ab0 Unloading class 0x0000024c3f42c000 'jdk/internal/reflect/GeneratedSerializationConstructorAccessor20'
Event: 2186.912 Thread 0x0000024c3d7e9ab0 Unloading class 0x0000024c3f45dc00 'jdk/internal/reflect/GeneratedSerializationConstructorAccessor19'
Event: 2186.912 Thread 0x0000024c3d7e9ab0 Unloading class 0x0000024c3fa51800 'org/apache/catalina/loader/JdbcLeakPrevention'
Event: 2186.912 Thread 0x0000024c3d7e9ab0 Unloading class 0x0000024c3fae1400 'jdk/internal/reflect/GeneratedSerializationConstructorAccessor15'
Event: 2261.458 Thread 0x0000024c3d7e9ab0 Unloading class 0x0000024c3fa88800 'jdk/internal/reflect/GeneratedSerializationConstructorAccessor23'
Event: 2261.458 Thread 0x0000024c3d7e9ab0 Unloading class 0x0000024c3fa7b800 'jdk/internal/reflect/GeneratedSerializationConstructorAccessor22'
Event: 2261.458 Thread 0x0000024c3d7e9ab0 Unloading class 0x0000024c3f189800 'org/apache/catalina/loader/JdbcLeakPrevention'

Classes redefined (4 events):
Event: 0.094 Thread 0x0000024c3d7e9ab0 redefined class name=java.io.FileOutputStream, count=1
Event: 0.095 Thread 0x0000024c3d7e9ab0 redefined class name=java.io.File, count=1
Event: 0.096 Thread 0x0000024c3d7e9ab0 redefined class name=java.lang.ClassLoader, count=1
Event: 0.096 Thread 0x0000024c3d7e9ab0 redefined class name=java.net.URLStreamHandler, count=1

Internal exceptions (20 events):
Event: 1958.512 Thread 0x0000024c06e396f0 Exception <a 'sun/nio/fs/WindowsException'{0x00000007ffea93c8}> (0x00000007ffea93c8) 
thrown [s\open\src\hotspot\share\prims\jni.cpp, line 520]
Event: 1958.941 Thread 0x0000024c06e396f0 Exception <a 'java/io/FileNotFoundException'{0x0000000708eb2920}> (0x0000000708eb2920) 
thrown [s\open\src\hotspot\share\prims\jni.cpp, line 520]
Event: 1958.996 Thread 0x0000024c06e396f0 Exception <a 'java/io/FileNotFoundException'{0x0000000708cc75f8}> (0x0000000708cc75f8) 
thrown [s\open\src\hotspot\share\prims\jni.cpp, line 520]
Event: 1960.998 Thread 0x0000024c06e3a410 Exception <a 'java/lang/InterruptedException'{0x0000000709ff6370}: sleep interrupted> (0x0000000709ff6370) 
thrown [s\open\src\hotspot\share\prims\jvm.cpp, line 3074]
Event: 1961.044 Thread 0x0000024c06e537e0 Exception <a 'sun/nio/fs/WindowsException'{0x00000007ffebf718}> (0x00000007ffebf718) 
thrown [s\open\src\hotspot\share\prims\jni.cpp, line 520]
Event: 1961.246 Thread 0x0000024c06e537e0 Exception <a 'java/io/FileNotFoundException'{0x0000000708ee2da0}> (0x0000000708ee2da0) 
thrown [s\open\src\hotspot\share\prims\jni.cpp, line 520]
Event: 1961.265 Thread 0x0000024c06e537e0 Exception <a 'java/io/FileNotFoundException'{0x0000000708cf7460}> (0x0000000708cf7460) 
thrown [s\open\src\hotspot\share\prims\jni.cpp, line 520]
Event: 2124.843 Thread 0x0000024c06e53e70 Exception <a 'java/lang/InterruptedException'{0x0000000709955fe0}: sleep interrupted> (0x0000000709955fe0) 
thrown [s\open\src\hotspot\share\prims\jvm.cpp, line 3074]
Event: 2124.885 Thread 0x0000024c7f9feba0 Exception <a 'sun/nio/fs/WindowsException'{0x00000007ffeaf840}> (0x00000007ffeaf840) 
thrown [s\open\src\hotspot\share\prims\jni.cpp, line 520]
Event: 2125.068 Thread 0x0000024c7f9feba0 Exception <a 'java/io/FileNotFoundException'{0x0000000708ec2320}> (0x0000000708ec2320) 
thrown [s\open\src\hotspot\share\prims\jni.cpp, line 520]
Event: 2125.086 Thread 0x0000024c7f9feba0 Exception <a 'java/io/FileNotFoundException'{0x0000000708cd5d90}> (0x0000000708cd5d90) 
thrown [s\open\src\hotspot\share\prims\jni.cpp, line 520]
Event: 2186.900 Thread 0x0000024c7f9ff230 Exception <a 'java/lang/InterruptedException'{0x0000000708e555c8}: sleep interrupted> (0x0000000708e555c8) 
thrown [s\open\src\hotspot\share\prims\jvm.cpp, line 3074]
Event: 2186.951 Thread 0x0000024c06e53150 Exception <a 'sun/nio/fs/WindowsException'{0x00000007ffeaf810}> (0x00000007ffeaf810) 
thrown [s\open\src\hotspot\share\prims\jni.cpp, line 520]
Event: 2187.193 Thread 0x0000024c06e53150 Exception <a 'java/io/FileNotFoundException'{0x0000000708ee0aa8}> (0x0000000708ee0aa8) 
thrown [s\open\src\hotspot\share\prims\jni.cpp, line 520]
Event: 2187.221 Thread 0x0000024c06e53150 Exception <a 'java/io/FileNotFoundException'{0x0000000708cf3a10}> (0x0000000708cf3a10) 
thrown [s\open\src\hotspot\share\prims\jni.cpp, line 520]
Event: 2261.444 Thread 0x0000024c06e52ac0 Exception <a 'java/lang/InterruptedException'{0x0000000709292528}: sleep interrupted> (0x0000000709292528) 
thrown [s\open\src\hotspot\share\prims\jvm.cpp, line 3074]
Event: 2261.499 Thread 0x0000024c0c02a1e0 Exception <a 'sun/nio/fs/WindowsException'{0x00000007ffeac8d8}> (0x00000007ffeac8d8) 
thrown [s\open\src\hotspot\share\prims\jni.cpp, line 520]
Event: 2261.752 Thread 0x0000024c0c02a1e0 Exception <a 'java/io/FileNotFoundException'{0x0000000708eda338}> (0x0000000708eda338) 
thrown [s\open\src\hotspot\share\prims\jni.cpp, line 520]
Event: 2261.773 Thread 0x0000024c0c02a1e0 Exception <a 'java/io/FileNotFoundException'{0x0000000708ced320}> (0x0000000708ced320) 
thrown [s\open\src\hotspot\share\prims\jni.cpp, line 520]
Event: 2293.054 Thread 0x0000024c0c029b50 Exception <a 'java/lang/InterruptedException'{0x0000000709350b90}: sleep interrupted> (0x0000000709350b90) 
thrown [s\open\src\hotspot\share\prims\jvm.cpp, line 3074]

ZGC Phase Switch (0 events):
No events

VM Operations (20 events):
Event: 2190.369 Executing VM operation: Cleanup done
Event: 2221.641 Executing VM operation: Cleanup
Event: 2221.641 Executing VM operation: Cleanup done
Event: 2224.519 Executing VM operation: HandshakeAllThreads (HandshakeForDeflation)
Event: 2224.519 Executing VM operation: HandshakeAllThreads (HandshakeForDeflation) done
Event: 2224.519 Executing VM operation: RendezvousGCThreads
Event: 2224.519 Executing VM operation: RendezvousGCThreads done
Event: 2261.444 Executing VM operation: G1CollectFull (System.gc())
Event: 2261.489 Executing VM operation: G1CollectFull (System.gc()) done
Event: 2261.909 Executing VM operation: G1CollectForAllocation (G1 Evacuation Pause)
Event: 2261.912 Executing VM operation: G1CollectForAllocation (G1 Evacuation Pause) done
Event: 2262.923 Executing VM operation: Cleanup
Event: 2262.923 Executing VM operation: Cleanup done
Event: 2263.925 Executing VM operation: Cleanup
Event: 2263.925 Executing VM operation: Cleanup done
Event: 2284.589 Executing VM operation: HandshakeAllThreads (HandshakeForDeflation)
Event: 2284.589 Executing VM operation: HandshakeAllThreads (HandshakeForDeflation) done
Event: 2284.589 Executing VM operation: RendezvousGCThreads
Event: 2284.589 Executing VM operation: RendezvousGCThreads done
Event: 2293.054 Executing VM operation: G1CollectFull (System.gc())

Events (20 events):
Event: 2293.042 Thread 0x0000024c06e55f40 Thread added: 0x0000024c06e55f40
Event: 2293.047 Thread 0x0000024c06e52430 Thread exited: 0x0000024c06e52430
Event: 2293.047 Thread 0x0000024c06e55f40 Thread exited: 0x0000024c06e55f40
Event: 2293.048 Thread 0x0000024c0c02e380 Thread exited: 0x0000024c0c02e380
Event: 2293.048 Thread 0x0000024c0c02cfd0 Thread exited: 0x0000024c0c02cfd0
Event: 2293.048 Thread 0x0000024c0c02f730 Thread exited: 0x0000024c0c02f730
Event: 2293.048 Thread 0x0000024c0c02ea10 Thread exited: 0x0000024c0c02ea10
Event: 2293.048 Thread 0x0000024c0c028e30 Thread exited: 0x0000024c0c028e30
Event: 2293.048 Thread 0x0000024c0c02d660 Thread exited: 0x0000024c0c02d660
Event: 2293.048 Thread 0x0000024c0c02c940 Thread exited: 0x0000024c0c02c940
Event: 2293.048 Thread 0x0000024c0c02f0a0 Thread exited: 0x0000024c0c02f0a0
Event: 2293.048 Thread 0x0000024c0c0287a0 Thread exited: 0x0000024c0c0287a0
Event: 2293.048 Thread 0x0000024c0c02c2b0 Thread exited: 0x0000024c0c02c2b0
Event: 2293.048 Thread 0x0000024c0c02dcf0 Thread exited: 0x0000024c0c02dcf0
Event: 2293.050 Thread 0x0000024c06e53150 Thread added: 0x0000024c06e53150
Event: 2293.050 Thread 0x0000024c0c02af00 Thread exited: 0x0000024c0c02af00
Event: 2293.051 Thread 0x0000024c06e53150 Thread exited: 0x0000024c06e53150
Event: 2293.054 Thread 0x0000024c0c029b50 Thread exited: 0x0000024c0c029b50
Event: 2293.054 Thread 0x0000024c0c02bc20 Thread exited: 0x0000024c0c02bc20
Event: 2293.054 Thread 0x0000024c0c02a870 Thread exited: 0x0000024c0c02a870


Dynamic libraries:
0x00007ff7c59e0000 - 0x00007ff7c59f0000 	C:\Program Files\Java\jdk-21\bin\java.exe
0x00007ff876880000 - 0x00007ff876ae7000 	C:\WINDOWS\SYSTEM32\ntdll.dll
0x00007ff8765a0000 - 0x00007ff876669000 	C:\WINDOWS\System32\KERNEL32.DLL
0x00007ff8761a0000 - 0x00007ff876594000 	C:\WINDOWS\System32\KERNELBASE.dll
0x000000007d740000 - 0x000000007d77e000 	C:\WINDOWS\System32\cyinjct.dll
0x00007ff876010000 - 0x00007ff876034000 	C:\WINDOWS\System32\cyvera.dll
0x00007ff826b80000 - 0x00007ff826b99000 	C:\Program Files\Java\jdk-21\bin\jli.dll
0x00007ff874110000 - 0x00007ff8741c6000 	C:\WINDOWS\System32\ADVAPI32.dll
0x00007ff875200000 - 0x00007ff8752a9000 	C:\WINDOWS\System32\msvcrt.dll
0x00007ff875e40000 - 0x00007ff875ee7000 	C:\WINDOWS\System32\sechost.dll
0x00007ff876080000 - 0x00007ff876198000 	C:\WINDOWS\System32\RPCRT4.dll
0x0000024c28450000 - 0x0000024c28615000 	C:\WINDOWS\System32\USER32.dll
0x00007ff8730f0000 - 0x00007ff873117000 	C:\WINDOWS\System32\win32u.dll
0x00007ff875dc0000 - 0x00007ff875deb000 	C:\WINDOWS\System32\GDI32.dll
0x00007ff872fc0000 - 0x00007ff8730eb000 	C:\WINDOWS\System32\gdi32full.dll
0x00007ff873b00000 - 0x00007ff873ba3000 	C:\WINDOWS\System32\msvcp_win.dll
0x0000024c28620000 - 0x0000024c2876b000 	C:\WINDOWS\System32\ucrtbase.dll
0x00007ff822970000 - 0x00007ff82298b000 	C:\Program Files\Java\jdk-21\bin\VCRUNTIME140.dll
0x00007ff84a860000 - 0x00007ff84aaf3000 	C:\WINDOWS\WinSxS\amd64_microsoft.windows.common-controls_6595b64144ccf1df_6.0.26100.8115_none_3e075c82e3354f9c\COMCTL32.dll
0x00007ff861ec0000 - 0x00007ff861ecb000 	C:\WINDOWS\SYSTEM32\VERSION.dll
0x00007ff875f40000 - 0x00007ff876006000 	C:\WINDOWS\System32\cyvrtrap.dll
0x00007ff875d80000 - 0x00007ff875db2000 	C:\WINDOWS\System32\IMM32.DLL
0x00007ff851d70000 - 0x00007ff851d7c000 	C:\Program Files\Java\jdk-21\bin\vcruntime140_1.dll
0x00007ff822810000 - 0x00007ff82289e000 	C:\Program Files\Java\jdk-21\bin\msvcp140.dll
0x00007ff821af0000 - 0x00007ff82280d000 	C:\Program Files\Java\jdk-21\bin\server\jvm.dll
0x00007ff874080000 - 0x00007ff874100000 	C:\WINDOWS\System32\WS2_32.dll
0x00007ff872e20000 - 0x00007ff872e7e000 	C:\WINDOWS\SYSTEM32\POWRPROF.dll
0x00007ff86b030000 - 0x00007ff86b066000 	C:\WINDOWS\SYSTEM32\WINMM.dll
0x00007ff872e00000 - 0x00007ff872e14000 	C:\WINDOWS\SYSTEM32\UMPDC.dll
0x00007ff871d10000 - 0x00007ff871d2b000 	C:\WINDOWS\SYSTEM32\kernel.appcore.dll
0x00007ff8281e0000 - 0x00007ff8281ea000 	C:\Program Files\Java\jdk-21\bin\jimage.dll
0x00007ff870bb0000 - 0x00007ff870df2000 	C:\WINDOWS\SYSTEM32\DBGHELP.DLL
0x00007ff874970000 - 0x00007ff874cf2000 	C:\WINDOWS\System32\combase.dll
0x00007ff8752e0000 - 0x00007ff8753b8000 	C:\WINDOWS\System32\OLEAUT32.dll
0x00007ff84acf0000 - 0x00007ff84ad2b000 	C:\WINDOWS\SYSTEM32\dbgcore.DLL
0x00007ff873bb0000 - 0x00007ff873c55000 	C:\WINDOWS\System32\bcryptPrimitives.dll
0x00007ff875ef0000 - 0x00007ff875f3a000 	C:\Program Files\Palo Alto Networks\Traps\cyjagent.dll
0x00007ff822990000 - 0x00007ff8229af000 	C:\Program Files\Java\jdk-21\bin\java.dll
0x00007ff8741e0000 - 0x00007ff874947000 	C:\WINDOWS\System32\SHELL32.dll
0x00007ff873120000 - 0x00007ff87328a000 	C:\WINDOWS\System32\wintypes.dll
0x00007ff873290000 - 0x00007ff873af8000 	C:\WINDOWS\System32\windows.storage.dll
0x00007ff874d80000 - 0x00007ff874e78000 	C:\WINDOWS\System32\SHCORE.dll
0x00007ff875740000 - 0x00007ff8757a6000 	C:\WINDOWS\System32\shlwapi.dll
0x00007ff872eb0000 - 0x00007ff872ed9000 	C:\WINDOWS\SYSTEM32\profapi.dll
0x00007ff821370000 - 0x00007ff821380000 	C:\Program Files\Java\jdk-21\bin\net.dll
0x00007ff8648c0000 - 0x00007ff8649ed000 	C:\WINDOWS\SYSTEM32\WINHTTP.dll
0x00007ff872260000 - 0x00007ff8722cc000 	C:\WINDOWS\system32\mswsock.dll
0x00007ff821260000 - 0x00007ff821276000 	C:\Program Files\Java\jdk-21\bin\nio.dll
0x00007ff821a80000 - 0x00007ff821a98000 	C:\Program Files\Java\jdk-21\bin\zip.dll
0x00007ff85c0c0000 - 0x00007ff85c0ca000 	C:\Program Files\Java\jdk-21\bin\management.dll
0x00007ff85c0b0000 - 0x00007ff85c0bb000 	C:\Program Files\Java\jdk-21\bin\management_ext.dll
0x00007ff8757b0000 - 0x00007ff8757b8000 	C:\WINDOWS\System32\PSAPI.DLL
0x00007ff81a2c0000 - 0x00007ff81a2ce000 	C:\Program Files\Java\jdk-21\bin\sunmscapi.dll
0x00007ff873d20000 - 0x00007ff873e97000 	C:\WINDOWS\System32\CRYPT32.dll
0x00007ff8727c0000 - 0x00007ff8727f0000 	C:\WINDOWS\SYSTEM32\ncrypt.dll
0x00007ff872770000 - 0x00007ff8727af000 	C:\WINDOWS\SYSTEM32\NTASN1.dll
0x00007ff872660000 - 0x00007ff87267b000 	C:\WINDOWS\SYSTEM32\CRYPTSP.dll
0x00007ff871c70000 - 0x00007ff871ca9000 	C:\WINDOWS\system32\rsaenh.dll
0x00007ff872310000 - 0x00007ff872343000 	C:\WINDOWS\SYSTEM32\USERENV.dll
0x00007ff872ee0000 - 0x00007ff872f0a000 	C:\WINDOWS\SYSTEM32\bcrypt.dll
0x00007ff8724c0000 - 0x00007ff8724cc000 	C:\WINDOWS\SYSTEM32\CRYPTBASE.dll
0x00007ff8714d0000 - 0x00007ff871502000 	C:\WINDOWS\SYSTEM32\IPHLPAPI.DLL
0x00007ff8757c0000 - 0x00007ff8757ca000 	C:\WINDOWS\System32\NSI.dll
0x00007ff871510000 - 0x00007ff871642000 	C:\WINDOWS\SYSTEM32\DNSAPI.dll
0x00007ff863050000 - 0x00007ff86305b000 	C:\Windows\System32\rasadhlp.dll
0x00007ff86a440000 - 0x00007ff86a4c6000 	C:\WINDOWS\System32\fwpuclnt.dll
0x00007ff851cb0000 - 0x00007ff851cb9000 	C:\Program Files\Java\jdk-21\bin\extnet.dll
0x00007ff849a50000 - 0x00007ff849a58000 	C:\WINDOWS\system32\wshunix.dll

dbghelp: loaded successfully - version: 4.0.5 - missing functions: none
symbol engine: initialized successfully - sym options: 0x614 - pdb path: .;C:\Program Files\Java\jdk-21\bin;C:\WINDOWS\SYSTEM32;C:\WINDOWS\WinSxS\amd64_microsoft.windows.common-controls_6595b64144ccf1df_6.0.26100.8115_none_3e075c82e3354f9c;C:\Program Files\Java\jdk-21\bin\server;C:\Program Files\Palo Alto Networks\Traps

VM Arguments:
jvm_args: -XX:TieredStopAtLevel=1 -agentpath:C:\Program Files\Palo Alto Networks\Traps\cyjagent.dll 
java_command: com.pharmanet.ubicacion_service.UbicacionServiceApplication
java_class_path (initial): C:\Users\VI-Alumno\Inventario-Pharmanet\ubicacion_service\target\classes;C:\Users\VI-Alumno\.m2\repository\ch\qos\logback\logback-classic\1.5.32\logback-classic-1.5.32.jar;C:\Users\VI-Alumno\.m2\repository\ch\qos\logback\logback-core\1.5.32\logback-core-1.5.32.jar;C:\Users\VI-Alumno\.m2\repository\org\apache\logging\log4j\log4j-to-slf4j\2.25.4\log4j-to-slf4j-2.25.4.jar;C:\Users\VI-Alumno\.m2\repository\org\apache\logging\log4j\log4j-api\2.25.4\log4j-api-2.25.4.jar;C:\Users\VI-Alumno\.m2\repository\org\slf4j\jul-to-slf4j\2.0.17\jul-to-slf4j-2.0.17.jar;C:\Users\VI-Alumno\.m2\repository\jakarta\annotation\jakarta.annotation-api\3.0.0\jakarta.annotation-api-3.0.0.jar;C:\Users\VI-Alumno\.m2\repository\org\yaml\snakeyaml\2.5\snakeyaml-2.5.jar;C:\Users\VI-Alumno\.m2\repository\com\zaxxer\HikariCP\7.0.2\HikariCP-7.0.2.jar;C:\Users\VI-Alumno\.m2\repository\org\slf4j\slf4j-api\2.0.17\slf4j-api-2.0.17.jar;C:\Users\VI-Alumno\.m2\repository\org\springframework\boot\spring-boot-data-jpa\4.0.6\spring-boot-data-jpa-4.0.6.jar;C:\Users\VI-Alumno\.m2\repository\org\springframework\boot\spring-boot-data-commons\4.0.6\spring-boot-data-commons-4.0.6.jar;C:\Users\VI-Alumno\.m2\repository\org\springframework\boot\spring-boot-persistence\4.0.6\spring-boot-persistence-4.0.6.jar;C:\Users\VI-Alumno\.m2\repository\org\springframework\data\spring-data-commons\4.0.5\spring-data-commons-4.0.5.jar;C:\Users\VI-Alumno\.m2\repository\org\springframework\boot\spring-boot-hibernate\4.0.6\spring-boot-hibernate-4.0.6.jar;C:\Users\VI-Alumno\.m2\repository\org\springframework\boot\spring-boot-jpa\4.0.6\spring-boot-jpa-4.0.6.jar;C:\Users\VI-Alumno\.m2\repository\jakarta\persistence\jakarta.persistence-api\3.2.0\jakarta.persistence-api-3.2.0.jar;C:\Users\VI-Alumno\.m2\repository\org\hibernate\orm\hibernate-core\7.2.12.Final\hibernate-core-7.2.12.Final.jar;C:\Users\VI-Alumno\.m2\repository\jakarta\transaction\jakarta.transaction-api\2.0.1\jakarta.transaction-api-2.0.1.jar;C:\Users\VI-Alumno\.m2\repository\org\hibernate\models\hibernate-models\1.0.1\hibernate-models-1.0.1.jar;C:\Users\VI-Alumno\.m2\repository\org\glassfish\jaxb\jaxb-runtime\4.0.6\jaxb-runtime-4.0.6.jar;C:\Users\VI-Alumno\.m2\repository\org\glassfish\jaxb\jaxb-core\4.0.6\jaxb-core-4.0.6.jar;C:\Users\VI-Alumno\.m2\repository\org\eclipse\angus\angus-activation\2.0.3\angus-activation-2.0.3.jar;C:\Users\VI-Alumno\.m2\repository\org\glassfish\jaxb\txw2\4.0.6\txw2-4.0.6.jar;C:\Users\VI-Alumno\.m2\repository\com\sun\istack\istack-commons-runtime\4.1.2\istack-commons-runtime-4.1.2.jar;C:\Users\VI-Alumno\.m2\repository\jakarta\inject\jakarta.inject-api\2.0.1\jakarta.inject-api-2.0.1.jar;C:\Users\VI-Alumno\.m2\repository\org\springframework\spring-orm\7.0.7\spring-orm-7.0.7.jar;C:\Users\VI-Alumno\.m2\repository\org\springframework\data\spring-data-jpa\4.0.5\spring-data-jpa-4.0.5.jar;C:\Users\VI-Alumno\.m2\repository\org\springframework\spring-aop\7.0.7\spring-aop-7.0.7.jar;C:\Users\VI-Alumno\.m2\repository\org\springframework\spring-tx\7.0.7\spring-tx-7.0.7.jar;C:\Users\VI-Alumno\.m2\repository\org\springframework\spring-beans\7.0.7\spring-beans-7.0.7.jar;C:\Users\VI-Alumno\.m2\repository\org\antlr\antlr4-runtime\4.13.2\antlr4-runtime-4.13.2.jar;C:\Users\VI-Alumno\.m2\repository\org\springframework\spring-aspects\7.0.7\spring-aspects-7.0.7.jar;C:\Users\VI-Alumno\.m2\repository\org\aspectj\aspectjweaver\1.9.25.1\aspectjweaver-1.9.25.1.jar;C:\Users\VI-Alumno\.m2\repository\org\springframework\boot\spring-boot-jdbc\4.0.6\spring-boot-jdbc-4.0.6.jar;C:\Users\VI-Alumno\.m2\repository\org\springframework\boot\spring-boot-sql\4.0.6\spring-boot-sql-4.0.6.jar;C:\Users\VI-Alumno\.m2\repository\org\springframework\boot\spring-boot-transaction\4.0.6\spring-boot-transaction-4.0.6.jar;C:\Users\VI-Alumno\.m2\repository\org\springframework\spring-jdbc\7.0.7\spring-jdbc-7.0.7.jar;C:\Users\VI-Alumno\.m2\repository\org\springframework\boot\spring-boot-flyway\4.0.6\spring-boot-flyway-4.0.6.jar;C:\Users\VI-Alumno\.m2\repository\org\springframework\boot\spring-boot-validation\4.0.6\spring-boot-validation-4.0.6.jar;C:\Users\VI-Alumno\.m2\repository\org\apache\tomcat\embed\tomcat-embed-el\11.0.21\tomcat-embed-el-11.0.21.jar;C:\Users\VI-Alumno\.m2\repository\org\hibernate\validator\hibernate-validator\9.0.1.Final\hibernate-validator-9.0.1.Final.jar;C:\Users\VI-Alumno\.m2\repository\jakarta\validation\jakarta.validation-api\3.1.1\jakarta.validation-api-3.1.1.jar;C:\Users\VI-Alumno\.m2\repository\org\jboss\logging\jboss-logging\3.6.3.Final\jboss-logging-3.6.3.Final.jar;C:\Users\VI-Alumno\.m2\repository\com\fasterxml\classmate\1.7.3\classmate-1.7.3.jar;C:\Users\VI-Alumno\.m2\repository\org\springframework\boot\spring-boot-jackson\4.0.6\spring-boot-jackson-4.0.6.jar;C:\Users\VI-Alumno\.m2\repository\tools\jackson\core\jackson-databind\3.1.2\jackson-databind-3.1.2.jar;C:\Users\VI-Alumno\.m2\repository\tools\jackson\core\jackson-core\3.1.2\jackson-core-3.1.2.jar;C:\Users\VI-Alumno\.m2\repository\org\apache\tomcat\embed\tomcat-embed-core\11.0.21\tomcat-embed-core-11.0.21.jar;C:\Users\VI-Alumno\.m2\repository\org\apache\tomcat\embed\tomcat-embed-websocket\11.0.21\tomcat-embed-websocket-11.0.21.jar;C:\Users\VI-Alumno\.m2\repository\org\springframework\boot\spring-boot-tomcat\4.0.6\spring-boot-tomcat-4.0.6.jar;C:\Users\VI-Alumno\.m2\repository\org\springframework\boot\spring-boot-http-converter\4.0.6\spring-boot-http-converter-4.0.6.jar;C:\Users\VI-Alumno\.m2\repository\org\springframework\spring-web\7.0.7\spring-web-7.0.7.jar;C:\Users\VI-Alumno\.m2\repository\io\micrometer\micrometer-observation\1.16.5\micrometer-observation-1.16.5.jar;C:\Users\VI-Alumno\.m2\repository\io\micrometer\micrometer-commons\1.16.5\micrometer-commons-1.16.5.jar;C:\Users\VI-Alumno\.m2\repository\org\springframework\boot\spring-boot-webmvc\4.0.6\spring-boot-webmvc-4.0.6.jar;C:\Users\VI-Alumno\.m2\repository\org\springframework\boot\spring-boot-servlet\4.0.6\spring-boot-servlet-4.0.6.jar;C:\Users\VI-Alumno\.m2\repository\org\springframework\spring-webmvc\7.0.7\spring-webmvc-7.0.7.jar;C:\Users\VI-Alumno\.m2\repository\org\springframework\spring-expression\7.0.7\spring-expression-7.0.7.jar;C:\Users\VI-Alumno\.m2\repository\org\flywaydb\flyway-mysql\11.14.1\flyway-mysql-11.14.1.jar;C:\Users\VI-Alumno\.m2\repository\org\flywaydb\flyway-core\11.14.1\flyway-core-11.14.1.jar;C:\Users\VI-Alumno\.m2\repository\com\fasterxml\jackson\core\jackson-databind\2.21.2\jackson-databind-2.21.2.jar;C:\Users\VI-Alumno\.m2\repository\com\fasterxml\jackson\core\jackson-annotations\2.21\jackson-annotations-2.21.jar;C:\Users\VI-Alumno\.m2\repository\com\fasterxml\jackson\core\jackson-core\2.21.2\jackson-core-2.21.2.jar;C:\Users\VI-Alumno\.m2\repository\org\springframework\boot\spring-boot-devtools\4.0.6\spring-boot-devtools-4.0.6.jar;C:\Users\VI-Alumno\.m2\repository\org\springframework\boot\spring-boot\4.0.6\spring-boot-4.0.6.jar;C:\Users\VI-Alumno\.m2\repository\org\springframework\spring-core\7.0.7\spring-core-7.0.7.jar;C:\Users\VI-Alumno\.m2\repository\commons-logging\commons-logging\1.3.6\commons-logging-1.3.6.jar;C:\Users\VI-Alumno\.m2\repository\org\springframework\spring-context\7.0.7\spring-context-7.0.7.jar;C:\Users\VI-Alumno\.m2\repository\org\springframework\boot\spring-boot-autoconfigure\4.0.6\spring-boot-autoconfigure-4.0.6.jar;C:\Users\VI-Alumno\.m2\repository\com\mysql\mysql-connector-j\9.7.0\mysql-connector-j-9.7.0.jar;C:\Users\VI-Alumno\.m2\repository\jakarta\xml\bind\jakarta.xml.bind-api\4.0.4\jakarta.xml.bind-api-4.0.4.jar;C:\Users\VI-Alumno\.m2\repository\jakarta\activation\jakarta.activation-api\2.1.4\jakarta.activation-api-2.1.4.jar;C:\Users\VI-Alumno\.m2\repository\net\bytebuddy\byte-buddy\1.17.8\byte-buddy-1.17.8.jar;C:\Users\VI-Alumno\.m2\repository\org\springframework\boot\spring-boot-web-server\4.0.6\spring-boot-web-server-4.0.6.jar;C:\Users\VI-Alumno\.m2\repository\org\springdoc\springdoc-openapi-starter-webmvc-ui\3.0.0\springdoc-openapi-starter-webmvc-ui-3.0.0.jar;C:\Users\VI-Alumno\.m2\repository\org\springdoc\springdoc-openapi-starter-webmvc-api\3.0.0\springdoc-openapi-starter-webmvc-api-3.0.0.jar;C:\Users\VI-Alumno\.m2\repository\org\springdoc\springdoc-openapi-starter-common\3.0.0\springdoc-openapi-starter-common-3.0.0.jar;C:\Users\VI-Alumno\.m2\repository\io\swagger\core\v3\swagger-core-jakarta\2.2.38\swagger-core-jakarta-2.2.38.jar;C:\Users\VI-Alumno\.m2\repository\org\apache\commons\commons-lang3\3.19.0\commons-lang3-3.19.0.jar;C:\Users\VI-Alumno\.m2\repository\io\swagger\core\v3\swagger-annotations-jakarta\2.2.38\swagger-annotations-jakarta-2.2.38.jar;C:\Users\VI-Alumno\.m2\repository\io\swagger\core\v3\swagger-models-jakarta\2.2.38\swagger-models-jakarta-2.2.38.jar;C:\Users\VI-Alumno\.m2\repository\com\fasterxml\jackson\dataformat\jackson-dataformat-yaml\2.21.2\jackson-dataformat-yaml-2.21.2.jar;C:\Users\VI-Alumno\.m2\repository\com\fasterxml\jackson\datatype\jackson-datatype-jsr310\2.21.2\jackson-datatype-jsr310-2.21.2.jar;C:\Users\VI-Alumno\.m2\repository\org\webjars\swagger-ui\5.30.1\swagger-ui-5.30.1.jar;C:\Users\VI-Alumno\.m2\repository\org\webjars\webjars-locator-lite\1.1.3\webjars-locator-lite-1.1.3.jar;C:\Users\VI-Alumno\.m2\repository\org\jspecify\jspecify\1.0.0\jspecify-1.0.0.jar
Launcher Type: SUN_STANDARD

[Global flags]
     intx CICompilerCount                          = 4                                         {product} {ergonomic}
     uint ConcGCThreads                            = 3                                         {product} {ergonomic}
     uint G1ConcRefinementThreads                  = 10                                        {product} {ergonomic}
   size_t G1HeapRegionSize                         = 2097152                                   {product} {ergonomic}
    uintx GCDrainStackTargetSize                   = 64                                        {product} {ergonomic}
   size_t InitialHeapSize                          = 264241152                                 {product} {ergonomic}
   size_t MarkStackSize                            = 4194304                                   {product} {ergonomic}
   size_t MaxHeapSize                              = 4215275520                                {product} {ergonomic}
   size_t MaxNewSize                               = 2529165312                                {product} {ergonomic}
   size_t MinHeapDeltaBytes                        = 2097152                                   {product} {ergonomic}
   size_t MinHeapSize                              = 8388608                                   {product} {ergonomic}
    uintx NonNMethodCodeHeapSize                   = 4096                                   {pd product} {ergonomic}
    uintx NonProfiledCodeHeapSize                  = 0                                      {pd product} {ergonomic}
     bool ProfileInterpreter                       = false                                  {pd product} {command line}
    uintx ProfiledCodeHeapSize                     = 0                                      {pd product} {ergonomic}
   size_t SoftMaxHeapSize                          = 4215275520                             {manageable} {ergonomic}
     intx TieredStopAtLevel                        = 1                                         {product} {command line}
     bool UseCompressedOops                        = true                           {product lp64_product} {ergonomic}
     bool UseG1GC                                  = true                                      {product} {ergonomic}
     bool UseLargePagesIndividualAllocation        = false                                  {pd product} {ergonomic}

Logging:
Log output configuration:
 #0: stdout all=warning uptime,level,tags foldmultilines=false
 #1: stderr all=off uptime,level,tags foldmultilines=false

Environment Variables:
PATH=C:\Program Files\Microsoft VS Code;C:\app\Duoc\product\21c\dbhomeXE\bin;C:\Program Files (x86)\VMware\VMware Player\bin\;C:\Program Files\Common Files\Oracle\Java\javapath;C:\Program Files\Python312\Scripts\;C:\Program Files\Python312\;C:\WINDOWS\system32;C:\WINDOWS;C:\WINDOWS\System32\Wbem;C:\WINDOWS\System32\WindowsPowerShell\v1.0\;C:\WINDOWS\System32\OpenSSH\;C:\Users\VI-Alumno\AppData\Roaming\Python\Python312\Scripts;C:\Program Files\Microsoft VS Code\bin;C:\Program Files\dotnet\;C:\Program Files\Git\cmd;C:\Program Files\nodejs\;C:\Program Files\PuTTY\;C:\app\Duoc\product\21c\dbhomeXE\bin;C:\Program Files\Microsoft SQL Server\Client SDK\ODBC\170\Tools\Binn\;C:\Program Files (x86)\Microsoft SQL Server\150\Tools\Binn\;C:\Program Files\Microsoft SQL Server\150\Tools\Binn\;C:\Program Files\Microsoft SQL Server\150\DTS\Binn\;C:\Program Files (x86)\Microsoft SQL Server\150\DTS\Binn\;C:\Program Files\Azure Data Studio\bin;C:\Program Files\Microsoft SQL Server\130\Tools\Binn\;C:\Program Files (x86)\Microsoft SQL Server\110\DTS\Binn\;C:\Program Files (x86)\Microsoft SQL Server\120\DTS\Binn\;C:\Program Files (x86)\Microsoft SQL Server\130\DTS\Binn\;C:\Program Files (x86)\Microsoft SQL Server\140\DTS\Binn\;C:\Program Files (x86)\Microsoft SQL Server\160\DTS\Binn\;C:\Program Files\MongoDB\Server\8.0\bin;C:\Program Files\MySQL\MySQL Shell 8.0\bin\;C:\Users\VI-Alumno\AppData\Local\Microsoft\WindowsApps;C:\Users\VI-Alumno\AppData\Roaming\Python\Python312\Scripts;C:\Users\VI-Alumno\AppData\Roaming\npm;C:\app\Duoc\product\21c\dbhomeXE\bin;C:\Program Files\Azure Data Studio\bin;C:\Program Files (x86)\Nmap;C:\Program Files\JetBrains\IntelliJ IDEA Community Edition 2025.1\bin;;C:\Program Files\MongoDB\Server\8.0\bin;C:\Program Files\mongosh\;c:\Users\VI-Alumno\.vscode\extensions\vscjava.vscode-java-debug-0.59.0\bundled\scripts\noConfigScripts
USERNAME=VI-Alumno
LANG=en_US.UTF-8
OS=Windows_NT
PROCESSOR_IDENTIFIER=Intel64 Family 6 Model 151 Stepping 5, GenuineIntel
TMP=C:\Users\VI-ALU~1\AppData\Local\Temp
TEMP=C:\Users\VI-ALU~1\AppData\Local\Temp




Periodic native trim disabled

---------------  S Y S T E M  ---------------

OS:
 Windows 11 , 64 bit Build 26100 (10.0.26100.8246)
OS uptime: 0 days 1:16 hours
Hyper-V role detected

CPU: total 12 (initial active 12) (6 cores per cpu, 2 threads per core) family 6 model 151 stepping 5 microcode 0x3a, cx8, cmov, fxsr, ht, mmx, 3dnowpref, sse, sse2, sse3, ssse3, sse4.1, sse4.2, popcnt, lzcnt, tsc, tscinvbit, avx, avx2, aes, erms, clmul, bmi1, bmi2, adx, sha, fma, vzeroupper, clflush, clflushopt, clwb, hv, serialize, rdtscp, rdpid, fsrm, f16c, cet_ibt, cet_ss
Processor Information for all 12 processors :
  Max Mhz: 3000, Current Mhz: 3000, Mhz Limit: 3000

Memory: 4k page, system-wide physical 16072M (3600M free)
TotalPageFile size 19016M (AvailPageFile size 47M)
current process WorkingSet (physical memory assigned to process): 297M, peak: 301M
current process commit charge ("private bytes"): 346M, peak: 382M

vm_info: Java HotSpot(TM) 64-Bit Server VM (21.0.8+12-LTS-250) for windows-amd64 JRE (21.0.8+12-LTS-250), built on 2025-06-27T08:11:22Z by "mach5one" with MS VC++ 17.6 (VS2022)

END.
