2026-05-24T00:49:02.073-04:00  INFO 13352 --- [producto_service] [restartedMain] c.p.p.ProductoServiceApplication         : Starting ProductoServiceApplication using Java 21.0.9 with PID 13352 (C:\Users\bobip\Documents\Inventario-y-Logistica\producto_service\target\classes started by bobip in C:\Users\bobip\Documents\Inventario-y-Logistica\producto_service)
2026-05-24T00:49:02.166-04:00  INFO 13352 --- [producto_service] [restartedMain] c.p.p.ProductoServiceApplication         : No active profile set, falling back to 1 default profile: "default"
2026-05-24T00:49:02.680-04:00  INFO 13352 --- [producto_service] [restartedMain] .e.DevToolsPropertyDefaultsPostProcessor : Devtools property defaults active! Set 'spring.devtools.add-properties' to 'false' to disable
2026-05-24T00:49:02.737-04:00  INFO 13352 --- [producto_service] [restartedMain] .e.DevToolsPropertyDefaultsPostProcessor : For additional web related logging consider setting the 'logging.level.web' property to 'DEBUG'
2026-05-24T00:49:08.327-04:00  INFO 13352 --- [producto_service] [restartedMain] .s.d.r.c.RepositoryConfigurationDelegate : Bootstrapping Spring Data JPA repositories in DEFAULT mode.
2026-05-24T00:49:08.613-04:00  INFO 13352 --- [producto_service] [restartedMain] .s.d.r.c.RepositoryConfigurationDelegate : Finished Spring Data repository scanning in 232 ms. Found 1 JPA repository interface.
2026-05-24T00:49:09.435-04:00  INFO 13352 --- [producto_service] [restartedMain] o.s.cloud.context.scope.GenericScope     : BeanFactory id=9d8a3dd9-6582-33b6-bf23-3fd3b7470b2c
2026-05-24T00:49:12.175-04:00  INFO 13352 --- [producto_service] [restartedMain] o.s.boot.tomcat.TomcatWebServer          : Tomcat initialized with port 8083 (http)
2026-05-24T00:49:12.354-04:00  INFO 13352 --- [producto_service] [restartedMain] o.apache.catalina.core.StandardService   : Starting service [Tomcat]
2026-05-24T00:49:12.358-04:00  INFO 13352 --- [producto_service] [restartedMain] o.apache.catalina.core.StandardEngine    : Starting Servlet engine: [Apache Tomcat/11.0.21]
2026-05-24T00:49:12.868-04:00  INFO 13352 --- [producto_service] [restartedMain] b.w.c.s.WebApplicationContextInitializer : Root WebApplicationContext: initialization completed in 10124 ms
2026-05-24T00:49:14.801-04:00  INFO 13352 --- [producto_service] [restartedMain] com.zaxxer.hikari.HikariDataSource       : HikariPool-1 - Starting...
2026-05-24T00:49:19.824-04:00  INFO 13352 --- [producto_service] [restartedMain] com.zaxxer.hikari.pool.HikariPool        : HikariPool-1 - Added connection com.mysql.cj.jdbc.ConnectionImpl@4e23fdd0
2026-05-24T00:49:19.883-04:00  INFO 13352 --- [producto_service] [restartedMain] com.zaxxer.hikari.HikariDataSource       : HikariPool-1 - Start completed.
2026-05-24T00:49:22.289-04:00  INFO 13352 --- [producto_service] [restartedMain] org.flywaydb.core.FlywayExecutor         : Database: jdbc:mysql://localhost:3306/bd_producto (MySQL 5.5)
2026-05-24T00:49:22.672-04:00  INFO 13352 --- [producto_service] [restartedMain] o.f.core.internal.command.DbValidate     : Successfully validated 3 migrations (execution time 00:00.221s)
2026-05-24T00:49:22.746-04:00  INFO 13352 --- [producto_service] [restartedMain] o.f.core.internal.command.DbMigrate      : Current version of schema `bd_producto`: 3
2026-05-24T00:49:22.852-04:00  INFO 13352 --- [producto_service] [restartedMain] o.f.core.internal.command.DbMigrate      : Schema `bd_producto` is up to date. No migration necessary.
2026-05-24T00:49:23.595-04:00  INFO 13352 --- [producto_service] [restartedMain] org.hibernate.orm.jpa                    : HHH008540: Processing PersistenceUnitInfo [name: default]
2026-05-24T00:49:26.923-04:00  INFO 13352 --- [producto_service] [restartedMain] org.hibernate.orm.core                   : HHH000001: Hibernate ORM core version 7.2.12.Final
2026-05-24T00:49:33.989-04:00  INFO 13352 --- [producto_service] [restartedMain] o.s.o.j.p.SpringPersistenceUnitInfo      : No LoadTimeWeaver setup: ignoring JPA class transformer
2026-05-24T00:49:35.497-04:00  WARN 13352 --- [producto_service] [restartedMain] org.hibernate.orm.core                   : HHH000511: The 5.5.5 version for [org.hibernate.dialect.MySQLDialect] is no longer supported, hence certain features may not work properly.The minimum supported version is 8.0.0. Check the community dialects project for available legacy versions.
2026-05-24T00:49:35.677-04:00  INFO 13352 --- [producto_service] [restartedMain] org.hibernate.orm.connections.pooling    : HHH10001005: Database info:
	Database JDBC URL [jdbc:mysql://localhost:3306/bd_producto]
	Database driver: MySQL Connector/J
	Database dialect: MySQLDialect
	Database version: 5.5.5
	Default catalog/schema: bd_producto/undefined
	Autocommit mode: undefined/unknown
	Isolation level: REPEATABLE_READ [default REPEATABLE_READ]
	JDBC fetch size: none
	Pool: DataSourceConnectionProvider
	Minimum pool size: undefined/unknown
	Maximum pool size: undefined/unknown
2026-05-24T00:49:46.740-04:00  INFO 13352 --- [producto_service] [restartedMain] org.hibernate.orm.core                   : HHH000489: No JTA platform available (set 'hibernate.transaction.jta.platform' to enable JTA platform integration)
2026-05-24T00:49:46.782-04:00  INFO 13352 --- [producto_service] [restartedMain] j.LocalContainerEntityManagerFactoryBean : Initialized JPA EntityManagerFactory for persistence unit 'default'
2026-05-24T00:49:47.557-04:00  INFO 13352 --- [producto_service] [restartedMain] o.s.d.j.r.query.QueryEnhancerFactories   : Hibernate is in classpath; If applicable, HQL parser will be used.
2026-05-24T00:49:50.563-04:00  WARN 13352 --- [producto_service] [restartedMain] JpaBaseConfiguration$JpaWebConfiguration : spring.jpa.open-in-view is enabled by default. Therefore, database queries may be performed during view rendering. Explicitly configure spring.jpa.open-in-view to disable this warning
2026-05-24T00:49:53.299-04:00  INFO 13352 --- [producto_service] [restartedMain] o.s.boot.tomcat.TomcatWebServer          : Tomcat started on port 8083 (http) with context path '/'
2026-05-24T00:49:53.347-04:00  INFO 13352 --- [producto_service] [restartedMain] c.p.p.ProductoServiceApplication         : Started ProductoServiceApplication in 54.625 seconds (process running for 61.102)
2026-05-24T01:42:00.724-04:00  WARN 13352 --- [producto_service] [HikariPool-1:housekeeper] com.zaxxer.hikari.pool.PoolBase          : HikariPool-1 - Failed to validate connection com.mysql.cj.jdbc.ConnectionImpl@6d3cf3e7 (No operations allowed after connection closed.). Possibly consider using a shorter maxLifetime value.
2026-05-24T01:43:25.987-04:00  INFO 13352 --- [producto_service] [SpringApplicationShutdownHook] o.s.boot.tomcat.GracefulShutdown         : Commencing graceful shutdown. Waiting for active requests to complete
2026-05-24T01:43:26.833-04:00  INFO 13352 --- [producto_service] [tomcat-shutdown] o.s.boot.tomcat.GracefulShutdown         : Graceful shutdown complete
2026-05-24T13:53:07.956-04:00  INFO 9096 --- [producto_service] [restartedMain] c.p.p.ProductoServiceApplication         : Starting ProductoServiceApplication using Java 21.0.9 with PID 9096 (C:\Users\bobip\Documents\Inventario-y-Logistica\producto_service\target\classes started by bobip in C:\Users\bobip\Documents\Inventario-y-Logistica\producto_service)
2026-05-24T13:53:07.971-04:00  INFO 9096 --- [producto_service] [restartedMain] c.p.p.ProductoServiceApplication         : No active profile set, falling back to 1 default profile: "default"
2026-05-24T13:53:08.199-04:00  INFO 9096 --- [producto_service] [restartedMain] .e.DevToolsPropertyDefaultsPostProcessor : Devtools property defaults active! Set 'spring.devtools.add-properties' to 'false' to disable
2026-05-24T13:53:08.200-04:00  INFO 9096 --- [producto_service] [restartedMain] .e.DevToolsPropertyDefaultsPostProcessor : For additional web related logging consider setting the 'logging.level.web' property to 'DEBUG'
2026-05-24T13:53:11.567-04:00  INFO 9096 --- [producto_service] [restartedMain] .s.d.r.c.RepositoryConfigurationDelegate : Bootstrapping Spring Data JPA repositories in DEFAULT mode.
2026-05-24T13:53:11.990-04:00  INFO 9096 --- [producto_service] [restartedMain] .s.d.r.c.RepositoryConfigurationDelegate : Finished Spring Data repository scanning in 362 ms. Found 1 JPA repository interface.
2026-05-24T13:53:12.752-04:00  INFO 9096 --- [producto_service] [restartedMain] o.s.cloud.context.scope.GenericScope     : BeanFactory id=9d8a3dd9-6582-33b6-bf23-3fd3b7470b2c
2026-05-24T13:53:14.761-04:00  INFO 9096 --- [producto_service] [restartedMain] o.s.boot.tomcat.TomcatWebServer          : Tomcat initialized with port 8083 (http)
2026-05-24T13:53:14.826-04:00  INFO 9096 --- [producto_service] [restartedMain] o.apache.catalina.core.StandardService   : Starting service [Tomcat]
2026-05-24T13:53:14.829-04:00  INFO 9096 --- [producto_service] [restartedMain] o.apache.catalina.core.StandardEngine    : Starting Servlet engine: [Apache Tomcat/11.0.21]
2026-05-24T13:53:15.050-04:00  INFO 9096 --- [producto_service] [restartedMain] b.w.c.s.WebApplicationContextInitializer : Root WebApplicationContext: initialization completed in 6846 ms
2026-05-24T13:53:16.711-04:00  INFO 9096 --- [producto_service] [restartedMain] com.zaxxer.hikari.HikariDataSource       : HikariPool-1 - Starting...
2026-05-24T13:53:17.399-04:00  INFO 9096 --- [producto_service] [restartedMain] com.zaxxer.hikari.pool.HikariPool        : HikariPool-1 - Added connection com.mysql.cj.jdbc.ConnectionImpl@7a8920a
2026-05-24T13:53:17.408-04:00  INFO 9096 --- [producto_service] [restartedMain] com.zaxxer.hikari.HikariDataSource       : HikariPool-1 - Start completed.
2026-05-24T13:53:19.197-04:00  INFO 9096 --- [producto_service] [restartedMain] org.flywaydb.core.FlywayExecutor         : Database: jdbc:mysql://localhost:3306/bd_producto (MySQL 5.5)
2026-05-24T13:53:19.453-04:00  INFO 9096 --- [producto_service] [restartedMain] o.f.core.internal.command.DbValidate     : Successfully validated 3 migrations (execution time 00:00.153s)
2026-05-24T13:53:19.504-04:00  INFO 9096 --- [producto_service] [restartedMain] o.f.core.internal.command.DbMigrate      : Current version of schema `bd_producto`: 3
2026-05-24T13:53:19.528-04:00  INFO 9096 --- [producto_service] [restartedMain] o.f.core.internal.command.DbMigrate      : Schema `bd_producto` is up to date. No migration necessary.
2026-05-24T13:53:19.886-04:00  INFO 9096 --- [producto_service] [restartedMain] org.hibernate.orm.jpa                    : HHH008540: Processing PersistenceUnitInfo [name: default]
2026-05-24T13:53:20.164-04:00  INFO 9096 --- [producto_service] [restartedMain] org.hibernate.orm.core                   : HHH000001: Hibernate ORM core version 7.2.12.Final
2026-05-24T13:53:22.426-04:00  INFO 9096 --- [producto_service] [restartedMain] o.s.o.j.p.SpringPersistenceUnitInfo      : No LoadTimeWeaver setup: ignoring JPA class transformer
2026-05-24T13:53:22.707-04:00  WARN 9096 --- [producto_service] [restartedMain] org.hibernate.orm.core                   : HHH000511: The 5.5.5 version for [org.hibernate.dialect.MySQLDialect] is no longer supported, hence certain features may not work properly.The minimum supported version is 8.0.0. Check the community dialects project for available legacy versions.
2026-05-24T13:53:22.798-04:00  INFO 9096 --- [producto_service] [restartedMain] org.hibernate.orm.connections.pooling    : HHH10001005: Database info:
	Database JDBC URL [jdbc:mysql://localhost:3306/bd_producto]
	Database driver: MySQL Connector/J
	Database dialect: MySQLDialect
	Database version: 5.5.5
	Default catalog/schema: bd_producto/undefined
	Autocommit mode: undefined/unknown
	Isolation level: REPEATABLE_READ [default REPEATABLE_READ]
	JDBC fetch size: none
	Pool: DataSourceConnectionProvider
	Minimum pool size: undefined/unknown
	Maximum pool size: undefined/unknown
2026-05-24T13:53:26.379-04:00  INFO 9096 --- [producto_service] [restartedMain] org.hibernate.orm.core                   : HHH000489: No JTA platform available (set 'hibernate.transaction.jta.platform' to enable JTA platform integration)
2026-05-24T13:53:26.482-04:00  INFO 9096 --- [producto_service] [restartedMain] j.LocalContainerEntityManagerFactoryBean : Initialized JPA EntityManagerFactory for persistence unit 'default'
2026-05-24T13:53:26.945-04:00  INFO 9096 --- [producto_service] [restartedMain] o.s.d.j.r.query.QueryEnhancerFactories   : Hibernate is in classpath; If applicable, HQL parser will be used.
2026-05-24T13:53:28.032-04:00  WARN 9096 --- [producto_service] [restartedMain] JpaBaseConfiguration$JpaWebConfiguration : spring.jpa.open-in-view is enabled by default. Therefore, database queries may be performed during view rendering. Explicitly configure spring.jpa.open-in-view to disable this warning
2026-05-24T13:53:29.872-04:00  INFO 9096 --- [producto_service] [restartedMain] o.s.boot.tomcat.TomcatWebServer          : Tomcat started on port 8083 (http) with context path '/'
2026-05-24T13:53:29.923-04:00  INFO 9096 --- [producto_service] [restartedMain] c.p.p.ProductoServiceApplication         : Started ProductoServiceApplication in 24.129 seconds (process running for 27.448)
2026-05-24T16:28:06.189-04:00  INFO 9096 --- [producto_service] [http-nio-8083-exec-1] o.a.c.c.C.[Tomcat].[localhost].[/]       : Initializing Spring DispatcherServlet 'dispatcherServlet'
2026-05-24T16:28:06.497-04:00  INFO 9096 --- [producto_service] [http-nio-8083-exec-1] o.s.web.servlet.DispatcherServlet        : Initializing Servlet 'dispatcherServlet'
2026-05-24T16:28:07.797-04:00  INFO 9096 --- [producto_service] [http-nio-8083-exec-1] o.s.web.servlet.DispatcherServlet        : Completed initialization in 1295 ms
2026-05-24T16:28:10.123-04:00  INFO 9096 --- [producto_service] [http-nio-8083-exec-1] c.p.p.service.ProductoService            : Inicia búsqueda de tipo de receta
2026-05-24T17:22:00.394-04:00  INFO 9096 --- [producto_service] [http-nio-8083-exec-3] c.p.p.service.ProductoService            : Inicia búsqueda de tipo de receta
2026-05-24T17:49:11.455-04:00  WARN 9096 --- [producto_service] [HikariPool-1:housekeeper] com.zaxxer.hikari.pool.HikariPool        : HikariPool-1 - Thread starvation or clock leap detected (housekeeper delta=45s223ms123µs600ns).
2026-05-24T17:53:42.329-04:00  INFO 9096 --- [producto_service] [http-nio-8083-exec-5] c.p.p.service.ProductoService            : Inicia búsqueda de tipo de receta
2026-05-24T18:06:31.017-04:00  INFO 9096 --- [producto_service] [http-nio-8083-exec-7] c.p.p.service.ProductoService            : Inicia búsqueda de tipo de receta
2026-05-24T19:59:50.396-04:00  WARN 9096 --- [producto_service] [HikariPool-1:housekeeper] com.zaxxer.hikari.pool.HikariPool        : HikariPool-1 - Thread starvation or clock leap detected (housekeeper delta=1h46m1s968ms20µs500ns).
2026-05-24T20:26:38.318-04:00  INFO 9096 --- [producto_service] [http-nio-8083-exec-9] c.p.p.service.ProductoService            : Inicia búsqueda de tipo de receta
2026-05-24T20:29:39.848-04:00  INFO 9096 --- [producto_service] [http-nio-8083-exec-1] c.p.p.service.ProductoService            : Inicia búsqueda de tipo de receta
2026-05-24T20:44:50.315-04:00  INFO 9096 --- [producto_service] [http-nio-8083-exec-3] c.p.p.service.ProductoService            : Inicia búsqueda de tipo de receta
2026-05-24T20:46:46.169-04:00  INFO 9096 --- [producto_service] [http-nio-8083-exec-5] c.p.p.service.ProductoService            : Inicia búsqueda de tipo de receta
2026-05-24T20:50:55.796-04:00  INFO 9096 --- [producto_service] [http-nio-8083-exec-7] c.p.p.service.ProductoService            : Inicia búsqueda de tipo de receta
2026-05-24T20:59:00.371-04:00  INFO 9096 --- [producto_service] [http-nio-8083-exec-9] c.p.p.service.ProductoService            : Inicia búsqueda de tipo de receta
2026-05-24T21:10:41.856-04:00  INFO 9096 --- [producto_service] [http-nio-8083-exec-1] c.p.p.service.ProductoService            : Inicia búsqueda de tipo de receta
2026-05-24T21:12:44.478-04:00  INFO 9096 --- [producto_service] [http-nio-8083-exec-3] c.p.p.service.ProductoService            : Inicia búsqueda de tipo de receta
2026-05-24T21:16:22.377-04:00  INFO 9096 --- [producto_service] [http-nio-8083-exec-5] c.p.p.service.ProductoService            : Inicia búsqueda de tipo de receta
2026-05-24T21:27:57.841-04:00  INFO 9096 --- [producto_service] [http-nio-8083-exec-7] c.p.p.service.ProductoService            : Inicia búsqueda de tipo de receta
2026-05-24T21:29:10.026-04:00  INFO 9096 --- [producto_service] [http-nio-8083-exec-9] c.p.p.service.ProductoService            : Inicia búsqueda de tipo de receta
2026-05-24T21:39:14.396-04:00  WARN 9096 --- [producto_service] [HikariPool-1:housekeeper] com.zaxxer.hikari.pool.HikariPool        : HikariPool-1 - Thread starvation or clock leap detected (housekeeper delta=50s896ms819µs100ns).
2026-05-24T21:39:29.533-04:00  INFO 9096 --- [producto_service] [http-nio-8083-exec-1] c.p.p.service.ProductoService            : Inicia búsqueda de tipo de receta
2026-05-24T21:44:11.640-04:00  INFO 9096 --- [producto_service] [SpringApplicationShutdownHook] o.s.boot.tomcat.GracefulShutdown         : Commencing graceful shutdown. Waiting for active requests to complete
2026-05-24T21:44:12.558-04:00  INFO 9096 --- [producto_service] [tomcat-shutdown] o.s.boot.tomcat.GracefulShutdown         : Graceful shutdown complete
2026-05-24T21:44:14.050-04:00  INFO 9096 --- [producto_service] [SpringApplicationShutdownHook] j.LocalContainerEntityManagerFactoryBean : Closing JPA EntityManagerFactory for persistence unit 'default'
2026-05-24T21:44:15.283-04:00  INFO 9096 --- [producto_service] [SpringApplicationShutdownHook] com.zaxxer.hikari.HikariDataSource       : HikariPool-1 - Shutdown initiated...
2026-05-24T21:44:16.687-04:00  INFO 9096 --- [producto_service] [SpringApplicationShutdownHook] com.zaxxer.hikari.HikariDataSource       : HikariPool-1 - Shutdown completed.
2026-05-24T21:49:34.746-04:00  INFO 19180 --- [producto_service] [restartedMain] c.p.p.ProductoServiceApplication         : Starting ProductoServiceApplication using Java 21.0.9 with PID 19180 (C:\Users\bobip\Documents\Inventario-y-Logistica\producto_service\target\classes started by bobip in C:\Users\bobip\Documents\Inventario-y-Logistica\producto_service)
2026-05-24T21:49:34.763-04:00  INFO 19180 --- [producto_service] [restartedMain] c.p.p.ProductoServiceApplication         : No active profile set, falling back to 1 default profile: "default"
2026-05-24T21:49:34.966-04:00  INFO 19180 --- [producto_service] [restartedMain] .e.DevToolsPropertyDefaultsPostProcessor : Devtools property defaults active! Set 'spring.devtools.add-properties' to 'false' to disable
2026-05-24T21:49:34.982-04:00  INFO 19180 --- [producto_service] [restartedMain] .e.DevToolsPropertyDefaultsPostProcessor : For additional web related logging consider setting the 'logging.level.web' property to 'DEBUG'
2026-05-24T21:49:38.444-04:00  INFO 19180 --- [producto_service] [restartedMain] .s.d.r.c.RepositoryConfigurationDelegate : Bootstrapping Spring Data JPA repositories in DEFAULT mode.
2026-05-24T21:49:38.721-04:00  INFO 19180 --- [producto_service] [restartedMain] .s.d.r.c.RepositoryConfigurationDelegate : Finished Spring Data repository scanning in 224 ms. Found 1 JPA repository interface.
2026-05-24T21:49:39.660-04:00  INFO 19180 --- [producto_service] [restartedMain] o.s.cloud.context.scope.GenericScope     : BeanFactory id=9d8a3dd9-6582-33b6-bf23-3fd3b7470b2c
2026-05-24T21:49:41.745-04:00  INFO 19180 --- [producto_service] [restartedMain] o.s.boot.tomcat.TomcatWebServer          : Tomcat initialized with port 8083 (http)
2026-05-24T21:49:41.814-04:00  INFO 19180 --- [producto_service] [restartedMain] o.apache.catalina.core.StandardService   : Starting service [Tomcat]
2026-05-24T21:49:41.816-04:00  INFO 19180 --- [producto_service] [restartedMain] o.apache.catalina.core.StandardEngine    : Starting Servlet engine: [Apache Tomcat/11.0.21]
2026-05-24T21:49:42.078-04:00  INFO 19180 --- [producto_service] [restartedMain] b.w.c.s.WebApplicationContextInitializer : Root WebApplicationContext: initialization completed in 7096 ms
2026-05-24T21:49:43.757-04:00  INFO 19180 --- [producto_service] [restartedMain] com.zaxxer.hikari.HikariDataSource       : HikariPool-1 - Starting...
2026-05-24T21:49:44.512-04:00  INFO 19180 --- [producto_service] [restartedMain] com.zaxxer.hikari.pool.HikariPool        : HikariPool-1 - Added connection com.mysql.cj.jdbc.ConnectionImpl@31b42868
2026-05-24T21:49:44.527-04:00  INFO 19180 --- [producto_service] [restartedMain] com.zaxxer.hikari.HikariDataSource       : HikariPool-1 - Start completed.
2026-05-24T21:49:46.487-04:00  INFO 19180 --- [producto_service] [restartedMain] org.flywaydb.core.FlywayExecutor         : Database: jdbc:mysql://localhost:3306/bd_producto (MySQL 5.5)
2026-05-24T21:49:46.952-04:00  INFO 19180 --- [producto_service] [restartedMain] o.f.core.internal.command.DbValidate     : Successfully validated 3 migrations (execution time 00:00.340s)
2026-05-24T21:49:46.992-04:00  INFO 19180 --- [producto_service] [restartedMain] o.f.core.internal.command.DbMigrate      : Current version of schema `bd_producto`: 3
2026-05-24T21:49:47.008-04:00  INFO 19180 --- [producto_service] [restartedMain] o.f.core.internal.command.DbMigrate      : Schema `bd_producto` is up to date. No migration necessary.
2026-05-24T21:49:47.439-04:00  INFO 19180 --- [producto_service] [restartedMain] org.hibernate.orm.jpa                    : HHH008540: Processing PersistenceUnitInfo [name: default]
2026-05-24T21:49:47.823-04:00  INFO 19180 --- [producto_service] [restartedMain] org.hibernate.orm.core                   : HHH000001: Hibernate ORM core version 7.2.12.Final
2026-05-24T21:49:50.701-04:00  INFO 19180 --- [producto_service] [restartedMain] o.s.o.j.p.SpringPersistenceUnitInfo      : No LoadTimeWeaver setup: ignoring JPA class transformer
2026-05-24T21:49:51.037-04:00  WARN 19180 --- [producto_service] [restartedMain] org.hibernate.orm.core                   : HHH000511: The 5.5.5 version for [org.hibernate.dialect.MySQLDialect] is no longer supported, hence certain features may not work properly.The minimum supported version is 8.0.0. Check the community dialects project for available legacy versions.
2026-05-24T21:49:51.121-04:00  INFO 19180 --- [producto_service] [restartedMain] org.hibernate.orm.connections.pooling    : HHH10001005: Database info:
	Database JDBC URL [jdbc:mysql://localhost:3306/bd_producto]
	Database driver: MySQL Connector/J
	Database dialect: MySQLDialect
	Database version: 5.5.5
	Default catalog/schema: bd_producto/undefined
	Autocommit mode: undefined/unknown
	Isolation level: REPEATABLE_READ [default REPEATABLE_READ]
	JDBC fetch size: none
	Pool: DataSourceConnectionProvider
	Minimum pool size: undefined/unknown
	Maximum pool size: undefined/unknown
2026-05-24T21:49:55.059-04:00  INFO 19180 --- [producto_service] [restartedMain] org.hibernate.orm.core                   : HHH000489: No JTA platform available (set 'hibernate.transaction.jta.platform' to enable JTA platform integration)
2026-05-24T21:49:55.112-04:00  INFO 19180 --- [producto_service] [restartedMain] j.LocalContainerEntityManagerFactoryBean : Initialized JPA EntityManagerFactory for persistence unit 'default'
2026-05-24T21:49:55.445-04:00  INFO 19180 --- [producto_service] [restartedMain] o.s.d.j.r.query.QueryEnhancerFactories   : Hibernate is in classpath; If applicable, HQL parser will be used.
2026-05-24T21:49:56.527-04:00  WARN 19180 --- [producto_service] [restartedMain] JpaBaseConfiguration$JpaWebConfiguration : spring.jpa.open-in-view is enabled by default. Therefore, database queries may be performed during view rendering. Explicitly configure spring.jpa.open-in-view to disable this warning
2026-05-24T21:49:58.267-04:00  INFO 19180 --- [producto_service] [restartedMain] o.s.boot.tomcat.TomcatWebServer          : Tomcat started on port 8083 (http) with context path '/'
2026-05-24T21:49:58.320-04:00  INFO 19180 --- [producto_service] [restartedMain] c.p.p.ProductoServiceApplication         : Started ProductoServiceApplication in 25.904 seconds (process running for 28.971)
2026-05-24T21:57:17.742-04:00  INFO 19180 --- [producto_service] [http-nio-8083-exec-1] o.a.c.c.C.[Tomcat].[localhost].[/]       : Initializing Spring DispatcherServlet 'dispatcherServlet'
2026-05-24T21:57:17.744-04:00  INFO 19180 --- [producto_service] [http-nio-8083-exec-1] o.s.web.servlet.DispatcherServlet        : Initializing Servlet 'dispatcherServlet'
2026-05-24T21:57:17.752-04:00  INFO 19180 --- [producto_service] [http-nio-8083-exec-1] o.s.web.servlet.DispatcherServlet        : Completed initialization in 6 ms
2026-05-24T21:57:18.155-04:00  INFO 19180 --- [producto_service] [http-nio-8083-exec-1] c.p.p.service.ProductoService            : Inicia búsqueda de tipo de receta
2026-05-24T21:59:31.057-04:00  INFO 19180 --- [producto_service] [http-nio-8083-exec-3] c.p.p.service.ProductoService            : Inicia búsqueda de tipo de receta
2026-05-24T22:12:02.456-04:00  INFO 19180 --- [producto_service] [http-nio-8083-exec-5] c.p.p.service.ProductoService            : Inicia búsqueda de tipo de receta
2026-05-24T22:28:10.782-04:00  INFO 19180 --- [producto_service] [http-nio-8083-exec-7] c.p.p.service.ProductoService            : Inicia búsqueda de tipo de receta
2026-05-24T22:28:28.472-04:00  INFO 19180 --- [producto_service] [http-nio-8083-exec-8] c.p.p.service.ProductoService            : Busca producto por código sku
2026-05-24T22:28:28.695-04:00  INFO 19180 --- [producto_service] [http-nio-8083-exec-8] c.p.producto_service.dto.ProductoMapper  : Convierte producto model a producto dto
2026-05-24T22:31:41.276-04:00  INFO 19180 --- [producto_service] [http-nio-8083-exec-10] c.p.p.service.ProductoService            : Inicia búsqueda de tipo de receta
2026-05-24T22:35:50.923-04:00  INFO 19180 --- [producto_service] [SpringApplicationShutdownHook] o.s.boot.tomcat.GracefulShutdown         : Commencing graceful shutdown. Waiting for active requests to complete
2026-05-24T22:35:51.271-04:00  INFO 19180 --- [producto_service] [tomcat-shutdown] o.s.boot.tomcat.GracefulShutdown         : Graceful shutdown complete
2026-05-24T22:35:52.136-04:00  INFO 19180 --- [producto_service] [SpringApplicationShutdownHook] j.LocalContainerEntityManagerFactoryBean : Closing JPA EntityManagerFactory for persistence unit 'default'
2026-05-24T22:35:52.871-04:00  INFO 19180 --- [producto_service] [SpringApplicationShutdownHook] com.zaxxer.hikari.HikariDataSource       : HikariPool-1 - Shutdown initiated...
2026-05-24T22:35:52.922-04:00  INFO 19180 --- [producto_service] [SpringApplicationShutdownHook] com.zaxxer.hikari.HikariDataSource       : HikariPool-1 - Shutdown completed.
